2020-07-30 12:14:57,698 INFO Iter 0
2020-07-30 12:14:57,979 INFO Policy now: [[3.0, [0, 0, 9]], [9, [0, 4.0, 9]], [9, [0, 9.0, 0]]]
2020-07-30 12:14:58,032 INFO Reward now: 4.071060399214427
2020-07-30 12:14:58,032 INFO Best policy so far: [[2, [0, 0, 6]], [9, [0, 4, 9]], [9, [0, 6, 2]]]
2020-07-30 12:14:58,032 INFO Best reward so far: 5.118273893992106
2020-07-30 12:30:45,225 INFO Iter 1
2020-07-30 12:30:45,250 INFO Policy now: [[9, [5.0, 7.0, 9]], [9, [8, 9, 9]], [9, [5.0, 9, 1.0]]]
2020-07-30 12:30:45,250 INFO Reward now: 3.852159410715103
2020-07-30 12:30:45,250 INFO Best policy so far: [[4.0, [2, 3, 9]], [9, [4, 8.0, 9]], [9, [2, 9, 0]]]
2020-07-30 12:30:45,250 INFO Best reward so far: 6.04051399230957
2020-07-30 12:54:01,564 INFO Iter 2
2020-07-30 12:54:01,586 INFO Policy now: [[4.0, [0, 0, 6.0]], [5.0, [2.0, 7.0, 4.0]], [5.0, [0, 6.0, 0]]]
2020-07-30 12:54:01,587 INFO Reward now: 4.561446328957875
2020-07-30 12:54:01,587 INFO Best policy so far: [[4.0, [2, 3, 9]], [9, [4, 8.0, 9]], [9, [2, 9, 0]]]
2020-07-30 12:54:01,587 INFO Best reward so far: 6.04051399230957
2020-07-30 17:29:43,600 INFO Iter 3
2020-07-30 17:29:43,928 INFO Policy now: [[9, [2.0, 4.0, 9]], [9, [8, 9, 9]], [9, [2.0, 9, 4.0]]]
2020-07-30 17:29:43,947 INFO Reward now: 5.129420459270477
2020-07-30 17:29:43,947 INFO Best policy so far: [[4.0, [2, 3, 9]], [9, [4, 8.0, 9]], [9, [2, 9, 0]]]
2020-07-30 17:29:43,947 INFO Best reward so far: 6.04051399230957
2020-07-30 21:56:37,535 INFO Iter 4
2020-07-30 21:56:37,770 INFO Policy now: [[9.0, [3.0, 7.0, 9.0]], [9, [8.0, 9, 9]], [9.0, [3.0, 9, 4.0]]]
2020-07-30 21:56:37,786 INFO Reward now: 3.7637075185775757
2020-07-30 21:56:37,786 INFO Best policy so far: [[4.0, [2, 3, 9]], [9, [4, 8.0, 9]], [9, [2, 9, 0]]]
2020-07-30 21:56:37,786 INFO Best reward so far: 6.04051399230957
2020-07-30 22:16:00,149 INFO Iter 5
2020-07-30 22:16:00,303 INFO Policy now: [[0.0, [0, 0, 3.0]], [0, [3.0, 1.0, 0.0]], [2.0, [0, 1.0, 0]]]
2020-07-30 22:16:00,319 INFO Reward now: 3.2586642702420554
2020-07-30 22:16:00,319 INFO Best policy so far: [[4.0, [2, 3, 9]], [9, [4, 8.0, 9]], [9, [2, 9, 0]]]
2020-07-30 22:16:00,319 INFO Best reward so far: 6.04051399230957
2020-07-30 22:25:24,541 INFO Iter 6
2020-07-30 22:25:24,566 INFO Policy now: [[9, [8, 9, 9]], [8.0, [8, 9, 9]], [9, [8, 9, 9]]]
2020-07-30 22:25:24,566 INFO Reward now: 3.063291738430659
2020-07-30 22:25:24,566 INFO Best policy so far: [[4.0, [2, 3, 9]], [9, [4, 8.0, 9]], [9, [2, 9, 0]]]
2020-07-30 22:25:24,566 INFO Best reward so far: 6.04051399230957
2020-07-31 03:05:06,887 INFO Iter 7
2020-07-31 03:05:07,014 INFO Policy now: [[7.0, [2.0, 7.0, 5.0]], [3.0, [2.0, 7.0, 5.0]], [5.0, [4.0, 5.0, 6.0]]]
2020-07-31 03:05:07,030 INFO Reward now: 3.969317098458608
2020-07-31 03:05:07,030 INFO Best policy so far: [[4.0, [2, 3, 9]], [9, [4, 8.0, 9]], [9, [2, 9, 0]]]
2020-07-31 03:05:07,031 INFO Best reward so far: 6.04051399230957
2020-07-31 03:20:07,781 INFO Iter 8
2020-07-31 03:20:07,796 INFO Policy now: [[5.0, [0, 6.0, 4.0]], [4.0, [0, 7.0, 2.0]], [5.0, [0.0, 4.0, 8.0]]]
2020-07-31 03:20:07,796 INFO Reward now: 2.7479273875554404
2020-07-31 03:20:07,796 INFO Best policy so far: [[4.0, [2, 3, 9]], [9, [4, 8.0, 9]], [9, [2, 9, 0]]]
2020-07-31 03:20:07,796 INFO Best reward so far: 6.04051399230957
2020-07-31 07:44:17,230 INFO Iter 9
2020-07-31 07:44:17,443 INFO Policy now: [[9, [8.0, 9, 9]], [9, [8, 9, 9]], [9, [8, 9, 9]]]
2020-07-31 07:44:17,457 INFO Reward now: 4.1724327603975935
2020-07-31 07:44:17,457 INFO Best policy so far: [[9, [1, 7.0, 8.0]], [7.0, [2, 9, 6.0]], [6.0, [4.0, 6.0, 8.0]]]
2020-07-31 07:44:17,458 INFO Best reward so far: 7.044843753178914
2020-07-31 12:06:37,514 INFO Iter 10
2020-07-31 12:06:37,996 INFO Policy now: [[3.0, [5.0, 5.0, 4.0]], [4.0, [3.0, 5.0, 4.0]], [6.0, [4.0, 4.0, 6.0]]]
2020-07-31 12:06:38,092 INFO Reward now: 5.922476728757222
2020-07-31 12:06:38,092 INFO Best policy so far: [[9, [1, 7.0, 8.0]], [7.0, [2, 9, 6.0]], [6.0, [4.0, 6.0, 8.0]]]
2020-07-31 12:06:38,098 INFO Best reward so far: 7.044843753178914
2020-07-31 12:23:25,140 INFO Iter 11
2020-07-31 12:23:25,143 INFO Policy now: [[6.0, [8, 8.0, 6.0]], [9, [6.0, 9.0, 8.0]], [9, [6.0, 8.0, 8.0]]]
2020-07-31 12:23:25,143 INFO Reward now: 2.715735455354055
2020-07-31 12:23:25,144 INFO Best policy so far: [[9, [1, 7.0, 8.0]], [7.0, [2, 9, 6.0]], [6.0, [4.0, 6.0, 8.0]]]
2020-07-31 12:23:25,144 INFO Best reward so far: 7.044843753178914
2020-07-31 12:30:56,251 INFO Iter 12
2020-07-31 12:30:56,258 INFO Policy now: [[0, [2.0, 2.0, 0]], [4.0, [-0.0, 6.0, 1.0]], [5.0, [0, 2.0, 2.0]]]
2020-07-31 12:30:56,258 INFO Reward now: 2.940928598244985
2020-07-31 12:30:56,259 INFO Best policy so far: [[9, [1, 7.0, 8.0]], [7.0, [2, 9, 6.0]], [6.0, [4.0, 6.0, 8.0]]]
2020-07-31 12:30:56,259 INFO Best reward so far: 7.044843753178914
2020-07-31 17:10:19,791 INFO Iter 13
2020-07-31 17:10:19,924 INFO Policy now: [[6.0, [8, 9, 9]], [9, [7.0, 9, 9]], [9, [8, 9, 9]]]
2020-07-31 17:10:19,958 INFO Reward now: 6.190301140149434
2020-07-31 17:10:19,958 INFO Best policy so far: [[1, [4.0, 4.0, 4]], [8.0, [0.0, 8.0, 5.0]], [8.0, [2, 3.0, 6.0]]]
2020-07-31 17:10:19,959 INFO Best reward so far: 7.990668217341105
2020-07-31 17:19:59,611 INFO Iter 14
2020-07-31 17:19:59,613 INFO Policy now: [[4.0, [5.0, 9.0, 9.0]], [6.0, [3.0, 5.0, 7.0]], [6.0, [4.0, 5.0, 7.0]]]
2020-07-31 17:19:59,613 INFO Reward now: 3.529334843158722
2020-07-31 17:19:59,613 INFO Best policy so far: [[1, [4.0, 4.0, 4]], [8.0, [0.0, 8.0, 5.0]], [8.0, [2, 3.0, 6.0]]]
2020-07-31 17:19:59,614 INFO Best reward so far: 7.990668217341105
2020-07-31 21:55:27,092 INFO Iter 15
2020-07-31 21:55:27,239 INFO Policy now: [[5.0, [4.0, 8.0, 9.0]], [5.0, [3.0, 6.0, 8.0]], [5.0, [5.0, 3.0, 8.0]]]
2020-07-31 21:55:27,265 INFO Reward now: 4.8459053834279375
2020-07-31 21:55:27,266 INFO Best policy so far: [[1, [4.0, 4.0, 4]], [8.0, [0.0, 8.0, 5.0]], [8.0, [2, 3.0, 6.0]]]
2020-07-31 21:55:27,266 INFO Best reward so far: 7.990668217341105
2020-07-31 22:05:07,684 INFO Iter 16
2020-07-31 22:05:07,911 INFO Policy now: [[0, [3.0, 8.0, 4.0]], [0, [0, -0.0, 6.0]], [4.0, [-0.0, 0, 8.0]]]
2020-07-31 22:05:07,921 INFO Reward now: 3.5500113864739737
2020-07-31 22:05:07,922 INFO Best policy so far: [[1, [4.0, 4.0, 4]], [8.0, [0.0, 8.0, 5.0]], [8.0, [2, 3.0, 6.0]]]
2020-07-31 22:05:07,922 INFO Best reward so far: 7.990668217341105
2020-08-01 02:45:00,060 INFO Iter 17
2020-08-01 02:45:00,772 INFO Policy now: [[9, [8, 9, 9]], [9, [1.0, 9, 9]], [9, [8.0, 9, 9]]]
2020-08-01 02:45:00,783 INFO Reward now: 9.505196452140808
2020-08-01 02:45:00,783 INFO Best policy so far: [[9, [8, 9, 9]], [9, [1.0, 9, 9]], [9, [8.0, 9, 9]]]
2020-08-01 02:45:00,783 INFO Best reward so far: 9.505196452140808
2020-08-01 02:51:19,418 INFO Iter 18
2020-08-01 02:51:19,423 INFO Policy now: [[9.0, [7.0, 9.0, 6.0]], [7.0, [0.0, 9.0, 6.0]], [8.0, [8.0, 7.0, 7.0]]]
2020-08-01 02:51:19,424 INFO Reward now: 3.025636444489161
2020-08-01 02:51:19,424 INFO Best policy so far: [[9, [8, 9, 9]], [9, [1.0, 9, 9]], [9, [8.0, 9, 9]]]
2020-08-01 02:51:19,424 INFO Best reward so far: 9.505196452140808
2020-08-01 03:13:10,906 INFO Iter 19
2020-08-01 03:13:11,038 INFO Policy now: [[9.0, [8, 9, 9]], [9, [3.0, 9, 9]], [9, [8, 9, 9]]]
2020-08-01 03:13:11,045 INFO Reward now: 6.09323267141978
2020-08-01 03:13:11,045 INFO Best policy so far: [[9, [8, 9, 9]], [9, [1.0, 9, 9]], [9, [8.0, 9, 9]]]
2020-08-01 03:13:11,045 INFO Best reward so far: 9.505196452140808
2020-08-01 07:55:00,829 INFO Iter 20
2020-08-01 07:55:01,022 INFO Policy now: [[1.0, [0, 2.0, -0.0]], [7.0, [0, 3.0, 1.0]], [6.0, [3.0, 0, 6.0]]]
2020-08-01 07:55:01,054 INFO Reward now: 5.793659965197246
2020-08-01 07:55:01,055 INFO Best policy so far: [[9, [8, 9, 9]], [9, [1.0, 9, 9]], [9, [8.0, 9, 9]]]
2020-08-01 07:55:01,055 INFO Best reward so far: 9.505196452140808
2020-08-01 08:26:35,759 INFO Iter 21
2020-08-01 08:26:35,852 INFO Policy now: [[9, [4.0, 9, 6.0]], [9, [6.0, 9, 9]], [9, [8, 9, 9]]]
2020-08-01 08:26:35,868 INFO Reward now: 6.248968919118245
2020-08-01 08:26:35,868 INFO Best policy so far: [[9, [8, 9, 9]], [9, [1.0, 9, 9]], [9, [8.0, 9, 9]]]
2020-08-01 08:26:35,868 INFO Best reward so far: 9.505196452140808
