2020-07-30 08:15:09,081 INFO Iter 0
2020-07-30 08:15:09,103 INFO Policy now: [[3.0, [0, 8.0, 9.0]], [9.0, [0, 9, 0]], [4.0, [6.0, 9, 8.0]], [6.0, [0, -0.0, 9]], [0.0, [0, 3.0, 0]], [4.0, [8, 0, 0]], [9, [8, 3.0, 0]], [9, [0, 9, 0]], [8.0, [8, 6.0, 7.0]]]
2020-07-30 08:15:09,105 INFO Reward now: 2.850264330705007
2020-07-30 08:15:09,105 INFO Best policy so far: [[4, [0, 8, 9]], [8, [0, 9, 0]], [4, [7, 9, 8]], [4, [0, 2, 9]], [0, [0, 2, 0]], [4, [8, 2, 1]], [9, [8, 2, 0]], [9, [0, 9, 0]], [6, [8, 4, 6]]]
2020-07-30 08:15:09,105 INFO Best reward so far: 3.1734247732162477
2020-07-30 20:49:44,537 INFO Iter 1
2020-07-30 20:49:44,721 INFO Policy now: [[9, [2.0, 9.0, 9]], [9, [0, 9, 1.0]], [8.0, [8, 9, 9]], [6.0, [4.0, 3.0, 9]], [3.0, [6.0, 9, 5.0]], [9.0, [8, 2.0, 2.0]], [9, [8, 9, 1.0]], [9, [2.0, 9, 0]], [9, [8, 9, 9]]]
2020-07-30 20:49:44,743 INFO Reward now: 7.252744436264038
2020-07-30 20:49:44,743 INFO Best policy so far: [[8.0, [3, 9, 9]], [9, [0, 9, 2]], [6.0, [8, 9, 9]], [8.0, [4, 1.0, 9]], [4.0, [4, 7.0, 4]], [8.0, [8, 2, 4]], [9, [8, 6.0, 2]], [9, [2, 9, 2]], [9, [8, 8.0, 9]]]
2020-07-30 20:49:44,743 INFO Best reward so far: 7.747049980163574
2020-07-30 21:40:30,055 INFO Iter 2
2020-07-30 21:40:30,300 INFO Policy now: [[9, [8.0, 9, 9]], [9.0, [0.0, 9, 8.0]], [9.0, [8, 9, 9]], [9, [8, 9, 9]], [9, [8.0, 9, 9.0]], [9, [8, 5.0, 9]], [9, [8, 9, 9]], [8.0, [3.0, 9, 4.0]], [9, [8, 9, 9]]]
2020-07-30 21:40:30,338 INFO Reward now: 4.563574552536011
2020-07-30 21:40:30,339 INFO Best policy so far: [[8.0, [3, 9, 9]], [9, [0, 9, 2]], [6.0, [8, 9, 9]], [8.0, [4, 1.0, 9]], [4.0, [4, 7.0, 4]], [8.0, [8, 2, 4]], [9, [8, 6.0, 2]], [9, [2, 9, 2]], [9, [8, 8.0, 9]]]
2020-07-30 21:40:30,339 INFO Best reward so far: 7.747049980163574
2020-07-30 22:22:46,092 INFO Iter 3
2020-07-30 22:22:46,288 INFO Policy now: [[7.0, [8.0, 9.0, 9.0]], [7.0, [0, 9.0, 6.0]], [8.0, [6.0, 6.0, 9.0]], [8.0, [6.0, 9.0, 8.0]], [8.0, [6.0, 8.0, 7.0]], [7.0, [8.0, 5.0, 9.0]], [9.0, [7.0, 7.0, 8.0]], [9.0, [1.0, 6.0, 1.0]], [9.0, [7.0, 9.0, 8.0]]]
2020-07-30 22:22:46,306 INFO Reward now: 3.319463610649109
2020-07-30 22:22:46,306 INFO Best policy so far: [[8.0, [3, 9, 9]], [9, [0, 9, 2]], [6.0, [8, 9, 9]], [8.0, [4, 1.0, 9]], [4.0, [4, 7.0, 4]], [8.0, [8, 2, 4]], [9, [8, 6.0, 2]], [9, [2, 9, 2]], [9, [8, 8.0, 9]]]
2020-07-30 22:22:46,306 INFO Best reward so far: 7.747049980163574
2020-07-31 11:17:33,220 INFO Iter 4
2020-07-31 11:17:33,386 INFO Policy now: [[9, [8, 9, 9]], [9.0, [2.0, 9, 9]], [9, [7.0, 9, 9]], [9, [8, 9, 9]], [9, [7.0, 9.0, 9]], [9, [8, 9, 9]], [9, [8, 9, 9]], [9, [4.0, 7.0, 1.0]], [9, [8, 9, 9]]]
2020-07-31 11:17:33,405 INFO Reward now: 7.871999541918437
2020-07-31 11:17:33,405 INFO Best policy so far: [[9, [8, 9, 9]], [8.0, [1, 9, 9]], [9.0, [6.0, 9, 9]], [9, [8, 9, 9]], [9, [6.0, 8.0, 9]], [8.0, [8, 9, 9]], [9, [8, 9, 9]], [9, [4.0, 6.0, 1.0]], [9, [8, 9, 9]]]
2020-07-31 11:17:33,405 INFO Best reward so far: 8.668244609832763
2020-07-31 11:29:53,323 INFO Iter 5
2020-07-31 11:29:53,327 INFO Policy now: [[7.0, [5.0, 7.0, 7.0]], [7.0, [0.0, 8.0, 8.0]], [6.0, [3.0, 7.0, 8.0]], [7.0, [7.0, 7.0, 6.0]], [8.0, [6.0, 8.0, 8.0]], [6.0, [4.0, 7.0, 6.0]], [6.0, [5.0, 7.0, 5.0]], [8.0, [0, 4.0, 0]], [7.0, [6.0, 8.0, 7.0]]]
2020-07-31 11:29:53,327 INFO Reward now: 3.5546391208966575
2020-07-31 11:29:53,327 INFO Best policy so far: [[9, [8, 9, 9]], [8.0, [1, 9, 9]], [9.0, [6.0, 9, 9]], [9, [8, 9, 9]], [9, [6.0, 8.0, 9]], [8.0, [8, 9, 9]], [9, [8, 9, 9]], [9, [4.0, 6.0, 1.0]], [9, [8, 9, 9]]]
2020-07-31 11:29:53,327 INFO Best reward so far: 8.668244609832763
2020-08-01 00:03:11,297 INFO Iter 6
2020-08-01 00:03:11,887 INFO Policy now: [[9.0, [8, 9, 6.0]], [9.0, [1.0, 9.0, 9]], [6.0, [2.0, 9, 8.0]], [8.0, [8, 9.0, 9.0]], [9, [8, 9, 9]], [9, [7.0, 9, 8.0]], [9, [8, 7.0, 9.0]], [9, [-0.0, 8.0, 3.0]], [7.0, [4.0, 9, 9]]]
2020-08-01 00:03:11,904 INFO Reward now: 7.0824207464853925
2020-08-01 00:03:11,904 INFO Best policy so far: [[9, [8, 9, 9]], [8.0, [1, 9, 9]], [9.0, [6.0, 9, 9]], [9, [8, 9, 9]], [9, [6.0, 8.0, 9]], [8.0, [8, 9, 9]], [9, [8, 9, 9]], [9, [4.0, 6.0, 1.0]], [9, [8, 9, 9]]]
2020-08-01 00:03:11,904 INFO Best reward so far: 8.668244609832763
