2020-07-30 08:57:27,200 INFO Iter 0
2020-07-30 08:57:27,216 INFO Policy now: [[9.0, [4.0, 7.0, 5.0]], [9, [0, 4.0, 9]], [8.0, [0, 0, 9]], [9, [0, 0, 0]], [9, [1.0, 9, 2.0]], [9, [7.0, 0, 5.0]], [9.0, [0, 0, 0]]]
2020-07-30 08:57:27,216 INFO Reward now: 5.198912302652995
2020-07-30 08:57:27,216 INFO Best policy so far: [[9.0, [4.0, 7.0, 5.0]], [9, [0, 4.0, 9]], [8.0, [0, 0, 9]], [9, [0, 0, 0]], [9, [1.0, 9, 2.0]], [9, [7.0, 0, 5.0]], [9.0, [0, 0, 0]]]
2020-07-30 08:57:27,216 INFO Best reward so far: 5.198912302652995
2020-07-30 09:35:29,819 INFO Iter 1
2020-07-30 09:35:29,968 INFO Policy now: [[9, [8, 9, 9]], [9, [7.0, 9, 9]], [9, [4.0, 4.0, 9]], [9, [3.0, 6.0, 6.0]], [9, [8.0, 9, 8.0]], [9, [8, 3.0, 9]], [9, [4.0, 6.0, 3.0]]]
2020-07-30 09:35:29,984 INFO Reward now: 4.99334837992986
2020-07-30 09:35:29,984 INFO Best policy so far: [[9.0, [4.0, 7.0, 5.0]], [9, [0, 4.0, 9]], [8.0, [0, 0, 9]], [9, [0, 0, 0]], [9, [1.0, 9, 2.0]], [9, [7.0, 0, 5.0]], [9.0, [0, 0, 0]]]
2020-07-30 09:35:29,984 INFO Best reward so far: 5.198912302652995
2020-07-30 10:53:28,253 INFO Iter 2
2020-07-30 10:53:28,453 INFO Policy now: [[9, [8, 9, 9]], [9, [8, 9, 9]], [9, [8, 9, 9]], [9, [8, 9, 9]], [9, [8, 9, 9]], [9, [8, 9, 9]], [9, [8, 9, 9]]]
2020-07-30 10:53:28,468 INFO Reward now: 6.5387459595998125
2020-07-30 10:53:28,468 INFO Best policy so far: [[9, [8, 9, 9]], [9, [8, 9, 9]], [9, [4.0, 6.0, 9]], [9, [5.0, 9, 9]], [9, [8, 9, 8.0]], [9, [8, 3.0, 9]], [9, [5.0, 8.0, 4.0]]]
2020-07-30 10:53:28,468 INFO Best reward so far: 9.792157967885336
2020-07-30 21:12:44,957 INFO Iter 3
2020-07-30 21:12:45,173 INFO Policy now: [[3.0, [2.0, 7.0, 3.0]], [5.0, [1.0, 7.0, 3.0]], [6.0, [3.0, 3.0, 6.0]], [4.0, [6.0, 5.0, 4.0]], [2.0, [5.0, 6.0, 5.0]], [6.0, [6.0, 2.0, 2.0]], [7.0, [-0.0, 4.0, 6.0]]]
2020-07-30 21:12:45,192 INFO Reward now: 6.773991743723552
2020-07-30 21:12:45,192 INFO Best policy so far: [[9, [8, 9, 9]], [9, [8, 9, 9]], [9, [4.0, 6.0, 9]], [9, [5.0, 9, 9]], [9, [8, 9, 8.0]], [9, [8, 3.0, 9]], [9, [5.0, 8.0, 4.0]]]
2020-07-30 21:12:45,192 INFO Best reward so far: 9.792157967885336
2020-07-31 07:25:49,017 INFO Iter 4
2020-07-31 07:25:49,283 INFO Policy now: [[9, [8, 9, 9]], [9, [8, 9, 9]], [9, [8, 9, 9]], [9, [8, 9, 9]], [9, [8, 9, 9]], [9, [8, 9, 9]], [9, [5.0, 9, 9]]]
2020-07-31 07:25:49,309 INFO Reward now: 6.551734725634257
2020-07-31 07:25:49,310 INFO Best policy so far: [[9, [8, 9, 9]], [9, [8, 9, 9]], [9, [4.0, 6.0, 9]], [9, [5.0, 9, 9]], [9, [8, 9, 8.0]], [9, [8, 3.0, 9]], [9, [5.0, 8.0, 4.0]]]
2020-07-31 07:25:49,310 INFO Best reward so far: 9.792157967885336
2020-07-31 17:39:23,631 INFO Iter 5
2020-07-31 17:39:23,744 INFO Policy now: [[1.0, [0, 1.0, 0]], [-0.0, [0.0, 0, 0]], [1.0, [0.0, 3.0, 0]], [3.0, [3.0, 1.0, 1.0]], [3.0, [0, 0, 3.0]], [0, [0, 1.0, 2.0]], [-0.0, [0, 4.0, 0]]]
2020-07-31 17:39:23,756 INFO Reward now: 4.8621373772621155
2020-07-31 17:39:23,756 INFO Best policy so far: [[9, [8, 9, 9]], [9, [8, 9, 9]], [9, [4.0, 6.0, 9]], [9, [5.0, 9, 9]], [9, [8, 9, 8.0]], [9, [8, 3.0, 9]], [9, [5.0, 8.0, 4.0]]]
2020-07-31 17:39:23,756 INFO Best reward so far: 9.792157967885336
2020-07-31 17:47:29,102 INFO Iter 6
2020-07-31 17:47:29,134 INFO Policy now: [[8.0, [3.0, 9.0, 5.0]], [7.0, [6.0, 8.0, 3.0]], [9.0, [4.0, 9, 6.0]], [8.0, [8, 9, 9.0]], [9, [6.0, 6.0, 9]], [4.0, [3.0, 9, 9]], [3.0, [4.0, 9, 5.0]]]
2020-07-31 17:47:29,134 INFO Reward now: 3.8499621550242105
2020-07-31 17:47:29,134 INFO Best policy so far: [[9, [8, 9, 9]], [9, [8, 9, 9]], [9, [4.0, 6.0, 9]], [9, [5.0, 9, 9]], [9, [8, 9, 8.0]], [9, [8, 3.0, 9]], [9, [5.0, 8.0, 4.0]]]
2020-07-31 17:47:29,134 INFO Best reward so far: 9.792157967885336
2020-07-31 18:13:31,153 INFO Iter 7
2020-07-31 18:13:31,669 INFO Policy now: [[6.0, [1.0, 9, 5.0]], [5.0, [6.0, 9.0, 2.0]], [9.0, [2.0, 7.0, 5.0]], [5.0, [8.0, 7.0, 9.0]], [8.0, [6.0, 3.0, 8.0]], [6.0, [0.0, 8.0, 7.0]], [1.0, [4.0, 8.0, 0.0]]]
2020-07-31 18:13:31,730 INFO Reward now: 4.562319338321686
2020-07-31 18:13:31,730 INFO Best policy so far: [[9, [8, 9, 9]], [9, [8, 9, 9]], [9, [4.0, 6.0, 9]], [9, [5.0, 9, 9]], [9, [8, 9, 8.0]], [9, [8, 3.0, 9]], [9, [5.0, 8.0, 4.0]]]
2020-07-31 18:13:31,730 INFO Best reward so far: 9.792157967885336
2020-07-31 18:57:52,950 INFO Iter 8
2020-07-31 18:57:52,977 INFO Policy now: [[9, [8, 9, 9]], [9, [8, 9, 9]], [9, [7.0, 9, 9]], [9, [8, 9, 9]], [9, [8, 9, 9]], [9, [8, 9, 9]], [7.0, [8, 9, 6.0]]]
2020-07-31 18:57:52,977 INFO Reward now: 4.901275555292766
2020-07-31 18:57:52,977 INFO Best policy so far: [[9, [8, 9, 9]], [9, [8, 9, 9]], [9, [4.0, 6.0, 9]], [9, [5.0, 9, 9]], [9, [8, 9, 8.0]], [9, [8, 3.0, 9]], [9, [5.0, 8.0, 4.0]]]
2020-07-31 18:57:52,977 INFO Best reward so far: 9.792157967885336
2020-07-31 20:08:39,740 INFO Iter 9
2020-07-31 20:08:39,880 INFO Policy now: [[4.0, [7.0, 5.0, 9.0]], [1.0, [2.0, 9.0, 9.0]], [7.0, [0, 5.0, 9.0]], [6.0, [6.0, 0.0, 3.0]], [6.0, [6.0, 6.0, 7.0]], [3.0, [7.0, 4.0, 3.0]], [0, [3.0, 1.0, 1.0]]]
2020-07-31 20:08:39,897 INFO Reward now: 6.747842947642009
2020-07-31 20:08:39,897 INFO Best policy so far: [[9, [8, 9, 9]], [9, [8, 9, 9]], [9, [4.0, 6.0, 9]], [9, [5.0, 9, 9]], [9, [8, 9, 8.0]], [9, [8, 3.0, 9]], [9, [5.0, 8.0, 4.0]]]
2020-07-31 20:08:39,897 INFO Best reward so far: 9.792157967885336
2020-08-01 06:02:08,503 INFO Iter 10
2020-08-01 06:02:08,922 INFO Policy now: [[9, [8, 9, 9]], [9.0, [8.0, 9, 9]], [9, [4.0, 9, 9]], [9, [8, 6.0, 9]], [9, [8, 9, 9]], [9.0, [8, 9, 9]], [4.0, [8.0, 6.0, 9]]]
2020-08-01 06:02:08,950 INFO Reward now: 6.695310711860657
2020-08-01 06:02:08,950 INFO Best policy so far: [[9, [8, 9, 9]], [9, [8, 9, 9]], [9, [4.0, 6.0, 9]], [9, [5.0, 9, 9]], [9, [8, 9, 8.0]], [9, [8, 3.0, 9]], [9, [5.0, 8.0, 4.0]]]
2020-08-01 06:02:08,950 INFO Best reward so far: 9.792157967885336
