2020-07-30 08:11:46,697 INFO Iter 0
2020-07-30 08:11:46,772 INFO Policy now: [[9, [0, 6.0, 0]]]
2020-07-30 08:11:46,774 INFO Reward now: 3.7165705959002175
2020-07-30 08:11:46,774 INFO Best policy so far: [[9, [0, 4, 0]]]
2020-07-30 08:11:46,774 INFO Best reward so far: 3.7369422912597656
2020-07-30 08:21:01,492 INFO Iter 1
2020-07-30 08:21:01,494 INFO Policy now: [[9, [2.0, 9, 3.0]]]
2020-07-30 08:21:01,494 INFO Reward now: 3.7584529717763266
2020-07-30 08:21:01,494 INFO Best policy so far: [[9, [2, 9, 3]]]
2020-07-30 08:21:01,494 INFO Best reward so far: 4.008343537648519
2020-07-30 08:33:04,905 INFO Iter 2
2020-07-30 08:33:04,911 INFO Policy now: [[9.0, [0, 9.0, 2.0]]]
2020-07-30 08:33:04,911 INFO Reward now: 3.170551141103109
2020-07-30 08:33:04,911 INFO Best policy so far: [[9, [2, 9, 3]]]
2020-07-30 08:33:04,911 INFO Best reward so far: 4.008343537648519
2020-07-30 09:56:22,271 INFO Iter 3
2020-07-30 09:56:22,573 INFO Policy now: [[5.0, [0, 7.0, 0]]]
2020-07-30 09:56:22,638 INFO Reward now: 5.193072199821472
2020-07-30 09:56:22,638 INFO Best policy so far: [[8.0, [0, 8.0, 2.0]]]
2020-07-30 09:56:22,638 INFO Best reward so far: 6.585531552632649
2020-07-30 11:21:07,864 INFO Iter 4
2020-07-30 11:21:08,029 INFO Policy now: [[9.0, [-0.0, 9, 2.0]]]
2020-07-30 11:21:08,038 INFO Reward now: 7.277410507202148
2020-07-30 11:21:08,038 INFO Best policy so far: [[6.0, [2, 9.0, 2]]]
2020-07-30 11:21:08,038 INFO Best reward so far: 7.309575875600179
2020-07-30 11:31:23,117 INFO Iter 5
2020-07-30 11:31:23,212 INFO Policy now: [[9, [-0.0, 9, 6.0]]]
2020-07-30 11:31:23,212 INFO Reward now: 4.349648992220561
2020-07-30 11:31:23,212 INFO Best policy so far: [[6.0, [2, 9.0, 2]]]
2020-07-30 11:31:23,212 INFO Best reward so far: 7.309575875600179
2020-07-30 11:36:11,067 INFO Iter 6
2020-07-30 11:36:11,069 INFO Policy now: [[6.0, [0, 7.0, -0.0]]]
2020-07-30 11:36:11,069 INFO Reward now: 3.151203533013662
2020-07-30 11:36:11,069 INFO Best policy so far: [[6.0, [2, 9.0, 2]]]
2020-07-30 11:36:11,069 INFO Best reward so far: 7.309575875600179
2020-07-30 12:54:21,505 INFO Iter 7
2020-07-30 12:54:21,651 INFO Policy now: [[6.0, [0.0, 7.0, 2.0]]]
2020-07-30 12:54:21,686 INFO Reward now: 4.820693929990132
2020-07-30 12:54:21,686 INFO Best policy so far: [[6.0, [2, 9.0, 2]]]
2020-07-30 12:54:21,686 INFO Best reward so far: 7.309575875600179
2020-07-30 14:16:11,622 INFO Iter 8
2020-07-30 14:16:11,853 INFO Policy now: [[9, [1.0, 9, 9.0]]]
2020-07-30 14:16:11,864 INFO Reward now: 6.399328311284383
2020-07-30 14:16:11,864 INFO Best policy so far: [[6.0, [2, 9.0, 2]]]
2020-07-30 14:16:11,864 INFO Best reward so far: 7.309575875600179
2020-07-30 14:26:18,783 INFO Iter 9
2020-07-30 14:26:18,808 INFO Policy now: [[7.0, [-0.0, 6.0, 9]]]
2020-07-30 14:26:18,808 INFO Reward now: 4.314386447270711
2020-07-30 14:26:18,808 INFO Best policy so far: [[6.0, [2, 9.0, 2]]]
2020-07-30 14:26:18,808 INFO Best reward so far: 7.309575875600179
2020-07-30 14:37:36,611 INFO Iter 10
2020-07-30 14:37:36,655 INFO Policy now: [[7.0, [0, 9, 9]]]
2020-07-30 14:37:36,656 INFO Reward now: 4.236943085988362
2020-07-30 14:37:36,656 INFO Best policy so far: [[6.0, [2, 9.0, 2]]]
2020-07-30 14:37:36,656 INFO Best reward so far: 7.309575875600179
2020-07-30 15:59:25,758 INFO Iter 11
2020-07-30 15:59:25,917 INFO Policy now: [[8.0, [0, 9, 9]]]
2020-07-30 15:59:25,931 INFO Reward now: 3.640814940134684
2020-07-30 15:59:25,931 INFO Best policy so far: [[6.0, [2, 9.0, 2]]]
2020-07-30 15:59:25,931 INFO Best reward so far: 7.309575875600179
2020-07-30 17:26:26,977 INFO Iter 12
2020-07-30 17:26:27,150 INFO Policy now: [[4.0, [0, 6.0, 7.0]]]
2020-07-30 17:26:27,198 INFO Reward now: 4.3494317928949995
2020-07-30 17:26:27,198 INFO Best policy so far: [[6.0, [2, 9.0, 2]]]
2020-07-30 17:26:27,198 INFO Best reward so far: 7.309575875600179
2020-07-30 18:45:09,290 INFO Iter 13
2020-07-30 18:45:09,455 INFO Policy now: [[4.0, [0, 9, 7.0]]]
2020-07-30 18:45:09,470 INFO Reward now: 4.309498190879822
2020-07-30 18:45:09,471 INFO Best policy so far: [[6.0, [2, 9.0, 2]]]
2020-07-30 18:45:09,471 INFO Best reward so far: 7.309575875600179
2020-07-30 18:52:52,619 INFO Iter 14
2020-07-30 18:52:52,636 INFO Policy now: [[9, [0, 9, 9.0]]]
2020-07-30 18:52:52,637 INFO Reward now: 2.293983280658722
2020-07-30 18:52:52,637 INFO Best policy so far: [[6.0, [2, 9.0, 2]]]
2020-07-30 18:52:52,637 INFO Best reward so far: 7.309575875600179
2020-07-30 19:02:47,178 INFO Iter 15
2020-07-30 19:02:47,345 INFO Policy now: [[9, [2.0, 9, 9]]]
2020-07-30 19:02:47,368 INFO Reward now: 5.160453041394551
2020-07-30 19:02:47,368 INFO Best policy so far: [[6.0, [2, 9.0, 2]]]
2020-07-30 19:02:47,368 INFO Best reward so far: 7.309575875600179
2020-07-30 20:29:55,907 INFO Iter 16
2020-07-30 20:29:56,281 INFO Policy now: [[5.0, [0, 0, 0]]]
2020-07-30 20:29:56,294 INFO Reward now: 5.569018562634786
2020-07-30 20:29:56,295 INFO Best policy so far: [[8, [0, 7, 6]]]
2020-07-30 20:29:56,295 INFO Best reward so far: 7.585072676340739
2020-07-30 20:39:10,357 INFO Iter 17
2020-07-30 20:39:10,404 INFO Policy now: [[9.0, [1.0, 5.0, 5.0]]]
2020-07-30 20:39:10,404 INFO Reward now: 4.369749168554942
2020-07-30 20:39:10,404 INFO Best policy so far: [[8, [0, 7, 6]]]
2020-07-30 20:39:10,404 INFO Best reward so far: 7.585072676340739
2020-07-30 20:51:40,489 INFO Iter 18
2020-07-30 20:51:40,494 INFO Policy now: [[9.0, [0, 0, 1.0]]]
2020-07-30 20:51:40,495 INFO Reward now: 3.9106438557306924
2020-07-30 20:51:40,495 INFO Best policy so far: [[8, [0, 7, 6]]]
2020-07-30 20:51:40,495 INFO Best reward so far: 7.585072676340739
2020-07-30 21:03:47,823 INFO Iter 19
2020-07-30 21:03:48,030 INFO Policy now: [[9, [3.0, 6.0, 5.0]]]
2020-07-30 21:03:48,045 INFO Reward now: 3.567011535167694
2020-07-30 21:03:48,045 INFO Best policy so far: [[8, [0, 7, 6]]]
2020-07-30 21:03:48,046 INFO Best reward so far: 7.585072676340739
2020-07-30 22:25:29,053 INFO Iter 20
2020-07-30 22:25:29,235 INFO Policy now: [[6.0, [0, 0, 0]]]
2020-07-30 22:25:29,253 INFO Reward now: 5.30005697409312
2020-07-30 22:25:29,253 INFO Best policy so far: [[8, [0, 7, 6]]]
2020-07-30 22:25:29,253 INFO Best reward so far: 7.585072676340739
2020-07-30 23:50:13,061 INFO Iter 21
2020-07-30 23:50:13,167 INFO Policy now: [[9, [1.0, 3.0, 2.0]]]
2020-07-30 23:50:13,190 INFO Reward now: 4.354539354642232
2020-07-30 23:50:13,190 INFO Best policy so far: [[8, [0, 7, 6]]]
2020-07-30 23:50:13,190 INFO Best reward so far: 7.585072676340739
2020-07-30 23:59:57,902 INFO Iter 22
2020-07-30 23:59:57,905 INFO Policy now: [[9.0, [4.0, 8.0, 9]]]
2020-07-30 23:59:57,906 INFO Reward now: 3.1029825707276664
2020-07-30 23:59:57,906 INFO Best policy so far: [[8, [0, 7, 6]]]
2020-07-30 23:59:57,906 INFO Best reward so far: 7.585072676340739
2020-07-31 01:19:27,009 INFO Iter 23
2020-07-31 01:19:27,204 INFO Policy now: [[0, [0, 0, 7.0]]]
2020-07-31 01:19:27,244 INFO Reward now: 0.825393483042717
2020-07-31 01:19:27,244 INFO Best policy so far: [[8, [0, 7, 6]]]
2020-07-31 01:19:27,244 INFO Best reward so far: 7.585072676340739
2020-07-31 01:28:23,829 INFO Iter 24
2020-07-31 01:28:23,831 INFO Policy now: [[9, [8, 9, 9]]]
2020-07-31 01:28:23,831 INFO Reward now: 4.186578253904979
2020-07-31 01:28:23,831 INFO Best policy so far: [[8, [0, 7, 6]]]
2020-07-31 01:28:23,831 INFO Best reward so far: 7.585072676340739
2020-07-31 01:41:06,258 INFO Iter 25
2020-07-31 01:41:06,286 INFO Policy now: [[9, [7.0, 9, 9]]]
2020-07-31 01:41:06,287 INFO Reward now: 2.398093104362488
2020-07-31 01:41:06,287 INFO Best policy so far: [[8, [0, 7, 6]]]
2020-07-31 01:41:06,287 INFO Best reward so far: 7.585072676340739
2020-07-31 03:02:16,515 INFO Iter 26
2020-07-31 03:02:16,711 INFO Policy now: [[7.0, [6.0, 7.0, 8.0]]]
2020-07-31 03:02:16,719 INFO Reward now: 3.7741859952608743
2020-07-31 03:02:16,719 INFO Best policy so far: [[8, [0, 7, 6]]]
2020-07-31 03:02:16,719 INFO Best reward so far: 7.585072676340739
2020-07-31 04:20:14,909 INFO Iter 27
2020-07-31 04:20:15,058 INFO Policy now: [[6.0, [6.0, 7.0, 8.0]]]
2020-07-31 04:20:15,068 INFO Reward now: 1.0894780904054642
2020-07-31 04:20:15,068 INFO Best policy so far: [[8, [0, 7, 6]]]
2020-07-31 04:20:15,068 INFO Best reward so far: 7.585072676340739
2020-07-31 05:41:39,186 INFO Iter 28
2020-07-31 05:41:39,328 INFO Policy now: [[3.0, [2.0, 1.0, 4.0]]]
2020-07-31 05:41:39,339 INFO Reward now: 4.299881398677826
2020-07-31 05:41:39,339 INFO Best policy so far: [[8, [0, 7, 6]]]
2020-07-31 05:41:39,339 INFO Best reward so far: 7.585072676340739
2020-07-31 05:46:52,082 INFO Iter 29
2020-07-31 05:46:52,084 INFO Policy now: [[9, [8, 9, 9]]]
2020-07-31 05:46:52,084 INFO Reward now: 2.2651217877864838
2020-07-31 05:46:52,084 INFO Best policy so far: [[8, [0, 7, 6]]]
2020-07-31 05:46:52,084 INFO Best reward so far: 7.585072676340739
2020-07-31 06:00:35,566 INFO Iter 30
2020-07-31 06:00:35,818 INFO Policy now: [[9.0, [8, 9.0, 8.0]]]
2020-07-31 06:00:35,854 INFO Reward now: 3.338040918111801
2020-07-31 06:00:35,854 INFO Best policy so far: [[8, [0, 7, 6]]]
2020-07-31 06:00:35,854 INFO Best reward so far: 7.585072676340739
2020-07-31 07:23:53,845 INFO Iter 31
2020-07-31 07:23:54,081 INFO Policy now: [[5.0, [5.0, 1.0, 2.0]]]
2020-07-31 07:23:54,177 INFO Reward now: 5.420625289281209
2020-07-31 07:23:54,177 INFO Best policy so far: [[8, [0, 7, 6]]]
2020-07-31 07:23:54,177 INFO Best reward so far: 7.585072676340739
2020-07-31 07:31:55,917 INFO Iter 32
2020-07-31 07:31:55,919 INFO Policy now: [[7.0, [5.0, 1.0, 3.0]]]
2020-07-31 07:31:55,919 INFO Reward now: 2.026264806588491
2020-07-31 07:31:55,919 INFO Best policy so far: [[8, [0, 7, 6]]]
2020-07-31 07:31:55,919 INFO Best reward so far: 7.585072676340739
2020-07-31 07:36:36,969 INFO Iter 33
2020-07-31 07:36:36,971 INFO Policy now: [[2.0, [0, 0, 1.0]]]
2020-07-31 07:36:36,971 INFO Reward now: 2.6326283315817514
2020-07-31 07:36:36,971 INFO Best policy so far: [[8, [0, 7, 6]]]
2020-07-31 07:36:36,971 INFO Best reward so far: 7.585072676340739
2020-07-31 07:41:20,140 INFO Iter 34
2020-07-31 07:41:20,142 INFO Policy now: [[9, [7.0, 9, 9]]]
2020-07-31 07:41:20,142 INFO Reward now: 1.9193799992402394
2020-07-31 07:41:20,142 INFO Best policy so far: [[8, [0, 7, 6]]]
2020-07-31 07:41:20,142 INFO Best reward so far: 7.585072676340739
2020-07-31 07:49:12,366 INFO Iter 35
2020-07-31 07:49:12,405 INFO Policy now: [[5.0, [4.0, 6.0, 8.0]]]
2020-07-31 07:49:12,405 INFO Reward now: 2.6415639519691467
2020-07-31 07:49:12,405 INFO Best policy so far: [[8, [0, 7, 6]]]
2020-07-31 07:49:12,405 INFO Best reward so far: 7.585072676340739
2020-07-31 07:56:56,414 INFO Iter 36
2020-07-31 07:56:56,418 INFO Policy now: [[3.0, [1.0, 5.0, 7.0]]]
2020-07-31 07:56:56,419 INFO Reward now: 4.2623777985572815
2020-07-31 07:56:56,419 INFO Best policy so far: [[8, [0, 7, 6]]]
2020-07-31 07:56:56,419 INFO Best reward so far: 7.585072676340739
2020-07-31 08:09:02,521 INFO Iter 37
2020-07-31 08:09:02,669 INFO Policy now: [[9, [8, 9, 9]]]
2020-07-31 08:09:02,679 INFO Reward now: 3.488066871960958
2020-07-31 08:09:02,680 INFO Best policy so far: [[8, [0, 7, 6]]]
2020-07-31 08:09:02,680 INFO Best reward so far: 7.585072676340739
2020-07-31 09:31:44,832 INFO Iter 38
2020-07-31 09:31:44,959 INFO Policy now: [[9, [8, 9.0, 9.0]]]
2020-07-31 09:31:44,984 INFO Reward now: 3.5480805039405823
2020-07-31 09:31:44,984 INFO Best policy so far: [[8, [0, 7, 6]]]
2020-07-31 09:31:44,984 INFO Best reward so far: 7.585072676340739
2020-07-31 10:56:36,234 INFO Iter 39
2020-07-31 10:56:36,369 INFO Policy now: [[8.0, [7.0, 8.0, 9.0]]]
2020-07-31 10:56:36,375 INFO Reward now: 3.2811138232549033
2020-07-31 10:56:36,375 INFO Best policy so far: [[8, [0, 7, 6]]]
2020-07-31 10:56:36,375 INFO Best reward so far: 7.585072676340739
2020-07-31 12:15:28,555 INFO Iter 40
2020-07-31 12:15:28,881 INFO Policy now: [[9.0, [8, 9.0, 9]]]
2020-07-31 12:15:28,897 INFO Reward now: 3.4993103742599487
2020-07-31 12:15:28,897 INFO Best policy so far: [[8, [0, 7, 6]]]
2020-07-31 12:15:28,897 INFO Best reward so far: 7.585072676340739
2020-07-31 12:25:37,815 INFO Iter 41
2020-07-31 12:25:37,835 INFO Policy now: [[8.0, [5.0, 6.0, 7.0]]]
2020-07-31 12:25:37,835 INFO Reward now: 3.2909966707229614
2020-07-31 12:25:37,835 INFO Best policy so far: [[8, [0, 7, 6]]]
2020-07-31 12:25:37,835 INFO Best reward so far: 7.585072676340739
2020-07-31 12:37:03,088 INFO Iter 42
2020-07-31 12:37:03,092 INFO Policy now: [[0.0, [0, 1.0, 2.0]]]
2020-07-31 12:37:03,092 INFO Reward now: 1.2061388194561005
2020-07-31 12:37:03,092 INFO Best policy so far: [[8, [0, 7, 6]]]
2020-07-31 12:37:03,092 INFO Best reward so far: 7.585072676340739
2020-07-31 13:54:53,656 INFO Iter 43
2020-07-31 13:54:53,967 INFO Policy now: [[9, [5.0, 9, 9]]]
2020-07-31 13:54:53,985 INFO Reward now: 1.9390245129664738
2020-07-31 13:54:53,985 INFO Best policy so far: [[8, [0, 7, 6]]]
2020-07-31 13:54:53,985 INFO Best reward so far: 7.585072676340739
2020-07-31 15:17:10,943 INFO Iter 44
2020-07-31 15:17:11,147 INFO Policy now: [[6.0, [0, 4.0, 2.0]]]
2020-07-31 15:17:11,184 INFO Reward now: 7.073774059613545
2020-07-31 15:17:11,184 INFO Best policy so far: [[8, [0, 7, 6]]]
2020-07-31 15:17:11,184 INFO Best reward so far: 7.585072676340739
2020-07-31 15:25:29,865 INFO Iter 45
2020-07-31 15:25:29,867 INFO Policy now: [[9, [5.0, 9, 9]]]
2020-07-31 15:25:29,867 INFO Reward now: 2.5834932029247284
2020-07-31 15:25:29,867 INFO Best policy so far: [[8, [0, 7, 6]]]
2020-07-31 15:25:29,867 INFO Best reward so far: 7.585072676340739
2020-07-31 15:30:45,186 INFO Iter 46
2020-07-31 15:30:45,263 INFO Policy now: [[5.0, [0, 7.0, 5.0]]]
2020-07-31 15:30:45,263 INFO Reward now: 2.9144635697205863
2020-07-31 15:30:45,264 INFO Best policy so far: [[8, [0, 7, 6]]]
2020-07-31 15:30:45,264 INFO Best reward so far: 7.585072676340739
2020-07-31 16:51:55,764 INFO Iter 47
2020-07-31 16:51:56,047 INFO Policy now: [[9, [1.0, 9, 3.0]]]
2020-07-31 16:51:56,064 INFO Reward now: 4.4234098593393965
2020-07-31 16:51:56,064 INFO Best policy so far: [[8, [0, 7, 6]]]
2020-07-31 16:51:56,064 INFO Best reward so far: 7.585072676340739
2020-07-31 17:05:24,568 INFO Iter 48
2020-07-31 17:05:24,651 INFO Policy now: [[9, [2.0, 9, 9]]]
2020-07-31 17:05:24,691 INFO Reward now: 4.836631655693054
2020-07-31 17:05:24,691 INFO Best policy so far: [[8, [0, 7, 6]]]
2020-07-31 17:05:24,691 INFO Best reward so far: 7.585072676340739
2020-07-31 17:10:04,553 INFO Iter 49
2020-07-31 17:10:04,554 INFO Policy now: [[4.0, [0, 6.0, 8.0]]]
2020-07-31 17:10:04,554 INFO Reward now: 3.4987281958262124
2020-07-31 17:10:04,555 INFO Best policy so far: [[8, [0, 7, 6]]]
2020-07-31 17:10:04,555 INFO Best reward so far: 7.585072676340739
2020-07-31 17:18:17,658 INFO Iter 50
2020-07-31 17:18:17,663 INFO Policy now: [[9, [0, 7.0, 9.0]]]
2020-07-31 17:18:17,663 INFO Reward now: 3.163295785586039
2020-07-31 17:18:17,663 INFO Best policy so far: [[8, [0, 7, 6]]]
2020-07-31 17:18:17,663 INFO Best reward so far: 7.585072676340739
2020-07-31 18:34:59,038 INFO Iter 51
2020-07-31 18:34:59,239 INFO Policy now: [[9, [2.0, 8.0, 9.0]]]
2020-07-31 18:34:59,260 INFO Reward now: 3.342011014620463
2020-07-31 18:34:59,260 INFO Best policy so far: [[8, [0, 7, 6]]]
2020-07-31 18:34:59,261 INFO Best reward so far: 7.585072676340739
2020-07-31 20:00:37,549 INFO Iter 52
2020-07-31 20:00:37,881 INFO Policy now: [[5.0, [0, 0.0, 0.0]]]
2020-07-31 20:00:37,893 INFO Reward now: 3.426551560560862
2020-07-31 20:00:37,894 INFO Best policy so far: [[8, [0, 7, 6]]]
2020-07-31 20:00:37,894 INFO Best reward so far: 7.585072676340739
2020-07-31 20:09:00,952 INFO Iter 53
2020-07-31 20:09:00,963 INFO Policy now: [[9, [2.0, 4.0, 6.0]]]
2020-07-31 20:09:00,964 INFO Reward now: 2.5505249996980033
2020-07-31 20:09:00,964 INFO Best policy so far: [[8, [0, 7, 6]]]
2020-07-31 20:09:00,964 INFO Best reward so far: 7.585072676340739
2020-07-31 21:27:36,470 INFO Iter 54
2020-07-31 21:27:36,708 INFO Policy now: [[9.0, [0, 9.0, 5.0]]]
2020-07-31 21:27:36,721 INFO Reward now: 5.345832924048106
2020-07-31 21:27:36,722 INFO Best policy so far: [[8, [0, 7, 6]]]
2020-07-31 21:27:36,722 INFO Best reward so far: 7.585072676340739
2020-07-31 21:32:43,204 INFO Iter 55
2020-07-31 21:32:43,206 INFO Policy now: [[5.0, [0, 7.0, -0.0]]]
2020-07-31 21:32:43,206 INFO Reward now: 2.6703301866849265
2020-07-31 21:32:43,206 INFO Best policy so far: [[8, [0, 7, 6]]]
2020-07-31 21:32:43,206 INFO Best reward so far: 7.585072676340739
2020-07-31 21:39:45,473 INFO Iter 56
2020-07-31 21:39:45,475 INFO Policy now: [[9, [-0.0, 9, 0]]]
2020-07-31 21:39:45,475 INFO Reward now: 2.927118490139643
2020-07-31 21:39:45,475 INFO Best policy so far: [[8, [0, 7, 6]]]
2020-07-31 21:39:45,475 INFO Best reward so far: 7.585072676340739
2020-07-31 21:51:55,194 INFO Iter 57
2020-07-31 21:51:55,201 INFO Policy now: [[9.0, [0, 9, 4.0]]]
2020-07-31 21:51:55,201 INFO Reward now: 5.729453961054484
2020-07-31 21:51:55,201 INFO Best policy so far: [[8, [0, 7, 6]]]
2020-07-31 21:51:55,202 INFO Best reward so far: 7.585072676340739
2020-07-31 23:09:33,930 INFO Iter 58
2020-07-31 23:09:34,091 INFO Policy now: [[7.0, [0, 9.0, 2.0]]]
2020-07-31 23:09:34,103 INFO Reward now: 3.809852639834086
2020-07-31 23:09:34,103 INFO Best policy so far: [[8, [0, 7, 6]]]
2020-07-31 23:09:34,103 INFO Best reward so far: 7.585072676340739
2020-07-31 23:21:48,760 INFO Iter 59
2020-07-31 23:21:48,763 INFO Policy now: [[9, [1.0, 9, 9.0]]]
2020-07-31 23:21:48,764 INFO Reward now: 4.4586038788159685
2020-07-31 23:21:48,764 INFO Best policy so far: [[8, [0, 7, 6]]]
2020-07-31 23:21:48,764 INFO Best reward so far: 7.585072676340739
2020-07-31 23:31:28,813 INFO Iter 60
2020-07-31 23:31:28,830 INFO Policy now: [[6.0, [0, 3.0, 1.0]]]
2020-07-31 23:31:28,830 INFO Reward now: 3.7550790707270303
2020-07-31 23:31:28,830 INFO Best policy so far: [[8, [0, 7, 6]]]
2020-07-31 23:31:28,830 INFO Best reward so far: 7.585072676340739
2020-07-31 23:35:59,058 INFO Iter 61
2020-07-31 23:35:59,148 INFO Policy now: [[6.0, [-0.0, 4.0, 1.0]]]
2020-07-31 23:35:59,148 INFO Reward now: 2.193329691886902
2020-07-31 23:35:59,148 INFO Best policy so far: [[8, [0, 7, 6]]]
2020-07-31 23:35:59,148 INFO Best reward so far: 7.585072676340739
2020-08-01 00:58:28,376 INFO Iter 62
2020-08-01 00:58:28,561 INFO Policy now: [[6.0, [2.0, 8.0, 8.0]]]
2020-08-01 00:58:28,583 INFO Reward now: 3.224488059679667
2020-08-01 00:58:28,583 INFO Best policy so far: [[8, [0, 7, 6]]]
2020-08-01 00:58:28,583 INFO Best reward so far: 7.585072676340739
2020-08-01 02:20:20,912 INFO Iter 63
2020-08-01 02:20:21,274 INFO Policy now: [[0, [0, 3.0, 3.0]]]
2020-08-01 02:20:21,288 INFO Reward now: 0.9209778904914856
2020-08-01 02:20:21,290 INFO Best policy so far: [[8, [0, 7, 6]]]
2020-08-01 02:20:21,291 INFO Best reward so far: 7.585072676340739
2020-08-01 02:32:39,069 INFO Iter 64
2020-08-01 02:32:39,071 INFO Policy now: [[9, [8, 9, 9]]]
2020-08-01 02:32:39,071 INFO Reward now: 3.122761776049932
2020-08-01 02:32:39,071 INFO Best policy so far: [[8, [0, 7, 6]]]
2020-08-01 02:32:39,071 INFO Best reward so far: 7.585072676340739
2020-08-01 03:54:40,001 INFO Iter 65
2020-08-01 03:54:40,171 INFO Policy now: [[6.0, [4.0, 6.0, 5.0]]]
2020-08-01 03:54:40,185 INFO Reward now: 5.581410527229309
2020-08-01 03:54:40,185 INFO Best policy so far: [[8, [0, 7, 6]]]
2020-08-01 03:54:40,185 INFO Best reward so far: 7.585072676340739
2020-08-01 05:15:13,887 INFO Iter 66
2020-08-01 05:15:14,183 INFO Policy now: [[2.0, [0, 2.0, -0.0]]]
2020-08-01 05:15:14,192 INFO Reward now: 2.191780517498652
2020-08-01 05:15:14,192 INFO Best policy so far: [[8, [0, 7, 6]]]
2020-08-01 05:15:14,192 INFO Best reward so far: 7.585072676340739
2020-08-01 05:24:23,237 INFO Iter 67
2020-08-01 05:24:23,239 INFO Policy now: [[9, [8, 9, 9]]]
2020-08-01 05:24:23,239 INFO Reward now: 3.378732442855835
2020-08-01 05:24:23,239 INFO Best policy so far: [[8, [0, 7, 6]]]
2020-08-01 05:24:23,239 INFO Best reward so far: 7.585072676340739
2020-08-01 05:32:46,857 INFO Iter 68
2020-08-01 05:32:46,863 INFO Policy now: [[8.0, [5.0, 6.0, 9.0]]]
2020-08-01 05:32:46,863 INFO Reward now: 2.4731119771798453
2020-08-01 05:32:46,864 INFO Best policy so far: [[8, [0, 7, 6]]]
2020-08-01 05:32:46,864 INFO Best reward so far: 7.585072676340739
2020-08-01 05:40:10,584 INFO Iter 69
2020-08-01 05:40:10,588 INFO Policy now: [[3.0, [-0.0, 0, 8.0]]]
2020-08-01 05:40:10,588 INFO Reward now: 2.998549352089564
2020-08-01 05:40:10,588 INFO Best policy so far: [[8, [0, 7, 6]]]
2020-08-01 05:40:10,588 INFO Best reward so far: 7.585072676340739
2020-08-01 07:06:59,616 INFO Iter 70
2020-08-01 07:06:59,890 INFO Policy now: [[9, [8, 9, 9]]]
2020-08-01 07:07:00,032 INFO Reward now: 3.7091885805130005
2020-08-01 07:07:00,032 INFO Best policy so far: [[8, [0, 7, 6]]]
2020-08-01 07:07:00,032 INFO Best reward so far: 7.585072676340739
2020-08-01 07:16:56,166 INFO Iter 71
2020-08-01 07:16:56,171 INFO Policy now: [[8.0, [8.0, 9, 9]]]
2020-08-01 07:16:56,171 INFO Reward now: 2.805067221323649
2020-08-01 07:16:56,171 INFO Best policy so far: [[8, [0, 7, 6]]]
2020-08-01 07:16:56,171 INFO Best reward so far: 7.585072676340739
2020-08-01 07:25:24,028 INFO Iter 72
2020-08-01 07:25:24,076 INFO Policy now: [[8.0, [7.0, 8.0, 9.0]]]
2020-08-01 07:25:24,076 INFO Reward now: 1.674124499162038
2020-08-01 07:25:24,076 INFO Best policy so far: [[8, [0, 7, 6]]]
2020-08-01 07:25:24,076 INFO Best reward so far: 7.585072676340739
2020-08-01 08:52:40,477 INFO Iter 73
2020-08-01 08:52:40,619 INFO Policy now: [[7.0, [4.0, 4.0, 8.0]]]
2020-08-01 08:52:40,634 INFO Reward now: 3.5143842697143555
2020-08-01 08:52:40,634 INFO Best policy so far: [[8, [0, 7, 6]]]
2020-08-01 08:52:40,634 INFO Best reward so far: 7.585072676340739
2020-08-01 08:57:18,662 INFO Iter 74
2020-08-01 08:57:18,665 INFO Policy now: [[9.0, [3.0, 6.0, 8.0]]]
2020-08-01 08:57:18,665 INFO Reward now: 1.6383025447527568
2020-08-01 08:57:18,665 INFO Best policy so far: [[8, [0, 7, 6]]]
2020-08-01 08:57:18,665 INFO Best reward so far: 7.585072676340739
2020-08-01 10:24:21,222 INFO Iter 75
2020-08-01 10:24:21,304 INFO Policy now: [[1.0, [0, 0, 0]]]
2020-08-01 10:24:21,312 INFO Reward now: 5.272616267204285
2020-08-01 10:24:21,313 INFO Best policy so far: [[8, [0, 7, 6]]]
2020-08-01 10:24:21,313 INFO Best reward so far: 7.585072676340739
2020-08-01 10:32:26,400 INFO Iter 76
2020-08-01 10:32:26,442 INFO Policy now: [[9, [8.0, 9.0, 9.0]]]
2020-08-01 10:32:26,442 INFO Reward now: 2.291413754224777
2020-08-01 10:32:26,442 INFO Best policy so far: [[8, [0, 7, 6]]]
2020-08-01 10:32:26,442 INFO Best reward so far: 7.585072676340739
2020-08-01 10:41:54,238 INFO Iter 77
2020-08-01 10:41:54,885 INFO Policy now: [[9, [8.0, 9, 9]]]
2020-08-01 10:41:54,885 INFO Reward now: 2.564122458299001
2020-08-01 10:41:54,885 INFO Best policy so far: [[8, [0, 7, 6]]]
2020-08-01 10:41:54,885 INFO Best reward so far: 7.585072676340739
2020-08-01 10:50:08,925 INFO Iter 78
2020-08-01 10:50:08,927 INFO Policy now: [[7.0, [6.0, 8.0, 9.0]]]
2020-08-01 10:50:08,927 INFO Reward now: 2.6624845961729684
2020-08-01 10:50:08,927 INFO Best policy so far: [[8, [0, 7, 6]]]
2020-08-01 10:50:08,927 INFO Best reward so far: 7.585072676340739
2020-08-01 10:54:54,590 INFO Iter 79
2020-08-01 10:54:54,592 INFO Policy now: [[5.0, [2.0, 1.0, 8.0]]]
2020-08-01 10:54:54,592 INFO Reward now: 2.5930038591225943
2020-08-01 10:54:54,592 INFO Best policy so far: [[8, [0, 7, 6]]]
2020-08-01 10:54:54,592 INFO Best reward so far: 7.585072676340739
