2020-07-30 14:45:51,011 INFO Iter 0
2020-07-30 14:45:51,283 INFO Policy now: [[9, [8, 0, 0]], [9, [8, 9, 0]], [9, [8, 0, 0]], [9, [8, 9, 9]], [9, [0, 9, 0]]]
2020-07-30 14:45:51,297 INFO Reward now: 6.584818045298259
2020-07-30 14:45:51,298 INFO Best policy so far: [[9, [3, 0, 0]], [6, [4, 6, 0]], [7, [6, 0, 0]], [5, [4, 9, 6]], [9, [0, 6, 0]]]
2020-07-30 14:45:51,298 INFO Best reward so far: 7.412295659383138
2020-07-30 21:19:45,268 INFO Iter 1
2020-07-30 21:19:45,404 INFO Policy now: [[7.0, [6.0, 0, 0]], [7.0, [4.0, 8.0, 0]], [6.0, [5.0, 0, 0]], [6.0, [6.0, 7.0, 7.0]], [8.0, [0, 8.0, 0]]]
2020-07-30 21:19:45,465 INFO Reward now: 5.49929682413737
2020-07-30 21:19:45,465 INFO Best policy so far: [[9, [3, 0, 0]], [6, [4, 6, 0]], [7, [6, 0, 0]], [5, [4, 9, 6]], [9, [0, 6, 0]]]
2020-07-30 21:19:45,465 INFO Best reward so far: 7.412295659383138
2020-07-31 04:20:00,936 INFO Iter 2
2020-07-31 04:20:01,243 INFO Policy now: [[9, [8, 5.0, 7.0]], [9, [8, 9, 7.0]], [9, [8, 5.0, 8.0]], [9, [8, 9, 9]], [9, [7.0, 9, 5.0]]]
2020-07-31 04:20:01,254 INFO Reward now: 7.026257395744324
2020-07-31 04:20:01,254 INFO Best policy so far: [[9, [7.0, 2, 3]], [9, [4.0, 9, 3]], [6.0, [8.0, 2, 4]], [9, [8, 9, 9]], [9, [1, 9, 2]]]
2020-07-31 04:20:01,254 INFO Best reward so far: 8.292431116104126
2020-07-31 05:25:02,947 INFO Iter 3
2020-07-31 05:25:03,236 INFO Policy now: [[7.0, [6.0, 0, 0]], [2.0, [-0.0, 3.0, 0]], [6.0, [0, 0, 3.0]], [1.0, [2.0, 2.0, 0]], [2.0, [0, 2.0, 0]]]
2020-07-31 05:25:03,250 INFO Reward now: 5.0977105895678205
2020-07-31 05:25:03,250 INFO Best policy so far: [[9, [7.0, 2, 3]], [9, [4.0, 9, 3]], [6.0, [8.0, 2, 4]], [9, [8, 9, 9]], [9, [1, 9, 2]]]
2020-07-31 05:25:03,250 INFO Best reward so far: 8.292431116104126
2020-07-31 12:25:56,862 INFO Iter 4
2020-07-31 12:25:57,053 INFO Policy now: [[9, [8, 9.0, 9]], [9, [6.0, 9, 6.0]], [9, [2.0, 9, 9]], [9, [8, 8.0, 8.0]], [9, [2.0, 9, 6.0]]]
2020-07-31 12:25:57,075 INFO Reward now: 8.902634700139364
2020-07-31 12:25:57,075 INFO Best policy so far: [[9, [8, 9.0, 9]], [9, [6.0, 9, 6.0]], [9, [2.0, 9, 9]], [9, [8, 8.0, 8.0]], [9, [2.0, 9, 6.0]]]
2020-07-31 12:25:57,075 INFO Best reward so far: 8.902634700139364
2020-07-31 12:33:22,615 INFO Iter 5
2020-07-31 12:33:22,617 INFO Policy now: [[8.0, [7.0, 7.0, 9.0]], [7.0, [5.0, 6.0, 5.0]], [7.0, [-0.0, 7.0, 8.0]], [8.0, [6.0, 7.0, 5.0]], [9.0, [-0.0, 8.0, 1.0]]]
2020-07-31 12:33:22,617 INFO Reward now: 4.326308906078339
2020-07-31 12:33:22,617 INFO Best policy so far: [[9, [8, 9.0, 9]], [9, [6.0, 9, 6.0]], [9, [2.0, 9, 9]], [9, [8, 8.0, 8.0]], [9, [2.0, 9, 6.0]]]
2020-07-31 12:33:22,617 INFO Best reward so far: 8.902634700139364
2020-07-31 13:26:04,990 INFO Iter 6
2020-07-31 13:26:05,223 INFO Policy now: [[9, [8, 9, 9]], [9.0, [8, 9, 9]], [9, [1.0, 9, 9]], [9, [8, 9.0, 9]], [9, [3.0, 9, 4.0]]]
2020-07-31 13:26:05,237 INFO Reward now: 4.725175480047862
2020-07-31 13:26:05,237 INFO Best policy so far: [[9, [8, 9.0, 9]], [9, [6.0, 9, 6.0]], [9, [2.0, 9, 9]], [9, [8, 8.0, 8.0]], [9, [2.0, 9, 6.0]]]
2020-07-31 13:26:05,237 INFO Best reward so far: 8.902634700139364
2020-07-31 19:57:17,819 INFO Iter 7
2020-07-31 19:57:18,034 INFO Policy now: [[7.0, [7.0, 8.0, 8.0]], [8.0, [8, 4.0, 6.0]], [2.0, [0, 8.0, 9]], [9.0, [3.0, 4.0, 5.0]], [7.0, [0, 8.0, 2.0]]]
2020-07-31 19:57:18,053 INFO Reward now: 7.040506203969319
2020-07-31 19:57:18,053 INFO Best policy so far: [[9, [8, 9.0, 9]], [9, [6.0, 9, 6.0]], [9, [2.0, 9, 9]], [9, [8, 8.0, 8.0]], [9, [2.0, 9, 6.0]]]
2020-07-31 19:57:18,053 INFO Best reward so far: 8.902634700139364
2020-07-31 20:16:25,018 INFO Iter 8
2020-07-31 20:16:25,287 INFO Policy now: [[9, [8, 9, 9]], [9, [8, 9, 9]], [9.0, [1.0, 9, 9]], [9, [8, 9, 9]], [9, [6.0, 9, 9.0]]]
2020-07-31 20:16:25,387 INFO Reward now: 3.2656013568242392
2020-07-31 20:16:25,387 INFO Best policy so far: [[9, [8, 9.0, 9]], [9, [6.0, 9, 6.0]], [9, [2.0, 9, 9]], [9, [8, 8.0, 8.0]], [9, [2.0, 9, 6.0]]]
2020-07-31 20:16:25,387 INFO Best reward so far: 8.902634700139364
2020-08-01 03:27:30,879 INFO Iter 9
2020-08-01 03:27:31,226 INFO Policy now: [[7.0, [6.0, 7.0, 6.0]], [4.0, [4.0, 4.0, 5.0]], [4.0, [0, 8.0, 6.0]], [8.0, [8.0, 8.0, 9.0]], [9.0, [2.0, 5.0, 6.0]]]
2020-08-01 03:27:31,243 INFO Reward now: 8.100112080574036
2020-08-01 03:27:31,243 INFO Best policy so far: [[9, [8, 9.0, 9]], [9, [6.0, 9, 6.0]], [9, [2.0, 9, 9]], [9, [8, 8.0, 8.0]], [9, [2.0, 9, 6.0]]]
2020-08-01 03:27:31,243 INFO Best reward so far: 8.902634700139364
2020-08-01 04:06:56,290 INFO Iter 10
2020-08-01 04:06:56,416 INFO Policy now: [[9, [8, 9, 9]], [9, [8, 9, 9]], [9, [3.0, 9, 9.0]], [9, [8, 9, 9]], [9, [6.0, 9, 9]]]
2020-08-01 04:06:56,457 INFO Reward now: 3.5703886349995932
2020-08-01 04:06:56,457 INFO Best policy so far: [[9, [8, 9.0, 9]], [9, [6.0, 9, 6.0]], [9, [2.0, 9, 9]], [9, [8, 8.0, 8.0]], [9, [2.0, 9, 6.0]]]
2020-08-01 04:06:56,458 INFO Best reward so far: 8.902634700139364
2020-08-01 10:51:58,045 INFO Iter 11
2020-08-01 10:51:58,168 INFO Policy now: [[9, [8, 9.0, 9.0]], [9, [7.0, 9.0, 9]], [9, [3.0, 9, 9]], [9, [8, 9, 9]], [9, [7.0, 9, 9]]]
2020-08-01 10:51:58,178 INFO Reward now: 6.662377278010051
2020-08-01 10:51:58,178 INFO Best policy so far: [[6, [5, 5, 4]], [8, [4, 4, 4]], [7, [2.0, 6, 8.0]], [8, [6, 6, 6]], [8, [2.0, 8, 9]]]
2020-08-01 10:51:58,179 INFO Best reward so far: 9.470485289891561
