2020-08-04 20:03:45,524 INFO Iter 0
2020-08-04 20:03:45,829 INFO Policy now: [[7.0, [8.0, 1.0, 6.0]]]
2020-08-04 20:03:45,929 INFO Reward now: 3.8401043911774955
2020-08-04 20:03:45,929 INFO Best policy so far: [[4, [8, 2, 7]]]
2020-08-04 20:03:45,929 INFO Best reward so far: 4.395057678222656
2020-08-04 21:04:32,644 INFO Iter 1
2020-08-04 21:04:32,894 INFO Policy now: [[6.0, [7.0, 2.0, 9.0]]]
2020-08-04 21:04:32,925 INFO Reward now: 5.9221494396527605
2020-08-04 21:04:32,925 INFO Best policy so far: [[6.0, [5.0, 3.0, 9]]]
2020-08-04 21:04:32,925 INFO Best reward so far: 7.285836855570476
2020-08-04 22:02:39,793 INFO Iter 2
2020-08-04 22:02:40,108 INFO Policy now: [[9, [5.0, 7.0, 7.0]]]
2020-08-04 22:02:40,123 INFO Reward now: 4.558238228162129
2020-08-04 22:02:40,123 INFO Best policy so far: [[9.0, [2.0, 6.0, 6.0]]]
2020-08-04 22:02:40,123 INFO Best reward so far: 7.444569905598958
2020-08-04 22:10:26,865 INFO Iter 3
2020-08-04 22:10:26,890 INFO Policy now: [[9.0, [1.0, 1.0, 4.0]]]
2020-08-04 22:10:26,891 INFO Reward now: 5.858380814393361
2020-08-04 22:10:26,891 INFO Best policy so far: [[9.0, [2.0, 6.0, 6.0]]]
2020-08-04 22:10:26,891 INFO Best reward so far: 7.611858208974202
2020-08-04 22:17:36,485 INFO Iter 4
2020-08-04 22:17:36,499 INFO Policy now: [[8.0, [1.0, 3.0, 3.0]]]
2020-08-04 22:17:36,499 INFO Reward now: 5.310742934544881
2020-08-04 22:17:36,499 INFO Best policy so far: [[9.0, [2.0, 6.0, 6.0]]]
2020-08-04 22:17:36,499 INFO Best reward so far: 5.989040454228719
2020-08-04 22:20:54,035 INFO Iter 5
2020-08-04 22:20:54,037 INFO Policy now: [[9.0, [-0.0, 8.0, 3.0]]]
2020-08-04 22:20:54,037 INFO Reward now: 2.7698861261208854
2020-08-04 22:20:54,037 INFO Best policy so far: [[9.0, [2.0, 6.0, 6.0]]]
2020-08-04 22:20:54,037 INFO Best reward so far: 3.000134070714315
2020-08-04 22:26:52,268 INFO Iter 6
2020-08-04 22:26:52,288 INFO Policy now: [[9.0, [0, 9.0, 3.0]]]
2020-08-04 22:26:52,288 INFO Reward now: 3.8868205746014914
2020-08-04 22:26:52,288 INFO Best policy so far: [[9.0, [2.0, 6.0, 6.0]]]
2020-08-04 22:26:52,288 INFO Best reward so far: 4.790936390558879
2020-08-04 22:30:38,854 INFO Iter 7
2020-08-04 22:30:38,952 INFO Policy now: [[9.0, [0.0, 9, 5.0]]]
2020-08-04 22:30:38,952 INFO Reward now: 3.8187114000320435
2020-08-04 22:30:38,952 INFO Best policy so far: [[9.0, [2.0, 6.0, 6.0]]]
2020-08-04 22:30:38,952 INFO Best reward so far: 4.385335624217987
2020-08-04 23:28:59,816 INFO Iter 8
2020-08-04 23:29:00,048 INFO Policy now: [[8.0, [0, 9, 2.0]]]
2020-08-04 23:29:00,060 INFO Reward now: 7.011669238408406
2020-08-04 23:29:00,060 INFO Best policy so far: [[9.0, [2.0, 6.0, 6.0]]]
2020-08-04 23:29:00,060 INFO Best reward so far: 7.513176878293355
2020-08-05 00:25:01,312 INFO Iter 9
2020-08-05 00:25:01,501 INFO Policy now: [[6.0, [-0.0, 8.0, 5.0]]]
2020-08-05 00:25:01,519 INFO Reward now: 3.9125348726908364
2020-08-05 00:25:01,519 INFO Best policy so far: [[8.0, [1, 8, 4.0]]]
2020-08-05 00:25:01,519 INFO Best reward so far: 4.18964155515035
2020-08-05 01:19:38,231 INFO Iter 10
2020-08-05 01:19:38,421 INFO Policy now: [[5.0, [0, 9, 8.0]]]
2020-08-05 01:19:38,485 INFO Reward now: 5.821163137753804
2020-08-05 01:19:38,485 INFO Best policy so far: [[6.0, [2.0, 9, 5.0]]]
2020-08-05 01:19:38,485 INFO Best reward so far: 6.553732077280681
2020-08-05 01:30:19,396 INFO Iter 11
2020-08-05 01:30:19,465 INFO Policy now: [[9, [0, 9, 6.0]]]
2020-08-05 01:30:19,466 INFO Reward now: 8.589670817057291
2020-08-05 01:30:19,466 INFO Best policy so far: [[9, [0, 9, 5.0]]]
2020-08-05 01:30:19,466 INFO Best reward so far: 9.231541633605957
2020-08-05 02:31:18,901 INFO Iter 12
2020-08-05 02:31:19,090 INFO Policy now: [[7.0, [2.0, 9, 5.0]]]
2020-08-05 02:31:19,118 INFO Reward now: 8.696553309758505
2020-08-05 02:31:19,118 INFO Best policy so far: [[6, [2, 8, 8.0]]]
2020-08-05 02:31:19,118 INFO Best reward so far: 9.217910448710123
2020-08-05 03:28:54,170 INFO Iter 13
2020-08-05 03:28:54,369 INFO Policy now: [[9, [0, 9, 9]]]
2020-08-05 03:28:54,387 INFO Reward now: 9.011726021766663
2020-08-05 03:28:54,445 INFO Best policy so far: [[6, [2, 8, 8.0]]]
2020-08-05 03:28:54,445 INFO Best reward so far: 9.482541998227438
2020-08-05 03:37:25,930 INFO Iter 14
2020-08-05 03:37:26,039 INFO Policy now: [[9, [0, 8.0, 9]]]
2020-08-05 03:37:26,039 INFO Reward now: 4.895589669545491
2020-08-05 03:37:26,039 INFO Best policy so far: [[6, [2, 8, 8.0]]]
2020-08-05 03:37:26,039 INFO Best reward so far: 5.871248185634613
2020-08-05 04:38:18,576 INFO Iter 15
2020-08-05 04:38:18,823 INFO Policy now: [[9, [0, 9, 9.0]]]
2020-08-05 04:38:18,864 INFO Reward now: 7.844194531440735
2020-08-05 04:38:18,864 INFO Best policy so far: [[6, [2, 8, 8.0]]]
2020-08-05 04:38:18,864 INFO Best reward so far: 9.149885733922323
2020-08-05 05:33:57,802 INFO Iter 16
2020-08-05 05:33:58,013 INFO Policy now: [[9, [0.0, 9.0, 9.0]]]
2020-08-05 05:33:58,028 INFO Reward now: 3.689497152964274
2020-08-05 05:33:58,028 INFO Best policy so far: [[9, [1, 8, 9]]]
2020-08-05 05:33:58,028 INFO Best reward so far: 4.565811951955159
2020-08-05 06:31:34,950 INFO Iter 17
2020-08-05 06:31:35,262 INFO Policy now: [[9, [2.0, 7.0, 8.0]]]
2020-08-05 06:31:35,308 INFO Reward now: 8.090566118558248
2020-08-05 06:31:35,308 INFO Best policy so far: [[9, [2.0, 7.0, 8.0]]]
2020-08-05 06:31:35,308 INFO Best reward so far: 8.090566118558248
2020-08-05 06:37:26,767 INFO Iter 18
2020-08-05 06:37:26,956 INFO Policy now: [[9, [0, 5.0, 8.0]]]
2020-08-05 06:37:26,957 INFO Reward now: 3.466842383146286
2020-08-05 06:37:26,957 INFO Best policy so far: [[9, [0, 5.0, 8.0]]]
2020-08-05 06:37:26,957 INFO Best reward so far: 3.466842383146286
2020-08-05 06:42:29,598 INFO Iter 19
2020-08-05 06:42:29,617 INFO Policy now: [[7.0, [-0.0, 4.0, 7.0]]]
2020-08-05 06:42:29,617 INFO Reward now: 4.343501051266988
2020-08-05 06:42:29,617 INFO Best policy so far: [[9, [2, 7.0, 9]]]
2020-08-05 06:42:29,617 INFO Best reward so far: 5.611711184183757
2020-08-05 06:49:03,315 INFO Iter 20
2020-08-05 06:49:03,351 INFO Policy now: [[3.0, [0, 9, 9.0]]]
2020-08-05 06:49:03,351 INFO Reward now: 5.761760552724202
2020-08-05 06:49:03,351 INFO Best policy so far: [[9, [2, 7.0, 9]]]
2020-08-05 06:49:03,351 INFO Best reward so far: 6.503897309303284
2020-08-05 07:45:07,738 INFO Iter 21
2020-08-05 07:45:07,897 INFO Policy now: [[9, [0, 6.0, 7.0]]]
2020-08-05 07:45:07,936 INFO Reward now: 4.656017144521077
2020-08-05 07:45:07,936 INFO Best policy so far: [[4.0, [2, 9, 9]]]
2020-08-05 07:45:07,936 INFO Best reward so far: 5.088992595672607
2020-08-05 08:43:06,765 INFO Iter 22
2020-08-05 08:43:07,076 INFO Policy now: [[9.0, [0, 7.0, 8.0]]]
2020-08-05 08:43:07,087 INFO Reward now: 6.369015296300252
2020-08-05 08:43:07,087 INFO Best policy so far: [[4.0, [2, 9, 9]]]
2020-08-05 08:43:07,087 INFO Best reward so far: 7.091000080108643
2020-08-05 09:40:49,608 INFO Iter 23
2020-08-05 09:40:49,713 INFO Policy now: [[9, [0, 5.0, 5.0]]]
2020-08-05 09:40:49,728 INFO Reward now: 5.650257229804993
2020-08-05 09:40:49,728 INFO Best policy so far: [[4.0, [2, 9, 9]]]
2020-08-05 09:40:49,728 INFO Best reward so far: 6.862730503082275
2020-08-05 10:36:51,646 INFO Iter 24
2020-08-05 10:36:51,949 INFO Policy now: [[9, [0, 6.0, 7.0]]]
2020-08-05 10:36:51,970 INFO Reward now: 4.394072433312734
2020-08-05 10:36:51,971 INFO Best policy so far: [[4.0, [2, 9, 9]]]
2020-08-05 10:36:51,971 INFO Best reward so far: 4.930871069431305
2020-08-05 10:40:39,972 INFO Iter 25
2020-08-05 10:40:40,012 INFO Policy now: [[9, [2.0, 8.0, 9]]]
2020-08-05 10:40:40,012 INFO Reward now: 3.923640867074331
2020-08-05 10:40:40,012 INFO Best policy so far: [[9, [2, 8.0, 9]]]
2020-08-05 10:40:40,012 INFO Best reward so far: 4.02858289082845
2020-08-05 10:45:05,253 INFO Iter 26
2020-08-05 10:45:05,254 INFO Policy now: [[9, [0, 5.0, 8.0]]]
2020-08-05 10:45:05,254 INFO Reward now: 5.474748452504476
2020-08-05 10:45:05,254 INFO Best policy so far: [[9, [2, 8.0, 9]]]
2020-08-05 10:45:05,254 INFO Best reward so far: 5.796184261639913
2020-08-05 11:40:43,885 INFO Iter 27
2020-08-05 11:40:44,095 INFO Policy now: [[9.0, [0, 9.0, 6.0]]]
2020-08-05 11:40:44,128 INFO Reward now: 6.712380448977153
2020-08-05 11:40:44,131 INFO Best policy so far: [[9, [0, 6.0, 6.0]]]
2020-08-05 11:40:44,131 INFO Best reward so far: 6.950282096862793
2020-08-05 12:41:06,567 INFO Iter 28
2020-08-05 12:41:06,915 INFO Policy now: [[9, [0, 9.0, 9]]]
2020-08-05 12:41:06,961 INFO Reward now: 8.086236913998922
2020-08-05 12:41:06,961 INFO Best policy so far: [[9, [2, 9, 9]]]
2020-08-05 12:41:06,961 INFO Best reward so far: 8.511515935262045
2020-08-05 12:49:44,823 INFO Iter 29
2020-08-05 12:49:44,861 INFO Policy now: [[9, [0.0, 9, 7.0]]]
2020-08-05 12:49:44,861 INFO Reward now: 8.917535026868185
2020-08-05 12:49:44,861 INFO Best policy so far: [[9, [2, 9, 9]]]
2020-08-05 12:49:44,861 INFO Best reward so far: 9.187502106030783
2020-08-05 13:45:39,836 INFO Iter 30
2020-08-05 13:45:39,948 INFO Policy now: [[8.0, [0.0, 9.0, 7.0]]]
2020-08-05 13:45:39,956 INFO Reward now: 9.029773712158203
2020-08-05 13:45:39,956 INFO Best policy so far: [[5, [1.0, 8, 6.0]]]
2020-08-05 13:45:39,956 INFO Best reward so far: 9.115592956542969
2020-08-05 14:46:10,513 INFO Iter 31
2020-08-05 14:46:10,734 INFO Policy now: [[9, [0, 9, 8.0]]]
2020-08-05 14:46:10,749 INFO Reward now: 10.3180832862854
2020-08-05 14:46:10,749 INFO Best policy so far: [[4.0, [0, 8.0, 8.0]]]
2020-08-05 14:46:10,750 INFO Best reward so far: 10.524202982584635
2020-08-05 15:43:51,721 INFO Iter 32
2020-08-05 15:43:51,918 INFO Policy now: [[9.0, [0, 8.0, 8.0]]]
2020-08-05 15:43:51,939 INFO Reward now: 8.42320211728414
2020-08-05 15:43:51,939 INFO Best policy so far: [[9.0, [0, 8.0, 8.0]]]
2020-08-05 15:43:51,939 INFO Best reward so far: 8.42320211728414
2020-08-05 15:49:47,266 INFO Iter 33
2020-08-05 15:49:47,282 INFO Policy now: [[9.0, [1.0, 7.0, 9.0]]]
2020-08-05 15:49:47,282 INFO Reward now: 4.637822071711223
2020-08-05 15:49:47,282 INFO Best policy so far: [[7.0, [2, 5.0, 9.0]]]
2020-08-05 15:49:47,282 INFO Best reward so far: 5.114208062489827
2020-08-05 16:49:35,652 INFO Iter 34
2020-08-05 16:49:35,776 INFO Policy now: [[8.0, [-0.0, 9, 9.0]]]
2020-08-05 16:49:35,788 INFO Reward now: 8.882192571957907
2020-08-05 16:49:35,788 INFO Best policy so far: [[7.0, [2, 5.0, 9.0]]]
2020-08-05 16:49:35,788 INFO Best reward so far: 9.313151597976685
2020-08-05 17:50:46,290 INFO Iter 35
2020-08-05 17:50:46,551 INFO Policy now: [[5.0, [0.0, 9.0, 9]]]
2020-08-05 17:50:46,577 INFO Reward now: 9.751904567082724
2020-08-05 17:50:46,577 INFO Best policy so far: [[4.0, [2.0, 9, 9]]]
2020-08-05 17:50:46,577 INFO Best reward so far: 11.360225359598795
2020-08-05 18:45:54,019 INFO Iter 36
2020-08-05 18:45:54,336 INFO Policy now: [[9, [0, 4.0, 9]]]
2020-08-05 18:45:54,358 INFO Reward now: 4.967818180720012
2020-08-05 18:45:54,358 INFO Best policy so far: [[4.0, [2.0, 9, 9]]]
2020-08-05 18:45:54,358 INFO Best reward so far: 6.003488063812256
2020-08-05 18:50:58,367 INFO Iter 37
2020-08-05 18:50:58,383 INFO Policy now: [[9.0, [0, 9, 7.0]]]
2020-08-05 18:50:58,384 INFO Reward now: 6.125439822673798
2020-08-05 18:50:58,384 INFO Best policy so far: [[4.0, [2.0, 9, 9]]]
2020-08-05 18:50:58,384 INFO Best reward so far: 7.279178222020467
2020-08-05 19:50:49,554 INFO Iter 38
2020-08-05 19:50:49,780 INFO Policy now: [[9.0, [-0.0, 9.0, 7.0]]]
2020-08-05 19:50:49,805 INFO Reward now: 7.579030116399129
2020-08-05 19:50:49,806 INFO Best policy so far: [[4.0, [2.0, 9, 9]]]
2020-08-05 19:50:49,806 INFO Best reward so far: 7.8025126457214355
2020-08-05 20:47:53,879 INFO Iter 39
2020-08-05 20:47:54,059 INFO Policy now: [[8.0, [-0.0, 9, 9.0]]]
2020-08-05 20:47:54,077 INFO Reward now: 5.582532823085785
2020-08-05 20:47:54,077 INFO Best policy so far: [[6.0, [2.0, 9, 9]]]
2020-08-05 20:47:54,077 INFO Best reward so far: 6.322729587554932
2020-08-05 20:53:23,083 INFO Iter 40
2020-08-05 20:53:23,133 INFO Policy now: [[9.0, [1.0, 8.0, 9]]]
2020-08-05 20:53:23,133 INFO Reward now: 3.5455156366030374
2020-08-05 20:53:23,133 INFO Best policy so far: [[4.0, [2.0, 8, 6.0]]]
2020-08-05 20:53:23,133 INFO Best reward so far: 4.501907030741374
2020-08-05 20:56:45,358 INFO Iter 41
2020-08-05 20:56:45,412 INFO Policy now: [[9, [0.0, 8.0, 9.0]]]
2020-08-05 20:56:45,412 INFO Reward now: 2.3905201057593026
2020-08-05 20:56:45,413 INFO Best policy so far: [[9, [2.0, 7.0, 7]]]
2020-08-05 20:56:45,413 INFO Best reward so far: 3.127154588699341
2020-08-05 21:58:25,517 INFO Iter 42
2020-08-05 21:58:25,773 INFO Policy now: [[7.0, [0, 9, 8.0]]]
2020-08-05 21:58:25,779 INFO Reward now: 4.395553847153981
2020-08-05 21:58:25,780 INFO Best policy so far: [[4, [0, 9, 6.0]]]
2020-08-05 21:58:25,780 INFO Best reward so far: 4.485373814900716
2020-08-05 22:58:11,662 INFO Iter 43
2020-08-05 22:58:11,928 INFO Policy now: [[9, [0, 8.0, 7.0]]]
2020-08-05 22:58:11,941 INFO Reward now: 7.354907075564067
2020-08-05 22:58:11,941 INFO Best policy so far: [[9.0, [1, 7, 4.0]]]
2020-08-05 22:58:11,941 INFO Best reward so far: 7.815326531728108
2020-08-05 23:02:47,672 INFO Iter 44
2020-08-05 23:02:47,882 INFO Policy now: [[8.0, [0.0, 9, 5.0]]]
2020-08-05 23:02:47,903 INFO Reward now: 6.9520818789800005
2020-08-05 23:02:47,903 INFO Best policy so far: [[9, [2, 9, 3.0]]]
2020-08-05 23:02:47,903 INFO Best reward so far: 7.268653869628906
2020-08-05 23:11:22,391 INFO Iter 45
2020-08-05 23:11:22,464 INFO Policy now: [[8.0, [0, 9, 2.0]]]
2020-08-05 23:11:22,464 INFO Reward now: 4.794762849807739
2020-08-05 23:11:22,464 INFO Best policy so far: [[9, [2, 9, 3.0]]]
2020-08-05 23:11:22,464 INFO Best reward so far: 5.738746086756389
2020-08-06 00:11:04,340 INFO Iter 46
2020-08-06 00:11:04,516 INFO Policy now: [[5.0, [0, 9, 3.0]]]
2020-08-06 00:11:04,533 INFO Reward now: 10.868624528249105
2020-08-06 00:11:04,533 INFO Best policy so far: [[5.0, [0, 9, 3.0]]]
2020-08-06 00:11:04,534 INFO Best reward so far: 10.868624528249105
2020-08-06 00:16:05,307 INFO Iter 47
2020-08-06 00:16:05,336 INFO Policy now: [[6.0, [0.0, 8.0, 3.0]]]
2020-08-06 00:16:05,336 INFO Reward now: 4.776715238889058
2020-08-06 00:16:05,336 INFO Best policy so far: [[4.0, [0, 9, 4.0]]]
2020-08-06 00:16:05,336 INFO Best reward so far: 5.514590899149577
2020-08-06 01:10:24,089 INFO Iter 48
2020-08-06 01:10:24,252 INFO Policy now: [[6.0, [0.0, 8.0, 3.0]]]
2020-08-06 01:10:24,272 INFO Reward now: 2.757592568794886
2020-08-06 01:10:24,272 INFO Best policy so far: [[6.0, [0, 9, 4.0]]]
2020-08-06 01:10:24,272 INFO Best reward so far: 3.0759421984354653
2020-08-06 02:10:30,624 INFO Iter 49
2020-08-06 02:10:30,752 INFO Policy now: [[3.0, [0, 9, 5.0]]]
2020-08-06 02:10:30,781 INFO Reward now: 7.827292760213216
2020-08-06 02:10:30,781 INFO Best policy so far: [[3.0, [0, 9, 6.0]]]
2020-08-06 02:10:30,781 INFO Best reward so far: 8.445163249969482
2020-08-06 03:11:14,916 INFO Iter 50
2020-08-06 03:11:15,043 INFO Policy now: [[2.0, [0, 9.0, 2.0]]]
2020-08-06 03:11:15,065 INFO Reward now: 5.784293135007222
2020-08-06 03:11:15,065 INFO Best policy so far: [[2.0, [0, 7, 2.0]]]
2020-08-06 03:11:15,065 INFO Best reward so far: 6.091113567352295
2020-08-06 03:14:39,898 INFO Iter 51
2020-08-06 03:14:39,912 INFO Policy now: [[7.0, [0, 9, 0.0]]]
2020-08-06 03:14:39,912 INFO Reward now: 2.4475818276405334
2020-08-06 03:14:39,912 INFO Best policy so far: [[2.0, [2, 9, 4.0]]]
2020-08-06 03:14:39,913 INFO Best reward so far: 2.7320103645324707
2020-08-06 04:10:13,167 INFO Iter 52
2020-08-06 04:10:14,315 INFO Policy now: [[8.0, [-0.0, 9, 0.0]]]
2020-08-06 04:10:14,397 INFO Reward now: 1.283865511417389
2020-08-06 04:10:14,397 INFO Best policy so far: [[8.0, [-0.0, 9, 0.0]]]
2020-08-06 04:10:14,398 INFO Best reward so far: 1.283865511417389
2020-08-06 04:20:11,130 INFO Iter 53
2020-08-06 04:20:11,145 INFO Policy now: [[9.0, [0, 8.0, 2.0]]]
2020-08-06 04:20:11,145 INFO Reward now: 7.6280525128046675
2020-08-06 04:20:11,145 INFO Best policy so far: [[8.0, [-0.0, 9, 0.0]]]
2020-08-06 04:20:11,145 INFO Best reward so far: 7.869885643323262
2020-08-06 05:21:16,986 INFO Iter 54
2020-08-06 05:21:17,173 INFO Policy now: [[8.0, [0, 9, 5.0]]]
2020-08-06 05:21:17,189 INFO Reward now: 6.292183001836141
2020-08-06 05:21:17,189 INFO Best policy so far: [[6.0, [2, 8.0, 4.0]]]
2020-08-06 05:21:17,189 INFO Best reward so far: 6.623747825622559
2020-08-06 05:28:12,848 INFO Iter 55
2020-08-06 05:28:12,858 INFO Policy now: [[9.0, [0, 8.0, 8.0]]]
2020-08-06 05:28:12,859 INFO Reward now: 5.130362888177236
2020-08-06 05:28:12,859 INFO Best policy so far: [[6.0, [2, 8.0, 4.0]]]
2020-08-06 05:28:12,859 INFO Best reward so far: 5.537561933199565
2020-08-06 05:31:58,836 INFO Iter 56
2020-08-06 05:31:58,848 INFO Policy now: [[9.0, [-0.0, 8.0, 8.0]]]
2020-08-06 05:31:58,848 INFO Reward now: 4.97520116964976
2020-08-06 05:31:58,848 INFO Best policy so far: [[6.0, [2, 8.0, 4.0]]]
2020-08-06 05:31:58,848 INFO Best reward so far: 5.892553170522054
2020-08-06 06:27:09,884 INFO Iter 57
2020-08-06 06:27:10,124 INFO Policy now: [[9.0, [0.0, 7.0, 9.0]]]
2020-08-06 06:27:10,189 INFO Reward now: 0.9535553008317947
2020-08-06 06:27:10,189 INFO Best policy so far: [[9, [1.0, 4.0, 9]]]
2020-08-06 06:27:10,189 INFO Best reward so far: 1.2062227924664815
2020-08-06 07:26:26,073 INFO Iter 58
2020-08-06 07:26:26,261 INFO Policy now: [[9.0, [0.0, 8.0, 9.0]]]
2020-08-06 07:26:26,286 INFO Reward now: 6.685724059740703
2020-08-06 07:26:26,286 INFO Best policy so far: [[9.0, [0.0, 8.0, 9.0]]]
2020-08-06 07:26:26,286 INFO Best reward so far: 6.685724059740703
2020-08-06 07:33:39,226 INFO Iter 59
2020-08-06 07:33:39,229 INFO Policy now: [[9, [0, 9, 9]]]
2020-08-06 07:33:39,229 INFO Reward now: 7.42898150285085
2020-08-06 07:33:39,229 INFO Best policy so far: [[9, [0, 9, 9]]]
2020-08-06 07:33:39,229 INFO Best reward so far: 8.010014533996582
2020-08-06 08:33:30,926 INFO Iter 60
2020-08-06 08:33:31,191 INFO Policy now: [[7.0, [0, 7.0, 9]]]
2020-08-06 08:33:31,204 INFO Reward now: 10.268806298573812
2020-08-06 08:33:31,204 INFO Best policy so far: [[9, [0, 9, 9]]]
2020-08-06 08:33:31,204 INFO Best reward so far: 10.713050285975138
2020-08-06 08:37:56,481 INFO Iter 61
2020-08-06 08:37:56,510 INFO Policy now: [[8.0, [0, 8.0, 8.0]]]
2020-08-06 08:37:56,510 INFO Reward now: 4.773644546667735
2020-08-06 08:37:56,511 INFO Best policy so far: [[9, [0, 9, 9]]]
2020-08-06 08:37:56,511 INFO Best reward so far: 5.159735600153605
2020-08-06 08:43:15,643 INFO Iter 62
2020-08-06 08:43:15,678 INFO Policy now: [[8.0, [0.0, 8.0, 8.0]]]
2020-08-06 08:43:15,678 INFO Reward now: 3.3940759201844535
2020-08-06 08:43:15,678 INFO Best policy so far: [[9, [0, 9.0, 7.0]]]
2020-08-06 08:43:15,678 INFO Best reward so far: 3.9313836097717285
2020-08-06 09:44:46,833 INFO Iter 63
2020-08-06 09:44:46,928 INFO Policy now: [[4.0, [3.0, 9.0, 9]]]
2020-08-06 09:44:46,939 INFO Reward now: 6.558726350466411
2020-08-06 09:44:46,939 INFO Best policy so far: [[8.0, [2.0, 9, 9]]]
2020-08-06 09:44:46,939 INFO Best reward so far: 9.01073424021403
2020-08-06 09:49:10,019 INFO Iter 64
2020-08-06 09:49:10,040 INFO Policy now: [[8.0, [0, 9, 7.0]]]
2020-08-06 09:49:10,040 INFO Reward now: 5.481608708699544
2020-08-06 09:49:10,040 INFO Best policy so far: [[4.0, [2.0, 9, 8]]]
2020-08-06 09:49:10,040 INFO Best reward so far: 6.571660836537679
2020-08-06 09:53:06,927 INFO Iter 65
2020-08-06 09:53:06,988 INFO Policy now: [[7.0, [0, 7.0, 9]]]
2020-08-06 09:53:06,989 INFO Reward now: 4.282090346018474
2020-08-06 09:53:06,989 INFO Best policy so far: [[4.0, [2.0, 9, 8]]]
2020-08-06 09:53:06,989 INFO Best reward so far: 4.370326578617096
2020-08-06 10:03:41,958 INFO Iter 66
2020-08-06 10:03:42,122 INFO Policy now: [[2.0, [1.0, 9, 9]]]
2020-08-06 10:03:42,140 INFO Reward now: 10.34728455543518
2020-08-06 10:03:42,140 INFO Best policy so far: [[2.0, [1.0, 9, 9]]]
2020-08-06 10:03:42,140 INFO Best reward so far: 10.34728455543518
2020-08-06 10:08:49,383 INFO Iter 67
2020-08-06 10:08:49,403 INFO Policy now: [[9, [0, 9, 0]]]
2020-08-06 10:08:49,403 INFO Reward now: 6.280726313591003
2020-08-06 10:08:49,488 INFO Best policy so far: [[2.0, [1.0, 9, 9]]]
2020-08-06 10:08:49,488 INFO Best reward so far: 7.526602586110433
2020-08-06 10:12:18,523 INFO Iter 68
2020-08-06 10:12:18,554 INFO Policy now: [[9, [0, 8.0, 1.0]]]
2020-08-06 10:12:18,554 INFO Reward now: 3.5026220281918845
2020-08-06 10:12:18,554 INFO Best policy so far: [[2.0, [1.0, 9, 9]]]
2020-08-06 10:12:18,554 INFO Best reward so far: 3.6301698883374534
2020-08-06 11:13:01,545 INFO Iter 69
2020-08-06 11:13:01,695 INFO Policy now: [[9.0, [0, 9, 2.0]]]
2020-08-06 11:13:01,730 INFO Reward now: 5.416805605093638
2020-08-06 11:13:01,730 INFO Best policy so far: [[9, [0, 9, 4.0]]]
2020-08-06 11:13:01,730 INFO Best reward so far: 5.819641749064128
2020-08-06 12:07:57,701 INFO Iter 70
2020-08-06 12:07:57,826 INFO Policy now: [[9, [-0.0, 8.0, 4.0]]]
2020-08-06 12:07:57,842 INFO Reward now: 4.378648579120636
2020-08-06 12:07:57,842 INFO Best policy so far: [[9, [2, 9, 5.0]]]
2020-08-06 12:07:57,842 INFO Best reward so far: 4.947379112243652
2020-08-06 12:16:13,265 INFO Iter 71
2020-08-06 12:16:13,282 INFO Policy now: [[7.0, [0, 7.0, 4.0]]]
2020-08-06 12:16:13,282 INFO Reward now: 4.948515196641286
2020-08-06 12:16:13,282 INFO Best policy so far: [[6, [2.0, 9, 7.0]]]
2020-08-06 12:16:13,282 INFO Best reward so far: 5.707120418548584
2020-08-06 13:11:42,424 INFO Iter 72
2020-08-06 13:11:42,779 INFO Policy now: [[9.0, [0.0, 9.0, 1.0]]]
2020-08-06 13:11:42,799 INFO Reward now: 4.215351581573486
2020-08-06 13:11:42,799 INFO Best policy so far: [[6, [2.0, 9, 7.0]]]
2020-08-06 13:11:42,799 INFO Best reward so far: 5.070424020290375
2020-08-06 13:22:10,624 INFO Iter 73
2020-08-06 13:22:10,640 INFO Policy now: [[7.0, [0.0, 9, 5.0]]]
2020-08-06 13:22:10,640 INFO Reward now: 8.305383563041687
2020-08-06 13:22:10,640 INFO Best policy so far: [[6, [2.0, 9, 7.0]]]
2020-08-06 13:22:10,640 INFO Best reward so far: 9.99017564455668
2020-08-06 14:21:38,719 INFO Iter 74
2020-08-06 14:21:38,941 INFO Policy now: [[7.0, [-0.0, 9, 7.0]]]
2020-08-06 14:21:38,966 INFO Reward now: 4.564472635587056
2020-08-06 14:21:38,966 INFO Best policy so far: [[6.0, [0, 9, 8.0]]]
2020-08-06 14:21:38,966 INFO Best reward so far: 4.860545953114827
2020-08-06 15:22:51,901 INFO Iter 75
2020-08-06 15:22:52,038 INFO Policy now: [[7.0, [0, 8.0, 8.0]]]
2020-08-06 15:22:52,072 INFO Reward now: 5.3458092212677
2020-08-06 15:22:52,073 INFO Best policy so far: [[8.0, [0, 8, 8.0]]]
2020-08-06 15:22:52,073 INFO Best reward so far: 5.6581699053446455
2020-08-06 15:27:03,464 INFO Iter 76
2020-08-06 15:27:03,488 INFO Policy now: [[8.0, [0, 8.0, 8.0]]]
2020-08-06 15:27:03,488 INFO Reward now: 4.791914304097493
2020-08-06 15:27:03,488 INFO Best policy so far: [[8.0, [0, 8, 8.0]]]
2020-08-06 15:27:03,488 INFO Best reward so far: 5.424141565958659
2020-08-06 15:37:54,561 INFO Iter 77
2020-08-06 15:37:54,596 INFO Policy now: [[9.0, [1.0, 6.0, 9]]]
2020-08-06 15:37:54,596 INFO Reward now: 9.724658926328024
2020-08-06 15:37:54,596 INFO Best policy so far: [[9, [2, 8.0, 9]]]
2020-08-06 15:37:54,596 INFO Best reward so far: 11.504512151082357
2020-08-06 16:36:11,641 INFO Iter 78
2020-08-06 16:36:11,875 INFO Policy now: [[9, [0, 9, 9.0]]]
2020-08-06 16:36:11,879 INFO Reward now: 6.504363139470418
2020-08-06 16:36:11,879 INFO Best policy so far: [[9, [0, 8.0, 8]]]
2020-08-06 16:36:11,879 INFO Best reward so far: 7.1927541097005205
2020-08-06 17:37:37,599 INFO Iter 79
2020-08-06 17:37:37,718 INFO Policy now: [[9, [1.0, 9, 7.0]]]
2020-08-06 17:37:37,735 INFO Reward now: 9.927696545918783
2020-08-06 17:37:37,735 INFO Best policy so far: [[9, [0, 9, 8.0]]]
2020-08-06 17:37:37,735 INFO Best reward so far: 10.537974039713541
2020-08-06 17:43:16,153 INFO Iter 80
2020-08-06 17:43:16,176 INFO Policy now: [[9, [0.0, 9, 9]]]
2020-08-06 17:43:16,176 INFO Reward now: 3.210556368033091
2020-08-06 17:43:16,176 INFO Best policy so far: [[9, [0.0, 8, 9]]]
2020-08-06 17:43:16,176 INFO Best reward so far: 3.8684475421905518
2020-08-06 17:48:10,890 INFO Iter 81
2020-08-06 17:48:10,930 INFO Policy now: [[7.0, [0, 9.0, 9]]]
2020-08-06 17:48:10,930 INFO Reward now: 2.726865530014038
2020-08-06 17:48:10,930 INFO Best policy so far: [[7, [0, 8, 9]]]
2020-08-06 17:48:10,930 INFO Best reward so far: 3.286632696787516
2020-08-06 18:44:21,720 INFO Iter 82
2020-08-06 18:44:21,865 INFO Policy now: [[6.0, [1.0, 9, 9.0]]]
2020-08-06 18:44:21,885 INFO Reward now: 8.07398804028829
2020-08-06 18:44:21,886 INFO Best policy so far: [[9, [2, 8.0, 6]]]
2020-08-06 18:44:21,886 INFO Best reward so far: 8.402493635813395
2020-08-06 18:48:06,947 INFO Iter 83
2020-08-06 18:48:07,000 INFO Policy now: [[3.0, [0, 9, 8.0]]]
2020-08-06 18:48:07,000 INFO Reward now: 3.7601387898127236
2020-08-06 18:48:07,000 INFO Best policy so far: [[9, [2, 8.0, 6]]]
2020-08-06 18:48:07,001 INFO Best reward so far: 4.633341332276662
2020-08-06 19:46:27,640 INFO Iter 84
2020-08-06 19:46:28,416 INFO Policy now: [[1.0, [0, 9, 9]]]
2020-08-06 19:46:28,447 INFO Reward now: 7.696322758992513
2020-08-06 19:46:28,447 INFO Best policy so far: [[9, [2, 8.0, 6]]]
2020-08-06 19:46:28,447 INFO Best reward so far: 7.96820346514384
2020-08-06 19:50:52,147 INFO Iter 85
2020-08-06 19:50:52,192 INFO Policy now: [[9, [0, 9.0, 6.0]]]
2020-08-06 19:50:52,192 INFO Reward now: 5.193940619627635
2020-08-06 19:50:52,192 INFO Best policy so far: [[9, [2, 8.0, 6]]]
2020-08-06 19:50:52,192 INFO Best reward so far: 5.291313211123149
2020-08-06 20:51:00,913 INFO Iter 86
2020-08-06 20:51:01,055 INFO Policy now: [[9, [0, 9, 0]]]
2020-08-06 20:51:01,129 INFO Reward now: 8.653411785761515
2020-08-06 20:51:01,144 INFO Best policy so far: [[9, [2, 8.0, 6]]]
2020-08-06 20:51:01,144 INFO Best reward so far: 11.634239514668783
2020-08-06 21:50:20,513 INFO Iter 87
2020-08-06 21:50:20,670 INFO Policy now: [[9, [1.0, 9, 1.0]]]
2020-08-06 21:50:20,704 INFO Reward now: 5.7699503898620605
2020-08-06 21:50:20,704 INFO Best policy so far: [[9, [2, 8.0, 6]]]
2020-08-06 21:50:20,704 INFO Best reward so far: 7.376809159914653
2020-08-06 21:53:29,986 INFO Iter 88
2020-08-06 21:53:30,018 INFO Policy now: [[9.0, [0, 9.0, 1.0]]]
2020-08-06 21:53:30,018 INFO Reward now: 3.2709667086601257
2020-08-06 21:53:30,018 INFO Best policy so far: [[9.0, [0, 9.0, 1.0]]]
2020-08-06 21:53:30,018 INFO Best reward so far: 3.2709667086601257
2020-08-06 22:04:09,191 INFO Iter 89
2020-08-06 22:04:09,315 INFO Policy now: [[9, [0, 9, 4.0]]]
2020-08-06 22:04:09,356 INFO Reward now: 6.635422468185425
2020-08-06 22:04:09,356 INFO Best policy so far: [[9, [0, 9, 4.0]]]
2020-08-06 22:04:09,356 INFO Best reward so far: 6.635422468185425
2020-08-06 23:02:55,399 INFO Iter 90
2020-08-06 23:02:55,628 INFO Policy now: [[9, [0.0, 9, 7.0]]]
2020-08-06 23:02:55,712 INFO Reward now: 6.404876152674357
2020-08-06 23:02:55,713 INFO Best policy so far: [[9, [1, 9, 6.0]]]
2020-08-06 23:02:55,713 INFO Best reward so far: 7.1246083577473955
2020-08-06 23:11:10,576 INFO Iter 91
2020-08-06 23:11:10,599 INFO Policy now: [[6.0, [0, 5.0, 4.0]]]
2020-08-06 23:11:10,600 INFO Reward now: 6.465469439824422
2020-08-06 23:11:10,600 INFO Best policy so far: [[9, [1, 9, 6.0]]]
2020-08-06 23:11:10,600 INFO Best reward so far: 8.16387383143107
2020-08-07 00:12:30,476 INFO Iter 92
2020-08-07 00:12:30,680 INFO Policy now: [[9.0, [0.0, 9, 2.0]]]
2020-08-07 00:12:30,689 INFO Reward now: 6.9596708218256635
2020-08-07 00:12:30,689 INFO Best policy so far: [[9, [2, 8.0, 4.0]]]
2020-08-07 00:12:30,689 INFO Best reward so far: 7.667178948720296
2020-08-07 00:16:42,685 INFO Iter 93
2020-08-07 00:16:42,705 INFO Policy now: [[9, [1.0, 9.0, 5.0]]]
2020-08-07 00:16:42,705 INFO Reward now: 5.0650579531987505
2020-08-07 00:16:42,705 INFO Best policy so far: [[9, [2.0, 6, 6.0]]]
2020-08-07 00:16:42,706 INFO Best reward so far: 6.391345500946045
2020-08-07 00:23:27,823 INFO Iter 94
2020-08-07 00:23:28,017 INFO Policy now: [[9, [0, 8.0, 5.0]]]
2020-08-07 00:23:28,021 INFO Reward now: 6.010835488637288
2020-08-07 00:23:28,021 INFO Best policy so far: [[6, [2.0, 9, 4.0]]]
2020-08-07 00:23:28,021 INFO Best reward so far: 6.0128733317057295
2020-08-07 00:30:10,833 INFO Iter 95
2020-08-07 00:30:10,858 INFO Policy now: [[9, [0, 6.0, 9]]]
2020-08-07 00:30:10,858 INFO Reward now: 4.9046370188395185
2020-08-07 00:30:10,858 INFO Best policy so far: [[9, [0, 8.0, 6.0]]]
2020-08-07 00:30:10,858 INFO Best reward so far: 5.414791107177734
2020-08-07 01:29:41,125 INFO Iter 96
2020-08-07 01:29:41,317 INFO Policy now: [[7.0, [0, 9.0, 8.0]]]
2020-08-07 01:29:41,334 INFO Reward now: 8.109185536702475
2020-08-07 01:29:41,335 INFO Best policy so far: [[7.0, [0, 9.0, 8.0]]]
2020-08-07 01:29:41,335 INFO Best reward so far: 8.109185536702475
2020-08-07 02:30:39,320 INFO Iter 97
2020-08-07 02:30:39,515 INFO Policy now: [[9, [0, 9, 9]]]
2020-08-07 02:30:39,538 INFO Reward now: 7.261537075042725
2020-08-07 02:30:39,539 INFO Best policy so far: [[9, [0, 9.0, 8.0]]]
2020-08-07 02:30:39,540 INFO Best reward so far: 8.058788776397705
2020-08-07 02:41:47,054 INFO Iter 98
2020-08-07 02:41:47,096 INFO Policy now: [[7.0, [0, 9.0, 6.0]]]
2020-08-07 02:41:47,096 INFO Reward now: 9.330666065216064
2020-08-07 02:41:47,097 INFO Best policy so far: [[4, [0, 9, 4]]]
2020-08-07 02:41:47,097 INFO Best reward so far: 10.007441520690918
2020-08-07 03:39:05,823 INFO Iter 99
2020-08-07 03:39:06,130 INFO Policy now: [[7.0, [0.0, 9, 9.0]]]
2020-08-07 03:39:06,137 INFO Reward now: 7.296387632687886
2020-08-07 03:39:06,137 INFO Best policy so far: [[4.0, [1, 9, 6.0]]]
2020-08-07 03:39:06,137 INFO Best reward so far: 9.62235418955485
