2020-08-04 19:19:28,668 INFO Iter 0
2020-08-04 19:19:28,723 INFO Policy now: [[9, [0, 9, 9]], [9, [0, 9, 0]], [9, [8, 3.0, 2.0]], [9, [8, 7.0, 1.0]], [9, [0, 9, 3.0]]]
2020-08-04 19:19:28,727 INFO Reward now: 8.213022470474243
2020-08-04 19:19:28,728 INFO Best policy so far: [[8, [2, 9, 8]], [6, [0, 9, 0]], [9, [6, 4, 4]], [9, [8, 6, 0]], [9, [0, 8, 0]]]
2020-08-04 19:19:28,728 INFO Best reward so far: 8.377618471781412
2020-08-04 19:30:35,526 INFO Iter 1
2020-08-04 19:30:35,549 INFO Policy now: [[9, [-0.0, 9, 9]], [9.0, [0.0, 9.0, 0.0]], [9.0, [8.0, 2.0, 2.0]], [9, [7.0, 7.0, 2.0]], [9, [0.0, 9.0, 1.0]]]
2020-08-04 19:30:35,550 INFO Reward now: 4.277744293212891
2020-08-04 19:30:35,550 INFO Best policy so far: [[9, [0, 9, 9]], [9, [2, 9, 0]], [9, [8, -0.0, 1.0]], [9, [5, 8.0, 4.0]], [9, [1, 9, 0]]]
2020-08-04 19:30:35,550 INFO Best reward so far: 5.29338522752126
2020-08-05 00:44:55,374 INFO Iter 2
2020-08-05 00:44:55,781 INFO Policy now: [[9, [0, 9, 9]], [9.0, [2.0, 9.0, 2.0]], [9.0, [8, 3.0, 3.0]], [9, [7.0, 6.0, 2.0]], [9, [0.0, 8.0, 4.0]]]
2020-08-05 00:44:55,801 INFO Reward now: 12.804542700449625
2020-08-05 00:44:55,801 INFO Best policy so far: [[9, [0, 9, 9]], [9.0, [2.0, 9.0, 2.0]], [9.0, [8, 3.0, 3.0]], [9, [7.0, 6.0, 2.0]], [9, [0.0, 8.0, 4.0]]]
2020-08-05 00:44:55,801 INFO Best reward so far: 12.804542700449625
2020-08-05 05:53:37,233 INFO Iter 3
2020-08-05 05:53:37,406 INFO Policy now: [[6.0, [1.0, 9, 8.0]], [8.0, [2.0, 9, 7.0]], [8.0, [8, 8.0, 6.0]], [7.0, [6.0, 3.0, 0]], [7.0, [2.0, 9, 2.0]]]
2020-08-05 05:53:37,420 INFO Reward now: 10.37901266415914
2020-08-05 05:53:37,420 INFO Best policy so far: [[4, [4, 9, 9]], [6.0, [0, 8.0, 6.0]], [5.0, [8, 6.0, 2.0]], [6, [3.0, 5.0, 0]], [7, [0.0, 9, 6.0]]]
2020-08-05 05:53:37,421 INFO Best reward so far: 10.65432333946228
2020-08-05 11:15:02,147 INFO Iter 4
2020-08-05 11:15:02,517 INFO Policy now: [[7.0, [0, 9, 9.0]], [9.0, [1.0, 8.0, 9]], [9.0, [7.0, 9, 3.0]], [8.0, [8, 9, 3.0]], [9.0, [1.0, 9, 3.0]]]
2020-08-05 11:15:02,551 INFO Reward now: 6.089582920074463
2020-08-05 11:15:02,551 INFO Best policy so far: [[6.0, [0.0, 9, 9]], [9, [2.0, 8, 8.0]], [9, [6, 9, 4.0]], [8.0, [7.0, 6.0, 4]], [9, [2.0, 9, 6.0]]]
2020-08-05 11:15:02,551 INFO Best reward so far: 6.290199597676595
2020-08-05 11:21:57,840 INFO Iter 5
2020-08-05 11:21:57,858 INFO Policy now: [[7.0, [-0.0, 9.0, 9.0]], [9.0, [2.0, 9.0, 9.0]], [9.0, [7.0, 9.0, 2.0]], [9.0, [7.0, 9.0, 3.0]], [9, [0.0, 9.0, 3.0]]]
2020-08-05 11:21:57,858 INFO Reward now: 5.600273450215657
2020-08-05 11:21:57,858 INFO Best policy so far: [[7.0, [0, 7, 6.0]], [9, [5.0, 9, 9]], [9, [6.0, 9, 4.0]], [9, [4, 9, 5.0]], [9, [0, 9, 4.0]]]
2020-08-05 11:21:57,858 INFO Best reward so far: 6.9703662395477295
2020-08-05 16:32:12,542 INFO Iter 6
2020-08-05 16:32:12,705 INFO Policy now: [[7.0, [1.0, 9, 9]], [9.0, [2.0, 9, 9.0]], [9, [6.0, 8.0, -0.0]], [9, [7.0, 8.0, 5.0]], [9, [1.0, 9, 1.0]]]
2020-08-05 16:32:12,735 INFO Reward now: 10.062630653381348
2020-08-05 16:32:12,735 INFO Best policy so far: [[9, [3.0, 9, 9]], [9.0, [0, 6.0, 5.0]], [9, [8, 8.0, 1.0]], [9, [2.0, 8.0, 4.0]], [9, [2.0, 9, 1.0]]]
2020-08-05 16:32:12,735 INFO Best reward so far: 10.619473536809286
2020-08-05 21:49:22,642 INFO Iter 7
2020-08-05 21:49:22,857 INFO Policy now: [[9.0, [2.0, 7.0, 5.0]], [9.0, [0, 9, 9]], [9, [5.0, 8.0, 3.0]], [9, [8, 8.0, 3.0]], [9, [-0.0, 8.0, 5.0]]]
2020-08-05 21:49:22,875 INFO Reward now: 12.637184858322144
2020-08-05 21:49:22,875 INFO Best policy so far: [[9.0, [2.0, 7.0, 5.0]], [9.0, [0, 9, 9]], [9, [5.0, 8.0, 3.0]], [9, [8, 8.0, 3.0]], [9, [-0.0, 8.0, 5.0]]]
2020-08-05 21:49:22,875 INFO Best reward so far: 12.637184858322144
2020-08-06 02:44:00,783 INFO Iter 8
2020-08-06 02:44:01,062 INFO Policy now: [[9, [0, 6.0, 4.0]], [9, [-0.0, 9, 9.0]], [9, [1.0, 8.0, 0]], [9, [5.0, 5.0, 7.0]], [9, [0, 6.0, 1.0]]]
2020-08-06 02:44:01,084 INFO Reward now: 9.061720172564188
2020-08-06 02:44:01,084 INFO Best policy so far: [[6.0, [4.0, 4.0, 6.0]], [8.0, [2, 8, 6]], [9, [5.0, 4.0, 0]], [8, [4, 9.0, 8.0]], [8, [0, 9, 2.0]]]
2020-08-06 02:44:01,084 INFO Best reward so far: 9.742768088976542
2020-08-06 08:01:45,565 INFO Iter 9
2020-08-06 08:01:45,891 INFO Policy now: [[9.0, [-0.0, 9, 0]], [9, [2.0, 9, 8.0]], [9, [3.0, 9.0, 3.0]], [9, [-0.0, 7.0, 9.0]], [9, [0.0, 9, 0]]]
2020-08-06 08:01:45,946 INFO Reward now: 10.411471446355185
2020-08-06 08:01:45,946 INFO Best policy so far: [[6.0, [4.0, 4.0, 6.0]], [8.0, [2, 8, 6]], [9, [5.0, 4.0, 0]], [8, [4, 9.0, 8.0]], [8, [0, 9, 2.0]]]
2020-08-06 08:01:45,946 INFO Best reward so far: 10.976260423660278
2020-08-06 08:16:52,679 INFO Iter 10
2020-08-06 08:16:52,684 INFO Policy now: [[9, [-0.0, 9.0, 1.0]], [9, [3.0, 9.0, 7.0]], [9, [5.0, 9, 3.0]], [9, [0, 6.0, 9]], [9.0, [2.0, 9.0, 2.0]]]
2020-08-06 08:16:52,684 INFO Reward now: 4.997094591458638
2020-08-06 08:16:52,684 INFO Best policy so far: [[9, [-0.0, 8, 2]], [9, [6.0, 9, 8.0]], [9, [4.0, 9, 2.0]], [9, [0, 7.0, 9]], [9, [2.0, 9, 3]]]
2020-08-06 08:16:52,684 INFO Best reward so far: 5.639282921950023
2020-08-06 08:29:58,171 INFO Iter 11
2020-08-06 08:29:58,176 INFO Policy now: [[5.0, [0, 9.0, 0]], [6.0, [2.0, 7.0, 8.0]], [7.0, [0, 9, 9]], [8.0, [0, 3.0, 9.0]], [7.0, [1.0, 9, 5.0]]]
2020-08-06 08:29:58,177 INFO Reward now: 8.34630286693573
2020-08-06 08:29:58,177 INFO Best policy so far: [[4, [0, 9, 0]], [5, [2.0, 6.0, 8.0]], [6, [2.0, 9, 6.0]], [8, [0, 4.0, 8]], [5.0, [0.0, 9, 4.0]]]
2020-08-06 08:29:58,178 INFO Best reward so far: 8.623510241508484
2020-08-06 13:20:17,017 INFO Iter 12
2020-08-06 13:20:17,178 INFO Policy now: [[7.0, [1.0, 9, 0.0]], [9.0, [2.0, 5.0, 9.0]], [9.0, [0.0, 9, 9]], [9.0, [0, 6.0, 8.0]], [9.0, [0, 9, 9.0]]]
2020-08-06 13:20:17,228 INFO Reward now: 8.065929810206095
2020-08-06 13:20:17,228 INFO Best policy so far: [[7.0, [2, 9, 4]], [9, [5.0, 8.0, 6.0]], [8.0, [4, 9, 9]], [9, [0, 3.0, 9.0]], [8.0, [1.0, 9, 8.0]]]
2020-08-06 13:20:17,228 INFO Best reward so far: 8.374032179514566
2020-08-06 13:59:21,611 INFO Iter 13
2020-08-06 13:59:21,624 INFO Policy now: [[1.0, [2.0, 7.0, 0]], [7.0, [4.0, 2.0, 9]], [7.0, [0, 9, 7.0]], [9.0, [2.0, 9, 8.0]], [7.0, [1.0, 9, 9]]]
2020-08-06 13:59:21,624 INFO Reward now: 11.408681988716125
2020-08-06 13:59:21,624 INFO Best policy so far: [[3.0, [4.0, 8, 0]], [6.0, [6.0, 4.0, 9]], [5.0, [0, 9, 4]], [7.0, [2, 9, 7.0]], [6.0, [1, 9, 9]]]
2020-08-06 13:59:21,625 INFO Best reward so far: 11.515848716100058
2020-08-06 18:58:31,212 INFO Iter 14
2020-08-06 18:58:31,407 INFO Policy now: [[0, [8.0, 9.0, 1.0]], [2.0, [0, 9.0, 7.0]], [6.0, [3.0, 9, 4.0]], [8.0, [0, 7.0, 8.0]], [2.0, [0, 7.0, 9.0]]]
2020-08-06 18:58:31,418 INFO Reward now: 8.853938897450766
2020-08-06 18:58:31,419 INFO Best policy so far: [[3.0, [4.0, 8, 0]], [6.0, [6.0, 4.0, 9]], [5.0, [0, 9, 4]], [7.0, [2, 9, 7.0]], [6.0, [1, 9, 9]]]
2020-08-06 18:58:31,419 INFO Best reward so far: 9.852619171142578
2020-08-06 19:24:10,470 INFO Iter 15
2020-08-06 19:24:10,673 INFO Policy now: [[4.0, [5.0, 8.0, 5.0]], [2.0, [0, 9, 2.0]], [9, [0, 9, 5.0]], [9, [1.0, 9, 9]], [5.0, [2.0, 1.0, 9]]]
2020-08-06 19:24:10,683 INFO Reward now: 10.14529283841451
2020-08-06 19:24:10,683 INFO Best policy so far: [[3.0, [4.0, 8, 0]], [6.0, [6.0, 4.0, 9]], [5.0, [0, 9, 4]], [7.0, [2, 9, 7.0]], [6.0, [1, 9, 9]]]
2020-08-06 19:24:10,683 INFO Best reward so far: 11.22970461845398
2020-08-07 00:14:21,073 INFO Iter 16
2020-08-07 00:14:21,296 INFO Policy now: [[9, [1.0, 9, 8.0]], [8.0, [2.0, 9, 0.0]], [9, [-0.0, 9, 9]], [9, [-0.0, 9, 9]], [9, [0, 6.0, 9]]]
2020-08-07 00:14:21,309 INFO Reward now: 12.470572551091513
2020-08-07 00:14:21,309 INFO Best policy so far: [[7.0, [4.0, 9, 6.0]], [4.0, [2, 9, 2.0]], [9, [0, 9, 9.0]], [9, [0.0, 9, 9]], [7.0, [0.0, 3.0, 9]]]
2020-08-07 00:14:21,310 INFO Best reward so far: 12.821863412857056
2020-08-07 00:33:18,124 INFO Iter 17
2020-08-07 00:33:18,161 INFO Policy now: [[8.0, [0, 7.0, 3.0]], [7.0, [6.0, 9, -0.0]], [8.0, [0, 6.0, 9.0]], [6.0, [3.0, 9, 7.0]], [9.0, [3.0, 9, 9]]]
2020-08-07 00:33:18,161 INFO Reward now: 6.558353900909424
2020-08-07 00:33:18,162 INFO Best policy so far: [[8, [0.0, 8, 4.0]], [6.0, [3.0, 9, 1.0]], [6, [0.0, 6, 9]], [5, [4.0, 9, 5]], [8, [2, 9, 9]]]
2020-08-07 00:33:18,162 INFO Best reward so far: 8.508995771408081
2020-08-07 05:51:49,235 INFO Iter 18
2020-08-07 05:51:49,599 INFO Policy now: [[8.0, [-0.0, 6.0, 3.0]], [6.0, [6.0, 9.0, 0.0]], [8.0, [-0.0, 4.0, 9.0]], [6.0, [3.0, 9.0, 8.0]], [9.0, [3.0, 8.0, 8.0]]]
2020-08-07 05:51:49,612 INFO Reward now: 4.01960951089859
2020-08-07 05:51:49,613 INFO Best policy so far: [[8, [0.0, 8, 4.0]], [6.0, [3.0, 9, 1.0]], [6, [0.0, 6, 9]], [5, [4.0, 9, 5]], [8, [2, 9, 9]]]
2020-08-07 05:51:49,613 INFO Best reward so far: 5.228206594785054
2020-08-07 11:08:26,872 INFO Iter 19
2020-08-07 11:08:27,116 INFO Policy now: [[6.0, [0, 9, 0]], [4.0, [3.0, 6.0, 3.0]], [6.0, [0, 9.0, 9]], [6.0, [0.0, 9, 9]], [7.0, [4.0, 9, 9]]]
2020-08-07 11:08:27,147 INFO Reward now: 8.591747204462687
2020-08-07 11:08:27,152 INFO Best policy so far: [[8, [0.0, 8, 4.0]], [6.0, [3.0, 9, 1.0]], [6, [0.0, 6, 9]], [5, [4.0, 9, 5]], [8, [2, 9, 9]]]
2020-08-07 11:08:27,152 INFO Best reward so far: 9.49860938390096
2020-08-07 11:49:03,590 INFO Iter 20
2020-08-07 11:49:03,598 INFO Policy now: [[5.0, [0.0, 9, 3.0]], [5.0, [2.0, 2.0, 6.0]], [6.0, [1.0, 9, 9.0]], [6.0, [0, 9.0, 7.0]], [8.0, [0, 8.0, 9]]]
2020-08-07 11:49:03,599 INFO Reward now: 8.124559760093689
2020-08-07 11:49:03,599 INFO Best policy so far: [[8, [0.0, 8, 4.0]], [6.0, [3.0, 9, 1.0]], [6, [0.0, 6, 9]], [5, [4.0, 9, 5]], [8, [2, 9, 9]]]
2020-08-07 11:49:03,600 INFO Best reward so far: 9.087000846862793
2020-08-07 16:38:53,958 INFO Iter 21
2020-08-07 16:38:54,203 INFO Policy now: [[6.0, [0, 9, 2.0]], [3.0, [0, 7.0, 5.0]], [5.0, [1.0, 9.0, 6.0]], [5.0, [-0.0, 6.0, 5.0]], [7.0, [-0.0, 9.0, 9]]]
2020-08-07 16:38:54,214 INFO Reward now: 11.853386799494425
2020-08-07 16:38:54,214 INFO Best policy so far: [[8, [0.0, 8, 4.0]], [6.0, [3.0, 9, 1.0]], [6, [0.0, 6, 9]], [5, [4.0, 9, 5]], [8, [2, 9, 9]]]
2020-08-07 16:38:54,214 INFO Best reward so far: 12.373685797055563
2020-08-07 21:30:27,976 INFO Iter 22
2020-08-07 21:30:28,260 INFO Policy now: [[9, [0, 9, 3.0]], [2.0, [3.0, 9.0, 2.0]], [9.0, [0, 9.0, 2.0]], [5.0, [0, 4.0, 0]], [9, [0, 9, 9]]]
2020-08-07 21:30:28,322 INFO Reward now: 6.445104559262593
2020-08-07 21:30:28,322 INFO Best policy so far: [[9.0, [0, 9, 2.0]], [3.0, [4, 9.0, 4.0]], [8.0, [0, 9.0, 4.0]], [5.0, [0, 5.0, 0.0]], [9, [0, 9, 9]]]
2020-08-07 21:30:28,323 INFO Best reward so far: 7.941951711972554
2020-08-07 21:44:36,535 INFO Iter 23
2020-08-07 21:44:36,551 INFO Policy now: [[9, [0.0, 9, 6.0]], [4.0, [5.0, 8.0, 0.0]], [9.0, [0, 9, 3.0]], [9.0, [2.0, 7.0, 2.0]], [8.0, [1.0, 9.0, 9.0]]]
2020-08-07 21:44:36,552 INFO Reward now: 10.513454556465149
2020-08-07 21:44:36,552 INFO Best policy so far: [[9, [0.0, 9, 6.0]], [4.0, [5.0, 8.0, 0.0]], [9.0, [0, 9, 3.0]], [9.0, [2.0, 7.0, 2.0]], [8.0, [1.0, 9.0, 9.0]]]
2020-08-07 21:44:36,555 INFO Best reward so far: 10.513454556465149
2020-08-08 03:04:29,224 INFO Iter 24
2020-08-08 03:04:29,665 INFO Policy now: [[9, [2.0, 9, 9.0]], [7.0, [3.0, 9, 1.0]], [9.0, [0.0, 7.0, 9]], [9, [3.0, 9.0, 5.0]], [8.0, [0, 9, 5.0]]]
2020-08-08 03:04:29,693 INFO Reward now: 6.555947224299113
2020-08-08 03:04:29,694 INFO Best policy so far: [[9, [3.0, 9, 8.0]], [8.0, [4.0, 9, 1.0]], [9, [0, 6, 6.0]], [9, [2.0, 8.0, 5.0]], [9, [0, 9, 8.0]]]
2020-08-08 03:04:29,694 INFO Best reward so far: 7.048850019772847
2020-08-08 03:10:32,741 INFO Iter 25
2020-08-08 03:10:32,747 INFO Policy now: [[8.0, [-0.0, 9, 9]], [5.0, [6.0, 9, 2.0]], [9.0, [-0.0, 5.0, 9.0]], [9.0, [2.0, 9, 8.0]], [8.0, [0, 9, 7.0]]]
2020-08-08 03:10:32,748 INFO Reward now: 5.0311983823776245
2020-08-08 03:10:32,748 INFO Best policy so far: [[8.0, [-0.0, 9, 9]], [5.0, [6.0, 9, 2.0]], [9.0, [-0.0, 5.0, 9.0]], [9.0, [2.0, 9, 8.0]], [8.0, [0, 9, 7.0]]]
2020-08-08 03:10:32,749 INFO Best reward so far: 5.0311983823776245
2020-08-08 08:14:15,261 INFO Iter 26
2020-08-08 08:14:15,517 INFO Policy now: [[9.0, [0.0, 5.0, 9]], [4.0, [0.0, 9.0, 8.0]], [9, [0, 9, 8.0]], [7.0, [0, 9, 9]], [7.0, [5.0, 9, 3.0]]]
2020-08-08 08:14:15,558 INFO Reward now: 11.92915153503418
2020-08-08 08:14:15,558 INFO Best policy so far: [[4.0, [0, 6, 9]], [2.0, [5.0, 8, 2.0]], [5.0, [0, 8.0, 6.0]], [4.0, [0, 9, 9]], [4.0, [2, 9, 6.0]]]
2020-08-08 08:14:15,558 INFO Best reward so far: 12.116754134496054
2020-08-08 08:28:09,179 INFO Iter 27
2020-08-08 08:28:09,193 INFO Policy now: [[9.0, [0, 5.0, 9.0]], [5.0, [-0.0, 9.0, 8.0]], [9.0, [0.0, 9, 9.0]], [7.0, [-0.0, 9.0, 9.0]], [7.0, [4.0, 9.0, 3.0]]]
2020-08-08 08:28:09,194 INFO Reward now: 4.08094107111295
2020-08-08 08:28:09,194 INFO Best policy so far: [[9, [0, 6.0, 8]], [8.0, [0, 8.0, 6.0]], [9, [0, 9, 9]], [7.0, [0, 6, 9]], [8.0, [3.0, 9, 2.0]]]
2020-08-08 08:28:09,194 INFO Best reward so far: 4.679046551386516
2020-08-08 13:38:50,745 INFO Iter 28
2020-08-08 13:38:50,933 INFO Policy now: [[7.0, [0, 9.0, 9]], [3.0, [-0.0, 7.0, 9.0]], [7.0, [0, 9.0, 9]], [5.0, [1.0, 9, 9]], [4.0, [6.0, 7.0, 7.0]]]
2020-08-08 13:38:51,009 INFO Reward now: 6.4595513343811035
2020-08-08 13:38:51,009 INFO Best policy so far: [[6.0, [0, 9.0, 9]], [3.0, [-0.0, 6.0, 8.0]], [5.0, [0, 9, 9]], [4.0, [2.0, 9.0, 9]], [4.0, [6.0, 5.0, 7.0]]]
2020-08-08 13:38:51,009 INFO Best reward so far: 7.114499012629191
2020-08-08 18:40:06,258 INFO Iter 29
2020-08-08 18:40:06,465 INFO Policy now: [[9, [0, 9, 6.0]], [9.0, [-0.0, 9.0, 8.0]], [9, [0.0, 9, 9.0]], [9, [3.0, 7.0, 9]], [3.0, [3.0, 9, -0.0]]]
2020-08-08 18:40:06,486 INFO Reward now: 9.428785641988119
2020-08-08 18:40:06,486 INFO Best policy so far: [[8.0, [0, 9, 4]], [6.0, [0, 9.0, 9]], [9, [1, 8.0, 9]], [8.0, [0.0, 6, 6]], [6.0, [2.0, 9, 4.0]]]
2020-08-08 18:40:06,486 INFO Best reward so far: 10.922998150189718
2020-08-08 19:17:11,475 INFO Iter 30
2020-08-08 19:17:11,658 INFO Policy now: [[9.0, [0, 9, 7.0]], [9.0, [2.0, 9, 9.0]], [9, [1.0, 9.0, 9]], [9, [0, 5.0, 9]], [3.0, [0, 8.0, 0]]]
2020-08-08 19:17:11,674 INFO Reward now: 9.390951116879782
2020-08-08 19:17:11,674 INFO Best policy so far: [[9.0, [0, 9, 7.0]], [9.0, [2.0, 9, 9.0]], [9, [1.0, 9.0, 9]], [9, [0, 5.0, 9]], [3.0, [0, 8.0, 0]]]
2020-08-08 19:17:11,678 INFO Best reward so far: 9.390951116879782
2020-08-08 19:34:11,730 INFO Iter 31
2020-08-08 19:34:11,789 INFO Policy now: [[9, [0, 9, 9]], [9.0, [4.0, 9.0, 8.0]], [7.0, [0.0, 8.0, 8.0]], [7.0, [2.0, 9, 8.0]], [3.0, [0, 8.0, 0]]]
2020-08-08 19:34:11,790 INFO Reward now: 4.217283010482788
2020-08-08 19:34:11,790 INFO Best policy so far: [[8.0, [0, 9, 9.0]], [6.0, [2.0, 6, 8.0]], [4, [0, 9.0, 9]], [6, [2, 8.0, 8]], [2.0, [0, 8.0, 1]]]
2020-08-08 19:34:11,790 INFO Best reward so far: 5.01069172223409
2020-08-09 00:48:36,726 INFO Iter 32
2020-08-09 00:48:37,223 INFO Policy now: [[9, [3.0, 9, 7.0]], [9, [8.0, 9, 9]], [9.0, [2.0, 9, 9]], [9, [3.0, 9, 5.0]], [5.0, [0.0, 8.0, -0.0]]]
2020-08-09 00:48:37,257 INFO Reward now: 12.809088945388794
2020-08-09 00:48:37,258 INFO Best policy so far: [[9, [2, 8, 7]], [8.0, [3.0, 9, 5.0]], [5.0, [4.0, 9, 8.0]], [2.0, [-0.0, 9, 8.0]], [2.0, [0, 8.0, 3]]]
2020-08-09 00:48:37,258 INFO Best reward so far: 14.125335613886515
2020-08-09 05:40:32,383 INFO Iter 33
2020-08-09 05:40:32,976 INFO Policy now: [[9, [1.0, 8.0, 7.0]], [9, [7.0, 7.0, 9.0]], [9, [5.0, 8.0, 9.0]], [9, [0.0, 9, 6.0]], [7.0, [1.0, 9.0, 0]]]
2020-08-09 05:40:33,022 INFO Reward now: 4.699807067712148
2020-08-09 05:40:33,022 INFO Best policy so far: [[9, [2, 8, 7]], [8.0, [3.0, 9, 5.0]], [5.0, [4.0, 9, 8.0]], [2.0, [-0.0, 9, 8.0]], [2.0, [0, 8.0, 3]]]
2020-08-09 05:40:33,023 INFO Best reward so far: 5.787431915601094
2020-08-09 10:46:44,023 INFO Iter 34
2020-08-09 10:46:44,277 INFO Policy now: [[6.0, [3.0, 2.0, 9]], [5.0, [8, 3.0, 9]], [6.0, [1.0, 9, 9.0]], [4.0, [1.0, 9, 3.0]], [3.0, [0, 9, 0]]]
2020-08-09 10:46:44,298 INFO Reward now: 10.543178876241049
2020-08-09 10:46:44,299 INFO Best policy so far: [[9, [2, 8, 7]], [8.0, [3.0, 9, 5.0]], [5.0, [4.0, 9, 8.0]], [2.0, [-0.0, 9, 8.0]], [2.0, [0, 8.0, 3]]]
2020-08-09 10:46:44,299 INFO Best reward so far: 11.814467668533325
2020-08-09 15:39:46,306 INFO Iter 35
2020-08-09 15:39:46,699 INFO Policy now: [[9.0, [4.0, 4.0, 9]], [4.0, [8.0, 6.0, 7.0]], [4.0, [1.0, 9, 9]], [4.0, [5.0, 9, 6.0]], [2.0, [0, 8.0, 0]]]
2020-08-09 15:39:46,725 INFO Reward now: 6.422523021697998
2020-08-09 15:39:46,725 INFO Best policy so far: [[9, [2, 8, 7]], [8.0, [3.0, 9, 5.0]], [5.0, [4.0, 9, 8.0]], [2.0, [-0.0, 9, 8.0]], [2.0, [0, 8.0, 3]]]
2020-08-09 15:39:46,726 INFO Best reward so far: 8.129019975662231
2020-08-09 20:55:25,108 INFO Iter 36
2020-08-09 20:55:25,593 INFO Policy now: [[9.0, [3.0, 6.0, 9.0]], [9, [7.0, 9, 7.0]], [6.0, [0, 9, 7.0]], [9, [3.0, 9, 9.0]], [6.0, [0, 6.0, 1.0]]]
2020-08-09 20:55:25,609 INFO Reward now: 5.136889259020488
2020-08-09 20:55:25,609 INFO Best policy so far: [[9, [2, 8, 7]], [8.0, [3.0, 9, 5.0]], [5.0, [4.0, 9, 8.0]], [2.0, [-0.0, 9, 8.0]], [2.0, [0, 8.0, 3]]]
2020-08-09 20:55:25,609 INFO Best reward so far: 7.061508655548096
2020-08-09 21:32:58,645 INFO Iter 37
2020-08-09 21:32:59,095 INFO Policy now: [[9.0, [1.0, 8.0, 7.0]], [8.0, [8, 9, 7.0]], [7.0, [0.0, 9, 9]], [9.0, [1.0, 7.0, 9]], [7.0, [0, 4.0, 0.0]]]
2020-08-09 21:32:59,108 INFO Reward now: 8.551479458808899
2020-08-09 21:32:59,108 INFO Best policy so far: [[9, [2, 8, 7]], [8.0, [3.0, 9, 5.0]], [5.0, [4.0, 9, 8.0]], [2.0, [-0.0, 9, 8.0]], [2.0, [0, 8.0, 3]]]
2020-08-09 21:32:59,108 INFO Best reward so far: 9.279020150502523
2020-08-09 22:06:35,226 INFO Iter 38
2020-08-09 22:06:35,474 INFO Policy now: [[9.0, [5.0, 6.0, 9.0]], [4.0, [8, 9, 8.0]], [5.0, [0.0, 9, 9]], [7.0, [0, 9, 6.0]], [7.0, [2.0, 5.0, 1.0]]]
2020-08-09 22:06:35,499 INFO Reward now: 7.258932948112488
2020-08-09 22:06:35,499 INFO Best policy so far: [[9, [2, 8, 7]], [8.0, [3.0, 9, 5.0]], [5.0, [4.0, 9, 8.0]], [2.0, [-0.0, 9, 8.0]], [2.0, [0, 8.0, 3]]]
2020-08-09 22:06:35,499 INFO Best reward so far: 8.971651156743368
2020-08-10 03:12:39,621 INFO Iter 39
2020-08-10 03:12:39,758 INFO Policy now: [[9, [3.0, 7.0, 6.0]], [6.0, [8.0, 9.0, 7.0]], [9, [-0.0, 9, 8.0]], [8.0, [0, 9, 7.0]], [7.0, [-0.0, 7.0, 0]]]
2020-08-10 03:12:39,762 INFO Reward now: 10.070531288782755
2020-08-10 03:12:39,762 INFO Best policy so far: [[9, [2, 8, 7]], [8.0, [3.0, 9, 5.0]], [5.0, [4.0, 9, 8.0]], [2.0, [-0.0, 9, 8.0]], [2.0, [0, 8.0, 3]]]
2020-08-10 03:12:39,762 INFO Best reward so far: 10.690126021703085
2020-08-10 08:03:07,184 INFO Iter 40
2020-08-10 08:03:07,719 INFO Policy now: [[9.0, [2.0, 7.0, 6.0]], [7.0, [7.0, 8.0, 6.0]], [9.0, [0.0, 8.0, 8.0]], [7.0, [1.0, 8.0, 9.0]], [7.0, [-0.0, 8.0, 0]]]
2020-08-10 08:03:07,734 INFO Reward now: 8.633080085118612
2020-08-10 08:03:07,734 INFO Best policy so far: [[9, [2, 8, 7]], [8.0, [3.0, 9, 5.0]], [5.0, [4.0, 9, 8.0]], [2.0, [-0.0, 9, 8.0]], [2.0, [0, 8.0, 3]]]
2020-08-10 08:03:07,734 INFO Best reward so far: 9.270752191543579
2020-08-10 08:12:35,755 INFO Iter 41
2020-08-10 08:12:35,758 INFO Policy now: [[9, [0, 5.0, 9.0]], [9.0, [8, 9.0, 2.0]], [9, [0, 7.0, 9]], [7.0, [1.0, 9, 9]], [9, [0.0, 9.0, 2.0]]]
2020-08-10 08:12:35,758 INFO Reward now: 7.10879647731781
2020-08-10 08:12:35,758 INFO Best policy so far: [[9, [2, 8, 7]], [8.0, [3.0, 9, 5.0]], [5.0, [4.0, 9, 8.0]], [2.0, [-0.0, 9, 8.0]], [2.0, [0, 8.0, 3]]]
2020-08-10 08:12:35,758 INFO Best reward so far: 7.330875198046367
2020-08-10 08:39:37,287 INFO Iter 42
2020-08-10 08:39:37,331 INFO Policy now: [[9.0, [1.0, 4.0, 9]], [9, [8, 9, -0.0]], [9, [0, 6.0, 9.0]], [9, [0, 9, 9]], [9, [1.0, 9, 4.0]]]
2020-08-10 08:39:37,332 INFO Reward now: 4.772818307081859
2020-08-10 08:39:37,332 INFO Best policy so far: [[9, [2, 8, 7]], [8.0, [3.0, 9, 5.0]], [5.0, [4.0, 9, 8.0]], [2.0, [-0.0, 9, 8.0]], [2.0, [0, 8.0, 3]]]
2020-08-10 08:39:37,332 INFO Best reward so far: 5.581490457057953
2020-08-10 13:41:21,207 INFO Iter 43
2020-08-10 13:41:21,437 INFO Policy now: [[7.0, [0.0, 7.0, 8.0]], [6.0, [8, 9, 1.0]], [9.0, [2.0, 9.0, 9.0]], [7.0, [-0.0, 7.0, 9]], [9.0, [0, 8.0, 4.0]]]
2020-08-10 13:41:21,451 INFO Reward now: 7.645418445269267
2020-08-10 13:41:21,451 INFO Best policy so far: [[9, [2, 8, 7]], [8.0, [3.0, 9, 5.0]], [5.0, [4.0, 9, 8.0]], [2.0, [-0.0, 9, 8.0]], [2.0, [0, 8.0, 3]]]
2020-08-10 13:41:21,451 INFO Best reward so far: 7.829850554466248
2020-08-10 14:02:47,203 INFO Iter 44
2020-08-10 14:02:47,405 INFO Policy now: [[9, [0, 8.0, 5.0]], [8.0, [8, 9, 2.0]], [9, [1.0, 9, 8.0]], [9, [1.0, 9, 9]], [9, [1.0, 9, 0]]]
2020-08-10 14:02:47,433 INFO Reward now: 8.35770026842753
2020-08-10 14:02:47,436 INFO Best policy so far: [[9, [0, 8.0, 5.0]], [8.0, [8, 9, 2.0]], [9, [1.0, 9, 8.0]], [9, [1.0, 9, 9]], [9, [1.0, 9, 0]]]
2020-08-10 14:02:47,436 INFO Best reward so far: 8.35770026842753
2020-08-10 19:04:44,061 INFO Iter 45
2020-08-10 19:04:44,660 INFO Policy now: [[8.0, [1.0, 9, 9]], [6.0, [8, 9, 5.0]], [9, [0, 9, 5.0]], [6.0, [0, 9, 9.0]], [6.0, [0, 7.0, 0]]]
2020-08-10 19:04:44,681 INFO Reward now: 11.219553589820862
2020-08-10 19:04:44,681 INFO Best policy so far: [[8, [2, 9, 8.0]], [6.0, [8, 9, 0.0]], [8, [1.0, 9, 7.0]], [5, [0, 9, 9]], [5, [1.0, 9, 2]]]
2020-08-10 19:04:44,681 INFO Best reward so far: 11.785810391108194
2020-08-11 00:12:34,329 INFO Iter 46
2020-08-11 00:12:34,593 INFO Policy now: [[7.0, [1.0, 9.0, 9]], [5.0, [8, 9.0, 5.0]], [8.0, [0.0, 9.0, 6.0]], [5.0, [0.0, 9.0, 8.0]], [5.0, [-0.0, 6.0, 0.0]]]
2020-08-11 00:12:34,659 INFO Reward now: 1.2558105438947678
2020-08-11 00:12:34,659 INFO Best policy so far: [[7.0, [1.0, 9.0, 9]], [5.0, [8, 9.0, 5.0]], [8.0, [0.0, 9.0, 6.0]], [5.0, [0.0, 9.0, 8.0]], [5.0, [-0.0, 6.0, 0.0]]]
2020-08-11 00:12:34,660 INFO Best reward so far: 1.2558105438947678
2020-08-11 05:39:59,569 INFO Iter 47
2020-08-11 05:40:00,008 INFO Policy now: [[9, [0, 6.0, 5.0]], [7.0, [4.0, 9, 4.0]], [9, [1.0, 9, 7.0]], [9, [0.0, 9.0, 9]], [9, [0, 9, 1.0]]]
2020-08-11 05:40:00,019 INFO Reward now: 10.995290438334147
2020-08-11 05:40:00,020 INFO Best policy so far: [[9, [0, 6.0, 5.0]], [7.0, [4.0, 9, 4.0]], [9, [1.0, 9, 7.0]], [9, [0.0, 9.0, 9]], [9, [0, 9, 1.0]]]
2020-08-11 05:40:00,020 INFO Best reward so far: 10.995290438334147
2020-08-11 10:38:54,097 INFO Iter 48
2020-08-11 10:38:54,358 INFO Policy now: [[8.0, [1.0, 7.0, 7.0]], [7.0, [0, 9, 5.0]], [9.0, [1.0, 9, 7.0]], [8.0, [0, 8.0, 9]], [9, [0, 9, 4.0]]]
2020-08-11 10:38:54,388 INFO Reward now: 10.510207096735636
2020-08-11 10:38:54,388 INFO Best policy so far: [[8.0, [1.0, 7.0, 7.0]], [7.0, [0, 9, 5.0]], [9.0, [1.0, 9, 7.0]], [8.0, [0, 8.0, 9]], [9, [0, 9, 4.0]]]
2020-08-11 10:38:54,388 INFO Best reward so far: 10.510207096735636
2020-08-11 11:02:51,690 INFO Iter 49
2020-08-11 11:02:51,771 INFO Policy now: [[9, [0, 9, 7.0]], [9, [0, 9, 9]], [9, [0, 9, 2.0]], [9, [0, 9, 9]], [9, [0, 9, 3.0]]]
2020-08-11 11:02:51,817 INFO Reward now: 9.81443198521932
2020-08-11 11:02:51,817 INFO Best policy so far: [[9, [0, 9, 3.0]], [9, [0, 9, 9.0]], [9, [2.0, 9, 5.0]], [9, [0, 9.0, 9]], [9, [0, 9, 1.0]]]
2020-08-11 11:02:51,818 INFO Best reward so far: 10.19462283452352
2020-08-11 11:40:42,520 INFO Iter 50
2020-08-11 11:40:42,528 INFO Policy now: [[5.0, [0, 9, 9]], [9, [0, 9, 9]], [5.0, [0, 9.0, 8.0]], [9.0, [0, 2.0, 6.0]], [7.0, [1.0, 9, 9]]]
2020-08-11 11:40:42,528 INFO Reward now: 12.196963787078857
2020-08-11 11:40:42,529 INFO Best policy so far: [[6, [0, 9, 9]], [9, [0, 9, 9]], [6, [0, 9, 3.0]], [7, [0, 6, 8]], [7, [2, 9, 6.0]]]
2020-08-11 11:40:42,529 INFO Best reward so far: 13.737288872400919
2020-08-11 16:51:48,779 INFO Iter 51
2020-08-11 16:51:49,070 INFO Policy now: [[7.0, [0, 9, 8.0]], [9, [-0.0, 8.0, 9.0]], [7.0, [1.0, 9.0, 6.0]], [9.0, [-0.0, 2.0, 6.0]], [9.0, [2.0, 9.0, 9.0]]]
2020-08-11 16:51:49,090 INFO Reward now: 7.247540990511577
2020-08-11 16:51:49,090 INFO Best policy so far: [[7.0, [0, 9, 8.0]], [9, [-0.0, 8.0, 9.0]], [7.0, [1.0, 9.0, 6.0]], [9.0, [-0.0, 2.0, 6.0]], [9.0, [2.0, 9.0, 9.0]]]
2020-08-11 16:51:49,090 INFO Best reward so far: 7.247540990511577
2020-08-11 17:09:23,221 INFO Iter 52
2020-08-11 17:09:23,461 INFO Policy now: [[9, [-0.0, 8.0, 6.0]], [9, [0.0, 7.0, 9.0]], [9.0, [3.0, 9, 9]], [9, [2.0, 6.0, 8.0]], [9, [-0.0, 9.0, 9.0]]]
2020-08-11 17:09:23,509 INFO Reward now: 6.029943068822225
2020-08-11 17:09:23,509 INFO Best policy so far: [[9, [-0.0, 8.0, 6.0]], [9, [0.0, 7.0, 9.0]], [9.0, [3.0, 9, 9]], [9, [2.0, 6.0, 8.0]], [9, [-0.0, 9.0, 9.0]]]
2020-08-11 17:09:23,509 INFO Best reward so far: 6.029943068822225
2020-08-11 17:25:39,258 INFO Iter 53
2020-08-11 17:25:39,267 INFO Policy now: [[9, [0, 6.0, 8.0]], [9, [0, 8.0, 9.0]], [9.0, [4.0, 9.0, 9]], [9, [3.0, 8.0, 6.0]], [9, [0.0, 9.0, 9]]]
2020-08-11 17:25:39,268 INFO Reward now: 6.588143428166707
2020-08-11 17:25:39,268 INFO Best policy so far: [[9, [0, 6.0, 8.0]], [9, [0, 8.0, 9.0]], [9.0, [4.0, 9.0, 9]], [9, [3.0, 8.0, 6.0]], [9, [0.0, 9.0, 9]]]
2020-08-11 17:25:39,268 INFO Best reward so far: 6.588143428166707
2020-08-11 22:54:36,564 INFO Iter 54
2020-08-11 22:54:37,304 INFO Policy now: [[9, [0, 9.0, 9.0]], [9, [0, 9, 9]], [9, [2.0, 9, 9]], [9, [0.0, 6.0, -0.0]], [9, [3.0, 9, 9]]]
2020-08-11 22:54:37,323 INFO Reward now: 12.756561835606893
2020-08-11 22:54:37,324 INFO Best policy so far: [[9, [0, 6.0, 8.0]], [9, [0, 9, 9]], [9, [1.0, 9, 9]], [9, [2.0, 8.0, 3.0]], [9, [2.0, 9, 9]]]
2020-08-11 22:54:37,324 INFO Best reward so far: 13.954903999964396
2020-08-11 23:01:04,306 INFO Iter 55
2020-08-11 23:01:04,666 INFO Policy now: [[9.0, [-0.0, 9.0, 9.0]], [9.0, [0.0, 9.0, 9.0]], [9.0, [3.0, 9.0, 9.0]], [9.0, [0.0, 7.0, -0.0]], [9.0, [2.0, 9.0, 9.0]]]
2020-08-11 23:01:04,685 INFO Reward now: 4.842537999153137
2020-08-11 23:01:04,685 INFO Best policy so far: [[9, [0, 6.0, 8.0]], [9, [0, 9, 9]], [9, [1.0, 9, 9]], [9, [2.0, 8.0, 3.0]], [9, [2.0, 9, 9]]]
2020-08-11 23:01:04,685 INFO Best reward so far: 5.144293228785197
2020-08-12 04:02:37,158 INFO Iter 56
2020-08-12 04:02:37,588 INFO Policy now: [[9, [0, 6.0, 9]], [9, [0, 9, 9]], [9.0, [1.0, 7.0, 8.0]], [9.0, [0, 9, 3.0]], [9, [0, 6.0, 9]]]
2020-08-12 04:02:37,606 INFO Reward now: 5.818940877914429
2020-08-12 04:02:37,606 INFO Best policy so far: [[9, [0, 6.0, 8.0]], [9, [0, 9, 9]], [9, [1.0, 9, 9]], [9, [2.0, 8.0, 3.0]], [9, [2.0, 9, 9]]]
2020-08-12 04:02:37,606 INFO Best reward so far: 6.750749111175537
2020-08-12 04:21:48,202 INFO Iter 57
2020-08-12 04:21:48,281 INFO Policy now: [[9.0, [0.0, 7.0, 8.0]], [8.0, [0.0, 9, 9.0]], [9, [1.0, 9.0, 9.0]], [9.0, [-0.0, 8.0, 2.0]], [9.0, [-0.0, 8.0, 9]]]
2020-08-12 04:21:48,282 INFO Reward now: 5.982512394587199
2020-08-12 04:21:48,282 INFO Best policy so far: [[9, [0, 6.0, 8.0]], [9, [0, 9, 9]], [9, [1.0, 9, 9]], [9, [2.0, 8.0, 3.0]], [9, [2.0, 9, 9]]]
2020-08-12 04:21:48,282 INFO Best reward so far: 7.1614179611206055
2020-08-12 09:50:46,507 INFO Iter 58
2020-08-12 09:50:46,787 INFO Policy now: [[9.0, [0, 8.0, 8.0]], [8.0, [0.0, 8.0, 9]], [8.0, [3.0, 9.0, 9.0]], [9.0, [1.0, 8.0, 1.0]], [9.0, [0, 7.0, 9.0]]]
2020-08-12 09:50:46,811 INFO Reward now: 5.621691922346751
2020-08-12 09:50:46,812 INFO Best policy so far: [[9.0, [0, 8.0, 8.0]], [8.0, [0.0, 8.0, 9]], [8.0, [3.0, 9.0, 9.0]], [9.0, [1.0, 8.0, 1.0]], [9.0, [0, 7.0, 9.0]]]
2020-08-12 09:50:46,812 INFO Best reward so far: 5.621691922346751
2020-08-12 09:59:12,773 INFO Iter 59
2020-08-12 09:59:12,776 INFO Policy now: [[8.0, [0, 8.0, 9.0]], [7.0, [0, 8.0, 8.0]], [7.0, [4.0, 9.0, 9.0]], [9.0, [0.0, 8.0, 0]], [9.0, [0, 6.0, 9]]]
2020-08-12 09:59:12,776 INFO Reward now: 6.4154549439748125
2020-08-12 09:59:12,776 INFO Best policy so far: [[8.0, [0, 8.0, 8.0]], [6.0, [0, 9, 9]], [8.0, [4.0, 8.0, 5.0]], [8.0, [0, 9, 0]], [8.0, [2, 3.0, 9]]]
2020-08-12 09:59:12,776 INFO Best reward so far: 6.558453361193339
2020-08-12 15:15:00,808 INFO Iter 60
2020-08-12 15:15:01,262 INFO Policy now: [[9, [0, 9, 5.0]], [9, [3.0, 9, 7.0]], [5.0, [-0.0, 8.0, 9]], [9, [0, 9.0, 0]], [9, [0, 9, 9]]]
2020-08-12 15:15:01,284 INFO Reward now: 10.461065451304117
2020-08-12 15:15:01,284 INFO Best policy so far: [[9, [2, 6.0, 5.0]], [9, [2, 9, 5.0]], [8.0, [5.0, 9, 6.0]], [9, [2.0, 9, 0]], [9, [0, 9, 9]]]
2020-08-12 15:15:01,284 INFO Best reward so far: 12.582618951797485
2020-08-12 20:40:31,892 INFO Iter 61
2020-08-12 20:40:32,316 INFO Policy now: [[7.0, [1.0, 9, 9]], [7.0, [4.0, 8.0, 3.0]], [3.0, [0, 9, 9.0]], [7.0, [4.0, 9, 0]], [8.0, [0.0, 8.0, 9]]]
2020-08-12 20:40:32,338 INFO Reward now: 9.944984753926596
2020-08-12 20:40:32,339 INFO Best policy so far: [[5, [0, 9, 8.0]], [6, [3.0, 9, 4.0]], [2.0, [0, 9, 9]], [5, [4, 9, 0]], [8, [1, 8, 9]]]
2020-08-12 20:40:32,339 INFO Best reward so far: 11.842636585235596
2020-08-13 02:10:19,150 INFO Iter 62
2020-08-13 02:10:19,963 INFO Policy now: [[8.0, [0.0, 9.0, 9.0]], [7.0, [4.0, 8.0, 3.0]], [4.0, [0.0, 9.0, 9.0]], [8.0, [3.0, 8.0, 0.0]], [9.0, [0, 8.0, 8.0]]]
2020-08-13 02:10:20,108 INFO Reward now: 4.749229987462361
2020-08-13 02:10:20,109 INFO Best policy so far: [[5, [0, 9, 8.0]], [6, [3.0, 9, 4.0]], [2.0, [0, 9, 9]], [5, [4, 9, 0]], [8, [1, 8, 9]]]
2020-08-13 02:10:20,109 INFO Best reward so far: 5.306387881437938
2020-08-13 02:40:29,698 INFO Iter 63
2020-08-13 02:40:29,764 INFO Policy now: [[8.0, [1.0, 9.0, 9]], [7.0, [1.0, 8.0, 3.0]], [4.0, [2.0, 9, 9]], [9.0, [4.0, 9, 0]], [9.0, [0.0, 9, 9.0]]]
2020-08-13 02:40:29,764 INFO Reward now: 7.864679018656413
2020-08-13 02:40:29,764 INFO Best policy so far: [[8.0, [1.0, 9.0, 9]], [7.0, [1.0, 8.0, 3.0]], [4.0, [2.0, 9, 9]], [9.0, [4.0, 9, 0]], [9.0, [0.0, 9, 9.0]]]
2020-08-13 02:40:29,764 INFO Best reward so far: 7.864679018656413
2020-08-13 07:52:25,660 INFO Iter 64
2020-08-13 07:52:26,021 INFO Policy now: [[9, [1.0, 9, 9]], [9, [5.0, 6.0, 2.0]], [9, [0, 9, 9.0]], [9, [2.0, 9, 0.0]], [9, [0, 9, 9]]]
2020-08-13 07:52:26,080 INFO Reward now: 7.659757693608602
2020-08-13 07:52:26,081 INFO Best policy so far: [[9, [2.0, 8.0, 9]], [9, [4.0, 6.0, 4.0]], [8.0, [-0.0, 9, 8]], [9.0, [2.0, 9, 4]], [9, [0, 9, 9.0]]]
2020-08-13 07:52:26,081 INFO Best reward so far: 8.485097169876099
2020-08-13 08:28:01,912 INFO Iter 65
2020-08-13 08:28:02,720 INFO Policy now: [[9, [0, 8.0, 8.0]], [9, [0, 4.0, 0]], [9.0, [2.0, 8.0, 6.0]], [8.0, [0, 9.0, 0.0]], [9, [2.0, 9, 9]]]
2020-08-13 08:28:02,819 INFO Reward now: 8.242510120073954
2020-08-13 08:28:02,819 INFO Best policy so far: [[9, [2.0, 8.0, 9]], [9, [4.0, 6.0, 4.0]], [8.0, [-0.0, 9, 8]], [9.0, [2.0, 9, 4]], [9, [0, 9, 9.0]]]
2020-08-13 08:28:02,819 INFO Best reward so far: 9.5918341477712
2020-08-13 13:43:55,537 INFO Iter 66
2020-08-13 13:43:56,193 INFO Policy now: [[9, [1.0, 9.0, 9.0]], [9.0, [1.0, 4.0, 0]], [9.0, [0, 9.0, 7.0]], [8.0, [0, 9, 2.0]], [9.0, [2.0, 9, 9]]]
2020-08-13 13:43:56,266 INFO Reward now: 9.038343667984009
2020-08-13 13:43:56,266 INFO Best policy so far: [[9, [2.0, 8.0, 9]], [9, [4.0, 6.0, 4.0]], [8.0, [-0.0, 9, 8]], [9.0, [2.0, 9, 4]], [9, [0, 9, 9.0]]]
2020-08-13 13:43:56,266 INFO Best reward so far: 9.276330153147379
2020-08-13 14:03:31,286 INFO Iter 67
2020-08-13 14:03:31,575 INFO Policy now: [[9, [1.0, 9.0, 9.0]], [9, [0, 4.0, 1.0]], [9.0, [-0.0, 9.0, 7.0]], [9.0, [-0.0, 9.0, 3.0]], [8.0, [0.0, 9.0, 7.0]]]
2020-08-13 14:03:31,602 INFO Reward now: 6.162646412849426
2020-08-13 14:03:31,602 INFO Best policy so far: [[9, [2.0, 8.0, 9]], [9, [4.0, 6.0, 4.0]], [8.0, [-0.0, 9, 8]], [9.0, [2.0, 9, 4]], [9, [0, 9, 9.0]]]
2020-08-13 14:03:31,602 INFO Best reward so far: 7.256089528401692
2020-08-13 19:29:39,915 INFO Iter 68
2020-08-13 19:29:40,152 INFO Policy now: [[9, [8, 9, 9]], [9, [0, 9, 6.0]], [9, [3.0, 9, 9]], [9, [0, 9, 9]], [9, [4.0, 9, 9]]]
2020-08-13 19:29:40,189 INFO Reward now: 12.800722440083822
2020-08-13 19:29:40,189 INFO Best policy so far: [[9, [2.0, 8.0, 9]], [9, [4.0, 6.0, 4.0]], [8.0, [-0.0, 9, 8]], [9.0, [2.0, 9, 4]], [9, [0, 9, 9.0]]]
2020-08-13 19:29:40,189 INFO Best reward so far: 14.298078695933023
2020-08-14 00:51:06,034 INFO Iter 69
2020-08-14 00:51:06,252 INFO Policy now: [[9, [8, 9, 9]], [9, [0, 9, 4.0]], [9, [0, 9, 9]], [9, [0, 9, 9]], [9, [-0.0, 7.0, 9]]]
2020-08-14 00:51:06,301 INFO Reward now: 6.77070164680481
2020-08-14 00:51:06,301 INFO Best policy so far: [[9, [8, 9, 9]], [9, [0, 9, 4.0]], [9, [0, 9, 9]], [9, [0, 9, 9]], [9, [-0.0, 7.0, 9]]]
2020-08-14 00:51:06,302 INFO Best reward so far: 6.77070164680481
2020-08-14 06:11:25,717 INFO Iter 70
2020-08-14 06:11:25,842 INFO Policy now: [[9, [8.0, 9, 5.0]], [9, [0, 9, 0]], [9, [0, 9, 9]], [9.0, [2.0, 9, 9]], [9, [0, 9.0, 9.0]]]
2020-08-14 06:11:25,858 INFO Reward now: 14.586835940678915
2020-08-14 06:11:25,858 INFO Best policy so far: [[9, [8.0, 9, 5.0]], [9, [0, 9, 0]], [9, [0, 9, 9]], [9.0, [2.0, 9, 9]], [9, [0, 9.0, 9.0]]]
2020-08-14 06:11:25,858 INFO Best reward so far: 14.586835940678915
2020-08-14 06:43:24,464 INFO Iter 71
2020-08-14 06:43:24,507 INFO Policy now: [[8.0, [8, 8.0, 7.0]], [8.0, [0, 9, 1.0]], [5.0, [0, 9, 9.0]], [6.0, [4.0, 8.0, 9]], [7.0, [0, 8.0, 6.0]]]
2020-08-14 06:43:24,508 INFO Reward now: 9.091580390930176
2020-08-14 06:43:24,508 INFO Best policy so far: [[8, [8, 9, 2.0]], [6, [4, 9, 0]], [4, [2, 9, 9]], [6.0, [2.0, 6, 6]], [8, [1, 6.0, 4.0]]]
2020-08-14 06:43:24,508 INFO Best reward so far: 9.342740138371786
2020-08-14 06:52:24,363 INFO Iter 72
2020-08-14 06:52:24,633 INFO Policy now: [[8.0, [8.0, 9.0, 8.0]], [7.0, [1.0, 8.0, 0.0]], [4.0, [0, 9, 8.0]], [4.0, [4.0, 7.0, 9]], [6.0, [0, 7.0, 7.0]]]
2020-08-14 06:52:24,700 INFO Reward now: 6.429067095120748
2020-08-14 06:52:24,700 INFO Best policy so far: [[9, [8, 9, 9]], [9, [0, 9, 0]], [7.0, [0, 9, 9]], [9, [2.0, 7.0, 9]], [9, [0, 6.0, 3.0]]]
2020-08-14 06:52:24,701 INFO Best reward so far: 7.110830346743266
2020-08-14 07:29:53,839 INFO Iter 73
2020-08-14 07:29:54,089 INFO Policy now: [[6.0, [8.0, 9, 9]], [3.0, [8, 9, 0]], [4.0, [0, 7.0, 9]], [0, [8, 8.0, 9.0]], [8.0, [0, 9, 7.0]]]
2020-08-14 07:29:54,106 INFO Reward now: 8.239936153093973
2020-08-14 07:29:54,106 INFO Best policy so far: [[9, [8, 9, 9]], [9, [0, 9, 0]], [7.0, [0, 9, 9]], [9, [2.0, 7.0, 9]], [9, [0, 6.0, 3.0]]]
2020-08-14 07:29:54,107 INFO Best reward so far: 10.274064302444458
2020-08-14 12:50:49,581 INFO Iter 74
2020-08-14 12:50:49,860 INFO Policy now: [[6.0, [4.0, 9, 6.0]], [4.0, [8, 9, 0]], [3.0, [0, 9, 7.0]], [2.0, [3.0, 5.0, 4.0]], [6.0, [0, 9, 7.0]]]
2020-08-14 12:50:49,906 INFO Reward now: 12.591144720713297
2020-08-14 12:50:49,906 INFO Best policy so far: [[7.0, [4.0, 9, 6]], [4.0, [8, 9, 0]], [4.0, [0, 8.0, 6]], [3, [4, 6.0, 4.0]], [8.0, [0, 9, 6.0]]]
2020-08-14 12:50:49,906 INFO Best reward so far: 13.647992769877115
2020-08-14 18:00:33,100 INFO Iter 75
2020-08-14 18:00:33,488 INFO Policy now: [[5.0, [3.0, 8.0, 5.0]], [0, [8, 5.0, 0.0]], [1.0, [0.0, 9.0, 8.0]], [7.0, [3.0, 6.0, 0]], [8.0, [3.0, 8.0, 4.0]]]
2020-08-14 18:00:33,501 INFO Reward now: 6.068697412808736
2020-08-14 18:00:33,501 INFO Best policy so far: [[9, [0.0, 9, 5.0]], [6.0, [8, 4, 0]], [6.0, [0, 9, 9]], [6.0, [4.0, 4.0, 0.0]], [9, [0, 9, 4.0]]]
2020-08-14 18:00:33,501 INFO Best reward so far: 7.785489439964294
2020-08-14 23:13:12,498 INFO Iter 76
2020-08-14 23:13:12,954 INFO Policy now: [[3.0, [1.0, 9, 9]], [1.0, [8, 9.0, -0.0]], [2.0, [2.0, 8.0, 6.0]], [7.0, [6.0, 9, 0]], [6.0, [0, 9.0, 9.0]]]
2020-08-14 23:13:12,968 INFO Reward now: 9.233099818229675
2020-08-14 23:13:12,968 INFO Best policy so far: [[9, [0.0, 9, 5.0]], [6.0, [8, 4, 0]], [6.0, [0, 9, 9]], [6.0, [4.0, 4.0, 0.0]], [9, [0, 9, 4.0]]]
2020-08-14 23:13:12,969 INFO Best reward so far: 11.105000495910645
2020-08-15 04:27:40,521 INFO Iter 77
2020-08-15 04:27:40,704 INFO Policy now: [[9, [-0.0, 9, 9]], [4.0, [8, 9, 0]], [8.0, [0, 4.0, 3.0]], [9, [4.0, 7.0, 1.0]], [9.0, [0, 9, 9]]]
2020-08-15 04:27:40,714 INFO Reward now: 9.748723904291788
2020-08-15 04:27:40,714 INFO Best policy so far: [[5.0, [-0.0, 9, 9]], [2.0, [8, 9, 0]], [5.0, [4.0, 6.0, 4.0]], [8.0, [2.0, 5, 4]], [6.0, [0, 9, 9]]]
2020-08-15 04:27:40,714 INFO Best reward so far: 10.00588059425354
2020-08-15 05:07:44,635 INFO Iter 78
2020-08-15 05:07:45,339 INFO Policy now: [[7.0, [1.0, 9, 9]], [0, [8.0, 8.0, 1.0]], [5.0, [0, 5.0, 6.0]], [8.0, [5.0, 3.0, 1.0]], [8.0, [0, 9, 9]]]
2020-08-15 05:07:45,399 INFO Reward now: 10.655628442764282
2020-08-15 05:07:45,399 INFO Best policy so far: [[5.0, [-0.0, 9, 9]], [2.0, [8, 9, 0]], [5.0, [4.0, 6.0, 4.0]], [8.0, [2.0, 5, 4]], [6.0, [0, 9, 9]]]
2020-08-15 05:07:45,400 INFO Best reward so far: 10.96127430597941
2020-08-15 10:21:38,547 INFO Iter 79
2020-08-15 10:21:38,672 INFO Policy now: [[9, [0, 9.0, 9]], [3.0, [8, 5.0, 0]], [9, [0, 3.0, 3.0]], [9.0, [2.0, 9, 0]], [9, [0, 8.0, 9]]]
2020-08-15 10:21:38,690 INFO Reward now: 7.463388244311015
2020-08-15 10:21:38,691 INFO Best policy so far: [[9, [0.0, 9, 8]], [4, [4.0, 8.0, 5.0]], [5.0, [0, 4.0, 2.0]], [9, [2.0, 7.0, 2.0]], [9, [1, 8, 9]]]
2020-08-15 10:21:38,691 INFO Best reward so far: 7.597153981526692
2020-08-15 10:39:41,116 INFO Iter 80
2020-08-15 10:39:41,135 INFO Policy now: [[8.0, [0, 9, 7.0]], [0.0, [8, 6.0, 0.0]], [8.0, [0, 9, 1.0]], [9, [1.0, 9, 2.0]], [9.0, [-0.0, 9, 9]]]
2020-08-15 10:39:41,135 INFO Reward now: 5.5837782224019366
2020-08-15 10:39:41,136 INFO Best policy so far: [[8.0, [0, 9, 7.0]], [0.0, [8, 6.0, 0.0]], [8.0, [0, 9, 1.0]], [9, [1.0, 9, 2.0]], [9.0, [-0.0, 9, 9]]]
2020-08-15 10:39:41,136 INFO Best reward so far: 5.5837782224019366
2020-08-15 10:50:26,594 INFO Iter 81
2020-08-15 10:50:26,600 INFO Policy now: [[9.0, [1.0, 9.0, 5.0]], [-0.0, [7.0, 8.0, 0]], [9.0, [0, 9, 2.0]], [9.0, [3.0, 9, 4.0]], [9, [-0.0, 9.0, 7.0]]]
2020-08-15 10:50:26,601 INFO Reward now: 8.21654442946116
2020-08-15 10:50:26,601 INFO Best policy so far: [[9.0, [1.0, 9.0, 5.0]], [-0.0, [7.0, 8.0, 0]], [9.0, [0, 9, 2.0]], [9.0, [3.0, 9, 4.0]], [9, [-0.0, 9.0, 7.0]]]
2020-08-15 10:50:26,601 INFO Best reward so far: 8.21654442946116
2020-08-15 10:57:21,689 INFO Iter 82
2020-08-15 10:57:21,694 INFO Policy now: [[9, [0, 9, 4.0]], [1.0, [5.0, 7.0, 0]], [9, [0, 9.0, 1.0]], [9, [6.0, 8.0, 7.0]], [9, [0, 9, 9.0]]]
2020-08-15 10:57:21,695 INFO Reward now: 6.90378201007843
2020-08-15 10:57:21,695 INFO Best policy so far: [[9, [0, 9, 4.0]], [1.0, [5.0, 7.0, 0]], [9, [0, 9.0, 1.0]], [9, [6.0, 8.0, 7.0]], [9, [0, 9, 9.0]]]
2020-08-15 10:57:21,695 INFO Best reward so far: 6.90378201007843
2020-08-15 11:17:37,124 INFO Iter 83
2020-08-15 11:17:37,292 INFO Policy now: [[9, [0, 9, 9]], [2.0, [-0.0, 4.0, 1.0]], [9, [1.0, 9, 3.0]], [9.0, [7.0, 4.0, 2.0]], [9.0, [1.0, 9, 9]]]
2020-08-15 11:17:37,347 INFO Reward now: 5.987966259320577
2020-08-15 11:17:37,347 INFO Best policy so far: [[9, [0, 9, 8.0]], [2.0, [3.0, 6.0, 2]], [9, [2, 9, 2.0]], [9, [5.0, 4.0, 3.0]], [9, [2, 9, 9]]]
2020-08-15 11:17:37,347 INFO Best reward so far: 6.906055927276611
2020-08-15 16:18:47,906 INFO Iter 84
2020-08-15 16:18:48,297 INFO Policy now: [[8.0, [0, 7.0, 9.0]], [0, [1.0, 1.0, 3.0]], [7.0, [2.0, 9.0, 1.0]], [8.0, [4.0, 2.0, 4.0]], [8.0, [0, 8.0, 9]]]
2020-08-15 16:18:48,313 INFO Reward now: 8.09332267443339
2020-08-15 16:18:48,313 INFO Best policy so far: [[9, [0, 9, 8.0]], [2.0, [3.0, 6.0, 2]], [9, [2, 9, 2.0]], [9, [5.0, 4.0, 3.0]], [9, [2, 9, 9]]]
2020-08-15 16:18:48,313 INFO Best reward so far: 9.102092385292053
2020-08-15 21:41:46,206 INFO Iter 85
2020-08-15 21:41:46,338 INFO Policy now: [[9.0, [2.0, 8.0, 7.0]], [2.0, [4.0, 0, 3.0]], [9, [0, 9, 2.0]], [8.0, [2.0, 3.0, 4.0]], [9, [0, 6.0, 8.0]]]
2020-08-15 21:41:46,352 INFO Reward now: 9.355771581331888
2020-08-15 21:41:46,352 INFO Best policy so far: [[9, [0, 9, 8.0]], [2.0, [3.0, 6.0, 2]], [9, [2, 9, 2.0]], [9, [5.0, 4.0, 3.0]], [9, [2, 9, 9]]]
2020-08-15 21:41:46,352 INFO Best reward so far: 9.699593385060629
2020-08-16 03:02:56,431 INFO Iter 86
2020-08-16 03:02:56,666 INFO Policy now: [[9.0, [0.0, 8.0, 7.0]], [2.0, [7.0, 0, 2.0]], [8.0, [1.0, 9.0, 4.0]], [7.0, [4.0, 0.0, 2.0]], [9, [2.0, 7.0, 9]]]
2020-08-16 03:02:56,762 INFO Reward now: 9.869405825932821
2020-08-16 03:02:56,763 INFO Best policy so far: [[9, [0, 9, 8.0]], [2.0, [3.0, 6.0, 2]], [9, [2, 9, 2.0]], [9, [5.0, 4.0, 3.0]], [9, [2, 9, 9]]]
2020-08-16 03:02:56,763 INFO Best reward so far: 11.365776141484579
2020-08-16 08:01:58,528 INFO Iter 87
2020-08-16 08:01:58,869 INFO Policy now: [[9.0, [0, 9.0, 9]], [0.0, [8.0, 0, 5.0]], [8.0, [-0.0, 9.0, -0.0]], [8.0, [1.0, 1.0, 7.0]], [9.0, [1.0, 9.0, 8.0]]]
2020-08-16 08:01:58,881 INFO Reward now: 5.905122399330139
2020-08-16 08:01:58,881 INFO Best policy so far: [[9, [0, 9, 8.0]], [2.0, [3.0, 6.0, 2]], [9, [2, 9, 2.0]], [9, [5.0, 4.0, 3.0]], [9, [2, 9, 9]]]
2020-08-16 08:01:58,881 INFO Best reward so far: 7.443563262621562
2020-08-16 13:00:55,299 INFO Iter 88
2020-08-16 13:00:55,651 INFO Policy now: [[7.0, [3.0, 9, 8.0]], [0, [8, 0, 7.0]], [6.0, [0, 9.0, 0.0]], [9.0, [4.0, 2.0, 2.0]], [7.0, [0, 9, 9.0]]]
2020-08-16 13:00:55,665 INFO Reward now: 5.938038011391957
2020-08-16 13:00:55,666 INFO Best policy so far: [[9, [0, 9, 8.0]], [2.0, [3.0, 6.0, 2]], [9, [2, 9, 2.0]], [9, [5.0, 4.0, 3.0]], [9, [2, 9, 9]]]
2020-08-16 13:00:55,666 INFO Best reward so far: 7.7582863966623945
2020-08-16 13:39:18,721 INFO Iter 89
2020-08-16 13:39:19,398 INFO Policy now: [[9, [2.0, 8.0, 9]], [1.0, [8, 0, 6.0]], [5.0, [0, 9, 0]], [9, [0.0, 7.0, 4.0]], [9.0, [0, 7.0, 9]]]
2020-08-16 13:39:19,399 INFO Reward now: 12.265433073043823
2020-08-16 13:39:19,400 INFO Best policy so far: [[9, [0, 9, 8.0]], [2.0, [3.0, 6.0, 2]], [9, [2, 9, 2.0]], [9, [5.0, 4.0, 3.0]], [9, [2, 9, 9]]]
2020-08-16 13:39:19,400 INFO Best reward so far: 13.625282843907675
2020-08-16 13:47:23,884 INFO Iter 90
2020-08-16 13:47:23,901 INFO Policy now: [[9, [3.0, 9, 7.0]], [1.0, [4.0, 4.0, 4.0]], [1.0, [3.0, 8.0, 3.0]], [8.0, [-0.0, 6.0, 3.0]], [9, [2.0, 9, 9]]]
2020-08-16 13:47:23,901 INFO Reward now: 7.3154821793238325
2020-08-16 13:47:23,901 INFO Best policy so far: [[9, [4.0, 9, 6]], [0, [4, 3, 4.0]], [1.0, [3, 6, 4]], [8, [1.0, 8.0, 6.0]], [8.0, [2, 9.0, 9]]]
2020-08-16 13:47:23,901 INFO Best reward so far: 8.132482369740805
2020-08-16 14:26:40,584 INFO Iter 91
2020-08-16 14:26:40,754 INFO Policy now: [[9, [5.0, 9.0, 8.0]], [4.0, [4.0, 5.0, 4.0]], [5.0, [0, 8.0, 2.0]], [9, [0.0, 7.0, 2.0]], [9, [0.0, 9.0, 9]]]
2020-08-16 14:26:40,759 INFO Reward now: 8.265982151031494
2020-08-16 14:26:40,759 INFO Best policy so far: [[9, [5.0, 9.0, 8.0]], [4.0, [4.0, 5.0, 4.0]], [5.0, [0, 8.0, 2.0]], [9, [0.0, 7.0, 2.0]], [9, [0.0, 9.0, 9]]]
2020-08-16 14:26:40,759 INFO Best reward so far: 8.265982151031494
2020-08-16 14:33:29,079 INFO Iter 92
2020-08-16 14:33:29,098 INFO Policy now: [[9, [0, 9, 6.0]], [7.0, [0, 7.0, 9]], [8.0, [0, 4.0, 0]], [9, [0, 5.0, 2.0]], [9, [0, 6.0, 9]]]
2020-08-16 14:33:29,098 INFO Reward now: 4.189612726370494
2020-08-16 14:33:29,098 INFO Best policy so far: [[9, [2.0, 9, 8.0]], [6.0, [1.0, 8.0, 8.0]], [8.0, [2, 4.0, 0]], [9, [-0.0, 9, 2.0]], [9, [0.0, 9.0, 9]]]
2020-08-16 14:33:29,098 INFO Best reward so far: 5.797467033068339
2020-08-16 15:08:48,530 INFO Iter 93
2020-08-16 15:08:48,666 INFO Policy now: [[9.0, [0, 8.0, 5.0]], [7.0, [0, 4.0, 6.0]], [9.0, [-0.0, 6.0, 0]], [9.0, [1.0, 8.0, 1.0]], [9, [0, 7.0, 9]]]
2020-08-16 15:08:48,684 INFO Reward now: 8.385076999664307
2020-08-16 15:08:48,684 INFO Best policy so far: [[9, [2.0, 9, 8.0]], [6.0, [1.0, 8.0, 8.0]], [8.0, [2, 4.0, 0]], [9, [-0.0, 9, 2.0]], [9, [0.0, 9.0, 9]]]
2020-08-16 15:08:48,685 INFO Best reward so far: 10.371856411298117
2020-08-16 15:27:29,511 INFO Iter 94
2020-08-16 15:27:29,521 INFO Policy now: [[9, [1.0, 7.0, 6.0]], [9.0, [0.0, 6.0, 7.0]], [9, [0, 8.0, 0]], [9, [0, 8.0, 1.0]], [9, [0, 9.0, 9.0]]]
2020-08-16 15:27:29,521 INFO Reward now: 5.931064327557881
2020-08-16 15:27:29,521 INFO Best policy so far: [[9, [2.0, 9, 8.0]], [6.0, [1.0, 8.0, 8.0]], [8.0, [2, 4.0, 0]], [9, [-0.0, 9, 2.0]], [9, [0.0, 9.0, 9]]]
2020-08-16 15:27:29,521 INFO Best reward so far: 6.213366270065308
2020-08-16 20:51:16,813 INFO Iter 95
2020-08-16 20:51:16,959 INFO Policy now: [[9.0, [0, 7.0, 7.0]], [9, [0, 9, 9]], [9, [0, 9, 0.0]], [9, [3.0, 7.0, 7.0]], [9.0, [0, 9, 9.0]]]
2020-08-16 20:51:16,975 INFO Reward now: 10.10866634051005
2020-08-16 20:51:16,975 INFO Best policy so far: [[9.0, [0, 7.0, 7.0]], [9, [0, 9, 9]], [9, [0, 9, 0.0]], [9, [3.0, 7.0, 7.0]], [9.0, [0, 9, 9.0]]]
2020-08-16 20:51:16,975 INFO Best reward so far: 10.10866634051005
2020-08-17 02:17:33,339 INFO Iter 96
2020-08-17 02:17:33,545 INFO Policy now: [[8.0, [-0.0, 7.0, 7.0]], [8.0, [-0.0, 9.0, 9.0]], [9.0, [1.0, 9.0, -0.0]], [9.0, [3.0, 8.0, 6.0]], [9.0, [0.0, 9.0, 9.0]]]
2020-08-17 02:17:33,553 INFO Reward now: 9.990583260854086
2020-08-17 02:17:33,553 INFO Best policy so far: [[6.0, [0, 9.0, 3.0]], [8, [0, 6, 5]], [5, [0, 9, 0]], [6, [5.0, 8.0, 4.0]], [6.0, [2, 8, 9]]]
2020-08-17 02:17:33,553 INFO Best reward so far: 10.460099458694458
2020-08-17 07:44:58,737 INFO Iter 97
2020-08-17 07:44:58,961 INFO Policy now: [[9, [2.0, 6.0, 5.0]], [9.0, [1.0, 9, 9]], [9, [0, 8.0, 2.0]], [9, [1.0, 7.0, 4.0]], [9, [-0.0, 8.0, 9]]]
2020-08-17 07:44:58,972 INFO Reward now: 11.303751389185587
2020-08-17 07:44:58,972 INFO Best policy so far: [[9, [0, 9, 2.0]], [9, [1.0, 9, 9]], [9, [0.0, 8.0, 4.0]], [9, [3.0, 4.0, 5.0]], [9, [4.0, 8.0, 9]]]
2020-08-17 07:44:58,972 INFO Best reward so far: 11.669320901234945
2020-08-17 12:57:43,079 INFO Iter 98
2020-08-17 12:57:43,193 INFO Policy now: [[9.0, [1.0, 6.0, 4.0]], [9.0, [1.0, 9.0, 9.0]], [9.0, [-0.0, 7.0, 1.0]], [9.0, [1.0, 7.0, 3.0]], [9.0, [0.0, 9.0, 9.0]]]
2020-08-17 12:57:43,210 INFO Reward now: 9.966607650121054
2020-08-17 12:57:43,211 INFO Best policy so far: [[9, [0, 9, 2.0]], [9, [1.0, 9, 9]], [9, [0.0, 8.0, 4.0]], [9, [3.0, 4.0, 5.0]], [9, [4.0, 8.0, 9]]]
2020-08-17 12:57:43,211 INFO Best reward so far: 10.772450844446817
2020-08-17 13:27:13,936 INFO Iter 99
2020-08-17 13:27:14,205 INFO Policy now: [[9, [1.0, 6.0, 3.0]], [9, [0, 9, 9.0]], [9, [0.0, 5.0, 4.0]], [9, [1.0, 5.0, 5.0]], [9, [0, 9, 9.0]]]
2020-08-17 13:27:14,258 INFO Reward now: 6.779223601023356
2020-08-17 13:27:14,259 INFO Best policy so far: [[9, [0, 9, 2.0]], [9, [1.0, 9, 9]], [9, [0.0, 8.0, 4.0]], [9, [3.0, 4.0, 5.0]], [9, [4.0, 8.0, 9]]]
2020-08-17 13:27:14,259 INFO Best reward so far: 8.038435300191244
