2020-08-04 19:33:25,288 INFO Iter 0
2020-08-04 19:33:25,331 INFO Policy now: [[4.0, [3.0, 4.0, 8.0]], [2.0, [4.0, 9, 4.0]], [8.0, [0, 1.0, 1.0]], [9, [2.0, 9, 4.0]], [1.0, [7.0, 7.0, -0.0]], [3.0, [6.0, 1.0, 4.0]], [7.0, [8.0, 5.0, 8.0]]]
2020-08-04 19:33:25,331 INFO Reward now: 5.438127915064494
2020-08-04 19:33:25,331 INFO Best policy so far: [[4.0, [3.0, 4.0, 8.0]], [2.0, [4.0, 9, 4.0]], [8.0, [0, 1.0, 1.0]], [9, [2.0, 9, 4.0]], [1.0, [7.0, 7.0, -0.0]], [3.0, [6.0, 1.0, 4.0]], [7.0, [8.0, 5.0, 8.0]]]
2020-08-04 19:33:25,331 INFO Best reward so far: 5.438127915064494
2020-08-04 20:13:31,688 INFO Iter 1
2020-08-04 20:13:31,911 INFO Policy now: [[8.0, [6.0, 7.0, 9]], [4.0, [4.0, 7.0, 1.0]], [9.0, [1.0, 3.0, 2.0]], [9, [4.0, 9.0, 3.0]], [3.0, [4.0, 7.0, 2.0]], [6.0, [8, 2.0, 5.0]], [9.0, [8.0, 9, 6.0]]]
2020-08-04 20:13:31,925 INFO Reward now: 7.215859611829122
2020-08-04 20:13:31,925 INFO Best policy so far: [[4.0, [3.0, 4.0, 8.0]], [2.0, [4.0, 9, 4.0]], [8.0, [0, 1.0, 1.0]], [9, [2.0, 9, 4.0]], [1.0, [7.0, 7.0, -0.0]], [3.0, [6.0, 1.0, 4.0]], [7.0, [8.0, 5.0, 8.0]]]
2020-08-04 20:13:31,926 INFO Best reward so far: 9.021991491317749
2020-08-05 03:43:45,293 INFO Iter 2
2020-08-05 03:43:45,426 INFO Policy now: [[9, [7.0, 9, 9]], [8.0, [2.0, 6.0, -0.0]], [9, [0, 6.0, 0]], [9, [0, 9, 7.0]], [8.0, [4.0, 0, 0]], [9, [8, 9.0, 2.0]], [9, [8, 8.0, 8.0]]]
2020-08-05 03:43:45,525 INFO Reward now: 10.52439800898234
2020-08-05 03:43:45,528 INFO Best policy so far: [[9, [4.0, 8.0, 9]], [8.0, [4.0, 7.0, 1.0]], [9, [0, 6.0, 5.0]], [9, [6.0, 7.0, 2.0]], [7.0, [7.0, 7.0, 2.0]], [8.0, [6, 5.0, 3.0]], [9, [8, 9, 2.0]]]
2020-08-05 03:43:45,528 INFO Best reward so far: 11.67578379313151
2020-08-05 11:57:31,375 INFO Iter 3
2020-08-05 11:57:31,603 INFO Policy now: [[9, [4.0, 8.0, 9.0]], [9, [2.0, 9, 1.0]], [9, [-0.0, 9.0, 0]], [9, [1.0, 7.0, 6.0]], [8.0, [4.0, 2.0, 0.0]], [9, [8, 9.0, 1.0]], [9, [6.0, 7.0, 7.0]]]
2020-08-05 11:57:31,611 INFO Reward now: 5.441410680611928
2020-08-05 11:57:31,611 INFO Best policy so far: [[9, [2.0, 6, 9]], [9, [3.0, 9, 2.0]], [9, [0, 8.0, 0]], [9, [2, 5, 7.0]], [8.0, [4.0, 4, 0]], [9, [8, 6.0, 2.0]], [9, [4, 8.0, 7.0]]]
2020-08-05 11:57:31,611 INFO Best reward so far: 5.759823799133301
2020-08-05 19:08:40,230 INFO Iter 4
2020-08-05 19:08:40,355 INFO Policy now: [[9.0, [4.0, 7.0, 9.0]], [9.0, [1.0, 9.0, 1.0]], [9.0, [-0.0, 9.0, -0.0]], [9.0, [1.0, 7.0, 7.0]], [8.0, [4.0, 3.0, -0.0]], [9.0, [8.0, 9.0, 1.0]], [9.0, [6.0, 6.0, 8.0]]]
2020-08-05 19:08:40,383 INFO Reward now: 6.837677796681722
2020-08-05 19:08:40,383 INFO Best policy so far: [[9, [6.0, 7.0, 9]], [9, [4.0, 9, 0]], [9, [-0.0, 9, 4]], [9, [0, 9, 9]], [9, [3.0, 6.0, -0.0]], [9, [8, 7.0, 2.0]], [9, [8, 2.0, 4.0]]]
2020-08-05 19:08:40,383 INFO Best reward so far: 7.332840243975322
2020-08-05 19:31:38,925 INFO Iter 5
2020-08-05 19:31:38,930 INFO Policy now: [[9.0, [5.0, 8.0, 9.0]], [9.0, [2.0, 9, 1.0]], [8.0, [-0.0, 9, 0]], [8.0, [0.0, 9.0, 8.0]], [7.0, [1.0, 6.0, -0.0]], [9.0, [8, 9.0, 2.0]], [7.0, [7.0, 7.0, 8.0]]]
2020-08-05 19:31:38,930 INFO Reward now: 3.755668262640635
2020-08-05 19:31:38,930 INFO Best policy so far: [[9, [5.0, 6.0, 8.0]], [9, [3.0, 9, 4.0]], [9, [4.0, 9, 0]], [9.0, [3.0, 9, 6.0]], [9, [0.0, 6.0, 0.0]], [9, [4.0, 7.0, 0]], [9, [8, 9.0, 4.0]]]
2020-08-05 19:31:38,930 INFO Best reward so far: 4.004658023516337
2020-08-06 03:41:38,265 INFO Iter 6
2020-08-06 03:41:38,472 INFO Policy now: [[7.0, [0.0, 8.0, 9]], [7.0, [3.0, 8.0, 2.0]], [5.0, [1.0, 9.0, 1.0]], [6.0, [0, 7.0, 9]], [6.0, [0.0, 9, -0.0]], [9.0, [8, 9, 6.0]], [6.0, [6.0, 7.0, 9.0]]]
2020-08-06 03:41:38,480 INFO Reward now: 6.18961517016093
2020-08-06 03:41:38,481 INFO Best policy so far: [[6.0, [2.0, 9, 9]], [6.0, [3.0, 6, 2.0]], [4.0, [0.0, 9, 0]], [4.0, [0, 4.0, 8.0]], [4.0, [0.0, 8.0, 2.0]], [6.0, [8, 9, 6.0]], [6.0, [5.0, 3.0, 8.0]]]
2020-08-06 03:41:38,481 INFO Best reward so far: 6.566191673278809
2020-08-06 04:18:38,291 INFO Iter 7
2020-08-06 04:18:38,486 INFO Policy now: [[6.0, [0, 9, 9.0]], [6.0, [3.0, 8.0, 3.0]], [3.0, [2.0, 8.0, 4.0]], [6.0, [0.0, 7.0, 9]], [3.0, [-0.0, 8.0, 0.0]], [8.0, [8.0, 9, 8.0]], [5.0, [8.0, 4.0, 9]]]
2020-08-06 04:18:38,501 INFO Reward now: 8.424105167388916
2020-08-06 04:18:38,502 INFO Best policy so far: [[6.0, [0, 9, 9.0]], [6.0, [3.0, 8.0, 3.0]], [3.0, [2.0, 8.0, 4.0]], [6.0, [0.0, 7.0, 9]], [3.0, [-0.0, 8.0, 0.0]], [8.0, [8.0, 9, 8.0]], [5.0, [8.0, 4.0, 9]]]
2020-08-06 04:18:38,502 INFO Best reward so far: 8.424105167388916
2020-08-06 11:36:54,082 INFO Iter 8
2020-08-06 11:36:54,416 INFO Policy now: [[7.0, [-0.0, 9, 8.0]], [8.0, [1.0, 8.0, 7.0]], [7.0, [2.0, 8.0, 9.0]], [7.0, [0, 7.0, 6.0]], [4.0, [0, 9, 1.0]], [9, [8, 9.0, 9]], [4.0, [8.0, 6.0, 7.0]]]
2020-08-06 11:36:54,439 INFO Reward now: 9.591373682022095
2020-08-06 11:36:54,440 INFO Best policy so far: [[7.0, [-0.0, 9, 8.0]], [8.0, [1.0, 8.0, 7.0]], [7.0, [2.0, 8.0, 9.0]], [7.0, [0, 7.0, 6.0]], [4.0, [0, 9, 1.0]], [9, [8, 9.0, 9]], [4.0, [8.0, 6.0, 7.0]]]
2020-08-06 11:36:54,440 INFO Best reward so far: 9.591373682022095
2020-08-06 12:03:57,260 INFO Iter 9
2020-08-06 12:03:57,777 INFO Policy now: [[9, [0, 9, 7.0]], [9, [6.0, 4.0, 9]], [9, [0, 5.0, 9]], [9.0, [0, 9, 2.0]], [9, [0, 9, 6.0]], [9.0, [8, 6.0, 9]], [6.0, [8, 7.0, 2.0]]]
2020-08-06 12:03:57,799 INFO Reward now: 6.052247722943624
2020-08-06 12:03:57,801 INFO Best policy so far: [[7.0, [-0.0, 9, 8.0]], [8.0, [1.0, 8.0, 7.0]], [7.0, [2.0, 8.0, 9.0]], [7.0, [0, 7.0, 6.0]], [4.0, [0, 9, 1.0]], [9, [8, 9.0, 9]], [4.0, [8.0, 6.0, 7.0]]]
2020-08-06 12:03:57,802 INFO Best reward so far: 6.8612139622370405
2020-08-06 20:20:21,978 INFO Iter 10
2020-08-06 20:20:22,117 INFO Policy now: [[9, [3.0, 9, 7.0]], [9, [6.0, 9.0, 9.0]], [9, [0, 9, 9.0]], [9, [0.0, 9, 3.0]], [9, [0.0, 7.0, 9]], [9, [7.0, 6.0, 9]], [9.0, [8.0, 7.0, 3.0]]]
2020-08-06 20:20:22,128 INFO Reward now: 5.8760184446970625
2020-08-06 20:20:22,128 INFO Best policy so far: [[7.0, [-0.0, 9, 8.0]], [8.0, [1.0, 8.0, 7.0]], [7.0, [2.0, 8.0, 9.0]], [7.0, [0, 7.0, 6.0]], [4.0, [0, 9, 1.0]], [9, [8, 9.0, 9]], [4.0, [8.0, 6.0, 7.0]]]
2020-08-06 20:20:22,128 INFO Best reward so far: 6.4486989577611284
2020-08-06 20:31:48,726 INFO Iter 11
2020-08-06 20:31:48,731 INFO Policy now: [[8.0, [3.0, 9, 3.0]], [9.0, [4.0, 9, 8.0]], [8.0, [2.0, 9, 9]], [9.0, [0, 8.0, 4.0]], [9, [0, 8.0, 8.0]], [9, [8, 9.0, 9.0]], [9, [4.0, 9, 5.0]]]
2020-08-06 20:31:48,732 INFO Reward now: 6.3510732253392534
2020-08-06 20:31:48,732 INFO Best policy so far: [[7, [5.0, 9, 6.0]], [8, [2.0, 9, 9]], [7, [2, 8, 9]], [6, [2.0, 6, 1.0]], [8, [0, 6.0, 9]], [8, [8.0, 8.0, 6]], [7.0, [4.0, 9, 3.0]]]
2020-08-06 20:31:48,732 INFO Best reward so far: 7.206244985262553
2020-08-06 21:22:47,835 INFO Iter 12
2020-08-06 21:22:48,027 INFO Policy now: [[9, [8, 5.0, 1.0]], [9.0, [0, 7.0, 9]], [7.0, [0, 9, 9]], [9, [2.0, 9, 7.0]], [9, [1.0, 9, 4.0]], [9, [5.0, 9, 9]], [9, [0, 9, 5.0]]]
2020-08-06 21:22:48,036 INFO Reward now: 8.874821662902832
2020-08-06 21:22:48,036 INFO Best policy so far: [[9, [6.0, 5, 1.0]], [9, [0.0, 8, 9]], [8.0, [0, 9, 9]], [9, [2, 9, 5.0]], [9, [2, 9, 6.0]], [9, [4, 9, 9]], [9, [0.0, 9, 6.0]]]
2020-08-06 21:22:48,036 INFO Best reward so far: 9.96377408504486
2020-08-07 05:28:42,856 INFO Iter 13
2020-08-07 05:28:43,028 INFO Policy now: [[9.0, [8.0, 4.0, 1.0]], [9.0, [-0.0, 7.0, 9.0]], [7.0, [-0.0, 9.0, 8.0]], [9.0, [2.0, 8.0, 8.0]], [9.0, [2.0, 9.0, 5.0]], [9.0, [4.0, 9.0, 9.0]], [9.0, [-0.0, 9.0, 4.0]]]
2020-08-07 05:28:43,055 INFO Reward now: 5.026100774606069
2020-08-07 05:28:43,055 INFO Best policy so far: [[9, [6.0, 5, 1.0]], [9, [0.0, 8, 9]], [8.0, [0, 9, 9]], [9, [2, 9, 5.0]], [9, [2, 9, 6.0]], [9, [4, 9, 9]], [9, [0.0, 9, 6.0]]]
2020-08-07 05:28:43,055 INFO Best reward so far: 5.1264081199963885
2020-08-07 05:37:12,654 INFO Iter 14
2020-08-07 05:37:12,666 INFO Policy now: [[9.0, [8.0, 4.0, 1.0]], [9.0, [0, 8.0, 9.0]], [6.0, [0.0, 9.0, 7.0]], [8.0, [2.0, 9.0, 9.0]], [8.0, [1.0, 9.0, 5.0]], [9.0, [3.0, 9.0, 8.0]], [9.0, [0, 8.0, 5.0]]]
2020-08-07 05:37:12,667 INFO Reward now: 5.951075951258342
2020-08-07 05:37:12,667 INFO Best policy so far: [[9, [6.0, 5, 1.0]], [9, [0.0, 8, 9]], [8.0, [0, 9, 9]], [9, [2, 9, 5.0]], [9, [2, 9, 6.0]], [9, [4, 9, 9]], [9, [0.0, 9, 6.0]]]
2020-08-07 05:37:12,667 INFO Best reward so far: 6.115850766499837
2020-08-07 05:46:28,254 INFO Iter 15
2020-08-07 05:46:28,262 INFO Policy now: [[8.0, [8.0, 6.0, 3.0]], [9.0, [2.0, 9, 5.0]], [8.0, [1.0, 7.0, 5.0]], [8.0, [4.0, 9, 9]], [9, [4.0, 9, 9.0]], [8.0, [-0.0, 9, 8.0]], [9, [3.0, 6.0, 7.0]]]
2020-08-07 05:46:28,262 INFO Reward now: 6.307191590468089
2020-08-07 05:46:28,262 INFO Best policy so far: [[9, [6.0, 5, 1.0]], [9, [0.0, 8, 9]], [8.0, [0, 9, 9]], [9, [2, 9, 5.0]], [9, [2, 9, 6.0]], [9, [4, 9, 9]], [9, [0.0, 9, 6.0]]]
2020-08-07 05:46:28,262 INFO Best reward so far: 7.24894376595815
2020-08-07 14:07:54,415 INFO Iter 16
2020-08-07 14:07:54,683 INFO Policy now: [[8.0, [8, 8.0, 6.0]], [9, [0, 9, 2.0]], [9.0, [0, 5.0, 2.0]], [7.0, [8, 7.0, 9]], [9, [1.0, 9.0, 7.0]], [9, [1.0, 8.0, 6.0]], [9, [5.0, 9.0, 4.0]]]
2020-08-07 14:07:54,712 INFO Reward now: 11.241612672805786
2020-08-07 14:07:54,712 INFO Best policy so far: [[9, [6.0, 5, 1.0]], [9, [0.0, 8, 9]], [8.0, [0, 9, 9]], [9, [2, 9, 5.0]], [9, [2, 9, 6.0]], [9, [4, 9, 9]], [9, [0.0, 9, 6.0]]]
2020-08-07 14:07:54,712 INFO Best reward so far: 11.891448815663656
2020-08-07 14:33:27,160 INFO Iter 17
2020-08-07 14:33:27,165 INFO Policy now: [[9.0, [8, 9, 6.0]], [9.0, [-0.0, 9, 5.0]], [9.0, [0, -0.0, 0.0]], [7.0, [7.0, 7.0, 9]], [9, [0, 9, 6.0]], [9.0, [0, 9.0, 9]], [8.0, [6.0, 9, 4.0]]]
2020-08-07 14:33:27,166 INFO Reward now: 6.536600152651469
2020-08-07 14:33:27,166 INFO Best policy so far: [[9, [6.0, 5, 1.0]], [9, [0.0, 8, 9]], [8.0, [0, 9, 9]], [9, [2, 9, 5.0]], [9, [2, 9, 6.0]], [9, [4, 9, 9]], [9, [0.0, 9, 6.0]]]
2020-08-07 14:33:27,166 INFO Best reward so far: 7.629055301348369
2020-08-07 22:56:40,661 INFO Iter 18
2020-08-07 22:56:40,831 INFO Policy now: [[9, [6.0, 9.0, 8.0]], [9, [0, 9, 1.0]], [9.0, [0.0, 1.0, 0.0]], [9.0, [8, 7.0, 9]], [9.0, [0, 7.0, 3.0]], [9, [1.0, 9, 9.0]], [8.0, [5.0, 9.0, 7.0]]]
2020-08-07 22:56:40,846 INFO Reward now: 10.129097898801168
2020-08-07 22:56:40,847 INFO Best policy so far: [[9, [6.0, 5, 1.0]], [9, [0.0, 8, 9]], [8.0, [0, 9, 9]], [9, [2, 9, 5.0]], [9, [2, 9, 6.0]], [9, [4, 9, 9]], [9, [0.0, 9, 6.0]]]
2020-08-07 22:56:40,847 INFO Best reward so far: 11.268503506978353
2020-08-08 06:17:33,826 INFO Iter 19
2020-08-08 06:17:34,044 INFO Policy now: [[9, [4.0, 9, 7.0]], [9, [1.0, 9.0, 2.0]], [9.0, [1.0, 2.0, 1.0]], [9, [7.0, 6.0, 7.0]], [9, [-0.0, 8.0, 4.0]], [9, [-0.0, 9.0, 9]], [9, [7.0, 7.0, 8.0]]]
2020-08-08 06:17:34,142 INFO Reward now: 7.6341023445129395
2020-08-08 06:17:34,145 INFO Best policy so far: [[9, [6.0, 5, 1.0]], [9, [0.0, 8, 9]], [8.0, [0, 9, 9]], [9, [2, 9, 5.0]], [9, [2, 9, 6.0]], [9, [4, 9, 9]], [9, [0.0, 9, 6.0]]]
2020-08-08 06:17:34,145 INFO Best reward so far: 10.259014129638672
2020-08-08 13:39:57,543 INFO Iter 20
2020-08-08 13:39:57,907 INFO Policy now: [[8.0, [3.0, 9.0, 6.0]], [7.0, [2.0, 9, 3.0]], [9.0, [2.0, 5.0, 3.0]], [7.0, [5.0, 9, 9.0]], [9.0, [0, 7.0, 5.0]], [8.0, [2.0, 9, 9]], [9.0, [8.0, 9, 9]]]
2020-08-08 13:39:57,924 INFO Reward now: 10.792539119720459
2020-08-08 13:39:57,924 INFO Best policy so far: [[9, [6.0, 5, 1.0]], [9, [0.0, 8, 9]], [8.0, [0, 9, 9]], [9, [2, 9, 5.0]], [9, [2, 9, 6.0]], [9, [4, 9, 9]], [9, [0.0, 9, 6.0]]]
2020-08-08 13:39:57,925 INFO Best reward so far: 11.521859248479208
2020-08-08 13:45:19,002 INFO Iter 21
2020-08-08 13:45:19,004 INFO Policy now: [[8.0, [0.0, 8.0, 8.0]], [8.0, [4.0, 9, 5.0]], [9, [-0.0, 8.0, 6.0]], [9.0, [6.0, 9.0, 9.0]], [9, [0, 9.0, 7.0]], [9.0, [0.0, 7.0, 9.0]], [9, [8, 7.0, 9]]]
2020-08-08 13:45:19,004 INFO Reward now: 3.3520731031894684
2020-08-08 13:45:19,004 INFO Best policy so far: [[4.0, [2.0, 9, 5.0]], [6.0, [0, 4, 2.0]], [8.0, [3.0, 4.0, 4.0]], [7.0, [2.0, 6, 9]], [9.0, [2, 2.0, 9.0]], [6.0, [-0.0, 9, 9]], [4.0, [7.0, 9, 6]]]
2020-08-08 13:45:19,004 INFO Best reward so far: 3.4749065041542053
2020-08-08 14:08:44,293 INFO Iter 22
2020-08-08 14:08:44,485 INFO Policy now: [[9.0, [0, 8.0, 9.0]], [9.0, [5.0, 9.0, 6.0]], [9.0, [0, 9.0, 7.0]], [9, [6.0, 9.0, 9]], [9, [1.0, 9, 6.0]], [9.0, [1.0, 6.0, 8.0]], [9, [7.0, 9.0, 9]]]
2020-08-08 14:08:44,540 INFO Reward now: 3.865406811237335
2020-08-08 14:08:44,540 INFO Best policy so far: [[9, [0, 4.0, 9.0]], [9, [5.0, 9, 8.0]], [9, [0, 6.0, 2.0]], [9, [2.0, 9, 9]], [9, [0, 9, 4.0]], [9, [2.0, 8.0, 6.0]], [9, [8, 9, 9]]]
2020-08-08 14:08:44,540 INFO Best reward so far: 4.6930199066797895
2020-08-08 22:30:41,688 INFO Iter 23
2020-08-08 22:30:41,863 INFO Policy now: [[9, [2.0, 9, 9]], [9, [4.0, 8.0, 7.0]], [9, [3.0, 7.0, 9]], [9, [1.0, 9, 6.0]], [9.0, [4.0, 8.0, 9.0]], [9, [0, 9, 9]], [9, [8.0, 5.0, 8.0]]]
2020-08-08 22:30:41,916 INFO Reward now: 10.992320696512857
2020-08-08 22:30:41,917 INFO Best policy so far: [[9, [2, 9.0, 9]], [9, [4.0, 8.0, 6.0]], [9, [2, 5.0, 9]], [9, [2.0, 9, 5]], [9, [4.0, 8, 8.0]], [9, [0, 9, 9]], [9, [8.0, 4.0, 8]]]
2020-08-08 22:30:41,917 INFO Best reward so far: 11.388545989990234
2020-08-09 06:45:18,922 INFO Iter 24
2020-08-09 06:45:19,763 INFO Policy now: [[7.0, [4.0, 9, 9.0]], [9.0, [3.0, 7.0, 7.0]], [8.0, [1.0, 5.0, 9]], [7.0, [1.0, 9, 4.0]], [8.0, [5.0, 9.0, 8.0]], [8.0, [-0.0, 9, 9]], [8.0, [7.0, 3.0, 9.0]]]
2020-08-09 06:45:19,781 INFO Reward now: 6.577685674031575
2020-08-09 06:45:19,782 INFO Best policy so far: [[9, [2, 9.0, 9]], [9, [4.0, 8.0, 6.0]], [9, [2, 5.0, 9]], [9, [2.0, 9, 5]], [9, [4.0, 8, 8.0]], [9, [0, 9, 9]], [9, [8.0, 4.0, 8]]]
2020-08-09 06:45:19,782 INFO Best reward so far: 7.466171542803447
2020-08-09 06:50:01,981 INFO Iter 25
2020-08-09 06:50:02,065 INFO Policy now: [[8.0, [3.0, 9.0, 8.0]], [9.0, [2.0, 7.0, 8.0]], [9.0, [1.0, 4.0, 9.0]], [8.0, [1.0, 9.0, 4.0]], [9.0, [5.0, 9.0, 8.0]], [9.0, [-0.0, 9.0, 9]], [9.0, [7.0, 3.0, 9.0]]]
2020-08-09 06:50:02,065 INFO Reward now: 4.185202499230702
2020-08-09 06:50:02,065 INFO Best policy so far: [[8.0, [3.0, 9.0, 8.0]], [9.0, [2.0, 7.0, 8.0]], [9.0, [1.0, 4.0, 9.0]], [8.0, [1.0, 9.0, 4.0]], [9.0, [5.0, 9.0, 8.0]], [9.0, [-0.0, 9.0, 9]], [9.0, [7.0, 3.0, 9.0]]]
2020-08-09 06:50:02,065 INFO Best reward so far: 4.185202499230702
2020-08-09 07:19:13,295 INFO Iter 26
2020-08-09 07:19:13,582 INFO Policy now: [[9.0, [3.0, 9.0, 8.0]], [9, [1.0, 6.0, 8.0]], [9.0, [1.0, 5.0, 9.0]], [8.0, [0.0, 9, 3.0]], [9.0, [6.0, 8.0, 8.0]], [9.0, [-0.0, 9.0, 9.0]], [9, [6.0, 4.0, 8.0]]]
2020-08-09 07:19:13,663 INFO Reward now: 6.2624452114105225
2020-08-09 07:19:13,666 INFO Best policy so far: [[8.0, [1.0, 9, 9]], [7.0, [6.0, 6.0, 9]], [7.0, [-0.0, 8.0, 8.0]], [7.0, [4.0, 7.0, 0.0]], [5.0, [8.0, 7.0, 6.0]], [9.0, [2.0, 9, 8]], [6.0, [4.0, 0.0, 6.0]]]
2020-08-09 07:19:13,666 INFO Best reward so far: 6.7636492649714155
2020-08-09 08:16:30,062 INFO Iter 27
2020-08-09 08:16:30,193 INFO Policy now: [[7.0, [0, 9, 4.0]], [9, [0, 5.0, 9]], [4.0, [1.0, 8.0, 9]], [9, [3.0, 9, 1.0]], [8.0, [3.0, 9, 7.0]], [6.0, [1.0, 9, 9]], [6.0, [3.0, -0.0, 9]]]
2020-08-09 08:16:30,261 INFO Reward now: 10.735652049382528
2020-08-09 08:16:30,261 INFO Best policy so far: [[6.0, [0, 9, 4.0]], [9, [0, 7.0, 9]], [4.0, [-0.0, 7.0, 9]], [8.0, [4.0, 9, 2.0]], [8.0, [6.0, 9, 8.0]], [6.0, [2.0, 9, 9]], [6, [6.0, 0.0, 9]]]
2020-08-09 08:16:30,261 INFO Best reward so far: 11.676263610521952
2020-08-09 09:13:51,880 INFO Iter 28
2020-08-09 09:13:52,030 INFO Policy now: [[9, [0, 9, 6.0]], [9, [1.0, 9, 9.0]], [6.0, [3.0, 5.0, 8.0]], [9, [-0.0, 7.0, 4.0]], [9, [3.0, 9, 6.0]], [9, [-0.0, 9, 9]], [7.0, [3.0, 2.0, 9]]]
2020-08-09 09:13:52,037 INFO Reward now: 8.14335529009501
2020-08-09 09:13:52,037 INFO Best policy so far: [[9, [0, 9, 5.0]], [9, [2, 9, 7]], [4.0, [4.0, 6.0, 5]], [9, [2.0, 4, 4.0]], [9.0, [2.0, 9, 6.0]], [9.0, [-0.0, 9, 9]], [6.0, [1.0, 4.0, 9]]]
2020-08-09 09:13:52,037 INFO Best reward so far: 8.67161512374878
2020-08-09 10:02:58,024 INFO Iter 29
2020-08-09 10:02:58,112 INFO Policy now: [[9, [1.0, 9, 5.0]], [9.0, [3.0, 9.0, 8.0]], [5.0, [3.0, 8.0, 7.0]], [9.0, [0.0, 8.0, 6.0]], [9, [3.0, 8.0, 5.0]], [9, [0, 9, 9]], [6.0, [3.0, 0, 8.0]]]
2020-08-09 10:02:58,157 INFO Reward now: 9.455812891324362
2020-08-09 10:02:58,157 INFO Best policy so far: [[9, [0, 9, 5.0]], [9, [2, 9, 7]], [4.0, [4.0, 6.0, 5]], [9, [2.0, 4, 4.0]], [9.0, [2.0, 9, 6.0]], [9.0, [-0.0, 9, 9]], [6.0, [1.0, 4.0, 9]]]
2020-08-09 10:02:58,157 INFO Best reward so far: 10.029865821202597
2020-08-09 17:16:51,807 INFO Iter 30
2020-08-09 17:16:52,027 INFO Policy now: [[9, [1.0, 8.0, 5.0]], [8.0, [2.0, 9, 8.0]], [4.0, [6.0, 5.0, 4.0]], [9.0, [2.0, 9, 8.0]], [8.0, [0, 6.0, 5.0]], [7.0, [-0.0, 8.0, 4.0]], [6.0, [3.0, 2.0, 8.0]]]
2020-08-09 17:16:52,033 INFO Reward now: 11.155328353246054
2020-08-09 17:16:52,033 INFO Best policy so far: [[9, [0, 9, 5.0]], [9, [2, 9, 7]], [4.0, [4.0, 6.0, 5]], [9, [2.0, 4, 4.0]], [9.0, [2.0, 9, 6.0]], [9.0, [-0.0, 9, 9]], [6.0, [1.0, 4.0, 9]]]
2020-08-09 17:16:52,034 INFO Best reward so far: 12.798136870066324
2020-08-10 00:26:09,347 INFO Iter 31
2020-08-10 00:26:10,022 INFO Policy now: [[9.0, [2.0, 9.0, 7.0]], [6.0, [1.0, 8.0, 8.0]], [1.0, [8.0, 5.0, 7.0]], [7.0, [4.0, 9.0, 8.0]], [7.0, [1.0, 5.0, 9.0]], [5.0, [0.0, 9, 7.0]], [4.0, [2.0, -0.0, 9]]]
2020-08-10 00:26:10,053 INFO Reward now: 9.374785502751669
2020-08-10 00:26:10,054 INFO Best policy so far: [[9, [0, 9, 5.0]], [9, [2, 9, 7]], [4.0, [4.0, 6.0, 5]], [9, [2.0, 4, 4.0]], [9.0, [2.0, 9, 6.0]], [9.0, [-0.0, 9, 9]], [6.0, [1.0, 4.0, 9]]]
2020-08-10 00:26:10,054 INFO Best reward so far: 10.222859064737955
2020-08-10 07:37:36,311 INFO Iter 32
2020-08-10 07:37:36,506 INFO Policy now: [[9, [0, 9, 6.0]], [9, [0, 9, 8.0]], [8.0, [8, 9, 0]], [9, [0, 9, 9]], [9, [3.0, 2.0, 9]], [9, [3.0, 9.0, 9]], [9, [6.0, 0, 7.0]]]
2020-08-10 07:37:36,530 INFO Reward now: 9.75161083539327
2020-08-10 07:37:36,530 INFO Best policy so far: [[9, [0, 9, 5.0]], [9, [2, 9, 7]], [4.0, [4.0, 6.0, 5]], [9, [2.0, 4, 4.0]], [9.0, [2.0, 9, 6.0]], [9.0, [-0.0, 9, 9]], [6.0, [1.0, 4.0, 9]]]
2020-08-10 07:37:36,530 INFO Best reward so far: 12.192251364390055
2020-08-10 15:01:13,157 INFO Iter 33
2020-08-10 15:01:13,386 INFO Policy now: [[9.0, [0, 8.0, 9]], [7.0, [1.0, 9, 9.0]], [8.0, [8, 9, 1.0]], [7.0, [0, 6.0, 9]], [8.0, [6.0, 0, 9.0]], [8.0, [0, 9, 9]], [9, [5.0, 5.0, 9.0]]]
2020-08-10 15:01:13,460 INFO Reward now: 11.294568379720053
2020-08-10 15:01:13,460 INFO Best policy so far: [[9, [0, 9, 5.0]], [9, [2, 9, 7]], [4.0, [4.0, 6.0, 5]], [9, [2.0, 4, 4.0]], [9.0, [2.0, 9, 6.0]], [9.0, [-0.0, 9, 9]], [6.0, [1.0, 4.0, 9]]]
2020-08-10 15:01:13,460 INFO Best reward so far: 12.254340887069702
2020-08-10 23:22:45,370 INFO Iter 34
2020-08-10 23:22:46,056 INFO Policy now: [[8.0, [0, 9.0, 9.0]], [4.0, [2.0, 9, 9]], [7.0, [8, 7.0, 0]], [7.0, [0.0, 5.0, 9.0]], [6.0, [8.0, 2.0, 9.0]], [8.0, [0, 9, 9]], [7.0, [7.0, 9.0, 9]]]
2020-08-10 23:22:46,156 INFO Reward now: 8.805056889851889
2020-08-10 23:22:46,156 INFO Best policy so far: [[9, [0, 9, 5.0]], [9, [2, 9, 7]], [4.0, [4.0, 6.0, 5]], [9, [2.0, 4, 4.0]], [9.0, [2.0, 9, 6.0]], [9.0, [-0.0, 9, 9]], [6.0, [1.0, 4.0, 9]]]
2020-08-10 23:22:46,156 INFO Best reward so far: 10.201610167821249
2020-08-11 06:58:07,934 INFO Iter 35
2020-08-11 06:58:08,913 INFO Policy now: [[7.0, [1.0, 9, 9.0]], [2.0, [2.0, 9, 8.0]], [5.0, [8, 5.0, 0.0]], [6.0, [0, 8.0, 9.0]], [5.0, [8.0, 4.0, 7.0]], [7.0, [1.0, 9, 9]], [5.0, [8.0, 9, 9.0]]]
2020-08-11 06:58:08,944 INFO Reward now: 4.606303075949351
2020-08-11 06:58:08,944 INFO Best policy so far: [[6.0, [2, 9, 9.0]], [2.0, [4.0, 9, 6]], [4.0, [8, 4.0, 1]], [6.0, [0, 8.0, 9.0]], [4.0, [8.0, 6.0, 4.0]], [5.0, [3, 9, 9]], [4.0, [8, 9, 9]]]
2020-08-11 06:58:08,944 INFO Best reward so far: 5.390898784001668
2020-08-11 13:58:38,875 INFO Iter 36
2020-08-11 13:58:39,170 INFO Policy now: [[9.0, [2.0, 8.0, 8.0]], [3.0, [1.0, 8.0, 9.0]], [7.0, [7.0, 4.0, 0]], [7.0, [-0.0, 9.0, 9]], [8.0, [8, 4.0, 8.0]], [8.0, [0.0, 9.0, 9.0]], [7.0, [8.0, 9.0, 9.0]]]
2020-08-11 13:58:39,183 INFO Reward now: 4.148724317550659
2020-08-11 13:58:39,183 INFO Best policy so far: [[6.0, [2, 9, 9.0]], [2.0, [4.0, 9, 6]], [4.0, [8, 4.0, 1]], [6.0, [0, 8.0, 9.0]], [4.0, [8.0, 6.0, 4.0]], [5.0, [3, 9, 9]], [4.0, [8, 9, 9]]]
2020-08-11 13:58:39,183 INFO Best reward so far: 4.277869562307994
2020-08-11 14:50:18,836 INFO Iter 37
2020-08-11 14:50:18,902 INFO Policy now: [[8.0, [5.0, 9, 9.0]], [4.0, [-0.0, 7.0, 8.0]], [4.0, [5.0, 0, 0]], [5.0, [0, 8.0, 9]], [5.0, [5.0, 5.0, 9]], [9.0, [1.0, 9, 9]], [8.0, [6.0, 9, 5.0]]]
2020-08-11 14:50:18,914 INFO Reward now: 6.858006238937378
2020-08-11 14:50:18,914 INFO Best policy so far: [[6.0, [4.0, 9, 9]], [3.0, [2.0, 8.0, 6.0]], [4.0, [7.0, 3.0, 0]], [4.0, [0, 8.0, 9]], [4.0, [6, 5.0, 9]], [7.0, [2.0, 9, 9]], [5.0, [5.0, 9, 5.0]]]
2020-08-11 14:50:18,914 INFO Best reward so far: 9.447972456614176
2020-08-11 22:21:43,950 INFO Iter 38
2020-08-11 22:21:44,281 INFO Policy now: [[7.0, [6.0, 9, 9]], [3.0, [0.0, 6.0, 7.0]], [3.0, [7.0, 0.0, 1.0]], [5.0, [1.0, 9.0, 8.0]], [6.0, [4.0, 6.0, 9]], [8.0, [2.0, 9, 8.0]], [7.0, [7.0, 8.0, 7.0]]]
2020-08-11 22:21:44,291 INFO Reward now: 4.997721453507741
2020-08-11 22:21:44,291 INFO Best policy so far: [[7.0, [6.0, 9, 9]], [3.0, [0.0, 6.0, 7.0]], [3.0, [7.0, 0.0, 1.0]], [5.0, [1.0, 9.0, 8.0]], [6.0, [4.0, 6.0, 9]], [8.0, [2.0, 9, 8.0]], [7.0, [7.0, 8.0, 7.0]]]
2020-08-11 22:21:44,291 INFO Best reward so far: 4.997721453507741
2020-08-11 22:35:39,593 INFO Iter 39
2020-08-11 22:35:39,598 INFO Policy now: [[7.0, [2.0, 9, 8.0]], [6.0, [-0.0, 4.0, 6.0]], [6.0, [6.0, -0.0, -0.0]], [7.0, [1.0, 9, 5.0]], [4.0, [3.0, 7.0, 8.0]], [7.0, [1.0, 9, 9]], [6.0, [7.0, 8.0, 9]]]
2020-08-11 22:35:39,599 INFO Reward now: 9.349233269691467
2020-08-11 22:35:39,599 INFO Best policy so far: [[7.0, [6.0, 9, 9]], [3.0, [0.0, 6.0, 7.0]], [3.0, [7.0, 0.0, 1.0]], [5.0, [1.0, 9.0, 8.0]], [6.0, [4.0, 6.0, 9]], [8.0, [2.0, 9, 8.0]], [7.0, [7.0, 8.0, 7.0]]]
2020-08-11 22:35:39,599 INFO Best reward so far: 9.757753213246664
2020-08-12 05:56:50,917 INFO Iter 40
2020-08-12 05:56:51,096 INFO Policy now: [[9, [0, 7.0, 2.0]], [9, [0, 9, 3.0]], [7.0, [8, -0.0, 2.0]], [9, [0, 9, 9]], [9.0, [4.0, 9, 3.0]], [9, [0, 8.0, 9]], [7.0, [7.0, 9, 5.0]]]
2020-08-12 05:56:51,140 INFO Reward now: 9.029895544052124
2020-08-12 05:56:51,140 INFO Best policy so far: [[9, [0, 6, 4.0]], [9, [0, 7.0, 4.0]], [7.0, [8, 1.0, 3.0]], [9, [-0.0, 9, 8.0]], [6.0, [4.0, 9.0, 6.0]], [9, [0, 8, 9]], [6.0, [6.0, 9, 5]]]
2020-08-12 05:56:51,140 INFO Best reward so far: 9.253499945004782
2020-08-12 13:06:01,776 INFO Iter 41
2020-08-12 13:06:02,324 INFO Policy now: [[9, [0, 9, 8.0]], [9.0, [0, 9, 0]], [9, [6.0, 0, 5.0]], [9, [0, 9.0, 6.0]], [9, [2.0, 8.0, 1.0]], [9, [0, 9, 8.0]], [9, [4.0, 6.0, 3.0]]]
2020-08-12 13:06:02,390 INFO Reward now: 10.452157179514566
2020-08-12 13:06:02,391 INFO Best policy so far: [[9, [0, 9, 4.0]], [9, [2, 9, 0.0]], [9.0, [6, 0, 4.0]], [9, [0, 8, 4]], [9.0, [1.0, 8, 2.0]], [9, [0, 9, 8]], [9, [5.0, 6, 2.0]]]
2020-08-12 13:06:02,391 INFO Best reward so far: 10.604535659154257
2020-08-12 20:20:26,264 INFO Iter 42
2020-08-12 20:20:26,446 INFO Policy now: [[9.0, [0.0, 9, 8.0]], [9, [-0.0, 9.0, 0]], [9, [5.0, 0, 3.0]], [9, [-0.0, 8.0, 7.0]], [9.0, [4.0, 8.0, -0.0]], [9.0, [0, 9, 7.0]], [9, [4.0, 6.0, 5.0]]]
2020-08-12 20:20:26,540 INFO Reward now: 11.282639026641846
2020-08-12 20:20:26,544 INFO Best policy so far: [[9, [0, 9, 8.0]], [9.0, [0, 9, 0]], [9, [7.0, 0, 2.0]], [9, [0, 6.0, 6.0]], [9, [4.0, 7.0, 0]], [9, [0, 9, 4.0]], [9, [0.0, 9, 8.0]]]
2020-08-12 20:20:26,544 INFO Best reward so far: 11.723020633061727
2020-08-12 20:34:27,998 INFO Iter 43
2020-08-12 20:34:28,007 INFO Policy now: [[9, [1.0, 9, 7.0]], [9, [1.0, 9, 0]], [9, [-0.0, 2.0, -0.0]], [9, [0, 8.0, 9]], [9, [4.0, 9, -0.0]], [9, [1.0, 9, 7.0]], [9, [3.0, 9, 4.0]]]
2020-08-12 20:34:28,008 INFO Reward now: 6.022338469823201
2020-08-12 20:34:28,008 INFO Best policy so far: [[9, [2.0, 9, 8.0]], [9, [3.0, 9, 0]], [9, [2.0, 2, 0]], [9, [0, 8.0, 9]], [9, [5.0, 9, 2.0]], [9.0, [2, 9, 7.0]], [9, [2.0, 9, 4.0]]]
2020-08-12 20:34:28,008 INFO Best reward so far: 6.525661587715149
2020-08-12 20:59:49,104 INFO Iter 44
2020-08-12 20:59:49,145 INFO Policy now: [[8.0, [2.0, 9, 9]], [8.0, [2.0, 7.0, 0]], [9, [0, 2.0, 0.0]], [9.0, [0, 8.0, 8.0]], [9, [1.0, 8.0, 1.0]], [8.0, [1.0, 8.0, 9]], [9, [2.0, 9.0, 5.0]]]
2020-08-12 20:59:49,145 INFO Reward now: 6.919312119483948
2020-08-12 20:59:49,145 INFO Best policy so far: [[9, [0, 9, 5.0]], [9, [0.0, 6, 4]], [9, [2.0, 2.0, 4.0]], [9, [0, 5.0, 9]], [9, [4.0, 6, 3.0]], [9, [3.0, 9, 9]], [9, [2.0, 9, 3.0]]]
2020-08-12 20:59:49,145 INFO Best reward so far: 7.890870968500773
2020-08-12 21:51:30,840 INFO Iter 45
2020-08-12 21:51:31,058 INFO Policy now: [[8.0, [5.0, 9, 9.0]], [8.0, [4.0, 8.0, 1.0]], [9.0, [0.0, 5.0, 0.0]], [9.0, [0, 9.0, 8.0]], [9.0, [2.0, 7.0, 1.0]], [9.0, [-0.0, 5.0, 9]], [9, [3.0, 9.0, 6.0]]]
2020-08-12 21:51:31,166 INFO Reward now: 8.387128313382467
2020-08-12 21:51:31,166 INFO Best policy so far: [[9, [0, 9, 5.0]], [9, [0.0, 6, 4]], [9, [2.0, 2.0, 4.0]], [9, [0, 5.0, 9]], [9, [4.0, 6, 3.0]], [9, [3.0, 9, 9]], [9, [2.0, 9, 3.0]]]
2020-08-12 21:51:31,166 INFO Best reward so far: 9.053673585255941
2020-08-13 06:10:11,577 INFO Iter 46
2020-08-13 06:10:11,990 INFO Policy now: [[9, [7.0, 9, 9]], [9, [0, 3.0, 0]], [9, [0, 7.0, 0.0]], [9, [1.0, 9, 9]], [9, [0, 7.0, 8.0]], [9, [0, 9, 6.0]], [9, [0, 9, 3.0]]]
2020-08-13 06:10:12,176 INFO Reward now: 10.807784477869669
2020-08-13 06:10:12,176 INFO Best policy so far: [[9.0, [4.0, 8, 9]], [9, [0.0, 6.0, 0]], [9, [0, 5.0, 4.0]], [9, [1, 9, 9]], [9, [0.0, 2.0, 4.0]], [9, [0, 6.0, 7]], [9, [2.0, 9, 9]]]
2020-08-13 06:10:12,176 INFO Best reward so far: 12.202439069747925
2020-08-13 13:33:09,967 INFO Iter 47
2020-08-13 13:33:11,025 INFO Policy now: [[9, [8, 7.0, 9]], [9, [0, 2.0, 0.0]], [9, [0, 9, 1.0]], [9.0, [0, 9, 9]], [9, [0, 9, 6.0]], [9, [0, 9, 9]], [9, [0, 8.0, 0]]]
2020-08-13 13:33:11,281 INFO Reward now: 6.915632526079814
2020-08-13 13:33:11,282 INFO Best policy so far: [[9, [8, 6, 9]], [9, [0, 2.0, 0]], [9, [0, 8.0, 0.0]], [9, [0, 9, 9]], [9, [0, 9, 6.0]], [9, [0, 9, 9]], [9, [0, 8, 0]]]
2020-08-13 13:33:11,282 INFO Best reward so far: 7.6678604284922285
2020-08-13 22:04:24,493 INFO Iter 48
2020-08-13 22:04:24,669 INFO Policy now: [[9.0, [8.0, 8.0, 9.0]], [9.0, [-0.0, 4.0, 1.0]], [9.0, [1.0, 8.0, 0.0]], [9.0, [-0.0, 9, 9.0]], [9, [0.0, 9, 5.0]], [9, [0.0, 9, 8.0]], [9.0, [0, 9.0, 1.0]]]
2020-08-13 22:04:24,727 INFO Reward now: 7.1764150857925415
2020-08-13 22:04:24,727 INFO Best policy so far: [[9.0, [8.0, 8.0, 9.0]], [9.0, [-0.0, 4.0, 1.0]], [9.0, [1.0, 8.0, 0.0]], [9.0, [-0.0, 9, 9.0]], [9, [0.0, 9, 5.0]], [9, [0.0, 9, 8.0]], [9.0, [0, 9.0, 1.0]]]
2020-08-13 22:04:24,727 INFO Best reward so far: 7.1764150857925415
2020-08-14 05:32:49,419 INFO Iter 49
2020-08-14 05:32:49,674 INFO Policy now: [[9, [8, 7.0, 6.0]], [9, [0, 9.0, 1.0]], [9, [0.0, 9.0, 3.0]], [9, [0, 9.0, 7.0]], [9, [0, 9.0, 2.0]], [9, [2.0, 7.0, 7.0]], [9, [1.0, 9, 0.0]]]
2020-08-14 05:32:49,713 INFO Reward now: 12.566608508427938
2020-08-14 05:32:49,713 INFO Best policy so far: [[9, [8, 5.0, 4.0]], [9, [0, 6.0, -0.0]], [9, [0, 7.0, 4.0]], [9, [0, 8, 6.0]], [9, [0, 9, 1.0]], [9, [3.0, 6, 4.0]], [9, [4, 9, 0]]]
2020-08-14 05:32:49,713 INFO Best reward so far: 13.243572473526001
2020-08-14 12:59:45,893 INFO Iter 50
2020-08-14 12:59:46,108 INFO Policy now: [[9, [5.0, 5.0, 3.0]], [9, [-0.0, 9.0, 5.0]], [9, [0, 9.0, 5.0]], [9, [0, 8.0, 8.0]], [9, [0, 9, 3.0]], [9, [4.0, 8.0, 6.0]], [9.0, [0, 9.0, 2.0]]]
2020-08-14 12:59:46,122 INFO Reward now: 7.635772625605266
2020-08-14 12:59:46,122 INFO Best policy so far: [[9, [5, 8.0, 3.0]], [9, [0, 8.0, 4.0]], [9, [0, 9.0, 4.0]], [9, [0, 8.0, 9]], [9, [0, 9, 5.0]], [9, [3.0, 6.0, 4.0]], [9, [0, 7, 4.0]]]
2020-08-14 12:59:46,122 INFO Best reward so far: 7.7680797179539995
2020-08-14 13:08:05,895 INFO Iter 51
2020-08-14 13:08:06,014 INFO Policy now: [[9.0, [5.0, 7.0, 4.0]], [9, [0.0, 9, 4.0]], [9, [1.0, 9.0, 4.0]], [9, [0.0, 9, 9.0]], [9, [0.0, 8.0, 2.0]], [9, [5.0, 5.0, 5.0]], [9, [-0.0, 9, 3.0]]]
2020-08-14 13:08:06,020 INFO Reward now: 4.651408135890961
2020-08-14 13:08:06,020 INFO Best policy so far: [[9, [5, 8.0, 3.0]], [9, [0, 8.0, 4.0]], [9, [0, 9.0, 4.0]], [9, [0, 8.0, 9]], [9, [0, 9, 5.0]], [9, [3.0, 6.0, 4.0]], [9, [0, 7, 4.0]]]
2020-08-14 13:08:06,020 INFO Best reward so far: 5.110848983128865
2020-08-14 21:43:34,893 INFO Iter 52
2020-08-14 21:43:35,443 INFO Policy now: [[9, [3.0, 7.0, 4.0]], [9, [0.0, 7.0, 6.0]], [9.0, [0, 9.0, 1.0]], [9, [0, 9, 9]], [9.0, [1.0, 8.0, 6.0]], [9, [1.0, 2.0, 5.0]], [9.0, [0.0, 9, 4.0]]]
2020-08-14 21:43:35,464 INFO Reward now: 7.904399315516154
2020-08-14 21:43:35,465 INFO Best policy so far: [[9, [5, 8.0, 3.0]], [9, [0, 8.0, 4.0]], [9, [0, 9.0, 4.0]], [9, [0, 8.0, 9]], [9, [0, 9, 5.0]], [9, [3.0, 6.0, 4.0]], [9, [0, 7, 4.0]]]
2020-08-14 21:43:35,465 INFO Best reward so far: 8.122926672299704
2020-08-14 22:07:20,747 INFO Iter 53
2020-08-14 22:07:21,261 INFO Policy now: [[9.0, [4.0, 6.0, 4.0]], [9.0, [-0.0, 6.0, 7.0]], [9.0, [0.0, 9.0, 1.0]], [9.0, [-0.0, 9.0, 9.0]], [9.0, [1.0, 9.0, 5.0]], [9.0, [1.0, 2.0, 4.0]], [9.0, [0.0, 9.0, 5.0]]]
2020-08-14 22:07:21,331 INFO Reward now: 6.029359857241313
2020-08-14 22:07:21,332 INFO Best policy so far: [[9.0, [4.0, 6.0, 4.0]], [9.0, [-0.0, 6.0, 7.0]], [9.0, [0.0, 9.0, 1.0]], [9.0, [-0.0, 9.0, 9.0]], [9.0, [1.0, 9.0, 5.0]], [9.0, [1.0, 2.0, 4.0]], [9.0, [0.0, 9.0, 5.0]]]
2020-08-14 22:07:21,332 INFO Best reward so far: 6.029359857241313
2020-08-14 23:09:23,513 INFO Iter 54
2020-08-14 23:09:23,706 INFO Policy now: [[8.0, [8.0, 8.0, 6.0]], [7.0, [0, 9, 9]], [8.0, [3.0, 8.0, 3.0]], [8.0, [-0.0, 9, 9]], [7.0, [1.0, 8.0, 9.0]], [7.0, [0.0, 0, 5.0]], [9.0, [0, 8.0, 2.0]]]
2020-08-14 23:09:23,715 INFO Reward now: 11.273150046666464
2020-08-14 23:09:23,716 INFO Best policy so far: [[8.0, [5.0, 8.0, 7.0]], [8.0, [0, 9.0, 8.0]], [6.0, [4.0, 4.0, 4.0]], [6.0, [-0.0, 9, 9]], [6.0, [2.0, 8.0, 6.0]], [6.0, [0, 0, 4.0]], [8.0, [0, 7.0, 3.0]]]
2020-08-14 23:09:23,716 INFO Best reward so far: 13.012024402618408
2020-08-15 07:40:24,251 INFO Iter 55
2020-08-15 07:40:24,491 INFO Policy now: [[9.0, [8.0, 9, 9]], [7.0, [0.0, 9, 9.0]], [9, [5.0, 7.0, 0.0]], [8.0, [0.0, 9, 9]], [6.0, [-0.0, 6.0, 9.0]], [6.0, [0, 0, 7.0]], [9.0, [0.0, 8.0, 2.0]]]
2020-08-15 07:40:24,514 INFO Reward now: 8.203338146209717
2020-08-15 07:40:24,514 INFO Best policy so far: [[8.0, [5.0, 8.0, 7.0]], [8.0, [0, 9.0, 8.0]], [6.0, [4.0, 4.0, 4.0]], [6.0, [-0.0, 9, 9]], [6.0, [2.0, 8.0, 6.0]], [6.0, [0, 0, 4.0]], [8.0, [0, 7.0, 3.0]]]
2020-08-15 07:40:24,515 INFO Best reward so far: 8.293834884961447
2020-08-15 15:11:50,670 INFO Iter 56
2020-08-15 15:11:50,889 INFO Policy now: [[8.0, [7.0, 9.0, 9.0]], [7.0, [1.0, 7.0, 9]], [9, [7.0, 8.0, 3.0]], [9.0, [1.0, 8.0, 9]], [5.0, [0, 6.0, 7.0]], [6.0, [0, 3.0, 4.0]], [9.0, [1.0, 7.0, 3.0]]]
2020-08-15 15:11:50,896 INFO Reward now: 9.854930202166239
2020-08-15 15:11:50,896 INFO Best policy so far: [[4.0, [8.0, 8, 9]], [4.0, [4.0, 7, 8.0]], [8, [5.0, 7.0, 3.0]], [4.0, [1.0, 9, 7]], [3.0, [-0.0, 3.0, 7.0]], [6.0, [0, 4, 4.0]], [8.0, [2.0, 9, 1.0]]]
2020-08-15 15:11:50,896 INFO Best reward so far: 11.739384651184082
2020-08-15 23:28:03,414 INFO Iter 57
2020-08-15 23:28:03,606 INFO Policy now: [[1.0, [0, 9, 6.0]], [0, [0, 8.0, 6.0]], [7.0, [8, 0, 6.0]], [4.0, [0, 9, 3.0]], [0, [0, 6.0, 3.0]], [0, [0, 9, 0]], [7.0, [0, 9, 9.0]]]
2020-08-15 23:28:03,690 INFO Reward now: 9.549288431803385
2020-08-15 23:28:03,690 INFO Best policy so far: [[6.0, [4.0, 9, 8.0]], [4.0, [0, 7.0, 7]], [8, [8, 4.0, 2.0]], [5.0, [0, 9, 5]], [3.0, [0, 4.0, 5.0]], [2.0, [0, 6.0, 2.0]], [9.0, [0, 9, 8.0]]]
2020-08-15 23:28:03,690 INFO Best reward so far: 11.194812059402466
2020-08-16 07:46:20,750 INFO Iter 58
2020-08-16 07:46:21,119 INFO Policy now: [[2.0, [1.0, 7.0, 6.0]], [-0.0, [0, 9, 6.0]], [8.0, [8, 3.0, -0.0]], [8.0, [2.0, 9, 0]], [0.0, [1.0, 8.0, 6.0]], [0, [1.0, 9, 2.0]], [5.0, [0, 9, 9.0]]]
2020-08-16 07:46:21,168 INFO Reward now: 7.658683180809021
2020-08-16 07:46:21,168 INFO Best policy so far: [[6.0, [4.0, 9, 8.0]], [4.0, [0, 7.0, 7]], [8, [8, 4.0, 2.0]], [5.0, [0, 9, 5]], [3.0, [0, 4.0, 5.0]], [2.0, [0, 6.0, 2.0]], [9.0, [0, 9, 8.0]]]
2020-08-16 07:46:21,168 INFO Best reward so far: 9.435490687688192
2020-08-16 08:25:17,232 INFO Iter 59
2020-08-16 08:25:17,448 INFO Policy now: [[1.0, [1.0, 9.0, 8.0]], [0, [0.0, 8.0, 9.0]], [6.0, [8.0, 3.0, 1.0]], [5.0, [2.0, 7.0, 0.0]], [-0.0, [2.0, 9.0, 7.0]], [0, [2.0, 9, 1.0]], [5.0, [0, 9, 9]]]
2020-08-16 08:25:17,504 INFO Reward now: 8.750121633211771
2020-08-16 08:25:17,505 INFO Best policy so far: [[6.0, [4.0, 9, 8.0]], [4.0, [0, 7.0, 7]], [8, [8, 4.0, 2.0]], [5.0, [0, 9, 5]], [3.0, [0, 4.0, 5.0]], [2.0, [0, 6.0, 2.0]], [9.0, [0, 9, 8.0]]]
2020-08-16 08:25:17,505 INFO Best reward so far: 9.588173786799112
2020-08-16 08:51:52,913 INFO Iter 60
2020-08-16 08:51:52,926 INFO Policy now: [[-0.0, [2.0, 8.0, 9.0]], [0, [0.0, 9.0, 9.0]], [3.0, [7.0, 1.0, 0.0]], [3.0, [2.0, 9, 1.0]], [-0.0, [3.0, 9.0, 6.0]], [-0.0, [3.0, 9.0, -0.0]], [3.0, [1.0, 9.0, 9]]]
2020-08-16 08:51:52,927 INFO Reward now: 5.483807663122813
2020-08-16 08:51:52,927 INFO Best policy so far: [[6.0, [4.0, 9, 8.0]], [4.0, [0, 7.0, 7]], [8, [8, 4.0, 2.0]], [5.0, [0, 9, 5]], [3.0, [0, 4.0, 5.0]], [2.0, [0, 6.0, 2.0]], [9.0, [0, 9, 8.0]]]
2020-08-16 08:51:52,927 INFO Best reward so far: 6.246575474739075
2020-08-16 09:11:19,244 INFO Iter 61
2020-08-16 09:11:19,648 INFO Policy now: [[1.0, [4.0, 9, 6.0]], [0.0, [0, 6.0, 7.0]], [4.0, [5.0, 1.0, 0.0]], [4.0, [-0.0, 9, 1.0]], [1.0, [3.0, 9, 6.0]], [1.0, [5.0, 7.0, 0]], [5.0, [0, 8.0, 8.0]]]
2020-08-16 09:11:19,714 INFO Reward now: 3.2925965885321298
2020-08-16 09:11:19,714 INFO Best policy so far: [[4.0, [4.0, 9, 4.0]], [0, [0, 4.0, 5.0]], [4.0, [4.0, 2.0, 0.0]], [4.0, [0.0, 9, 4.0]], [2.0, [2.0, 9, 8.0]], [2.0, [4.0, 7.0, 0]], [6.0, [0, 8.0, 4]]]
2020-08-16 09:11:19,714 INFO Best reward so far: 4.130843023459117
2020-08-16 09:39:00,149 INFO Iter 62
2020-08-16 09:39:00,247 INFO Policy now: [[5.0, [7.0, 9, 1.0]], [3.0, [2.0, 9, 7.0]], [6.0, [8, 2.0, 0.0]], [9, [0, 9, -0.0]], [4.0, [2.0, 8.0, 5.0]], [4.0, [8.0, 9, 0]], [6.0, [2.0, 9, 9]]]
2020-08-16 09:39:00,248 INFO Reward now: 5.987800757090251
2020-08-16 09:39:00,248 INFO Best policy so far: [[4.0, [4.0, 9, 4.0]], [0, [0, 4.0, 5.0]], [4.0, [4.0, 2.0, 0.0]], [4.0, [0.0, 9, 4.0]], [2.0, [2.0, 9, 8.0]], [2.0, [4.0, 7.0, 0]], [6.0, [0, 8.0, 4]]]
2020-08-16 09:39:00,248 INFO Best reward so far: 6.4746116399765015
2020-08-16 09:51:11,697 INFO Iter 63
2020-08-16 09:51:11,714 INFO Policy now: [[9, [2.0, 9, 4.0]], [9, [0, 5.0, 5.0]], [6.0, [6.0, 5.0, 0]], [9, [0, 9, 1.0]], [7.0, [3.0, 5.0, 0]], [5.0, [8, 9, 0]], [9, [3.0, 9, 9]]]
2020-08-16 09:51:11,714 INFO Reward now: 6.501300017038981
2020-08-16 09:51:11,714 INFO Best policy so far: [[4.0, [4.0, 9, 4.0]], [0, [0, 4.0, 5.0]], [4.0, [4.0, 2.0, 0.0]], [4.0, [0.0, 9, 4.0]], [2.0, [2.0, 9, 8.0]], [2.0, [4.0, 7.0, 0]], [6.0, [0, 8.0, 4]]]
2020-08-16 09:51:11,715 INFO Best reward so far: 7.911721309026082
2020-08-16 16:49:28,390 INFO Iter 64
2020-08-16 16:49:28,756 INFO Policy now: [[6.0, [1.0, 9, 8.0]], [6.0, [2.0, 8.0, 9.0]], [3.0, [8.0, 6.0, 1.0]], [6.0, [-0.0, 9.0, 3.0]], [5.0, [6.0, 6.0, 0.0]], [3.0, [8, 9, 0]], [9.0, [2.0, 9, 9.0]]]
2020-08-16 16:49:28,774 INFO Reward now: 5.288414239883423
2020-08-16 16:49:28,775 INFO Best policy so far: [[6.0, [1.0, 9, 8.0]], [6.0, [2.0, 8.0, 9.0]], [3.0, [8.0, 6.0, 1.0]], [6.0, [-0.0, 9.0, 3.0]], [5.0, [6.0, 6.0, 0.0]], [3.0, [8, 9, 0]], [9.0, [2.0, 9, 9.0]]]
2020-08-16 16:49:28,775 INFO Best reward so far: 5.288414239883423
2020-08-16 16:56:09,588 INFO Iter 65
2020-08-16 16:56:09,591 INFO Policy now: [[5.0, [0, 9, 6.0]], [7.0, [1.0, 8.0, 8.0]], [4.0, [8, 8.0, 3.0]], [6.0, [2.0, 9, 3.0]], [5.0, [5.0, 8.0, -0.0]], [5.0, [8.0, 9, 1.0]], [8.0, [1.0, 9, 8.0]]]
2020-08-16 16:56:09,591 INFO Reward now: 6.0912654002507525
2020-08-16 16:56:09,591 INFO Best policy so far: [[5.0, [0, 9, 6.0]], [7.0, [1.0, 8.0, 8.0]], [4.0, [8, 8.0, 3.0]], [6.0, [2.0, 9, 3.0]], [5.0, [5.0, 8.0, -0.0]], [5.0, [8.0, 9, 1.0]], [8.0, [1.0, 9, 8.0]]]
2020-08-16 16:56:09,591 INFO Best reward so far: 6.0912654002507525
2020-08-17 00:23:05,733 INFO Iter 66
2020-08-17 00:23:06,153 INFO Policy now: [[6.0, [0, 9, 4.0]], [9.0, [0, 9, 9]], [8.0, [6.0, 5.0, 0]], [7.0, [0, 9, 4.0]], [8.0, [8, 9, 5.0]], [9, [4.0, 9.0, 1.0]], [9.0, [0, 9, 5.0]]]
2020-08-17 00:23:06,167 INFO Reward now: 12.945722341537476
2020-08-17 00:23:06,167 INFO Best policy so far: [[4.0, [0, 8, 5.0]], [6.0, [0, 9, 9]], [4.0, [5, 7.0, 0.0]], [6.0, [0, 9, 4.0]], [3.0, [8, 9, 4.0]], [2.0, [6.0, 9, 3.0]], [5.0, [0.0, 9, 4.0]]]
2020-08-17 00:23:06,167 INFO Best reward so far: 13.013040463129679
2020-08-17 01:06:41,515 INFO Iter 67
2020-08-17 01:06:41,634 INFO Policy now: [[6.0, [1.0, 9.0, 3.0]], [7.0, [1.0, 9.0, 8.0]], [6.0, [8.0, 5.0, 1.0]], [7.0, [2.0, 9, 6.0]], [7.0, [8.0, 9, 7.0]], [8.0, [6.0, 9.0, 0]], [7.0, [0, 9, 6.0]]]
2020-08-17 01:06:41,656 INFO Reward now: 7.1275308926900225
2020-08-17 01:06:41,657 INFO Best policy so far: [[4.0, [0, 8, 5.0]], [6.0, [0, 9, 9]], [4.0, [5, 7.0, 0.0]], [6.0, [0, 9, 4.0]], [3.0, [8, 9, 4.0]], [2.0, [6.0, 9, 3.0]], [5.0, [0.0, 9, 4.0]]]
2020-08-17 01:06:41,657 INFO Best reward so far: 7.7650991678237915
2020-08-17 01:43:36,298 INFO Iter 68
2020-08-17 01:43:36,304 INFO Policy now: [[3.0, [1.0, 9, 2.0]], [4.0, [1.0, 9.0, 8.0]], [4.0, [8, 7.0, 0.0]], [5.0, [0.0, 9, 6.0]], [5.0, [8, 9, 8.0]], [7.0, [6.0, 9.0, 1.0]], [6.0, [1.0, 8.0, 7.0]]]
2020-08-17 01:43:36,304 INFO Reward now: 6.890164415041606
2020-08-17 01:43:36,304 INFO Best policy so far: [[4.0, [0, 8, 5.0]], [6.0, [0, 9, 9]], [4.0, [5, 7.0, 0.0]], [6.0, [0, 9, 4.0]], [3.0, [8, 9, 4.0]], [2.0, [6.0, 9, 3.0]], [5.0, [0.0, 9, 4.0]]]
2020-08-17 01:43:36,304 INFO Best reward so far: 8.352657238642374
2020-08-17 02:43:41,446 INFO Iter 69
2020-08-17 02:43:41,577 INFO Policy now: [[0, [0, 9, 1.0]], [3.0, [6.0, 8.0, 6.0]], [1.0, [3.0, 9.0, 0]], [0, [0, 9, 9]], [3.0, [8.0, 9.0, 9]], [2.0, [1.0, 9.0, 2.0]], [1.0, [0, 8.0, 5.0]]]
2020-08-17 02:43:41,587 INFO Reward now: 11.668140570322672
2020-08-17 02:43:41,587 INFO Best policy so far: [[4.0, [0, 8, 5.0]], [6.0, [0, 9, 9]], [4.0, [5, 7.0, 0.0]], [6.0, [0, 9, 4.0]], [3.0, [8, 9, 4.0]], [2.0, [6.0, 9, 3.0]], [5.0, [0.0, 9, 4.0]]]
2020-08-17 02:43:41,588 INFO Best reward so far: 15.125990947087606
2020-08-17 03:06:48,148 INFO Iter 70
2020-08-17 03:06:48,378 INFO Policy now: [[7.0, [0, 9.0, 7.0]], [9, [6.0, 4.0, 0]], [6.0, [5.0, 8.0, 5.0]], [2.0, [1.0, 6.0, 9.0]], [9.0, [8, 0.0, 9]], [9, [3.0, 9, 0]], [8.0, [0, 8.0, 9]]]
2020-08-17 03:06:48,389 INFO Reward now: 3.740387221177419
2020-08-17 03:06:48,389 INFO Best policy so far: [[4.0, [0, 8, 5.0]], [6.0, [0, 9, 9]], [4.0, [5, 7.0, 0.0]], [6.0, [0, 9, 4.0]], [3.0, [8, 9, 4.0]], [2.0, [6.0, 9, 3.0]], [5.0, [0.0, 9, 4.0]]]
2020-08-17 03:06:48,389 INFO Best reward so far: 4.874021887779236
2020-08-17 10:27:04,352 INFO Iter 71
2020-08-17 10:27:04,484 INFO Policy now: [[9, [0, 9, 5.0]], [9, [5.0, 0, -0.0]], [9, [6.0, 4.0, 9]], [7.0, [4.0, 6.0, 9.0]], [9, [8, 1.0, 9.0]], [9, [0, 9.0, 2.0]], [9, [0, 9, 9]]]
2020-08-17 10:27:04,493 INFO Reward now: 8.084322452545166
2020-08-17 10:27:04,493 INFO Best policy so far: [[4.0, [0, 8, 5.0]], [6.0, [0, 9, 9]], [4.0, [5, 7.0, 0.0]], [6.0, [0, 9, 4.0]], [3.0, [8, 9, 4.0]], [2.0, [6.0, 9, 3.0]], [5.0, [0.0, 9, 4.0]]]
2020-08-17 10:27:04,493 INFO Best reward so far: 9.912465890248617
2020-08-17 17:48:30,336 INFO Iter 72
2020-08-17 17:48:30,528 INFO Policy now: [[9, [0.0, 9, 6.0]], [9, [1.0, 1.0, 1.0]], [9, [2.0, 7.0, 9]], [9.0, [3.0, 5.0, 7.0]], [9, [8.0, 0, 9]], [9, [2.0, 8.0, 8.0]], [9, [2.0, 9, 9]]]
2020-08-17 17:48:30,537 INFO Reward now: 7.653650601704915
2020-08-17 17:48:30,537 INFO Best policy so far: [[4.0, [0, 8, 5.0]], [6.0, [0, 9, 9]], [4.0, [5, 7.0, 0.0]], [6.0, [0, 9, 4.0]], [3.0, [8, 9, 4.0]], [2.0, [6.0, 9, 3.0]], [5.0, [0.0, 9, 4.0]]]
2020-08-17 17:48:30,537 INFO Best reward so far: 7.91093651453654
2020-08-18 01:58:30,441 INFO Iter 73
2020-08-18 01:58:30,609 INFO Policy now: [[8.0, [1.0, 9, 3.0]], [9.0, [0, 3.0, -0.0]], [9.0, [1.0, 9.0, 9.0]], [8.0, [5.0, 8.0, 8.0]], [9.0, [8.0, 1.0, 9.0]], [9.0, [4.0, 7.0, 7.0]], [8.0, [3.0, 9, 9]]]
2020-08-18 01:58:30,655 INFO Reward now: 5.495592315991719
2020-08-18 01:58:30,655 INFO Best policy so far: [[4.0, [0, 8, 5.0]], [6.0, [0, 9, 9]], [4.0, [5, 7.0, 0.0]], [6.0, [0, 9, 4.0]], [3.0, [8, 9, 4.0]], [2.0, [6.0, 9, 3.0]], [5.0, [0.0, 9, 4.0]]]
2020-08-18 01:58:30,655 INFO Best reward so far: 5.589516361554463
2020-08-18 02:30:51,991 INFO Iter 74
2020-08-18 02:30:52,207 INFO Policy now: [[7.0, [3.0, 9, 2.0]], [9.0, [-0.0, 2.0, 1.0]], [9.0, [2.0, 9.0, 9.0]], [7.0, [4.0, 9.0, 8.0]], [9.0, [8, 2.0, 8.0]], [7.0, [1.0, 9.0, 8.0]], [6.0, [3.0, 9, 9.0]]]
2020-08-18 02:30:52,214 INFO Reward now: 8.893946369489035
2020-08-18 02:30:52,214 INFO Best policy so far: [[4.0, [0, 8, 5.0]], [6.0, [0, 9, 9]], [4.0, [5, 7.0, 0.0]], [6.0, [0, 9, 4.0]], [3.0, [8, 9, 4.0]], [2.0, [6.0, 9, 3.0]], [5.0, [0.0, 9, 4.0]]]
2020-08-18 02:30:52,214 INFO Best reward so far: 9.578567941983541
2020-08-18 09:45:12,139 INFO Iter 75
2020-08-18 09:45:12,334 INFO Policy now: [[5.0, [0, 6.0, 4.0]], [9.0, [0, 9.0, 2.0]], [8.0, [5.0, 9.0, 8.0]], [5.0, [-0.0, 9, 8.0]], [9.0, [8, 8.0, 6.0]], [8.0, [0, 9.0, 6.0]], [3.0, [6.0, 9.0, 9.0]]]
2020-08-18 09:45:12,356 INFO Reward now: 11.809111833572388
2020-08-18 09:45:12,356 INFO Best policy so far: [[4.0, [0, 8, 5.0]], [6.0, [0, 9, 9]], [4.0, [5, 7.0, 0.0]], [6.0, [0, 9, 4.0]], [3.0, [8, 9, 4.0]], [2.0, [6.0, 9, 3.0]], [5.0, [0.0, 9, 4.0]]]
2020-08-18 09:45:12,356 INFO Best reward so far: 12.662856737772623
2020-08-18 09:51:55,740 INFO Iter 76
2020-08-18 09:51:55,750 INFO Policy now: [[6.0, [0.0, 5.0, 5.0]], [9.0, [0.0, 9.0, 3.0]], [8.0, [4.0, 9.0, 8.0]], [5.0, [0.0, 9.0, 8.0]], [9.0, [8.0, 8.0, 5.0]], [8.0, [0.0, 9.0, 6.0]], [3.0, [7.0, 9.0, 9.0]]]
2020-08-18 09:51:55,750 INFO Reward now: 6.214545329411824
2020-08-18 09:51:55,750 INFO Best policy so far: [[4.0, [0, 8, 5.0]], [6.0, [0, 9, 9]], [4.0, [5, 7.0, 0.0]], [6.0, [0, 9, 4.0]], [3.0, [8, 9, 4.0]], [2.0, [6.0, 9, 3.0]], [5.0, [0.0, 9, 4.0]]]
2020-08-18 09:51:55,750 INFO Best reward so far: 6.278941194216411
2020-08-18 18:22:27,074 INFO Iter 77
2020-08-18 18:22:27,318 INFO Policy now: [[6.0, [0, 7.0, 2.0]], [9, [1.0, 9, 5.0]], [9, [8, 7.0, 8.0]], [9.0, [2.0, 7.0, 9]], [9, [5.0, 9, 6.0]], [9, [0.0, 9, 9]], [9.0, [8, 7.0, 9]]]
2020-08-18 18:22:27,330 INFO Reward now: 12.05104430516561
2020-08-18 18:22:27,330 INFO Best policy so far: [[6.0, [0, 6.0, 3.0]], [9, [1.0, 9, 4.0]], [9.0, [7.0, 6.0, 8.0]], [7.0, [2.0, 6.0, 9.0]], [9, [4.0, 9, 6.0]], [9, [-0.0, 9, 9]], [7.0, [8.0, 6.0, 9]]]
2020-08-18 18:22:27,331 INFO Best reward so far: 13.23358162244161
2020-08-18 18:34:36,052 INFO Iter 78
2020-08-18 18:34:36,056 INFO Policy now: [[8.0, [-0.0, 7.0, 3.0]], [9, [0.0, 9, 6.0]], [9, [8.0, 9.0, 8.0]], [9.0, [1.0, 4.0, 9]], [9, [8.0, 8.0, 8.0]], [9, [0, 9.0, 9.0]], [9, [7.0, 9, 9]]]
2020-08-18 18:34:36,056 INFO Reward now: 6.56657862663269
2020-08-18 18:34:36,056 INFO Best policy so far: [[6.0, [0, 6.0, 3.0]], [9, [1.0, 9, 4.0]], [9.0, [7.0, 6.0, 8.0]], [7.0, [2.0, 6.0, 9.0]], [9, [4.0, 9, 6.0]], [9, [-0.0, 9, 9]], [7.0, [8.0, 6.0, 9]]]
2020-08-18 18:34:36,056 INFO Best reward so far: 7.647968530654907
