2020-08-02 00:16:54,633 INFO Iter 0
2020-08-02 00:16:54,738 INFO Policy now: [[5.0, [0, 0, 9]], [4.0, [8.0, 4.0, 7.0]], [4.0, [0, 6.0, 0]], [9, [8, 9, 9.0]], [5.0, [0, 0, 9]], [2.0, [5.0, 0, 3.0]], [6.0, [0, 0.0, 0]], [3.0, [0, 0, 0]], [9, [0, 0, 9.0]]]
2020-08-02 00:16:54,755 INFO Reward now: 4.722045719623566
2020-08-02 00:16:54,755 INFO Best policy so far: [[7, [0, 2, 9]], [5, [8, 4, 8]], [2, [2, 8, 0]], [9, [8, 9, 6]], [4, [0, 0, 9]], [3, [4, 0, 2]], [6, [1, 2, 0]], [4, [0, 0, 0]], [9, [0, 0, 8]]]
2020-08-02 00:16:54,755 INFO Best reward so far: 5.0693795776367185
2020-08-02 01:26:17,740 INFO Iter 1
2020-08-02 01:26:17,913 INFO Policy now: [[9.0, [6.0, 7.0, 9]], [9, [8, 9, 9]], [9, [3.0, 9, 9]], [9, [8, 9, 9]], [9, [4.0, 3.0, 9]], [9, [8, 3.0, 9]], [9, [3.0, 9, 7.0]], [9, [8.0, 5.0, 3.0]], [9, [8, 5.0, 9]]]
2020-08-02 01:26:17,932 INFO Reward now: 8.850124716758728
2020-08-02 01:26:17,932 INFO Best policy so far: [[9.0, [6.0, 7.0, 9]], [9, [8, 9, 9]], [9, [3.0, 9, 9]], [9, [8, 9, 9]], [9, [4.0, 3.0, 9]], [9, [8, 3.0, 9]], [9, [3.0, 9, 7.0]], [9, [8.0, 5.0, 3.0]], [9, [8, 5.0, 9]]]
2020-08-02 01:26:17,932 INFO Best reward so far: 8.850124716758728
2020-08-02 02:18:06,192 INFO Iter 2
2020-08-02 02:18:06,432 INFO Policy now: [[7.0, [2.0, 3.0, 8.0]], [6.0, [5.0, 8.0, 6.0]], [8.0, [0, 8.0, 8.0]], [7.0, [4.0, 9, 7.0]], [6.0, [1.0, 1.0, 6.0]], [6.0, [6.0, 0, 6.0]], [8.0, [0.0, 9.0, 2.0]], [7.0, [6.0, -0.0, -0.0]], [5.0, [4.0, 2.0, 7.0]]]
2020-08-02 02:18:06,446 INFO Reward now: 7.4235085646311445
2020-08-02 02:18:06,447 INFO Best policy so far: [[9.0, [6.0, 7.0, 9]], [9, [8, 9, 9]], [9, [3.0, 9, 9]], [9, [8, 9, 9]], [9, [4.0, 3.0, 9]], [9, [8, 3.0, 9]], [9, [3.0, 9, 7.0]], [9, [8.0, 5.0, 3.0]], [9, [8, 5.0, 9]]]
2020-08-02 02:18:06,447 INFO Best reward so far: 8.850124716758728
2020-08-02 03:05:57,841 INFO Iter 3
2020-08-02 03:05:58,026 INFO Policy now: [[9, [7.0, 9, 9]], [9, [8, 9, 9]], [9, [3.0, 9, 9]], [9, [8, 9, 9]], [9, [5.0, 5.0, 9.0]], [9, [8, 4.0, 9]], [9, [2.0, 9, 9]], [9, [8, 6.0, 2.0]], [9, [6.0, 9.0, 9]]]
2020-08-02 03:05:58,046 INFO Reward now: 6.3050631284713745
2020-08-02 03:05:58,046 INFO Best policy so far: [[9.0, [6.0, 7.0, 9]], [9, [8, 9, 9]], [9, [3.0, 9, 9]], [9, [8, 9, 9]], [9, [4.0, 3.0, 9]], [9, [8, 3.0, 9]], [9, [3.0, 9, 7.0]], [9, [8.0, 5.0, 3.0]], [9, [8, 5.0, 9]]]
2020-08-02 03:05:58,046 INFO Best reward so far: 8.850124716758728
2020-08-02 16:03:11,195 INFO Iter 4
2020-08-02 16:03:11,430 INFO Policy now: [[7.0, [6.0, 9, 7.0]], [7.0, [7.0, 9, 9.0]], [7.0, [2.0, 8.0, 7.0]], [9.0, [8.0, 8.0, 8.0]], [7.0, [4.0, 4.0, 7.0]], [7.0, [5.0, 1.0, 6.0]], [7.0, [1.0, 8.0, 9.0]], [8.0, [8.0, 5.0, 1.0]], [7.0, [4.0, 8.0, 7.0]]]
2020-08-02 16:03:11,451 INFO Reward now: 5.772246082623799
2020-08-02 16:03:11,451 INFO Best policy so far: [[9.0, [6.0, 7.0, 9]], [9, [8, 9, 9]], [9, [3.0, 9, 9]], [9, [8, 9, 9]], [9, [4.0, 3.0, 9]], [9, [8, 3.0, 9]], [9, [3.0, 9, 7.0]], [9, [8.0, 5.0, 3.0]], [9, [8, 5.0, 9]]]
2020-08-02 16:03:11,452 INFO Best reward so far: 8.850124716758728
2020-08-02 16:56:46,485 INFO Iter 5
2020-08-02 16:56:46,506 INFO Policy now: [[7.0, [5.0, 9, 8.0]], [9, [8.0, 9, 9]], [9, [2.0, 9, 9.0]], [9, [7.0, 7.0, 9]], [9, [7.0, 8.0, 8.0]], [9, [8, 7.0, 8.0]], [9, [5.0, 9, 9.0]], [9, [8, 4.0, 6.0]], [9.0, [8.0, 8.0, 9.0]]]
2020-08-02 16:56:46,507 INFO Reward now: 5.532389720280965
2020-08-02 16:56:46,507 INFO Best policy so far: [[9.0, [6.0, 7.0, 9]], [9, [8, 9, 9]], [9, [3.0, 9, 9]], [9, [8, 9, 9]], [9, [4.0, 3.0, 9]], [9, [8, 3.0, 9]], [9, [3.0, 9, 7.0]], [9, [8.0, 5.0, 3.0]], [9, [8, 5.0, 9]]]
2020-08-02 16:56:46,507 INFO Best reward so far: 8.850124716758728
2020-08-02 18:35:47,708 INFO Iter 6
2020-08-02 18:35:47,849 INFO Policy now: [[4.0, [0, 1.0, 1.0]], [1.0, [7.0, 5.0, 5.0]], [8.0, [0, 6.0, 7.0]], [4.0, [5.0, 0, 3.0]], [1.0, [0, 6.0, 0]], [4.0, [3.0, 4.0, -0.0]], [9.0, [0, 4.0, 3.0]], [3.0, [1.0, 0, 0]], [5.0, [0.0, 1.0, 7.0]]]
2020-08-02 18:35:47,882 INFO Reward now: 7.54497758547465
2020-08-02 18:35:47,882 INFO Best policy so far: [[7.0, [1.0, 8, 6.0]], [4, [6.0, 8, 8]], [8, [-0.0, 7, 7.0]], [9, [7.0, 4.0, 7]], [6, [4.0, 8.0, 4.0]], [8, [4, 7.0, 4.0]], [9, [5.0, 4, 4.0]], [8, [4, 2.0, 2.0]], [7.0, [6.0, 7.0, 8.0]]]
2020-08-02 18:35:47,882 INFO Best reward so far: 10.619756240844726
2020-08-03 07:02:31,423 INFO Iter 7
2020-08-03 07:02:31,980 INFO Policy now: [[9, [2.0, 9, 9]], [9, [8, 9, 9]], [9, [3.0, 9, 9]], [9, [8, 9, 9]], [9, [7.0, 9, 9.0]], [9, [8, 9, 9.0]], [9, [7.0, 9, 9]], [9, [8, 6.0, 9]], [9, [2.0, 9, 9]]]
2020-08-03 07:02:31,995 INFO Reward now: 4.641300976276398
2020-08-03 07:02:31,996 INFO Best policy so far: [[7.0, [1.0, 8, 6.0]], [4, [6.0, 8, 8]], [8, [-0.0, 7, 7.0]], [9, [7.0, 4.0, 7]], [6, [4.0, 8.0, 4.0]], [8, [4, 7.0, 4.0]], [9, [5.0, 4, 4.0]], [8, [4, 2.0, 2.0]], [7.0, [6.0, 7.0, 8.0]]]
2020-08-03 07:02:31,996 INFO Best reward so far: 10.619756240844726
2020-08-03 08:00:11,054 INFO Iter 8
2020-08-03 08:00:11,295 INFO Policy now: [[6.0, [0, 9.0, 5.0]], [5.0, [7.0, 6.0, 6.0]], [5.0, [0.0, 4.0, 4.0]], [9.0, [6.0, 8.0, 6.0]], [6.0, [4.0, 9.0, 8.0]], [8.0, [4.0, 7.0, 5.0]], [8.0, [4.0, 5.0, 6.0]], [8.0, [8.0, 6.0, 7.0]], [7.0, [0, 9.0, 8.0]]]
2020-08-03 08:00:11,317 INFO Reward now: 7.164267897605896
2020-08-03 08:00:11,317 INFO Best policy so far: [[7.0, [1.0, 8, 6.0]], [4, [6.0, 8, 8]], [8, [-0.0, 7, 7.0]], [9, [7.0, 4.0, 7]], [6, [4.0, 8.0, 4.0]], [8, [4, 7.0, 4.0]], [9, [5.0, 4, 4.0]], [8, [4, 2.0, 2.0]], [7.0, [6.0, 7.0, 8.0]]]
2020-08-03 08:00:11,317 INFO Best reward so far: 10.619756240844726
2020-08-03 20:29:24,160 INFO Iter 9
2020-08-03 20:29:24,414 INFO Policy now: [[9, [-0.0, 9, 7.0]], [6.0, [8, 8.0, 8.0]], [7.0, [0.0, 5.0, 7.0]], [9.0, [6.0, 9, 9.0]], [9.0, [7.0, 9, 9]], [9.0, [8, 9.0, 9]], [9.0, [3.0, 5.0, 9.0]], [9, [8, 7.0, 9.0]], [8.0, [-0.0, 9.0, 9.0]]]
2020-08-03 20:29:24,478 INFO Reward now: 3.5903207858403525
2020-08-03 20:29:24,483 INFO Best policy so far: [[7.0, [1.0, 8, 6.0]], [4, [6.0, 8, 8]], [8, [-0.0, 7, 7.0]], [9, [7.0, 4.0, 7]], [6, [4.0, 8.0, 4.0]], [8, [4, 7.0, 4.0]], [9, [5.0, 4, 4.0]], [8, [4, 2.0, 2.0]], [7.0, [6.0, 7.0, 8.0]]]
2020-08-03 20:29:24,483 INFO Best reward so far: 10.619756240844726
2020-08-03 21:32:17,165 INFO Iter 10
2020-08-03 21:32:17,280 INFO Policy now: [[9, [5.0, 9, 9]], [9, [8, 9, 9]], [9, [3.0, 9, 9]], [9, [8, 9, 9]], [9, [8, 9, 9]], [9, [8, 9, 9]], [9, [8, 9, 9]], [9, [8, 9, 9]], [9, [5.0, 9, 9]]]
2020-08-03 21:32:17,293 INFO Reward now: 5.409651935100555
2020-08-03 21:32:17,293 INFO Best policy so far: [[7.0, [1.0, 8, 6.0]], [4, [6.0, 8, 8]], [8, [-0.0, 7, 7.0]], [9, [7.0, 4.0, 7]], [6, [4.0, 8.0, 4.0]], [8, [4, 7.0, 4.0]], [9, [5.0, 4, 4.0]], [8, [4, 2.0, 2.0]], [7.0, [6.0, 7.0, 8.0]]]
2020-08-03 21:32:17,294 INFO Best reward so far: 10.619756240844726
2020-08-03 21:46:14,313 INFO Iter 11
2020-08-03 21:46:14,318 INFO Policy now: [[4.0, [0, 6.0, 0.0]], [2.0, [2.0, 7.0, 8.0]], [4.0, [0, 4.0, -0.0]], [4.0, [1.0, 2.0, 4.0]], [3.0, [2.0, 3.0, 0]], [4.0, [4.0, 0, 2.0]], [0.0, [1.0, 8.0, 1.0]], [3.0, [1.0, 2.0, 3.0]], [-0.0, [0, 3.0, 0]]]
2020-08-03 21:46:14,318 INFO Reward now: 5.129368940989177
2020-08-03 21:46:14,318 INFO Best policy so far: [[7.0, [1.0, 8, 6.0]], [4, [6.0, 8, 8]], [8, [-0.0, 7, 7.0]], [9, [7.0, 4.0, 7]], [6, [4.0, 8.0, 4.0]], [8, [4, 7.0, 4.0]], [9, [5.0, 4, 4.0]], [8, [4, 2.0, 2.0]], [7.0, [6.0, 7.0, 8.0]]]
2020-08-03 21:46:14,318 INFO Best reward so far: 10.619756240844726
2020-08-03 22:49:08,174 INFO Iter 12
2020-08-03 22:49:09,543 INFO Policy now: [[9, [8, 9, 9]], [9, [8, 9, 9]], [9, [8, 9, 9]], [9, [8, 9, 9]], [9, [8, 9, 9]], [9, [8, 9, 9]], [9, [8, 9, 9]], [9, [8, 9, 9]], [9, [8, 9, 9]]]
2020-08-03 22:49:09,884 INFO Reward now: 6.155082742373149
2020-08-03 22:49:09,898 INFO Best policy so far: [[7.0, [1.0, 8, 6.0]], [4, [6.0, 8, 8]], [8, [-0.0, 7, 7.0]], [9, [7.0, 4.0, 7]], [6, [4.0, 8.0, 4.0]], [8, [4, 7.0, 4.0]], [9, [5.0, 4, 4.0]], [8, [4, 2.0, 2.0]], [7.0, [6.0, 7.0, 8.0]]]
2020-08-03 22:49:09,898 INFO Best reward so far: 10.619756240844726
2020-08-03 23:46:41,340 INFO Iter 13
2020-08-03 23:46:41,429 INFO Policy now: [[0.0, [0, 0, 0]], [0, [5.0, 0, 0]], [-0.0, [3.0, 2.0, 0]], [0, [5.0, 5.0, 2.0]], [1.0, [-0.0, 0, 0]], [1.0, [-0.0, 0.0, 0]], [4.0, [0, 0, 0]], [1.0, [0, 0, 4.0]], [1.0, [3.0, 1.0, 0]]]
2020-08-03 23:46:41,449 INFO Reward now: 4.264371573925018
2020-08-03 23:46:41,449 INFO Best policy so far: [[7.0, [1.0, 8, 6.0]], [4, [6.0, 8, 8]], [8, [-0.0, 7, 7.0]], [9, [7.0, 4.0, 7]], [6, [4.0, 8.0, 4.0]], [8, [4, 7.0, 4.0]], [9, [5.0, 4, 4.0]], [8, [4, 2.0, 2.0]], [7.0, [6.0, 7.0, 8.0]]]
2020-08-03 23:46:41,449 INFO Best reward so far: 10.619756240844726
2020-08-04 00:55:52,910 INFO Iter 14
2020-08-04 00:55:53,029 INFO Policy now: [[9, [8, 9, 9]], [9, [8, 9, 8.0]], [9, [8, 9, 9]], [9, [8, 9, 9]], [9, [8, 9, 8.0]], [9, [8, 6.0, 8.0]], [9, [8, 7.0, 9]], [9, [8, 9, 9]], [9, [8, 9, 9.0]]]
2020-08-04 00:55:53,047 INFO Reward now: 3.651986559232076
2020-08-04 00:55:53,047 INFO Best policy so far: [[7.0, [1.0, 8, 6.0]], [4, [6.0, 8, 8]], [8, [-0.0, 7, 7.0]], [9, [7.0, 4.0, 7]], [6, [4.0, 8.0, 4.0]], [8, [4, 7.0, 4.0]], [9, [5.0, 4, 4.0]], [8, [4, 2.0, 2.0]], [7.0, [6.0, 7.0, 8.0]]]
2020-08-04 00:55:53,048 INFO Best reward so far: 10.619756240844726
2020-08-04 14:01:46,119 INFO Iter 15
2020-08-04 14:01:46,311 INFO Policy now: [[0, [1.0, 0, 0]], [0, [0.0, 0, 0]], [0, [0, 0, 1.0]], [1.0, [0, 1.0, 1.0]], [2.0, [0, 0, 0]], [0, [0, 0, 0]], [0, [3.0, 0, 0]], [0, [2.0, 0, 3.0]], [-0.0, [0, 1.0, 2.0]]]
2020-08-04 14:01:46,376 INFO Reward now: 6.879038095474243
2020-08-04 14:01:46,376 INFO Best policy so far: [[7.0, [1.0, 8, 6.0]], [4, [6.0, 8, 8]], [8, [-0.0, 7, 7.0]], [9, [7.0, 4.0, 7]], [6, [4.0, 8.0, 4.0]], [8, [4, 7.0, 4.0]], [9, [5.0, 4, 4.0]], [8, [4, 2.0, 2.0]], [7.0, [6.0, 7.0, 8.0]]]
2020-08-04 14:01:46,376 INFO Best reward so far: 10.619756240844726
2020-08-04 14:39:40,221 INFO Iter 16
2020-08-04 14:39:40,255 INFO Policy now: [[7.0, [8, 7.0, 9]], [9, [8, 9, 8.0]], [7.0, [7.0, 9, 9]], [9, [8, 9, 9]], [9, [8, 9, 9]], [9, [8.0, 9, 9]], [9, [8, 9, 5.0]], [9, [8, 9, 9]], [9, [8, 9, 9]]]
2020-08-04 14:39:40,256 INFO Reward now: 3.583129266897837
2020-08-04 14:39:40,256 INFO Best policy so far: [[7.0, [1.0, 8, 6.0]], [4, [6.0, 8, 8]], [8, [-0.0, 7, 7.0]], [9, [7.0, 4.0, 7]], [6, [4.0, 8.0, 4.0]], [8, [4, 7.0, 4.0]], [9, [5.0, 4, 4.0]], [8, [4, 2.0, 2.0]], [7.0, [6.0, 7.0, 8.0]]]
2020-08-04 14:39:40,256 INFO Best reward so far: 10.619756240844726
