2020-08-04 19:44:45,695 INFO Iter 0
2020-08-04 19:44:45,703 INFO Policy now: [[9.0, [5.0, 3.0, 5.0]], [8.0, [3.0, 6.0, 8.0]], [9, [6.0, 9, 2.0]], [8.0, [6.0, 9.0, 5.0]], [3.0, [8, 4.0, 0]], [9.0, [4.0, 9.0, 9.0]], [7.0, [0, 8.0, 8.0]], [4.0, [8.0, 3.0, 6.0]], [9.0, [-0.0, 2.0, 2.0]]]
2020-08-04 19:44:45,703 INFO Reward now: 6.2615822950998945
2020-08-04 19:44:45,703 INFO Best policy so far: [[6, [4, 3, 4]], [4, [0, 3, 6]], [8, [8, 9, 0]], [4, [2, 6, 2]], [1, [8, 9, 0]], [6, [1, 5, 9]], [5, [0, 6, 4]], [0, [8, 4, 6]], [9, [2, 4, 2]]]
2020-08-04 19:44:45,704 INFO Best reward so far: 6.503842000961304
2020-08-04 20:28:56,223 INFO Iter 1
2020-08-04 20:28:56,453 INFO Policy now: [[9.0, [2.0, 8.0, 9]], [9, [8, 9, 9]], [8.0, [8.0, 8.0, 5.0]], [7.0, [8, 9, 7.0]], [2.0, [5.0, 0, -0.0]], [9, [3.0, 9, 8.0]], [6.0, [0, 9, 3.0]], [1.0, [8.0, 5.0, 3.0]], [9, [4.0, 6.0, 4.0]]]
2020-08-04 20:28:56,484 INFO Reward now: 8.488699356714884
2020-08-04 20:28:56,485 INFO Best policy so far: [[9.0, [2.0, 8.0, 9]], [9, [8, 9, 9]], [8.0, [8.0, 8.0, 5.0]], [7.0, [8, 9, 7.0]], [2.0, [5.0, 0, -0.0]], [9, [3.0, 9, 8.0]], [6.0, [0, 9, 3.0]], [1.0, [8.0, 5.0, 3.0]], [9, [4.0, 6.0, 4.0]]]
2020-08-04 20:28:56,485 INFO Best reward so far: 8.488699356714884
2020-08-05 05:46:17,595 INFO Iter 2
2020-08-05 05:46:17,744 INFO Policy now: [[4.0, [2.0, 9, 5.0]], [7.0, [8, 9.0, 9]], [5.0, [5.0, 9, 5.0]], [-0.0, [7.0, 7.0, 4.0]], [0, [0, -0.0, 0]], [8.0, [0, 9, 4.0]], [6.0, [1.0, 9, 1.0]], [0, [8, 0.0, 0]], [8.0, [0, 2.0, 7.0]]]
2020-08-05 05:46:17,836 INFO Reward now: 7.133666078249614
2020-08-05 05:46:17,836 INFO Best policy so far: [[4.0, [2.0, 9, 9]], [7, [8, 6, 9]], [4.0, [8, 9, 6.0]], [2.0, [4, 9, 9]], [-0.0, [2.0, 0, 4.0]], [6, [2.0, 9, 9.0]], [6.0, [0, 9, 0.0]], [0, [8, 2.0, 0]], [6, [1.0, 5.0, 2.0]]]
2020-08-05 05:46:17,836 INFO Best reward so far: 7.516623554229736
2020-08-05 05:58:55,919 INFO Iter 3
2020-08-05 05:58:55,937 INFO Policy now: [[5.0, [1.0, 8.0, 6.0]], [7.0, [8.0, 9, 9.0]], [7.0, [3.0, 9.0, 6.0]], [-0.0, [8.0, 9.0, 3.0]], [1.0, [1.0, 0.0, 1.0]], [8.0, [0, 8.0, 6.0]], [6.0, [3.0, 9, -0.0]], [1.0, [8.0, 1.0, 0.0]], [8.0, [0, 2.0, 9.0]]]
2020-08-05 05:58:55,937 INFO Reward now: 6.810145934422811
2020-08-05 05:58:55,937 INFO Best policy so far: [[4.0, [2.0, 9, 9]], [7, [8, 6, 9]], [4.0, [8, 9, 6.0]], [2.0, [4, 9, 9]], [-0.0, [2.0, 0, 4.0]], [6, [2.0, 9, 9.0]], [6.0, [0, 9, 0.0]], [0, [8, 2.0, 0]], [6, [1.0, 5.0, 2.0]]]
2020-08-05 05:58:55,937 INFO Best reward so far: 7.197950045267741
2020-08-05 06:26:54,403 INFO Iter 4
2020-08-05 06:26:54,805 INFO Policy now: [[5.0, [0, 8.0, 7.0]], [8.0, [7.0, 9, 9.0]], [8.0, [5.0, 9, 6.0]], [0, [6.0, 9.0, 5.0]], [1.0, [2.0, -0.0, 0.0]], [8.0, [0.0, 9, 5.0]], [6.0, [1.0, 9.0, 0]], [1.0, [8.0, 0, 0]], [8.0, [0, 3.0, 9.0]]]
2020-08-05 06:26:54,867 INFO Reward now: 3.4837078849474588
2020-08-05 06:26:54,867 INFO Best policy so far: [[9, [0, 8.0, 5.0]], [9, [4.0, 9, 6.0]], [9.0, [2.0, 4.0, 2.0]], [3.0, [8.0, 6.0, 4.0]], [4.0, [4.0, 0, 0]], [9, [0, 8.0, 9.0]], [7.0, [1.0, 9, 4.0]], [6.0, [8, 0, -0.0]], [9, [0, 3.0, 6.0]]]
2020-08-05 06:26:54,867 INFO Best reward so far: 4.417095928192139
2020-08-05 07:28:42,455 INFO Iter 5
2020-08-05 07:28:42,657 INFO Policy now: [[1.0, [1.0, 6.0, 9]], [5.0, [6.0, 9, 9.0]], [4.0, [3.0, 9.0, 5.0]], [0, [8, 9, 0]], [-0.0, [2.0, 1.0, 1.0]], [5.0, [-0.0, 9.0, 5.0]], [3.0, [4.0, 9.0, -0.0]], [0, [8.0, 2.0, 0.0]], [4.0, [0.0, 6.0, 9]]]
2020-08-05 07:28:42,726 INFO Reward now: 10.947578191757202
2020-08-05 07:28:42,727 INFO Best policy so far: [[1.0, [1.0, 6.0, 9]], [5.0, [6.0, 9, 9.0]], [4.0, [3.0, 9.0, 5.0]], [0, [8, 9, 0]], [-0.0, [2.0, 1.0, 1.0]], [5.0, [-0.0, 9.0, 5.0]], [3.0, [4.0, 9.0, -0.0]], [0, [8.0, 2.0, 0.0]], [4.0, [0.0, 6.0, 9]]]
2020-08-05 07:28:42,727 INFO Best reward so far: 10.947578191757202
2020-08-05 17:12:56,528 INFO Iter 6
2020-08-05 17:12:56,825 INFO Policy now: [[1.0, [1.0, 6.0, 9.0]], [6.0, [6.0, 9.0, 9.0]], [4.0, [4.0, 9.0, 5.0]], [0.0, [8.0, 9.0, 0.0]], [0.0, [2.0, 1.0, 1.0]], [6.0, [0.0, 9.0, 5.0]], [3.0, [3.0, 9.0, 0.0]], [0.0, [8.0, 2.0, 0.0]], [4.0, [0.0, 6.0, 9.0]]]
2020-08-05 17:12:56,836 INFO Reward now: 1.078389748930931
2020-08-05 17:12:56,836 INFO Best policy so far: [[4.0, [-0.0, 6.0, 6]], [9, [4.0, 8, 8.0]], [6.0, [7.0, 8.0, 6.0]], [2, [6, 8, 0]], [3.0, [0.0, 0, 3.0]], [9.0, [0, 4.0, 6.0]], [4.0, [0.0, 6.0, -0.0]], [4, [6.0, 1.0, 0]], [6.0, [0, 8.0, 9]]]
2020-08-05 17:12:56,836 INFO Best reward so far: 1.182535672187805
2020-08-06 02:15:53,729 INFO Iter 7
2020-08-06 02:15:54,174 INFO Policy now: [[2.0, [2.0, 5.0, 9.0]], [8.0, [7.0, 9, 8.0]], [5.0, [1.0, 9.0, 9.0]], [-0.0, [7.0, 9, 0.0]], [2.0, [0.0, 1.0, 2.0]], [7.0, [1.0, 8.0, 7.0]], [5.0, [4.0, 9.0, 1.0]], [1.0, [6.0, 2.0, 0]], [6.0, [0.0, 8.0, 9.0]]]
2020-08-06 02:15:54,222 INFO Reward now: 5.143065432707469
2020-08-06 02:15:54,223 INFO Best policy so far: [[5.0, [1.0, 5.0, 7.0]], [9, [8, 9, 6.0]], [6.0, [0.0, 4.0, 9.0]], [1.0, [5.0, 9, 0.0]], [4.0, [-0.0, -0.0, 5.0]], [8.0, [0, 9.0, 6.0]], [5.0, [2.0, 9, 4.0]], [0.0, [4.0, 6.0, 0]], [6.0, [2.0, 8.0, 9]]]
2020-08-06 02:15:54,223 INFO Best reward so far: 5.929692850112915
2020-08-06 03:19:03,825 INFO Iter 8
2020-08-06 03:19:03,950 INFO Policy now: [[3.0, [2.0, 9.0, 8.0]], [7.0, [5.0, 6.0, 8.0]], [-0.0, [0, 9, 9]], [0, [5.0, 9, 0]], [1.0, [0, 0, 4.0]], [5.0, [0, 9, 6.0]], [2.0, [3.0, 9, 5.0]], [0.0, [8, 4.0, 1.0]], [7.0, [0, 9, 9]]]
2020-08-06 03:19:03,970 INFO Reward now: 8.552363634109497
2020-08-06 03:19:03,970 INFO Best policy so far: [[2.0, [2.0, 8.0, 9.0]], [5.0, [6.0, 5, 8.0]], [0.0, [0.0, 9, 9]], [0, [6.0, 9, 0]], [0.0, [-0.0, 0, 3.0]], [6.0, [0, 9, 7.0]], [2.0, [2.0, 9, 5.0]], [-0.0, [8, 2.0, 1]], [6.0, [0, 9.0, 9.0]]]
2020-08-06 03:19:03,970 INFO Best reward so far: 9.2431662940979
2020-08-06 13:03:08,616 INFO Iter 9
2020-08-06 13:03:08,731 INFO Policy now: [[6.0, [0, 9.0, 9.0]], [6.0, [2.0, 4.0, 8.0]], [0.0, [2.0, 9.0, 8.0]], [1.0, [4.0, 9.0, 0.0]], [1.0, [0, 0, 7.0]], [7.0, [0, 8.0, 4.0]], [4.0, [-0.0, 8.0, 9.0]], [-0.0, [8, 1.0, 0]], [8.0, [-0.0, 9, 9]]]
2020-08-06 13:03:08,779 INFO Reward now: 11.260703563690186
2020-08-06 13:03:08,779 INFO Best policy so far: [[6.0, [0, 9.0, 9.0]], [6.0, [2.0, 4.0, 8.0]], [0.0, [2.0, 9.0, 8.0]], [1.0, [4.0, 9.0, 0.0]], [1.0, [0, 0, 7.0]], [7.0, [0, 8.0, 4.0]], [4.0, [-0.0, 8.0, 9.0]], [-0.0, [8, 1.0, 0]], [8.0, [-0.0, 9, 9]]]
2020-08-06 13:03:08,779 INFO Best reward so far: 11.260703563690186
2020-08-06 22:44:58,056 INFO Iter 10
2020-08-06 22:44:58,201 INFO Policy now: [[9, [0, 9, 9]], [9, [0, 0, 9]], [0.0, [0.0, 9, 2.0]], [4.0, [0, 8.0, 0.0]], [3.0, [3.0, 4.0, 9]], [6.0, [0, 7.0, 0.0]], [9.0, [0, 7.0, 9.0]], [0.0, [8, 5.0, -0.0]], [8.0, [0, 9, 9.0]]]
2020-08-06 22:44:58,226 INFO Reward now: 8.023644606272379
2020-08-06 22:44:58,226 INFO Best policy so far: [[6.0, [0, 9.0, 9.0]], [6.0, [2.0, 4.0, 8.0]], [0.0, [2.0, 9.0, 8.0]], [1.0, [4.0, 9.0, 0.0]], [1.0, [0, 0, 7.0]], [7.0, [0, 8.0, 4.0]], [4.0, [-0.0, 8.0, 9.0]], [-0.0, [8, 1.0, 0]], [8.0, [-0.0, 9, 9]]]
2020-08-06 22:44:58,226 INFO Best reward so far: 9.780493895212809
2020-08-06 22:54:43,883 INFO Iter 11
2020-08-06 22:54:43,891 INFO Policy now: [[9, [0, 8.0, 9]], [9, [0.0, 3.0, 8.0]], [1.0, [1.0, 9, 4.0]], [6.0, [0, 7.0, -0.0]], [6.0, [0, 9, 9]], [5.0, [1.0, 9.0, 0.0]], [9, [0, 9, 6.0]], [2.0, [7.0, 5.0, -0.0]], [7.0, [0, 6.0, 9.0]]]
2020-08-06 22:54:43,891 INFO Reward now: 4.263522148132324
2020-08-06 22:54:43,891 INFO Best policy so far: [[6, [0, 9, 9]], [6, [4, 4, 9]], [0, [0, 5, 2.0]], [4.0, [2, 9, 0]], [1.0, [-0.0, 7.0, 9]], [2.0, [0, 4.0, 0]], [9.0, [0, 9, 9]], [0, [6, 2.0, -0.0]], [5.0, [2, 9, 9]]]
2020-08-06 22:54:43,891 INFO Best reward so far: 4.821811237335205
2020-08-06 23:04:34,798 INFO Iter 12
2020-08-06 23:04:34,927 INFO Policy now: [[9.0, [0.0, 8.0, 9.0]], [9.0, [0.0, 3.0, 8.0]], [1.0, [1.0, 9.0, 3.0]], [7.0, [0.0, 7.0, -0.0]], [6.0, [-0.0, 9.0, 9.0]], [5.0, [1.0, 9.0, 0.0]], [9.0, [-0.0, 9.0, 6.0]], [2.0, [7.0, 4.0, -0.0]], [7.0, [-0.0, 7.0, 9.0]]]
2020-08-06 23:04:34,945 INFO Reward now: 4.266336838404338
2020-08-06 23:04:34,945 INFO Best policy so far: [[6, [0, 9, 9]], [6, [4, 4, 9]], [0, [0, 5, 2.0]], [4.0, [2, 9, 0]], [1.0, [-0.0, 7.0, 9]], [2.0, [0, 4.0, 0]], [9.0, [0, 9, 9]], [0, [6, 2.0, -0.0]], [5.0, [2, 9, 9]]]
2020-08-06 23:04:34,945 INFO Best reward so far: 5.041552146275838
2020-08-06 23:18:41,908 INFO Iter 13
2020-08-06 23:18:41,915 INFO Policy now: [[9.0, [-0.0, 6.0, 9.0]], [9, [0.0, 3.0, 8.0]], [2.0, [2.0, 9.0, 3.0]], [7.0, [0, 9.0, 0.0]], [6.0, [1.0, 9, 9]], [5.0, [0.0, 9.0, -0.0]], [9.0, [0, 8.0, 5.0]], [2.0, [8.0, 3.0, -0.0]], [8.0, [-0.0, 8.0, 9.0]]]
2020-08-06 23:18:41,916 INFO Reward now: 5.80341100692749
2020-08-06 23:18:41,916 INFO Best policy so far: [[8.0, [2.0, 9.0, 9]], [6.0, [-0.0, -0.0, 9.0]], [0.0, [4.0, 9, 6.0]], [5.0, [2.0, 8.0, 4.0]], [5.0, [-0.0, 4.0, 9]], [3.0, [1.0, 8.0, 2.0]], [6.0, [2.0, 6.0, 9.0]], [-0.0, [8, 0.0, 0]], [4.0, [3.0, 9, 9]]]
2020-08-06 23:18:41,916 INFO Best reward so far: 6.672919607162475
2020-08-07 08:48:36,400 INFO Iter 14
2020-08-07 08:48:36,709 INFO Policy now: [[9.0, [0, 6.0, 9.0]], [9, [1.0, 2.0, 8.0]], [2.0, [3.0, 9.0, 2.0]], [7.0, [-0.0, 9.0, -0.0]], [6.0, [1.0, 9, 9.0]], [5.0, [-0.0, 9.0, -0.0]], [9.0, [0.0, 9.0, 7.0]], [2.0, [8, 1.0, 1.0]], [8.0, [-0.0, 8.0, 9.0]]]
2020-08-07 08:48:36,790 INFO Reward now: 12.663622379302979
2020-08-07 08:48:36,790 INFO Best policy so far: [[9.0, [0, 6.0, 9.0]], [9, [1.0, 2.0, 8.0]], [2.0, [3.0, 9.0, 2.0]], [7.0, [-0.0, 9.0, -0.0]], [6.0, [1.0, 9, 9.0]], [5.0, [-0.0, 9.0, -0.0]], [9.0, [0.0, 9.0, 7.0]], [2.0, [8, 1.0, 1.0]], [8.0, [-0.0, 8.0, 9.0]]]
2020-08-07 08:48:36,790 INFO Best reward so far: 12.663622379302979
2020-08-07 18:32:33,527 INFO Iter 15
2020-08-07 18:32:33,842 INFO Policy now: [[8.0, [2.0, 9, 4.0]], [9.0, [0, 5.0, 8.0]], [5.0, [4.0, 9, 1.0]], [4.0, [0.0, 8.0, 1.0]], [8.0, [0, 7.0, 9.0]], [7.0, [0.0, 6.0, 0]], [9, [-0.0, 9, 9.0]], [0.0, [5.0, 4.0, 5.0]], [9, [1.0, 9, 8.0]]]
2020-08-07 18:32:33,852 INFO Reward now: 8.971813639005026
2020-08-07 18:32:33,852 INFO Best policy so far: [[8.0, [2.0, 9, 4.0]], [9.0, [0, 5.0, 8.0]], [5.0, [4.0, 9, 1.0]], [4.0, [0.0, 8.0, 1.0]], [8.0, [0, 7.0, 9.0]], [7.0, [0.0, 6.0, 0]], [9, [-0.0, 9, 9.0]], [0.0, [5.0, 4.0, 5.0]], [9, [1.0, 9, 8.0]]]
2020-08-07 18:32:33,852 INFO Best reward so far: 8.971813639005026
2020-08-08 03:59:28,732 INFO Iter 16
2020-08-08 03:59:29,639 INFO Policy now: [[4.0, [1.0, 9, 5.0]], [5.0, [-0.0, 3.0, 3.0]], [2.0, [8, 9, 0]], [3.0, [0, 2.0, 6.0]], [5.0, [0, 4.0, 7.0]], [4.0, [1.0, 9, 2.0]], [7.0, [1.0, 9.0, 6.0]], [0, [0, 0, 2.0]], [8.0, [0, 9, 9]]]
2020-08-08 03:59:29,672 INFO Reward now: 10.642989953358969
2020-08-08 03:59:29,674 INFO Best policy so far: [[4.0, [-0.0, 9, 6.0]], [5.0, [0, 3.0, 4.0]], [4.0, [5.0, 9, 0]], [4.0, [0, 4.0, 4.0]], [5.0, [0, 4.0, 8.0]], [6.0, [-0.0, 7.0, 1]], [6, [2.0, 9, 6.0]], [0, [4.0, 2.0, 2.0]], [8, [-0.0, 9, 9]]]
2020-08-08 03:59:29,674 INFO Best reward so far: 11.818650398254395
2020-08-08 04:23:48,115 INFO Iter 17
2020-08-08 04:23:48,309 INFO Policy now: [[7.0, [1.0, 9.0, 7.0]], [6.0, [1.0, 5.0, 1.0]], [3.0, [8.0, 8.0, 0]], [4.0, [0, 2.0, 6.0]], [7.0, [1.0, 5.0, 8.0]], [6.0, [1.0, 8.0, 3.0]], [8.0, [0, 8.0, 4.0]], [1.0, [-0.0, 0, 4.0]], [9.0, [1.0, 9, 8.0]]]
2020-08-08 04:23:48,319 INFO Reward now: 3.5609132647514343
2020-08-08 04:23:48,319 INFO Best policy so far: [[8.0, [4.0, 9, 9]], [6.0, [2.0, 6.0, 0]], [2.0, [7, 6, 0]], [4.0, [0, 0.0, 8.0]], [6.0, [2, 5.0, 9]], [6.0, [1.0, 5, 6.0]], [9.0, [0, 6.0, 4.0]], [2, [0, 0, 6.0]], [9, [2, 9, 6]]]
2020-08-08 04:23:48,319 INFO Best reward so far: 4.7347914981842045
2020-08-08 14:21:43,800 INFO Iter 18
2020-08-08 14:21:44,008 INFO Policy now: [[7.0, [0, 8.0, 9.0]], [9, [3.0, 3.0, 4.0]], [4.0, [8, 9, 0]], [5.0, [0, 3.0, 9]], [8.0, [0, 9, 6.0]], [9, [0, 5.0, 2.0]], [9, [1.0, 9, 5.0]], [3.0, [-0.0, 1.0, -0.0]], [9, [3.0, 7.0, 5.0]]]
2020-08-08 14:21:44,038 INFO Reward now: 6.689760605494182
2020-08-08 14:21:44,038 INFO Best policy so far: [[7.0, [0.0, 9, 2.0]], [8.0, [4.0, 7.0, 0.0]], [4.0, [5.0, 8.0, 4]], [6.0, [0, 0, 9]], [9.0, [0, 4.0, 9]], [7.0, [5.0, 9, 3.0]], [8.0, [2, 8.0, 2.0]], [4.0, [0, 0, 6.0]], [9, [2.0, 5, 9]]]
2020-08-08 14:21:44,038 INFO Best reward so far: 7.190948886871338
2020-08-08 14:32:15,121 INFO Iter 19
2020-08-08 14:32:15,359 INFO Policy now: [[5.0, [-0.0, 8.0, 7.0]], [8.0, [1.0, -0.0, 7.0]], [2.0, [8.0, 9, 0]], [2.0, [2.0, 3.0, 6.0]], [7.0, [0.0, 7.0, 5.0]], [9.0, [0.0, 6.0, 5.0]], [9, [2.0, 7.0, 7.0]], [0.0, [0.0, -0.0, 0]], [7.0, [2.0, 7.0, 3.0]]]
2020-08-08 14:32:15,422 INFO Reward now: 6.652255614598592
2020-08-08 14:32:15,422 INFO Best policy so far: [[4.0, [1, 8.0, 5.0]], [6, [0, 2.0, 5.0]], [4.0, [8, 9, 0]], [2.0, [3, 0.0, 6]], [5.0, [0, 9, 7.0]], [6, [2, 8.0, 4.0]], [8, [4.0, 6, 9]], [0, [0, -0.0, 0]], [6, [2.0, 9, 4.0]]]
2020-08-08 14:32:15,423 INFO Best reward so far: 7.509335327148437
2020-08-08 15:06:41,204 INFO Iter 20
2020-08-08 15:06:41,413 INFO Policy now: [[9, [0.0, 4.0, 8.0]], [9, [3.0, 4.0, 9]], [6.0, [6.0, 9.0, 0]], [9.0, [1.0, 4.0, 3.0]], [9, [0, 9, 9.0]], [9, [0, 9, 0]], [9, [4.0, 9.0, 9]], [4.0, [0, 0, 0.0]], [9, [0, 9, 4.0]]]
2020-08-08 15:06:41,432 INFO Reward now: 6.795287211736043
2020-08-08 15:06:41,433 INFO Best policy so far: [[9, [2.0, 4.0, 7.0]], [9, [0.0, 4.0, 9]], [4.0, [4.0, 6, 0]], [4.0, [2.0, 2.0, 4.0]], [8.0, [2.0, 9, 8.0]], [9, [0, 8.0, 2.0]], [9, [2.0, 5.0, 8.0]], [2.0, [0, 0, 0]], [8.0, [0.0, 9, 3.0]]]
2020-08-08 15:06:41,433 INFO Best reward so far: 7.79199031829834
2020-08-09 00:54:50,489 INFO Iter 21
2020-08-09 00:54:50,903 INFO Policy now: [[7.0, [-0.0, 5.0, 9.0]], [9.0, [1.0, 7.0, 9]], [6.0, [4.0, 9, 0.0]], [8.0, [2.0, 9.0, 0.0]], [7.0, [2.0, 9.0, 9]], [9.0, [-0.0, 9.0, -0.0]], [9.0, [2.0, 9, 9]], [4.0, [1.0, 0, 1.0]], [8.0, [1.0, 8.0, 6.0]]]
2020-08-09 00:54:50,921 INFO Reward now: 6.727631847063701
2020-08-09 00:54:50,921 INFO Best policy so far: [[7.0, [-0.0, 5.0, 9.0]], [9.0, [1.0, 7.0, 9]], [6.0, [4.0, 9, 0.0]], [8.0, [2.0, 9.0, 0.0]], [7.0, [2.0, 9.0, 9]], [9.0, [-0.0, 9.0, -0.0]], [9.0, [2.0, 9, 9]], [4.0, [1.0, 0, 1.0]], [8.0, [1.0, 8.0, 6.0]]]
2020-08-09 00:54:50,921 INFO Best reward so far: 6.727631847063701
2020-08-09 01:58:23,326 INFO Iter 22
2020-08-09 01:58:23,474 INFO Policy now: [[4.0, [0, 5.0, 7.0]], [8.0, [1.0, 9, 9.0]], [2.0, [1.0, 9, 0]], [8.0, [4.0, 8.0, 2.0]], [3.0, [2.0, 9, 8.0]], [8.0, [2.0, 9, 0]], [9.0, [4.0, 9, 9]], [0, [0, 0.0, 0.0]], [6.0, [1.0, 9, 8.0]]]
2020-08-09 01:58:23,495 INFO Reward now: 8.81793455282847
2020-08-09 01:58:23,496 INFO Best policy so far: [[7.0, [-0.0, 5.0, 9.0]], [9.0, [1.0, 7.0, 9]], [6.0, [4.0, 9, 0.0]], [8.0, [2.0, 9.0, 0.0]], [7.0, [2.0, 9.0, 9]], [9.0, [-0.0, 9.0, -0.0]], [9.0, [2.0, 9, 9]], [4.0, [1.0, 0, 1.0]], [8.0, [1.0, 8.0, 6.0]]]
2020-08-09 01:58:23,496 INFO Best reward so far: 9.31200377146403
2020-08-09 02:36:53,847 INFO Iter 23
2020-08-09 02:36:54,575 INFO Policy now: [[6.0, [0, 9, 9]], [8.0, [6.0, 7.0, 9]], [2.0, [1.0, 9, 1.0]], [8.0, [3.0, 7.0, 2.0]], [7.0, [1.0, 9, 4.0]], [8.0, [2.0, 8.0, 0]], [9.0, [0, 9.0, 6.0]], [1.0, [0, 0.0, 1.0]], [4.0, [-0.0, 6.0, 6.0]]]
2020-08-09 02:36:54,627 INFO Reward now: 7.707566897074382
2020-08-09 02:36:54,627 INFO Best policy so far: [[8.0, [0, 9.0, 8.0]], [9, [5.0, 6, 8.0]], [4.0, [0.0, 9, 4]], [9, [6.0, 4.0, 4.0]], [8.0, [2.0, 9, 6.0]], [8.0, [2.0, 8, 2]], [9, [-0.0, 9, 4]], [1, [0, 4.0, -0.0]], [6.0, [0, 7, 6.0]]]
2020-08-09 02:36:54,627 INFO Best reward so far: 8.9658634185791
2020-08-09 12:31:15,712 INFO Iter 24
2020-08-09 12:31:16,088 INFO Policy now: [[9, [0, 7.0, 9]], [9, [4.0, 9, 6.0]], [8.0, [-0.0, 8.0, 0]], [9, [0, 9, 4.0]], [9, [4.0, 9, 0]], [9, [2.0, 9, 2.0]], [9, [0.0, 9, 9]], [9.0, [0, 0, -0.0]], [9, [0, 2.0, 2.0]]]
2020-08-09 12:31:16,094 INFO Reward now: 10.637621323267618
2020-08-09 12:31:16,094 INFO Best policy so far: [[8.0, [0, 9, 9]], [9, [5.0, 9, 6]], [4.0, [0, 6, 0.0]], [9, [5.0, 9, 6.0]], [9, [4.0, 8, 2.0]], [9, [2.0, 8.0, 2]], [9, [2, 9, 8.0]], [5.0, [0, -0.0, 0.0]], [7.0, [0, 8.0, 4.0]]]
2020-08-09 12:31:16,094 INFO Best reward so far: 12.533212966918946
2020-08-09 22:24:00,017 INFO Iter 25
2020-08-09 22:24:00,591 INFO Policy now: [[9.0, [-0.0, 8.0, 9.0]], [9.0, [5.0, 9.0, 8.0]], [8.0, [-0.0, 7.0, 0]], [9.0, [0.0, 9.0, 4.0]], [9.0, [5.0, 9.0, 0.0]], [9, [2.0, 9, 3.0]], [9.0, [0.0, 9.0, 9.0]], [9.0, [-0.0, 1.0, 1.0]], [9.0, [0.0, 3.0, 1.0]]]
2020-08-09 22:24:00,665 INFO Reward now: 1.0585838953653972
2020-08-09 22:24:00,665 INFO Best policy so far: [[9, [0, 9, 8]], [9, [6.0, 6, 8.0]], [8.0, [0, 4.0, 0]], [9, [2, 6, 5.0]], [9, [6.0, 9, 0]], [9, [2.0, 9, 6.0]], [9, [2.0, 9, 8]], [9, [0, 4, 4.0]], [9, [2, 6.0, 0.0]]]
2020-08-09 22:24:00,665 INFO Best reward so far: 1.4898002243041992
2020-08-09 22:37:18,993 INFO Iter 26
2020-08-09 22:37:19,039 INFO Policy now: [[9, [-0.0, 9.0, 9]], [9, [4.0, 8.0, 9.0]], [9.0, [0.0, 6.0, 0]], [9, [-0.0, 9.0, 6.0]], [9, [3.0, 9.0, -0.0]], [9.0, [2.0, 9.0, 5.0]], [9.0, [0, 8.0, 9.0]], [9, [1.0, 0.0, 2.0]], [9, [0.0, 4.0, 0.0]]]
2020-08-09 22:37:19,039 INFO Reward now: 5.827549457550049
2020-08-09 22:37:19,039 INFO Best policy so far: [[9, [-0.0, 9.0, 9]], [9, [4.0, 8.0, 9.0]], [9.0, [0.0, 6.0, 0]], [9, [-0.0, 9.0, 6.0]], [9, [3.0, 9.0, -0.0]], [9.0, [2.0, 9.0, 5.0]], [9.0, [0, 8.0, 9.0]], [9, [1.0, 0.0, 2.0]], [9, [0.0, 4.0, 0.0]]]
2020-08-09 22:37:19,039 INFO Best reward so far: 5.827549457550049
2020-08-10 08:14:07,046 INFO Iter 27
2020-08-10 08:14:08,289 INFO Policy now: [[8.0, [1.0, 9, 9.0]], [9.0, [7.0, 7.0, 9]], [8.0, [1.0, 7.0, 0.0]], [9.0, [0, 8.0, 6.0]], [8.0, [2.0, 9, 1.0]], [8.0, [3.0, 9.0, 7.0]], [9.0, [0.0, 9.0, 8.0]], [9.0, [2.0, 1.0, 2.0]], [8.0, [0.0, 5.0, 0.0]]]
2020-08-10 08:14:08,310 INFO Reward now: 8.288827856381735
2020-08-10 08:14:08,310 INFO Best policy so far: [[8.0, [1.0, 9, 9.0]], [9.0, [7.0, 7.0, 9]], [8.0, [1.0, 7.0, 0.0]], [9.0, [0, 8.0, 6.0]], [8.0, [2.0, 9, 1.0]], [8.0, [3.0, 9.0, 7.0]], [9.0, [0.0, 9.0, 8.0]], [9.0, [2.0, 1.0, 2.0]], [8.0, [0.0, 5.0, 0.0]]]
2020-08-10 08:14:08,310 INFO Best reward so far: 8.288827856381735
2020-08-10 17:45:44,054 INFO Iter 28
2020-08-10 17:45:44,236 INFO Policy now: [[8.0, [0, 9, 9]], [9.0, [6.0, 7.0, 8.0]], [8.0, [0.0, 9, 2.0]], [9, [0, 9.0, 8.0]], [9.0, [0, 8.0, 4.0]], [6.0, [4.0, 9.0, 3.0]], [9, [0, 8.0, 9]], [9.0, [3.0, 0.0, 3.0]], [7.0, [0, 8.0, 3.0]]]
2020-08-10 17:45:44,264 INFO Reward now: 6.580455780029297
2020-08-10 17:45:44,264 INFO Best policy so far: [[6.0, [0, 9, 9]], [7.0, [4.0, 9, 5]], [7.0, [0, 9, 2.0]], [8.0, [0, 8.0, 9.0]], [8.0, [-0.0, 7, 5.0]], [4.0, [2.0, 8.0, 5.0]], [8.0, [0, 9, 9]], [6.0, [4.0, 0, 2.0]], [5.0, [0, 6.0, 4.0]]]
2020-08-10 17:45:44,264 INFO Best reward so far: 7.416859340667725
2020-08-10 18:09:54,929 INFO Iter 29
2020-08-10 18:09:55,048 INFO Policy now: [[8.0, [1.0, 9, 9.0]], [9.0, [4.0, 5.0, 8.0]], [9.0, [2.0, 9.0, 3.0]], [8.0, [0.0, 8.0, 9.0]], [9, [1.0, 8.0, 3.0]], [5.0, [7.0, 9, 4.0]], [9.0, [0, 9, 9]], [8.0, [4.0, -0.0, 2.0]], [7.0, [-0.0, 9, 4.0]]]
2020-08-10 18:09:55,062 INFO Reward now: 4.167730887730916
2020-08-10 18:09:55,062 INFO Best policy so far: [[8.0, [0, 9, 9]], [8.0, [2.0, 6.0, 6.0]], [8.0, [4.0, 6, 2.0]], [5, [0, 8.0, 8.0]], [8.0, [3, 9, 6.0]], [2.0, [6.0, 9, 4.0]], [8, [0, 9, 9]], [4.0, [6.0, 0.0, 1.0]], [3.0, [0, 9, 6.0]]]
2020-08-10 18:09:55,062 INFO Best reward so far: 4.342515158653259
2020-08-11 03:40:51,561 INFO Iter 30
2020-08-11 03:40:52,151 INFO Policy now: [[9, [2.0, 9.0, 9.0]], [9, [3.0, 8.0, 5.0]], [9, [1.0, 9.0, 1.0]], [8.0, [0, 9.0, 9.0]], [9, [0, 8.0, 7.0]], [5.0, [7.0, 9, 2.0]], [9, [0, 9.0, 9.0]], [8.0, [3.0, 0, 0]], [8.0, [2.0, 8.0, 3.0]]]
2020-08-11 03:40:52,205 INFO Reward now: 10.028466860453287
2020-08-11 03:40:52,205 INFO Best policy so far: [[9, [2.0, 9.0, 9.0]], [9, [3.0, 8.0, 5.0]], [9, [1.0, 9.0, 1.0]], [8.0, [0, 9.0, 9.0]], [9, [0, 8.0, 7.0]], [5.0, [7.0, 9, 2.0]], [9, [0, 9.0, 9.0]], [8.0, [3.0, 0, 0]], [8.0, [2.0, 8.0, 3.0]]]
2020-08-11 03:40:52,205 INFO Best reward so far: 10.028466860453287
2020-08-11 04:16:25,797 INFO Iter 31
2020-08-11 04:16:26,333 INFO Policy now: [[9, [0, 9, 9]], [9, [0, 6.0, 6.0]], [9, [3.0, 7.0, 3.0]], [9, [0, 8.0, 9]], [9, [0, 9, 8.0]], [6.0, [8, 7.0, 6.0]], [9, [0, 9, 9]], [9, [0.0, 0, 2.0]], [9.0, [1.0, 9, 2.0]]]
2020-08-11 04:16:26,451 INFO Reward now: 7.728618661562602
2020-08-11 04:16:26,452 INFO Best policy so far: [[9, [2.0, 9.0, 9.0]], [9, [3.0, 8.0, 5.0]], [9, [1.0, 9.0, 1.0]], [8.0, [0, 9.0, 9.0]], [9, [0, 8.0, 7.0]], [5.0, [7.0, 9, 2.0]], [9, [0, 9.0, 9.0]], [8.0, [3.0, 0, 0]], [8.0, [2.0, 8.0, 3.0]]]
2020-08-11 04:16:26,452 INFO Best reward so far: 8.745917081832886
2020-08-11 04:53:19,870 INFO Iter 32
2020-08-11 04:53:19,899 INFO Policy now: [[8.0, [0.0, 9.0, 9]], [8.0, [1.0, 7.0, 5.0]], [8.0, [2.0, 8.0, 5.0]], [9.0, [-0.0, 9.0, 9.0]], [8.0, [1.0, 9.0, 9.0]], [5.0, [8.0, 6.0, 7.0]], [8.0, [-0.0, 9.0, 9]], [9.0, [0, -0.0, 1.0]], [8.0, [2.0, 9.0, 1.0]]]
2020-08-11 04:53:19,899 INFO Reward now: 7.354190389315288
2020-08-11 04:53:19,900 INFO Best policy so far: [[8.0, [0.0, 9.0, 9]], [8.0, [1.0, 7.0, 5.0]], [8.0, [2.0, 8.0, 5.0]], [9.0, [-0.0, 9.0, 9.0]], [8.0, [1.0, 9.0, 9.0]], [5.0, [8.0, 6.0, 7.0]], [8.0, [-0.0, 9.0, 9]], [9.0, [0, -0.0, 1.0]], [8.0, [2.0, 9.0, 1.0]]]
2020-08-11 04:53:19,900 INFO Best reward so far: 7.354190389315288
2020-08-11 05:13:48,431 INFO Iter 33
2020-08-11 05:13:48,574 INFO Policy now: [[6.0, [0, 8.0, 9.0]], [8.0, [3.0, 3.0, 9]], [6.0, [0.0, 9, 8.0]], [9.0, [1.0, 9, 9.0]], [7.0, [2.0, 9, 9]], [3.0, [8.0, 6.0, 5.0]], [6.0, [1.0, 9, 9.0]], [6.0, [1.0, 0.0, 0.0]], [7.0, [0.0, 9.0, 2.0]]]
2020-08-11 05:13:48,725 INFO Reward now: 8.569161693255106
2020-08-11 05:13:48,725 INFO Best policy so far: [[4.0, [0, 5.0, 8]], [4.0, [5.0, 8.0, 8.0]], [6.0, [2.0, 9, 8.0]], [7.0, [-0.0, 8.0, 5.0]], [7.0, [4.0, 9, 9]], [3.0, [8.0, 3.0, 6.0]], [6.0, [0, 9, 9]], [4.0, [2, -0.0, 6.0]], [6.0, [2.0, 9, 0.0]]]
2020-08-11 05:13:48,725 INFO Best reward so far: 8.785272979736328
2020-08-11 05:19:17,687 INFO Iter 34
2020-08-11 05:19:17,690 INFO Policy now: [[8.0, [0, 7.0, 6.0]], [9.0, [-0.0, 4.0, 9]], [9, [1.0, 8.0, 9.0]], [9, [0.0, 9, 9.0]], [9.0, [4.0, 9, 9]], [6.0, [8, 9.0, 1.0]], [9.0, [0, 9, 9]], [8.0, [0, 2.0, 0]], [9.0, [1.0, 9, 0]]]
2020-08-11 05:19:17,691 INFO Reward now: 3.967590034008026
2020-08-11 05:19:17,691 INFO Best policy so far: [[6.0, [1, 9, 4.0]], [8.0, [0.0, 3.0, 9]], [8.0, [2.0, 9, 9]], [9, [0.0, 9, 8.0]], [8.0, [4.0, 9, 8]], [6.0, [8, 9.0, 1.0]], [7.0, [0, 9, 9]], [8.0, [1.0, 4.0, 0]], [8.0, [0, 9, 0]]]
2020-08-11 05:19:17,691 INFO Best reward so far: 5.174301109313965
2020-08-11 15:24:51,684 INFO Iter 35
2020-08-11 15:24:51,918 INFO Policy now: [[9.0, [0.0, 9, 9]], [9, [0, 1.0, 9]], [8.0, [0, 9, 9.0]], [9.0, [0, 8.0, 9]], [9, [8.0, 9, 9]], [5.0, [8, 9.0, 2.0]], [9.0, [1.0, 7.0, 9.0]], [7.0, [0, 6.0, 2.0]], [8.0, [1.0, 9, 0]]]
2020-08-11 15:24:51,948 INFO Reward now: 11.885621547698975
2020-08-11 15:24:51,948 INFO Best policy so far: [[6.0, [1, 9, 4.0]], [8.0, [0.0, 3.0, 9]], [8.0, [2.0, 9, 9]], [9, [0.0, 9, 8.0]], [8.0, [4.0, 9, 8]], [6.0, [8, 9.0, 1.0]], [7.0, [0, 9, 9]], [8.0, [1.0, 4.0, 0]], [8.0, [0, 9, 0]]]
2020-08-11 15:24:51,948 INFO Best reward so far: 13.09463938077291
2020-08-11 16:15:52,440 INFO Iter 36
2020-08-11 16:15:52,621 INFO Policy now: [[9.0, [0.0, 9, 6.0]], [9.0, [0, 4.0, 9]], [9, [0, 9, 9]], [9, [0.0, 6.0, 6.0]], [8.0, [5.0, 9, 5.0]], [5.0, [8, 7.0, 0]], [8.0, [0, 9, 9]], [9, [3.0, 9.0, 0]], [9.0, [0, 9, 2.0]]]
2020-08-11 16:15:52,648 INFO Reward now: 11.271382967631022
2020-08-11 16:15:52,648 INFO Best policy so far: [[8.0, [0, 5, 6]], [6, [0, 4.0, 9]], [8.0, [0, 9, 5.0]], [8.0, [0, 4.0, 8]], [4, [5.0, 9, 7]], [3.0, [8, 8.0, 0]], [4.0, [2.0, 9.0, 4.0]], [7.0, [4, 9, 1.0]], [4.0, [0, 9, 4]]]
2020-08-11 16:15:52,648 INFO Best reward so far: 12.472192115783692
2020-08-11 16:24:03,758 INFO Iter 37
2020-08-11 16:24:03,768 INFO Policy now: [[8.0, [1.0, 9, 6.0]], [9.0, [0, 4.0, 9.0]], [9.0, [-0.0, 9.0, 9]], [9.0, [0.0, 6.0, 6.0]], [8.0, [5.0, 8.0, 6.0]], [4.0, [8.0, 6.0, 1.0]], [7.0, [-0.0, 9.0, 9]], [9.0, [3.0, 9.0, -0.0]], [8.0, [0.0, 9, 2.0]]]
2020-08-11 16:24:03,768 INFO Reward now: 6.574772397677104
2020-08-11 16:24:03,768 INFO Best policy so far: [[5.0, [3.0, 9, 6.0]], [8.0, [0, 5.0, 9]], [8, [0, 8, 9]], [8, [0, 5.0, 6.0]], [8.0, [2.0, 6, 8.0]], [4.0, [8, 3.0, 4]], [6.0, [2, 7, 9]], [8, [4.0, 8.0, 0]], [5.0, [0, 9, 2.0]]]
2020-08-11 16:24:03,768 INFO Best reward so far: 6.944030752182007
2020-08-11 16:58:32,842 INFO Iter 38
2020-08-11 16:58:32,846 INFO Policy now: [[8.0, [1.0, 9.0, 6.0]], [9.0, [-0.0, 3.0, 9.0]], [9.0, [-0.0, 9.0, 9.0]], [9.0, [0.0, 6.0, 5.0]], [8.0, [4.0, 8.0, 5.0]], [4.0, [8.0, 6.0, 1.0]], [7.0, [-0.0, 9.0, 9.0]], [9.0, [3.0, 9.0, -0.0]], [8.0, [0.0, 9.0, 1.0]]]
2020-08-11 16:58:32,847 INFO Reward now: 8.108503739039103
2020-08-11 16:58:32,847 INFO Best policy so far: [[8.0, [1.0, 9.0, 6.0]], [9.0, [-0.0, 3.0, 9.0]], [9.0, [-0.0, 9.0, 9.0]], [9.0, [0.0, 6.0, 5.0]], [8.0, [4.0, 8.0, 5.0]], [4.0, [8.0, 6.0, 1.0]], [7.0, [-0.0, 9.0, 9.0]], [9.0, [3.0, 9.0, -0.0]], [8.0, [0.0, 9.0, 1.0]]]
2020-08-11 16:58:32,847 INFO Best reward so far: 8.108503739039103
2020-08-12 02:57:09,353 INFO Iter 39
2020-08-12 02:57:09,470 INFO Policy now: [[-0.0, [0, 9, 0]], [6.0, [7.0, 5.0, 3.0]], [5.0, [-0.0, 9, 9]], [6.0, [0, 5.0, 7.0]], [3.0, [2.0, 8.0, 9]], [0, [6.0, 5.0, 0]], [0.0, [0, 9, 9]], [5.0, [2.0, 9.0, 1.0]], [1.0, [2.0, 9, 1.0]]]
2020-08-12 02:57:09,627 INFO Reward now: 10.599792083104452
2020-08-12 02:57:09,627 INFO Best policy so far: [[4.0, [0, 9, 4.0]], [6.0, [4.0, 2.0, 4.0]], [8.0, [0, 9, 9]], [8.0, [0, 4.0, 6.0]], [6.0, [5.0, 8.0, 8.0]], [0.0, [4.0, 5.0, 0]], [3.0, [2.0, 9, 9]], [6.0, [4.0, 9, -0.0]], [4.0, [0, 9, 2.0]]]
2020-08-12 02:57:09,627 INFO Best reward so far: 11.620644302368165
2020-08-12 03:27:34,441 INFO Iter 40
2020-08-12 03:27:34,735 INFO Policy now: [[0.0, [-0.0, 9.0, -0.0]], [6.0, [7.0, 5.0, 3.0]], [6.0, [-0.0, 9.0, 9.0]], [6.0, [-0.0, 5.0, 7.0]], [3.0, [2.0, 8.0, 9.0]], [0.0, [6.0, 4.0, 0.0]], [0.0, [0.0, 9.0, 9.0]], [5.0, [2.0, 9.0, 1.0]], [1.0, [2.0, 9.0, 1.0]]]
2020-08-12 03:27:34,823 INFO Reward now: 6.050561587015788
2020-08-12 03:27:34,823 INFO Best policy so far: [[4.0, [0, 9, 4.0]], [6.0, [4.0, 2.0, 4.0]], [8.0, [0, 9, 9]], [8.0, [0, 4.0, 6.0]], [6.0, [5.0, 8.0, 8.0]], [0.0, [4.0, 5.0, 0]], [3.0, [2.0, 9, 9]], [6.0, [4.0, 9, -0.0]], [4.0, [0, 9, 2.0]]]
2020-08-12 03:27:34,823 INFO Best reward so far: 6.18443485101064
2020-08-12 04:01:48,657 INFO Iter 41
2020-08-12 04:01:48,992 INFO Policy now: [[1.0, [1.0, 9.0, 1.0]], [8.0, [8.0, 2.0, 4.0]], [9.0, [0.0, 8.0, 8.0]], [7.0, [1.0, 5.0, 6.0]], [5.0, [1.0, 9.0, 8.0]], [1.0, [6.0, 3.0, 1.0]], [0.0, [1.0, 9, 9.0]], [7.0, [1.0, 9.0, 1.0]], [2.0, [1.0, 8.0, 1.0]]]
2020-08-12 04:01:49,050 INFO Reward now: 5.494093259175618
2020-08-12 04:01:49,050 INFO Best policy so far: [[4.0, [0, 9, 4.0]], [6.0, [4.0, 2.0, 4.0]], [8.0, [0, 9, 9]], [8.0, [0, 4.0, 6.0]], [6.0, [5.0, 8.0, 8.0]], [0.0, [4.0, 5.0, 0]], [3.0, [2.0, 9, 9]], [6.0, [4.0, 9, -0.0]], [4.0, [0, 9, 2.0]]]
2020-08-12 04:01:49,050 INFO Best reward so far: 6.332598527272542
2020-08-12 04:39:18,328 INFO Iter 42
2020-08-12 04:39:18,372 INFO Policy now: [[4.0, [6.0, 7.0, 5.0]], [9, [8, 5.0, 0]], [9, [0, 9, 8.0]], [9, [1.0, 0, 6.0]], [9, [0, 8.0, 9.0]], [6.0, [4.0, 0, 3.0]], [4.0, [0, 9, 9]], [9, [0, 9, 2.0]], [6.0, [3.0, 9, 0]]]
2020-08-12 04:39:18,372 INFO Reward now: 7.803604245185852
2020-08-12 04:39:18,372 INFO Best policy so far: [[4.0, [0, 9, 4.0]], [6.0, [4.0, 2.0, 4.0]], [8.0, [0, 9, 9]], [8.0, [0, 4.0, 6.0]], [6.0, [5.0, 8.0, 8.0]], [0.0, [4.0, 5.0, 0]], [3.0, [2.0, 9, 9]], [6.0, [4.0, 9, -0.0]], [4.0, [0, 9, 2.0]]]
2020-08-12 04:39:18,372 INFO Best reward so far: 9.146241863568624
2020-08-12 14:41:58,273 INFO Iter 43
2020-08-12 14:41:58,394 INFO Policy now: [[8.0, [5.0, 8.0, 3.0]], [9, [6.0, 6.0, 1.0]], [9, [0, 9.0, 7.0]], [9, [1.0, 1.0, 8.0]], [9, [0, 9, 9.0]], [9.0, [2.0, 0.0, 3.0]], [5.0, [1.0, 9, 9]], [9, [1.0, 9, 1.0]], [7.0, [0, 9, 0]]]
2020-08-12 14:41:58,415 INFO Reward now: 6.6038423379262285
2020-08-12 14:41:58,416 INFO Best policy so far: [[4.0, [0, 9, 4.0]], [6.0, [4.0, 2.0, 4.0]], [8.0, [0, 9, 9]], [8.0, [0, 4.0, 6.0]], [6.0, [5.0, 8.0, 8.0]], [0.0, [4.0, 5.0, 0]], [3.0, [2.0, 9, 9]], [6.0, [4.0, 9, -0.0]], [4.0, [0, 9, 2.0]]]
2020-08-12 14:41:58,416 INFO Best reward so far: 7.745935599009196
2020-08-13 00:34:50,297 INFO Iter 44
2020-08-13 00:34:50,817 INFO Policy now: [[9, [5.0, 7.0, 1.0]], [9, [3.0, 7.0, -0.0]], [9, [0.0, 9, 9]], [9, [0, 0, 9.0]], [9.0, [0.0, 9, 7.0]], [9, [4.0, 2.0, 1.0]], [8.0, [0, 9.0, 9]], [9, [0, 7.0, 3.0]], [9.0, [2.0, 9, 0]]]
2020-08-13 00:34:50,854 INFO Reward now: 8.746631979942322
2020-08-13 00:34:50,854 INFO Best policy so far: [[4.0, [0, 9, 4.0]], [6.0, [4.0, 2.0, 4.0]], [8.0, [0, 9, 9]], [8.0, [0, 4.0, 6.0]], [6.0, [5.0, 8.0, 8.0]], [0.0, [4.0, 5.0, 0]], [3.0, [2.0, 9, 9]], [6.0, [4.0, 9, -0.0]], [4.0, [0, 9, 2.0]]]
2020-08-13 00:34:50,854 INFO Best reward so far: 9.286433815956116
2020-08-13 00:59:12,833 INFO Iter 45
2020-08-13 00:59:12,840 INFO Policy now: [[9.0, [3.0, 8.0, 0.0]], [9, [2.0, 8.0, 0]], [9, [-0.0, 9, 9]], [9.0, [1.0, 1.0, 9]], [9.0, [0, 9, 6.0]], [9, [5.0, 3.0, 2.0]], [9.0, [0, 9, 8.0]], [9, [1.0, 6.0, 5.0]], [9.0, [4.0, 8.0, -0.0]]]
2020-08-13 00:59:12,840 INFO Reward now: 4.388094147046407
2020-08-13 00:59:12,840 INFO Best policy so far: [[9, [8.0, 6.0, 4.0]], [9, [-0.0, 9, -0.0]], [9, [0.0, 8, 9]], [9, [0, 0, 9.0]], [9, [4.0, 8, 9]], [9, [-0.0, -0.0, 0]], [9, [0, 8.0, 9]], [9, [0, 9.0, 6.0]], [9, [-0.0, 9, 2]]]
2020-08-13 00:59:12,840 INFO Best reward so far: 4.424141263961792
2020-08-13 11:12:42,907 INFO Iter 46
2020-08-13 11:12:43,184 INFO Policy now: [[8.0, [0, 9, -0.0]], [9, [0, 7.0, 0]], [8.0, [2.0, 9.0, 9]], [9.0, [-0.0, 1.0, 9.0]], [9.0, [1.0, 9.0, 3.0]], [9.0, [8.0, 5.0, 4.0]], [9.0, [0, 9.0, 6.0]], [9, [0, 9, 2.0]], [8.0, [0.0, 9.0, -0.0]]]
2020-08-13 11:12:43,203 INFO Reward now: 12.19200317064921
2020-08-13 11:12:43,203 INFO Best policy so far: [[9.0, [0, 9.0, 1.0]], [9, [-0.0, 6.0, 0]], [9, [4.0, 8, 9]], [9, [-0.0, 1.0, 8]], [9, [2, 8, 3.0]], [9, [7.0, 3.0, 6.0]], [9, [0, 9, 4.0]], [9, [0.0, 9.0, 3.0]], [9, [2.0, 9, 0.0]]]
2020-08-13 11:12:43,203 INFO Best reward so far: 12.960408039093018
2020-08-13 11:22:57,562 INFO Iter 47
2020-08-13 11:22:57,567 INFO Policy now: [[7.0, [1.0, 9.0, 1.0]], [9.0, [-0.0, 6.0, 0.0]], [5.0, [0, 9, 8.0]], [8.0, [1.0, 3.0, 9]], [9.0, [0.0, 8.0, 8.0]], [9.0, [5.0, 9, 4.0]], [6.0, [0.0, 9, 9]], [8.0, [0, 8.0, 0.0]], [8.0, [0, 9, 2.0]]]
2020-08-13 11:22:57,567 INFO Reward now: 4.9454962611198425
2020-08-13 11:22:57,567 INFO Best policy so far: [[5.0, [0, 8, 0]], [8, [0, 3.0, 1]], [6.0, [4.0, 9, 9]], [7.0, [0, 3.0, 9]], [6.0, [2.0, 9.0, 6.0]], [8.0, [8, 9, 8.0]], [7.0, [3, 9, 9]], [5, [0, 5, 0]], [6.0, [1.0, 9, 1.0]]]
2020-08-13 11:22:57,568 INFO Best reward so far: 5.168715782165528
2020-08-13 21:07:37,739 INFO Iter 48
2020-08-13 21:07:37,904 INFO Policy now: [[4.0, [6.0, 9, 3.0]], [5.0, [5.0, 8.0, 2.0]], [0, [0, 8.0, 9.0]], [3.0, [3.0, 7.0, 9]], [6.0, [-0.0, 9, 1.0]], [6.0, [8, 9, 2.0]], [0, [0, 9, 7.0]], [3.0, [2.0, 5.0, 5.0]], [4.0, [1.0, 9, 9.0]]]
2020-08-13 21:07:37,925 INFO Reward now: 10.31091300646464
2020-08-13 21:07:37,926 INFO Best policy so far: [[6.0, [2.0, 9.0, 4.0]], [5.0, [4.0, 5.0, 2.0]], [4.0, [0, 6, 9]], [6.0, [2.0, 8.0, 9]], [8.0, [0, 9, 4.0]], [8.0, [8, 9, 2.0]], [2.0, [0, 9, 8]], [6.0, [3, 8.0, 4.0]], [7.0, [0, 9, 5.0]]]
2020-08-13 21:07:37,926 INFO Best reward so far: 12.472340316772462
2020-08-14 06:58:00,077 INFO Iter 49
2020-08-14 06:58:00,308 INFO Policy now: [[7.0, [4.0, 7.0, 3.0]], [8.0, [8, 8.0, 3.0]], [4.0, [0, 9.0, 7.0]], [5.0, [-0.0, 3.0, 9.0]], [8.0, [0, 8.0, 5.0]], [9, [5.0, 9, 8.0]], [3.0, [0, 6.0, 9.0]], [8.0, [1.0, 7.0, 0]], [6.0, [0, 8.0, 9]]]
2020-08-14 06:58:00,331 INFO Reward now: 6.680007259051005
2020-08-14 06:58:00,331 INFO Best policy so far: [[6.0, [2.0, 9.0, 4.0]], [5.0, [4.0, 5.0, 2.0]], [4.0, [0, 6, 9]], [6.0, [2.0, 8.0, 9]], [8.0, [0, 9, 4.0]], [8.0, [8, 9, 2.0]], [2.0, [0, 9, 8]], [6.0, [3, 8.0, 4.0]], [7.0, [0, 9, 5.0]]]
2020-08-14 06:58:00,331 INFO Best reward so far: 7.297160347302754
2020-08-14 16:38:22,557 INFO Iter 50
2020-08-14 16:38:23,000 INFO Policy now: [[9.0, [7.0, 6.0, 3.0]], [9, [6.0, 7.0, 1.0]], [5.0, [1.0, 7.0, 7.0]], [5.0, [0, 1.0, 8.0]], [8.0, [0, 9.0, 6.0]], [9, [4.0, 7.0, 9]], [6.0, [0.0, 1.0, 9.0]], [9.0, [2.0, 9, 0.0]], [8.0, [-0.0, 9, 9]]]
2020-08-14 16:38:23,037 INFO Reward now: 8.900108098983765
2020-08-14 16:38:23,038 INFO Best policy so far: [[6.0, [2.0, 9.0, 4.0]], [5.0, [4.0, 5.0, 2.0]], [4.0, [0, 6, 9]], [6.0, [2.0, 8.0, 9]], [8.0, [0, 9, 4.0]], [8.0, [8, 9, 2.0]], [2.0, [0, 9, 8]], [6.0, [3, 8.0, 4.0]], [7.0, [0, 9, 5.0]]]
2020-08-14 16:38:23,038 INFO Best reward so far: 10.115297396977743
2020-08-14 17:13:30,183 INFO Iter 51
2020-08-14 17:13:30,323 INFO Policy now: [[9, [7.0, 7.0, 2.0]], [9, [4.0, 7.0, 1.0]], [8.0, [0.0, 4.0, 7.0]], [8.0, [-0.0, 2.0, 9.0]], [9.0, [1.0, 8.0, 6.0]], [9.0, [0.0, 8.0, 8.0]], [8.0, [0.0, 2.0, 9.0]], [9.0, [2.0, 9, 1.0]], [9.0, [0, 9.0, 8.0]]]
2020-08-14 17:13:30,342 INFO Reward now: 7.301471312840779
2020-08-14 17:13:30,342 INFO Best policy so far: [[6.0, [2.0, 9.0, 4.0]], [5.0, [4.0, 5.0, 2.0]], [4.0, [0, 6, 9]], [6.0, [2.0, 8.0, 9]], [8.0, [0, 9, 4.0]], [8.0, [8, 9, 2.0]], [2.0, [0, 9, 8]], [6.0, [3, 8.0, 4.0]], [7.0, [0, 9, 5.0]]]
2020-08-14 17:13:30,342 INFO Best reward so far: 8.453976035118103
2020-08-15 03:25:17,624 INFO Iter 52
2020-08-15 03:25:17,778 INFO Policy now: [[9.0, [6.0, 9.0, 2.0]], [9.0, [4.0, 8.0, 2.0]], [8.0, [0, 3.0, 8.0]], [8.0, [1.0, 4.0, 8.0]], [8.0, [0.0, 9.0, 4.0]], [8.0, [1.0, 9.0, 8.0]], [7.0, [-0.0, 3.0, 9.0]], [8.0, [2.0, 8.0, 2.0]], [9.0, [1.0, 9.0, 9.0]]]
2020-08-15 03:25:17,791 INFO Reward now: 4.769698182741801
2020-08-15 03:25:17,791 INFO Best policy so far: [[9.0, [6.0, 9.0, 2.0]], [9.0, [4.0, 8.0, 2.0]], [8.0, [0, 3.0, 8.0]], [8.0, [1.0, 4.0, 8.0]], [8.0, [0.0, 9.0, 4.0]], [8.0, [1.0, 9.0, 8.0]], [7.0, [-0.0, 3.0, 9.0]], [8.0, [2.0, 8.0, 2.0]], [9.0, [1.0, 9.0, 9.0]]]
2020-08-15 03:25:17,791 INFO Best reward so far: 4.769698182741801
2020-08-15 04:31:34,885 INFO Iter 53
2020-08-15 04:31:35,115 INFO Policy now: [[9, [-0.0, 6.0, 9]], [8.0, [3.0, 2.0, 4.0]], [9, [0, 9, 6.0]], [9, [0, 9, 9.0]], [9.0, [2.0, 9, 5.0]], [6.0, [6.0, 9, 9.0]], [5.0, [0, 6.0, 7.0]], [9, [6.0, 7.0, 8.0]], [9, [0, 9.0, 9]]]
2020-08-15 04:31:35,121 INFO Reward now: 8.320514440536499
2020-08-15 04:31:35,122 INFO Best policy so far: [[9, [4.0, 8.0, 5.0]], [9.0, [5.0, 6.0, 2.0]], [9, [0, 6.0, 8.0]], [9, [0, 8.0, 8.0]], [9, [2.0, 9, 4.0]], [8.0, [4.0, 9, 9]], [7.0, [0, 6.0, 6.0]], [9, [4.0, 5.0, 6.0]], [9, [0.0, 8.0, 9]]]
2020-08-15 04:31:35,122 INFO Best reward so far: 9.536679439544677
2020-08-15 05:11:41,628 INFO Iter 54
2020-08-15 05:11:41,798 INFO Policy now: [[9, [0, 9, 8.0]], [9, [7.0, -0.0, 9.0]], [9, [1.0, 9, 0]], [9, [0, 9.0, 9]], [9, [5.0, 6.0, 9]], [9.0, [0, 9, 9]], [9, [0, 9.0, 5.0]], [9, [7.0, 9, 9.0]], [9, [2.0, 8.0, 9]]]
2020-08-15 05:11:41,852 INFO Reward now: 8.99237302939097
2020-08-15 05:11:41,852 INFO Best policy so far: [[9, [0, 9, 8]], [8.0, [4.0, 2.0, 5.0]], [9, [0, 9, 2.0]], [9, [0, 9, 9]], [9.0, [6.0, 6, 8.0]], [7.0, [2.0, 9, 9]], [9, [0, 9, 6.0]], [9, [8.0, 9, 8.0]], [9, [2, 8.0, 9]]]
2020-08-15 05:11:41,852 INFO Best reward so far: 10.754242992401123
2020-08-15 05:50:43,791 INFO Iter 55
2020-08-15 05:50:43,812 INFO Policy now: [[9, [0.0, 9.0, 7.0]], [9.0, [7.0, 1.0, 9]], [9.0, [2.0, 8.0, -0.0]], [9.0, [0.0, 9.0, 8.0]], [9.0, [5.0, 8.0, 8.0]], [9, [0, 9.0, 9]], [9, [0, 8.0, 3.0]], [9.0, [7.0, 9, 8.0]], [9.0, [1.0, 7.0, 9.0]]]
2020-08-15 05:50:43,812 INFO Reward now: 9.603527347246805
2020-08-15 05:50:43,812 INFO Best policy so far: [[9, [0, 9, 8]], [8.0, [4.0, 2.0, 5.0]], [9, [0, 9, 2.0]], [9, [0, 9, 9]], [9.0, [6.0, 6, 8.0]], [7.0, [2.0, 9, 9]], [9, [0, 9, 6.0]], [9, [8.0, 9, 8.0]], [9, [2, 8.0, 9]]]
2020-08-15 05:50:43,812 INFO Best reward so far: 10.56837526957194
2020-08-15 05:56:21,930 INFO Iter 56
2020-08-15 05:56:21,962 INFO Policy now: [[8.0, [0.0, 9, 5.0]], [9.0, [8, 0.0, 9.0]], [9.0, [0, 8.0, -0.0]], [9.0, [0.0, 9, 8.0]], [9.0, [5.0, 8.0, 9]], [9, [1.0, 9.0, 9.0]], [8.0, [0, 9, 1.0]], [9, [6.0, 9.0, 9]], [9, [-0.0, 9.0, 9.0]]]
2020-08-15 05:56:21,962 INFO Reward now: 3.9752612014611564
2020-08-15 05:56:21,962 INFO Best policy so far: [[9, [0, 9, 8]], [8.0, [4.0, 2.0, 5.0]], [9, [0, 9, 2.0]], [9, [0, 9, 9]], [9.0, [6.0, 6, 8.0]], [7.0, [2.0, 9, 9]], [9, [0, 9, 6.0]], [9, [8.0, 9, 8.0]], [9, [2, 8.0, 9]]]
2020-08-15 05:56:21,962 INFO Best reward so far: 4.297256429990132
2020-08-15 15:30:15,093 INFO Iter 57
2020-08-15 15:30:15,234 INFO Policy now: [[9, [0, 9, 7.0]], [9, [8, 0.0, 9.0]], [9, [0, 9, 0]], [9, [0.0, 9, 9]], [9, [0, 9, 9.0]], [9, [2.0, 9, 9.0]], [9, [0, 9, 4.0]], [9, [8, 9, 5.0]], [9, [0, 9, 8.0]]]
2020-08-15 15:30:15,253 INFO Reward now: 8.845211068789164
2020-08-15 15:30:15,253 INFO Best policy so far: [[9, [0, 9, 6.0]], [9, [8, 2.0, 9]], [9, [0, 9, 0]], [9, [2.0, 9, 9]], [9, [2.0, 9, 9]], [9, [1.0, 9.0, 9.0]], [9, [0, 9, 4.0]], [9, [8, 9, 5]], [9, [0, 9, 9]]]
2020-08-15 15:30:15,253 INFO Best reward so far: 9.453782634735107
2020-08-15 16:00:18,163 INFO Iter 58
2020-08-15 16:00:18,267 INFO Policy now: [[9.0, [0.0, 9, 6.0]], [6.0, [6.0, 0, 8.0]], [7.0, [1.0, 9, 0]], [6.0, [-0.0, 9, 8.0]], [8.0, [-0.0, 9.0, 9]], [7.0, [0, 9, 8.0]], [8.0, [1.0, 9, 0]], [7.0, [7.0, 8.0, 3.0]], [6.0, [1.0, 8.0, 7.0]]]
2020-08-15 16:00:18,303 INFO Reward now: 5.460524161656697
2020-08-15 16:00:18,303 INFO Best policy so far: [[8, [0, 9, 9]], [6, [6, 0, 6.0]], [5, [0, 6, 0]], [5, [2.0, 9, 9]], [5, [2, 9, 9]], [6, [0.0, 9, 8.0]], [9, [2, 9, 0.0]], [8, [4, 6, 5.0]], [5, [0, 9, 6.0]]]
2020-08-15 16:00:18,303 INFO Best reward so far: 6.994768123626709
2020-08-16 01:55:16,110 INFO Iter 59
2020-08-16 01:55:16,409 INFO Policy now: [[9, [3.0, 9, 9.0]], [8.0, [8, 3.0, 7.0]], [9, [0, 7.0, 0]], [7.0, [0.0, 9.0, 5.0]], [9, [1.0, 9, 9.0]], [9, [2.0, 9, 7.0]], [9.0, [0, 9, 0]], [9, [4.0, 9.0, 3.0]], [7.0, [0, 9, 9]]]
2020-08-16 01:55:16,519 INFO Reward now: 11.83634901046753
2020-08-16 01:55:16,519 INFO Best policy so far: [[9, [3.0, 9, 7.0]], [6.0, [8.0, 4, 8.0]], [9, [0, 6, 0]], [7.0, [0.0, 6, 5.0]], [9, [-0.0, 9, 9]], [9.0, [2, 9, 9.0]], [8.0, [0, 9, 0]], [8.0, [4.0, 8.0, 0.0]], [7.0, [0, 9, 8.0]]]
2020-08-16 01:55:16,519 INFO Best reward so far: 12.214830360412599
2020-08-16 02:07:35,636 INFO Iter 60
2020-08-16 02:07:36,116 INFO Policy now: [[9, [3.0, 9, 9.0]], [8.0, [8, 4.0, 8.0]], [9.0, [-0.0, 9.0, 0]], [6.0, [0, 9.0, 5.0]], [8.0, [0, 9, 8.0]], [9, [-0.0, 8.0, 9.0]], [9.0, [0, 9, 1.0]], [9, [3.0, 9, 4.0]], [8.0, [2.0, 8.0, 9]]]
2020-08-16 02:07:36,126 INFO Reward now: 5.599541624387105
2020-08-16 02:07:36,126 INFO Best policy so far: [[9, [3.0, 9, 7.0]], [6.0, [8.0, 4, 8.0]], [9, [0, 6, 0]], [7.0, [0.0, 6, 5.0]], [9, [-0.0, 9, 9]], [9.0, [2, 9, 9.0]], [8.0, [0, 9, 0]], [8.0, [4.0, 8.0, 0.0]], [7.0, [0, 9, 8.0]]]
2020-08-16 02:07:36,127 INFO Best reward so far: 6.266073862711589
2020-08-16 12:00:22,829 INFO Iter 61
2020-08-16 12:00:23,139 INFO Policy now: [[9, [2.0, 7.0, 9]], [8.0, [8.0, 9, 6.0]], [9, [0, 9.0, 4.0]], [3.0, [1.0, 5.0, 9]], [9, [0, 6.0, 9]], [9, [2.0, 7.0, 9]], [9, [3.0, 9, 3.0]], [9, [0, 9, 8.0]], [8.0, [0, 8.0, 8.0]]]
2020-08-16 12:00:23,163 INFO Reward now: 10.226624608039856
2020-08-16 12:00:23,163 INFO Best policy so far: [[9, [-0.0, 8, 9]], [9, [6, 8.0, 4.0]], [9, [0.0, 9, 4]], [6.0, [4, 5.0, 8.0]], [9, [2, 5, 9]], [9, [3.0, 6.0, 9]], [9, [2, 9, 2.0]], [9, [0, 9, 7.0]], [8.0, [-0.0, 9.0, 8]]]
2020-08-16 12:00:23,163 INFO Best reward so far: 10.561041107177735
2020-08-16 12:42:26,510 INFO Iter 62
2020-08-16 12:42:26,558 INFO Policy now: [[9.0, [3.0, 7.0, 9]], [8.0, [7.0, 9, 6.0]], [9.0, [0, 9.0, 5.0]], [2.0, [1.0, 7.0, 9.0]], [8.0, [2.0, 6.0, 9.0]], [9, [2.0, 5.0, 8.0]], [8.0, [3.0, 9, 3.0]], [8.0, [0, 9, 8.0]], [7.0, [0, 9.0, 8.0]]]
2020-08-16 12:42:26,558 INFO Reward now: 9.472227255503336
2020-08-16 12:42:26,558 INFO Best policy so far: [[9.0, [3.0, 7.0, 9]], [8.0, [7.0, 9, 6.0]], [9.0, [0, 9.0, 5.0]], [2.0, [1.0, 7.0, 9.0]], [8.0, [2.0, 6.0, 9.0]], [9, [2.0, 5.0, 8.0]], [8.0, [3.0, 9, 3.0]], [8.0, [0, 9, 8.0]], [7.0, [0, 9.0, 8.0]]]
2020-08-16 12:42:26,558 INFO Best reward so far: 9.472227255503336
2020-08-16 22:41:31,075 INFO Iter 63
2020-08-16 22:41:31,445 INFO Policy now: [[9, [0.0, 9, 9]], [8.0, [5.0, 9, 5.0]], [9, [1.0, 7.0, 2.0]], [5.0, [0, 8.0, 9]], [9, [0.0, 5.0, 8.0]], [9, [4.0, 4.0, 9]], [9.0, [2.0, 8.0, 4.0]], [9, [0, 9.0, 9.0]], [9.0, [0, 8.0, 9]]]
2020-08-16 22:41:31,486 INFO Reward now: 7.049436608950297
2020-08-16 22:41:31,486 INFO Best policy so far: [[9.0, [3.0, 7.0, 9]], [8.0, [7.0, 9, 6.0]], [9.0, [0, 9.0, 5.0]], [2.0, [1.0, 7.0, 9.0]], [8.0, [2.0, 6.0, 9.0]], [9, [2.0, 5.0, 8.0]], [8.0, [3.0, 9, 3.0]], [8.0, [0, 9, 8.0]], [7.0, [0, 9.0, 8.0]]]
2020-08-16 22:41:31,486 INFO Best reward so far: 7.432522296905518
2020-08-16 22:56:22,540 INFO Iter 64
2020-08-16 22:56:22,564 INFO Policy now: [[9, [0, 7.0, 9]], [9, [0, 7.0, 7.0]], [9, [0, 2.0, 3.0]], [8.0, [3.0, 9.0, 9]], [9, [1.0, 9, 9]], [9.0, [2.0, 4.0, 9]], [9, [1.0, 4.0, 1.0]], [9.0, [0, 8.0, 8.0]], [9, [0, 5.0, 9.0]]]
2020-08-16 22:56:22,564 INFO Reward now: 7.3188609679539995
2020-08-16 22:56:22,567 INFO Best policy so far: [[9.0, [3.0, 7.0, 9]], [8.0, [7.0, 9, 6.0]], [9.0, [0, 9.0, 5.0]], [2.0, [1.0, 7.0, 9.0]], [8.0, [2.0, 6.0, 9.0]], [9, [2.0, 5.0, 8.0]], [8.0, [3.0, 9, 3.0]], [8.0, [0, 9, 8.0]], [7.0, [0, 9.0, 8.0]]]
2020-08-16 22:56:22,567 INFO Best reward so far: 8.550752719243368
2020-08-16 23:15:11,426 INFO Iter 65
2020-08-16 23:15:11,532 INFO Policy now: [[9, [0, 9, 9]], [9, [1.0, 9, 7.0]], [9, [0, 5.0, 6.0]], [9, [0.0, 9, 9]], [9, [-0.0, 9.0, 6.0]], [9, [1.0, 6.0, 7.0]], [9, [0, 3.0, 2.0]], [9, [0, 9, 6.0]], [9, [0, 1.0, 6.0]]]
2020-08-16 23:15:11,547 INFO Reward now: 7.429443955421448
2020-08-16 23:15:11,547 INFO Best policy so far: [[9, [0, 9, 9]], [9, [2, 9, 7.0]], [9, [0, 4.0, 7.0]], [9, [0, 9, 9]], [9, [-0.0, 6, 6]], [9, [2.0, 6.0, 8]], [9, [0.0, 4.0, 3.0]], [9, [0, 9, 6.0]], [9, [0, 2.0, 5.0]]]
2020-08-16 23:15:11,547 INFO Best reward so far: 8.32819091796875
2020-08-17 08:57:39,100 INFO Iter 66
2020-08-17 08:57:39,286 INFO Policy now: [[9.0, [-0.0, 9, 9.0]], [9.0, [1.0, 9, 7.0]], [9.0, [-0.0, 6.0, 5.0]], [9.0, [-0.0, 9.0, 9.0]], [9, [1.0, 9.0, 5.0]], [9.0, [1.0, 6.0, 8.0]], [9.0, [-0.0, 3.0, -0.0]], [9.0, [0, 9.0, 6.0]], [9.0, [-0.0, 0.0, 6.0]]]
2020-08-17 08:57:39,306 INFO Reward now: 5.581274350484212
2020-08-17 08:57:39,306 INFO Best policy so far: [[9, [0, 9, 9]], [9, [2.0, 9, 8.0]], [9, [2, 8.0, 6.0]], [9, [0, 9, 9]], [9, [4.0, 8.0, 4.0]], [9, [1.0, 2.0, 9.0]], [9, [2, 4.0, 0]], [9, [0, 8, 8.0]], [9, [0, 0, 8.0]]]
2020-08-17 08:57:39,306 INFO Best reward so far: 6.489938735961914
2020-08-17 09:32:03,507 INFO Iter 67
2020-08-17 09:32:03,603 INFO Policy now: [[9.0, [0.0, 9.0, 9]], [8.0, [2.0, 9.0, 6.0]], [8.0, [1.0, 5.0, 3.0]], [9.0, [0.0, 9.0, 9.0]], [9.0, [1.0, 8.0, 7.0]], [9.0, [0.0, 6.0, 8.0]], [8.0, [1.0, 5.0, 1.0]], [9.0, [0.0, 9, 6.0]], [9.0, [0, 0.0, 4.0]]]
2020-08-17 09:32:03,624 INFO Reward now: 6.973257064819336
2020-08-17 09:32:03,624 INFO Best policy so far: [[9, [0, 9, 9]], [9, [2.0, 9, 8.0]], [9, [2, 8.0, 6.0]], [9, [0, 9, 9]], [9, [4.0, 8.0, 4.0]], [9, [1.0, 2.0, 9.0]], [9, [2, 4.0, 0]], [9, [0, 8, 8.0]], [9, [0, 0, 8.0]]]
2020-08-17 09:32:03,624 INFO Best reward so far: 7.326475262641907
2020-08-17 19:32:15,965 INFO Iter 68
2020-08-17 19:32:16,072 INFO Policy now: [[7.0, [-0.0, 6.0, 9.0]], [8.0, [6.0, 8.0, 9]], [8.0, [0.0, 4.0, -0.0]], [7.0, [0.0, 7.0, 7.0]], [7.0, [0, 9, 9.0]], [8.0, [-0.0, 9.0, 9.0]], [7.0, [1.0, 6.0, 1.0]], [7.0, [0, 9, 2.0]], [6.0, [0, 0.0, 8.0]]]
2020-08-17 19:32:16,082 INFO Reward now: 7.12486453851064
2020-08-17 19:32:16,082 INFO Best policy so far: [[6.0, [0, 6.0, 8]], [5.0, [6.0, 5.0, 9.0]], [8.0, [2.0, 8.0, 2.0]], [6.0, [0.0, 6.0, 5.0]], [8.0, [0, 9, 9]], [6.0, [4.0, 8.0, 9]], [6.0, [2.0, 8.0, 0]], [6.0, [1.0, 9, 3.0]], [4.0, [0, 0.0, 7.0]]]
2020-08-17 19:32:16,082 INFO Best reward so far: 8.51369909286499
2020-08-17 19:56:26,002 INFO Iter 69
2020-08-17 19:56:26,015 INFO Policy now: [[7.0, [-0.0, 6.0, 9.0]], [8.0, [6.0, 8.0, 9.0]], [8.0, [0.0, 4.0, 0.0]], [7.0, [0.0, 7.0, 7.0]], [7.0, [0.0, 9.0, 9.0]], [8.0, [0.0, 9.0, 9.0]], [8.0, [1.0, 5.0, 1.0]], [7.0, [-0.0, 9.0, 2.0]], [6.0, [-0.0, 0.0, 8.0]]]
2020-08-17 19:56:26,016 INFO Reward now: 3.5722575187683105
2020-08-17 19:56:26,016 INFO Best policy so far: [[6.0, [0, 3.0, 8.0]], [8.0, [4.0, 8.0, 9]], [7.0, [1.0, 8.0, 4.0]], [3.0, [2.0, 6.0, 4.0]], [7.0, [2, 9, 8.0]], [6.0, [4.0, 7.0, 8.0]], [3.0, [6.0, 8.0, 4.0]], [2.0, [0, 9, 0]], [5.0, [0, 2.0, 4.0]]]
2020-08-17 19:56:26,016 INFO Best reward so far: 4.386351885795594
2020-08-17 20:13:37,067 INFO Iter 70
2020-08-17 20:13:38,085 INFO Policy now: [[4.0, [0.0, 6.0, 9.0]], [5.0, [6.0, 6.0, 9.0]], [8.0, [0, 9.0, 0]], [4.0, [0, 7.0, 4.0]], [4.0, [2.0, 9.0, 8.0]], [5.0, [1.0, 9, 9]], [7.0, [1.0, 5.0, 2.0]], [4.0, [-0.0, 9, 4.0]], [1.0, [0, 2.0, 9]]]
2020-08-17 20:13:38,148 INFO Reward now: 7.636695186297099
2020-08-17 20:13:38,148 INFO Best policy so far: [[4.0, [0.0, 6.0, 9.0]], [5.0, [6.0, 6.0, 9.0]], [8.0, [0, 9.0, 0]], [4.0, [0, 7.0, 4.0]], [4.0, [2.0, 9.0, 8.0]], [5.0, [1.0, 9, 9]], [7.0, [1.0, 5.0, 2.0]], [4.0, [-0.0, 9, 4.0]], [1.0, [0, 2.0, 9]]]
2020-08-17 20:13:38,148 INFO Best reward so far: 7.636695186297099
2020-08-18 05:58:14,778 INFO Iter 71
2020-08-18 05:58:14,956 INFO Policy now: [[8.0, [0.0, 9.0, 8.0]], [6.0, [7.0, 6.0, 9]], [9, [0, 9.0, 1.0]], [6.0, [0, 9.0, 2.0]], [7.0, [3.0, 9, 7.0]], [6.0, [0, 9, 7.0]], [9.0, [3.0, 8.0, 2.0]], [5.0, [0, 9, 2.0]], [5.0, [0, 3.0, 9]]]
2020-08-18 05:58:14,972 INFO Reward now: 11.60482907295227
2020-08-18 05:58:14,972 INFO Best policy so far: [[7.0, [0.0, 8.0, 7.0]], [6.0, [8.0, 6.0, 9]], [9, [0, 7.0, 0]], [4.0, [0, 9, -0.0]], [7.0, [2.0, 9, 6.0]], [6.0, [0, 9, 8]], [8.0, [2.0, 9.0, 3.0]], [5.0, [-0.0, 9, 2.0]], [6.0, [0, 2.0, 9]]]
2020-08-18 05:58:14,972 INFO Best reward so far: 11.891180324554444
2020-08-18 15:36:08,743 INFO Iter 72
2020-08-18 15:36:09,008 INFO Policy now: [[7.0, [0, 7.0, 7.0]], [3.0, [8, 6.0, 6.0]], [9.0, [0, 9, 5.0]], [5.0, [1.0, 8.0, 8.0]], [5.0, [7.0, 9, 8.0]], [5.0, [2.0, 9, 5.0]], [9.0, [0.0, 8.0, 2.0]], [2.0, [3.0, 9.0, 1.0]], [5.0, [1.0, 7.0, 9]]]
2020-08-18 15:36:09,049 INFO Reward now: 9.25601096947988
2020-08-18 15:36:09,049 INFO Best policy so far: [[8.0, [0.0, 6.0, 6.0]], [4.0, [8, 6.0, 9]], [7, [0, 9, 2.0]], [4.0, [3, 8.0, 5.0]], [6.0, [2.0, 9, 6.0]], [5.0, [2, 8, 6.0]], [8.0, [2.0, 6.0, 0.0]], [2.0, [4, 6, -0.0]], [2.0, [4, 6.0, 8]]]
2020-08-18 15:36:09,049 INFO Best reward so far: 10.113083572387696
