2020-08-01 14:10:09,761 INFO Iter 0
2020-08-01 14:10:09,931 INFO Policy now: [[9, [8, 0, 9]], [5.0, [1.0, 9, 9]], [9, [0, 9, 0]]]
2020-08-01 14:10:09,942 INFO Reward now: 4.829336047172546
2020-08-01 14:10:09,943 INFO Best policy so far: [[8, [8, 0, 5]], [4, [0, 6, 6]], [9, [0, 6, 0]]]
2020-08-01 14:10:09,943 INFO Best reward so far: 4.916942993799846
2020-08-01 18:17:33,299 INFO Iter 1
2020-08-01 18:17:33,390 INFO Policy now: [[9, [8, 4.0, 9]], [9.0, [4.0, 9, 9]], [9, [4.0, 9, 1.0]]]
2020-08-01 18:17:33,407 INFO Reward now: 5.880414525667827
2020-08-01 18:17:33,407 INFO Best policy so far: [[9, [8, 2, 9]], [6.0, [1.0, 9, 9]], [9, [2, 9, 2]]]
2020-08-01 18:17:33,407 INFO Best reward so far: 6.871171156565349
2020-08-01 18:35:41,744 INFO Iter 2
2020-08-01 18:35:41,747 INFO Policy now: [[6.0, [4.0, 0, 5.0]], [5.0, [0, 5.0, 6.0]], [2.0, [0, 6.0, 0]]]
2020-08-01 18:35:41,747 INFO Reward now: 4.732990105946858
2020-08-01 18:35:41,747 INFO Best policy so far: [[9, [8, 2, 9]], [6.0, [1.0, 9, 9]], [9, [2, 9, 2]]]
2020-08-01 18:35:41,747 INFO Best reward so far: 6.871171156565349
2020-08-01 18:48:28,821 INFO Iter 3
2020-08-01 18:48:28,843 INFO Policy now: [[9, [8.0, 2.0, 9]], [9, [3.0, 9, 7.0]], [8.0, [0.0, 9, 5.0]]]
2020-08-01 18:48:28,843 INFO Reward now: 3.8088084061940513
2020-08-01 18:48:28,844 INFO Best policy so far: [[9, [8, 2, 9]], [6.0, [1.0, 9, 9]], [9, [2, 9, 2]]]
2020-08-01 18:48:28,844 INFO Best reward so far: 6.871171156565349
2020-08-01 23:07:59,301 INFO Iter 4
2020-08-01 23:07:59,541 INFO Policy now: [[5.0, [6.0, 0, 9.0]], [7.0, [0.0, 8.0, 1.0]], [5.0, [0, 6.0, 0.0]]]
2020-08-01 23:07:59,576 INFO Reward now: 9.78161652882894
2020-08-01 23:07:59,576 INFO Best policy so far: [[6, [8.0, 0, 9]], [6, [2.0, 8, 4.0]], [6.0, [0, 6, 2.0]]]
2020-08-01 23:07:59,576 INFO Best reward so far: 11.31513786315918
2020-08-02 03:21:29,834 INFO Iter 5
2020-08-02 03:21:30,012 INFO Policy now: [[9, [8, 4.0, 9]], [9, [3.0, 9, 7.0]], [9, [2.0, 9, 4.0]]]
2020-08-02 03:21:30,023 INFO Reward now: 8.970505595207214
2020-08-02 03:21:30,024 INFO Best policy so far: [[6, [8.0, 0, 9]], [6, [2.0, 8, 4.0]], [6.0, [0, 6, 2.0]]]
2020-08-02 03:21:30,024 INFO Best reward so far: 11.31513786315918
2020-08-02 07:43:21,270 INFO Iter 6
2020-08-02 07:43:21,596 INFO Policy now: [[8.0, [7.0, 1.0, 6.0]], [9, [1.0, 9.0, 7.0]], [9, [0, 7.0, 3.0]]]
2020-08-02 07:43:22,319 INFO Reward now: 11.472594817479452
2020-08-02 07:43:22,320 INFO Best policy so far: [[9, [8, 4.0, 9]], [9, [6.0, 9, 8.0]], [9, [2.0, 9, 7.0]]]
2020-08-02 07:43:22,320 INFO Best reward so far: 11.618935585021973
2020-08-02 08:15:02,064 INFO Iter 7
2020-08-02 08:15:02,145 INFO Policy now: [[9, [8, 9, 9]], [9, [8, 9, 9]], [9, [8, 9, 9]]]
2020-08-02 08:15:02,165 INFO Reward now: 6.7166396379470825
2020-08-02 08:15:02,211 INFO Best policy so far: [[9, [8, 4.0, 9]], [9, [6.0, 9, 8.0]], [9, [2.0, 9, 7.0]]]
2020-08-02 08:15:02,211 INFO Best reward so far: 11.618935585021973
2020-08-02 08:24:17,951 INFO Iter 8
2020-08-02 08:24:18,024 INFO Policy now: [[6.0, [1.0, 6.0, 2.0]], [5.0, [3.0, 4.0, 4.0]], [8.0, [3.0, 2.0, 4.0]]]
2020-08-02 08:24:18,024 INFO Reward now: 5.221460739771525
2020-08-02 08:24:18,024 INFO Best policy so far: [[9, [8, 4.0, 9]], [9, [6.0, 9, 8.0]], [9, [2.0, 9, 7.0]]]
2020-08-02 08:24:18,024 INFO Best reward so far: 11.618935585021973
2020-08-02 08:39:16,972 INFO Iter 9
2020-08-02 08:39:16,982 INFO Policy now: [[9, [3.0, 9, 8.0]], [9, [8.0, 9.0, 9]], [9, [6.0, 7.0, 9.0]]]
2020-08-02 08:39:16,982 INFO Reward now: 3.2224662204583487
2020-08-02 08:39:16,982 INFO Best policy so far: [[9, [8, 4.0, 9]], [9, [6.0, 9, 8.0]], [9, [2.0, 9, 7.0]]]
2020-08-02 08:39:16,982 INFO Best reward so far: 11.618935585021973
2020-08-02 12:59:21,679 INFO Iter 10
2020-08-02 12:59:21,779 INFO Policy now: [[-0.0, [0, 2.0, 0]], [0, [1.0, 3.0, 2.0]], [2.0, [0, 0, 1.0]]]
2020-08-02 12:59:21,793 INFO Reward now: 5.343150277932485
2020-08-02 12:59:21,793 INFO Best policy so far: [[9, [8, 4.0, 9]], [9, [6.0, 9, 8.0]], [9, [2.0, 9, 7.0]]]
2020-08-02 12:59:21,793 INFO Best reward so far: 11.618935585021973
2020-08-02 17:05:50,133 INFO Iter 11
2020-08-02 17:05:50,447 INFO Policy now: [[9, [8, 9, 9]], [9, [8, 9, 9]], [9, [8, 9, 9]]]
2020-08-02 17:05:50,457 INFO Reward now: 4.144200285275777
2020-08-02 17:05:50,479 INFO Best policy so far: [[9, [8, 4.0, 9]], [9, [6.0, 9, 8.0]], [9, [2.0, 9, 7.0]]]
2020-08-02 17:05:50,479 INFO Best reward so far: 11.618935585021973
2020-08-02 20:58:10,048 INFO Iter 12
2020-08-02 20:58:10,238 INFO Policy now: [[9.0, [7.0, 8.0, 8.0]], [8.0, [6.0, 9.0, 8.0]], [8.0, [6.0, 9.0, 8.0]]]
2020-08-02 20:58:10,249 INFO Reward now: 2.718162417411804
2020-08-02 20:58:10,249 INFO Best policy so far: [[9, [8, 4.0, 9]], [9, [6.0, 9, 8.0]], [9, [2.0, 9, 7.0]]]
2020-08-02 20:58:10,249 INFO Best reward so far: 11.618935585021973
2020-08-03 00:55:37,100 INFO Iter 13
2020-08-03 00:55:37,256 INFO Policy now: [[-0.0, [0, 0, 0]], [0, [0, 0.0, 0]], [0, [0, 0, 0]]]
2020-08-03 00:55:37,272 INFO Reward now: 0.9867911239465078
2020-08-03 00:55:37,273 INFO Best policy so far: [[9, [8, 4.0, 9]], [9, [6.0, 9, 8.0]], [9, [2.0, 9, 7.0]]]
2020-08-03 00:55:37,273 INFO Best reward so far: 11.618935585021973
2020-08-03 01:13:20,802 INFO Iter 14
2020-08-03 01:13:20,873 INFO Policy now: [[9, [8, 9, 9]], [9, [8, 9, 9]], [9, [8, 9, 9]]]
2020-08-03 01:13:20,885 INFO Reward now: 3.4738412896792092
2020-08-03 01:13:20,905 INFO Best policy so far: [[9, [8, 4.0, 9]], [9, [6.0, 9, 8.0]], [9, [2.0, 9, 7.0]]]
2020-08-03 01:13:20,905 INFO Best reward so far: 11.618935585021973
2020-08-03 01:35:56,727 INFO Iter 15
2020-08-03 01:35:56,775 INFO Policy now: [[0, [4.0, 2.0, 0]], [0, [0, 4.0, 0]], [0.0, [0, 0, -0.0]]]
2020-08-03 01:35:56,776 INFO Reward now: 0.9832185506820679
2020-08-03 01:35:56,776 INFO Best policy so far: [[9, [8, 4.0, 9]], [9, [6.0, 9, 8.0]], [9, [2.0, 9, 7.0]]]
2020-08-03 01:35:56,776 INFO Best reward so far: 11.618935585021973
2020-08-03 05:48:34,963 INFO Iter 16
2020-08-03 05:48:35,134 INFO Policy now: [[9, [8, 9, 9]], [9, [8, 9, 9]], [9, [8, 9, 9]]]
2020-08-03 05:48:35,195 INFO Reward now: 7.480279763539632
2020-08-03 05:48:35,216 INFO Best policy so far: [[9, [8, 4.0, 9]], [9, [6.0, 9, 8.0]], [9, [2.0, 9, 7.0]]]
2020-08-03 05:48:35,216 INFO Best reward so far: 11.618935585021973
2020-08-03 06:13:52,169 INFO Iter 17
2020-08-03 06:13:52,400 INFO Policy now: [[4.0, [6.0, 0, 1.0]], [2.0, [5.0, -0.0, 2.0]], [0, [0, 4.0, 0]]]
2020-08-03 06:13:52,465 INFO Reward now: 5.719594140847524
2020-08-03 06:13:52,465 INFO Best policy so far: [[9, [8, 4.0, 9]], [9, [6.0, 9, 8.0]], [9, [2.0, 9, 7.0]]]
2020-08-03 06:13:52,465 INFO Best reward so far: 11.618935585021973
2020-08-03 10:29:12,755 INFO Iter 18
2020-08-03 10:29:13,012 INFO Policy now: [[9, [8, 9, 9]], [9, [8, 9, 8.0]], [9, [8, 9, 9]]]
2020-08-03 10:29:13,040 INFO Reward now: 6.241630395253499
2020-08-03 10:29:13,040 INFO Best policy so far: [[9, [8, 4.0, 9]], [9, [6.0, 9, 8.0]], [9, [2.0, 9, 7.0]]]
2020-08-03 10:29:13,040 INFO Best reward so far: 11.618935585021973
2020-08-03 14:46:50,812 INFO Iter 19
2020-08-03 14:46:51,171 INFO Policy now: [[3.0, [5.0, 4.0, 7.0]], [3.0, [7.0, 5.0, 0]], [1.0, [4.0, 7.0, 9.0]]]
2020-08-03 14:46:51,187 INFO Reward now: 5.511385997136434
2020-08-03 14:46:51,187 INFO Best policy so far: [[9, [8, 4.0, 9]], [9, [6.0, 9, 8.0]], [9, [2.0, 9, 7.0]]]
2020-08-03 14:46:51,188 INFO Best reward so far: 11.618935585021973
2020-08-03 15:02:07,822 INFO Iter 20
2020-08-03 15:02:07,930 INFO Policy now: [[6.0, [8, 5.0, 9]], [7.0, [7.0, 1.0, 1.0]], [4.0, [0, 8.0, 9]]]
2020-08-03 15:02:07,996 INFO Reward now: 4.285934666792552
2020-08-03 15:02:07,997 INFO Best policy so far: [[9, [8, 4.0, 9]], [9, [6.0, 9, 8.0]], [9, [2.0, 9, 7.0]]]
2020-08-03 15:02:07,997 INFO Best reward so far: 11.618935585021973
2020-08-03 19:20:13,933 INFO Iter 21
2020-08-03 19:20:14,235 INFO Policy now: [[9, [8, 9, 9]], [9, [8, 9, 9.0]], [9, [6.0, 9, 9]]]
2020-08-03 19:20:14,280 INFO Reward now: 7.124014496803284
2020-08-03 19:20:14,280 INFO Best policy so far: [[9, [8, 4.0, 9]], [9, [6.0, 9, 8.0]], [9, [2.0, 9, 7.0]]]
2020-08-03 19:20:14,280 INFO Best reward so far: 11.618935585021973
2020-08-03 19:38:10,428 INFO Iter 22
2020-08-03 19:38:10,465 INFO Policy now: [[1.0, [5.0, 7.0, 6.0]], [0, [4.0, 4.0, 3.0]], [0, [0, 1.0, 1.0]]]
2020-08-03 19:38:10,465 INFO Reward now: 3.3369832932949066
2020-08-03 19:38:10,465 INFO Best policy so far: [[9, [8, 4.0, 9]], [9, [6.0, 9, 8.0]], [9, [2.0, 9, 7.0]]]
2020-08-03 19:38:10,465 INFO Best reward so far: 11.618935585021973
2020-08-03 23:30:56,505 INFO Iter 23
2020-08-03 23:30:56,759 INFO Policy now: [[9.0, [8, 9, 9]], [4.0, [8, 9, 9]], [7.0, [5.0, 9.0, 7.0]]]
2020-08-03 23:30:56,781 INFO Reward now: 2.5538502832253775
2020-08-03 23:30:56,781 INFO Best policy so far: [[9, [8, 4.0, 9]], [9, [6.0, 9, 8.0]], [9, [2.0, 9, 7.0]]]
2020-08-03 23:30:56,781 INFO Best reward so far: 11.618935585021973
2020-08-04 03:27:14,540 INFO Iter 24
2020-08-04 03:27:14,671 INFO Policy now: [[3.0, [4.0, 5.0, 3.0]], [0, [3.0, 5.0, 5.0]], [0, [0, 1.0, 0]]]
2020-08-04 03:27:14,718 INFO Reward now: 3.149627149105072
2020-08-04 03:27:14,718 INFO Best policy so far: [[9, [8, 4.0, 9]], [9, [6.0, 9, 8.0]], [9, [2.0, 9, 7.0]]]
2020-08-04 03:27:14,718 INFO Best reward so far: 11.618935585021973
2020-08-04 07:21:21,801 INFO Iter 25
2020-08-04 07:21:21,994 INFO Policy now: [[9, [8, 8.0, 9]], [9, [6.0, 9, 9.0]], [5.0, [4.0, 9, 6.0]]]
2020-08-04 07:21:22,082 INFO Reward now: 5.2199334899584455
2020-08-04 07:21:22,082 INFO Best policy so far: [[9, [8, 4.0, 9]], [9, [6.0, 9, 8.0]], [9, [2.0, 9, 7.0]]]
2020-08-04 07:21:22,082 INFO Best reward so far: 11.618935585021973
2020-08-04 07:28:17,910 INFO Iter 26
2020-08-04 07:28:17,912 INFO Policy now: [[7.0, [6.0, 3.0, 4.0]], [8.0, [0, 6.0, 2.0]], [0.0, [0, 5.0, 0]]]
2020-08-04 07:28:17,912 INFO Reward now: 3.3832464019457498
2020-08-04 07:28:17,913 INFO Best policy so far: [[9, [8, 4.0, 9]], [9, [6.0, 9, 8.0]], [9, [2.0, 9, 7.0]]]
2020-08-04 07:28:17,913 INFO Best reward so far: 11.618935585021973
2020-08-04 07:37:13,200 INFO Iter 27
2020-08-04 07:37:13,204 INFO Policy now: [[9, [8, 9, 9]], [9, [5.0, 9, 9]], [5.0, [5.0, 9, 6.0]]]
2020-08-04 07:37:13,204 INFO Reward now: 3.3822147647539773
2020-08-04 07:37:13,204 INFO Best policy so far: [[9, [8, 4.0, 9]], [9, [6.0, 9, 8.0]], [9, [2.0, 9, 7.0]]]
2020-08-04 07:37:13,204 INFO Best reward so far: 11.618935585021973
2020-08-04 07:52:45,226 INFO Iter 28
2020-08-04 07:52:45,255 INFO Policy now: [[0, [3.0, 0, 0.0]], [1.0, [0, 2.0, 4.0]], [0, [0, 6.0, 0]]]
2020-08-04 07:52:45,256 INFO Reward now: 3.610966463883718
2020-08-04 07:52:45,256 INFO Best policy so far: [[9, [8, 4.0, 9]], [9, [6.0, 9, 8.0]], [9, [2.0, 9, 7.0]]]
2020-08-04 07:52:45,256 INFO Best reward so far: 11.618935585021973
2020-08-04 11:58:47,686 INFO Iter 29
2020-08-04 11:58:47,923 INFO Policy now: [[9, [8, 9, 9]], [9, [8, 9, 9]], [9, [8, 9, 9]]]
2020-08-04 11:58:47,951 INFO Reward now: 4.517374475797017
2020-08-04 11:58:47,952 INFO Best policy so far: [[9, [8, 4.0, 9]], [9, [6.0, 9, 8.0]], [9, [2.0, 9, 7.0]]]
2020-08-04 11:58:47,952 INFO Best reward so far: 11.618935585021973
2020-08-04 16:04:59,409 INFO Iter 30
2020-08-04 16:04:59,619 INFO Policy now: [[4.0, [1.0, 3.0, 5.0]], [6.0, [4.0, 6.0, 5.0]], [3.0, [4.0, 6.0, 1.0]]]
2020-08-04 16:04:59,635 INFO Reward now: 4.337240715821584
2020-08-04 16:04:59,635 INFO Best policy so far: [[9, [8, 4.0, 9]], [9, [6.0, 9, 8.0]], [9, [2.0, 9, 7.0]]]
2020-08-04 16:04:59,635 INFO Best reward so far: 11.618935585021973
