2020-08-01 15:11:05,936 INFO Iter 0
2020-08-01 15:11:06,080 INFO Policy now: [[9, [0, 9, 0]]]
2020-08-01 15:11:06,114 INFO Reward now: 8.042756537596384
2020-08-01 15:11:06,115 INFO Best policy so far: [[6, [0, 9, 0]]]
2020-08-01 15:11:06,115 INFO Best reward so far: 8.681469917297363
2020-08-01 15:19:09,672 INFO Iter 1
2020-08-01 15:19:09,705 INFO Policy now: [[8.0, [0, 9.0, 2.0]]]
2020-08-01 15:19:09,705 INFO Reward now: 3.9549851616223655
2020-08-01 15:19:09,706 INFO Best policy so far: [[6, [0, 9, 0]]]
2020-08-01 15:19:09,706 INFO Best reward so far: 8.681469917297363
2020-08-01 15:26:44,625 INFO Iter 2
2020-08-01 15:26:44,638 INFO Policy now: [[8.0, [0, 9, 0.0]]]
2020-08-01 15:26:44,638 INFO Reward now: 2.761854569117228
2020-08-01 15:26:44,638 INFO Best policy so far: [[6, [0, 9, 0]]]
2020-08-01 15:26:44,638 INFO Best reward so far: 8.681469917297363
2020-08-01 16:48:37,505 INFO Iter 3
2020-08-01 16:48:37,718 INFO Policy now: [[7.0, [0, 9, 0]]]
2020-08-01 16:48:37,740 INFO Reward now: 6.250476797421773
2020-08-01 16:48:37,740 INFO Best policy so far: [[6, [0, 9, 0]]]
2020-08-01 16:48:37,740 INFO Best reward so far: 8.681469917297363
2020-08-01 18:11:37,749 INFO Iter 4
2020-08-01 18:11:37,979 INFO Policy now: [[9, [1.0, 9, 9.0]]]
2020-08-01 18:11:37,988 INFO Reward now: 10.377457777659098
2020-08-01 18:11:37,988 INFO Best policy so far: [[9, [1.0, 9, 9.0]]]
2020-08-01 18:11:37,988 INFO Best reward so far: 10.377457777659098
2020-08-01 18:20:04,703 INFO Iter 5
2020-08-01 18:20:04,722 INFO Policy now: [[1.0, [0, 1.0, 7.0]]]
2020-08-01 18:20:04,722 INFO Reward now: 3.543863912423452
2020-08-01 18:20:04,723 INFO Best policy so far: [[9, [1.0, 9, 9.0]]]
2020-08-01 18:20:04,723 INFO Best reward so far: 10.377457777659098
2020-08-01 19:38:30,569 INFO Iter 6
2020-08-01 19:38:30,739 INFO Policy now: [[9, [8, 9, 9]]]
2020-08-01 19:38:30,813 INFO Reward now: 3.709729313850403
2020-08-01 19:38:30,895 INFO Best policy so far: [[9, [1.0, 9, 9.0]]]
2020-08-01 19:38:30,895 INFO Best reward so far: 10.377457777659098
2020-08-01 19:48:17,406 INFO Iter 7
2020-08-01 19:48:17,431 INFO Policy now: [[5.0, [4.0, 3.0, 6.0]]]
2020-08-01 19:48:17,431 INFO Reward now: 5.389300465583801
2020-08-01 19:48:17,431 INFO Best policy so far: [[9, [1.0, 9, 9.0]]]
2020-08-01 19:48:17,431 INFO Best reward so far: 10.377457777659098
2020-08-01 21:14:18,555 INFO Iter 8
2020-08-01 21:14:18,660 INFO Policy now: [[9, [8, 9, 8.0]]]
2020-08-01 21:14:18,676 INFO Reward now: 5.2764103809992475
2020-08-01 21:14:18,676 INFO Best policy so far: [[9, [1.0, 9, 9.0]]]
2020-08-01 21:14:18,676 INFO Best reward so far: 10.377457777659098
2020-08-01 22:36:19,379 INFO Iter 9
2020-08-01 22:36:19,652 INFO Policy now: [[6.0, [3.0, 3.0, 6.0]]]
2020-08-01 22:36:19,671 INFO Reward now: 4.551894684632619
2020-08-01 22:36:19,671 INFO Best policy so far: [[9, [1.0, 9, 9.0]]]
2020-08-01 22:36:19,671 INFO Best reward so far: 10.377457777659098
2020-08-02 00:02:29,102 INFO Iter 10
2020-08-02 00:02:29,510 INFO Policy now: [[5.0, [0, 0, 3.0]]]
2020-08-02 00:02:29,525 INFO Reward now: 5.188262899716695
2020-08-02 00:02:29,525 INFO Best policy so far: [[9, [1.0, 9, 9.0]]]
2020-08-02 00:02:29,525 INFO Best reward so far: 10.377457777659098
2020-08-02 01:30:16,412 INFO Iter 11
2020-08-02 01:30:16,551 INFO Policy now: [[9, [3.0, 4.0, 9]]]
2020-08-02 01:30:16,565 INFO Reward now: 5.7544929186503095
2020-08-02 01:30:16,565 INFO Best policy so far: [[9, [1.0, 9, 9.0]]]
2020-08-02 01:30:16,565 INFO Best reward so far: 10.377457777659098
2020-08-02 01:44:22,945 INFO Iter 12
2020-08-02 01:44:22,960 INFO Policy now: [[0, [0, 0, 2.0]]]
2020-08-02 01:44:22,960 INFO Reward now: 1.0472228477398555
2020-08-02 01:44:22,960 INFO Best policy so far: [[9, [1.0, 9, 9.0]]]
2020-08-02 01:44:22,960 INFO Best reward so far: 10.377457777659098
2020-08-02 01:57:22,345 INFO Iter 13
2020-08-02 01:57:22,388 INFO Policy now: [[9, [8, 2.0, 9]]]
2020-08-02 01:57:22,388 INFO Reward now: 4.133935928344727
2020-08-02 01:57:22,388 INFO Best policy so far: [[9, [1.0, 9, 9.0]]]
2020-08-02 01:57:22,388 INFO Best reward so far: 10.377457777659098
2020-08-02 03:26:47,770 INFO Iter 14
2020-08-02 03:26:48,044 INFO Policy now: [[9, [8, 7.0, 9]]]
2020-08-02 03:26:48,071 INFO Reward now: 7.8624891837437945
2020-08-02 03:26:48,071 INFO Best policy so far: [[9, [1.0, 9, 9.0]]]
2020-08-02 03:26:48,072 INFO Best reward so far: 10.377457777659098
2020-08-02 03:35:13,088 INFO Iter 15
2020-08-02 03:35:13,132 INFO Policy now: [[7.0, [7.0, 4.0, 8.0]]]
2020-08-02 03:35:13,132 INFO Reward now: 2.7276276350021362
2020-08-02 03:35:13,132 INFO Best policy so far: [[9, [1.0, 9, 9.0]]]
2020-08-02 03:35:13,132 INFO Best reward so far: 10.377457777659098
2020-08-02 04:55:27,782 INFO Iter 16
2020-08-02 04:55:27,998 INFO Policy now: [[1.0, [4.0, 1.0, 8.0]]]
2020-08-02 04:55:28,027 INFO Reward now: 4.349236051241557
2020-08-02 04:55:28,027 INFO Best policy so far: [[9, [1.0, 9, 9.0]]]
2020-08-02 04:55:28,027 INFO Best reward so far: 10.377457777659098
2020-08-02 05:05:15,260 INFO Iter 17
2020-08-02 05:05:15,469 INFO Policy now: [[9, [8, 9, 9]]]
2020-08-02 05:05:15,489 INFO Reward now: 3.515477458635966
2020-08-02 05:05:15,511 INFO Best policy so far: [[9, [1.0, 9, 9.0]]]
2020-08-02 05:05:15,511 INFO Best reward so far: 10.377457777659098
2020-08-02 05:15:41,727 INFO Iter 18
2020-08-02 05:15:41,792 INFO Policy now: [[9.0, [7.0, 7.0, 7.0]]]
2020-08-02 05:15:41,792 INFO Reward now: 2.688161035378774
2020-08-02 05:15:41,792 INFO Best policy so far: [[9, [1.0, 9, 9.0]]]
2020-08-02 05:15:41,792 INFO Best reward so far: 10.377457777659098
2020-08-02 05:24:34,113 INFO Iter 19
2020-08-02 05:24:34,124 INFO Policy now: [[6.0, [0.0, 2.0, -0.0]]]
2020-08-02 05:24:34,124 INFO Reward now: 4.126088996728261
2020-08-02 05:24:34,124 INFO Best policy so far: [[9, [1.0, 9, 9.0]]]
2020-08-02 05:24:34,124 INFO Best reward so far: 10.377457777659098
2020-08-02 06:48:42,769 INFO Iter 20
2020-08-02 06:48:42,898 INFO Policy now: [[9, [6.0, 9, 7.0]]]
2020-08-02 06:48:42,963 INFO Reward now: 6.39957316716512
2020-08-02 06:48:42,963 INFO Best policy so far: [[9, [1.0, 9, 9.0]]]
2020-08-02 06:48:42,964 INFO Best reward so far: 10.377457777659098
2020-08-02 06:53:57,517 INFO Iter 21
2020-08-02 06:53:57,525 INFO Policy now: [[3.0, [0, 0, -0.0]]]
2020-08-02 06:53:57,525 INFO Reward now: 3.740460127592087
2020-08-02 06:53:57,525 INFO Best policy so far: [[9, [1.0, 9, 9.0]]]
2020-08-02 06:53:57,525 INFO Best reward so far: 10.377457777659098
2020-08-02 08:20:52,224 INFO Iter 22
2020-08-02 08:20:52,590 INFO Policy now: [[9.0, [2.0, 3.0, 3.0]]]
2020-08-02 08:20:52,603 INFO Reward now: 3.8300925493240356
2020-08-02 08:20:52,603 INFO Best policy so far: [[9, [1.0, 9, 9.0]]]
2020-08-02 08:20:52,603 INFO Best reward so far: 10.377457777659098
2020-08-02 09:42:13,070 INFO Iter 23
2020-08-02 09:42:13,162 INFO Policy now: [[9, [0, 9, 4.0]]]
2020-08-02 09:42:13,259 INFO Reward now: 9.121083498001099
2020-08-02 09:42:13,261 INFO Best policy so far: [[9, [1.0, 9, 9.0]]]
2020-08-02 09:42:13,261 INFO Best reward so far: 10.377457777659098
2020-08-02 11:03:44,959 INFO Iter 24
2020-08-02 11:03:45,469 INFO Policy now: [[9.0, [0, 9, 9.0]]]
2020-08-02 11:03:45,493 INFO Reward now: 4.865873257319133
2020-08-02 11:03:45,493 INFO Best policy so far: [[9, [1.0, 9, 9.0]]]
2020-08-02 11:03:45,495 INFO Best reward so far: 10.377457777659098
2020-08-02 12:27:08,729 INFO Iter 25
2020-08-02 12:27:08,941 INFO Policy now: [[9, [1.0, 9, 9]]]
2020-08-02 12:27:08,992 INFO Reward now: 8.257327397664389
2020-08-02 12:27:08,996 INFO Best policy so far: [[9, [1.0, 9, 9.0]]]
2020-08-02 12:27:08,996 INFO Best reward so far: 10.377457777659098
2020-08-02 13:51:29,521 INFO Iter 26
2020-08-02 13:51:29,637 INFO Policy now: [[0, [0, 0, 0]]]
2020-08-02 13:51:29,665 INFO Reward now: 1.1122123996416728
2020-08-02 13:51:29,665 INFO Best policy so far: [[4, [0, 9, 6]]]
2020-08-02 13:51:29,665 INFO Best reward so far: 10.505079905192057
2020-08-02 14:00:40,747 INFO Iter 27
2020-08-02 14:00:40,879 INFO Policy now: [[9, [8, 9, 9]]]
2020-08-02 14:00:40,935 INFO Reward now: 3.133026043574015
2020-08-02 14:00:40,936 INFO Best policy so far: [[4, [0, 9, 6]]]
2020-08-02 14:00:40,936 INFO Best reward so far: 10.505079905192057
2020-08-02 15:20:26,316 INFO Iter 28
2020-08-02 15:20:26,468 INFO Policy now: [[6.0, [4.0, 6.0, 8.0]]]
2020-08-02 15:20:26,482 INFO Reward now: 5.477323571840922
2020-08-02 15:20:26,482 INFO Best policy so far: [[4, [0, 9, 6]]]
2020-08-02 15:20:26,482 INFO Best reward so far: 10.505079905192057
2020-08-02 15:28:55,564 INFO Iter 29
2020-08-02 15:28:55,575 INFO Policy now: [[0, [0, 0, 2.0]]]
2020-08-02 15:28:55,575 INFO Reward now: 0.817902276913325
2020-08-02 15:28:55,575 INFO Best policy so far: [[4, [0, 9, 6]]]
2020-08-02 15:28:55,575 INFO Best reward so far: 10.505079905192057
2020-08-02 16:49:33,383 INFO Iter 30
2020-08-02 16:49:33,611 INFO Policy now: [[9, [8, 4.0, 9]]]
2020-08-02 16:49:33,632 INFO Reward now: 3.181959629058838
2020-08-02 16:49:33,632 INFO Best policy so far: [[4, [0, 9, 6]]]
2020-08-02 16:49:33,632 INFO Best reward so far: 10.505079905192057
2020-08-02 16:57:45,388 INFO Iter 31
2020-08-02 16:57:45,421 INFO Policy now: [[9, [8, 6.0, 9.0]]]
2020-08-02 16:57:45,421 INFO Reward now: 3.4579625328381858
2020-08-02 16:57:45,421 INFO Best policy so far: [[4, [0, 9, 6]]]
2020-08-02 16:57:45,421 INFO Best reward so far: 10.505079905192057
2020-08-02 18:23:48,761 INFO Iter 32
2020-08-02 18:23:48,914 INFO Policy now: [[9, [7.0, 3.0, 9.0]]]
2020-08-02 18:23:48,927 INFO Reward now: 5.793008128801982
2020-08-02 18:23:48,927 INFO Best policy so far: [[4, [0, 9, 6]]]
2020-08-02 18:23:48,928 INFO Best reward so far: 10.505079905192057
2020-08-02 19:47:46,544 INFO Iter 33
2020-08-02 19:47:46,789 INFO Policy now: [[9, [7.0, 5.0, 9.0]]]
2020-08-02 19:47:46,823 INFO Reward now: 4.2941014766693115
2020-08-02 19:47:46,823 INFO Best policy so far: [[4, [0, 9, 6]]]
2020-08-02 19:47:46,823 INFO Best reward so far: 10.505079905192057
2020-08-02 21:10:30,283 INFO Iter 34
2020-08-02 21:10:30,412 INFO Policy now: [[6.0, [1.0, 1.0, 5.0]]]
2020-08-02 21:10:30,423 INFO Reward now: 4.68938684463501
2020-08-02 21:10:30,424 INFO Best policy so far: [[4, [0, 9, 6]]]
2020-08-02 21:10:30,424 INFO Best reward so far: 10.505079905192057
2020-08-02 22:33:14,754 INFO Iter 35
2020-08-02 22:33:14,871 INFO Policy now: [[9, [6.0, 9, 9]]]
2020-08-02 22:33:14,890 INFO Reward now: 4.939112842082977
2020-08-02 22:33:14,891 INFO Best policy so far: [[4, [0, 9, 6]]]
2020-08-02 22:33:14,891 INFO Best reward so far: 10.505079905192057
2020-08-02 22:38:54,102 INFO Iter 36
2020-08-02 22:38:54,118 INFO Policy now: [[6.0, [0, 1.0, 5.0]]]
2020-08-02 22:38:54,118 INFO Reward now: 3.3747039238611856
2020-08-02 22:38:54,118 INFO Best policy so far: [[4, [0, 9, 6]]]
2020-08-02 22:38:54,118 INFO Best reward so far: 10.505079905192057
2020-08-02 22:51:43,463 INFO Iter 37
2020-08-02 22:51:43,483 INFO Policy now: [[9, [6.0, 9, 9]]]
2020-08-02 22:51:43,483 INFO Reward now: 5.730181097984314
2020-08-02 22:51:43,484 INFO Best policy so far: [[4, [0, 9, 6]]]
2020-08-02 22:51:43,484 INFO Best reward so far: 10.505079905192057
2020-08-02 23:00:22,619 INFO Iter 38
2020-08-02 23:00:22,715 INFO Policy now: [[1.0, [0, 0, -0.0]]]
2020-08-02 23:00:22,733 INFO Reward now: 3.9944512844085693
2020-08-02 23:00:22,733 INFO Best policy so far: [[4, [0, 9, 6]]]
2020-08-02 23:00:22,734 INFO Best reward so far: 10.505079905192057
2020-08-02 23:09:12,343 INFO Iter 39
2020-08-02 23:09:12,367 INFO Policy now: [[9, [5.0, 9, 9]]]
2020-08-02 23:09:12,369 INFO Reward now: 2.66042693456014
2020-08-02 23:09:12,369 INFO Best policy so far: [[4, [0, 9, 6]]]
2020-08-02 23:09:12,369 INFO Best reward so far: 10.505079905192057
2020-08-03 00:34:18,470 INFO Iter 40
2020-08-03 00:34:18,771 INFO Policy now: [[-0.0, [0, 4.0, 2.0]]]
2020-08-03 00:34:18,791 INFO Reward now: 1.5125817954540253
2020-08-03 00:34:18,791 INFO Best policy so far: [[4, [0, 9, 6]]]
2020-08-03 00:34:18,791 INFO Best reward so far: 10.505079905192057
2020-08-03 00:48:22,318 INFO Iter 41
2020-08-03 00:48:22,335 INFO Policy now: [[9, [8, 9, 9]]]
2020-08-03 00:48:22,335 INFO Reward now: 5.740869859854381
2020-08-03 00:48:22,335 INFO Best policy so far: [[4, [0, 9, 6]]]
2020-08-03 00:48:22,336 INFO Best reward so far: 10.505079905192057
2020-08-03 02:11:42,234 INFO Iter 42
2020-08-03 02:11:42,350 INFO Policy now: [[9, [7.0, 5.0, 9]]]
2020-08-03 02:11:42,357 INFO Reward now: 4.508777221043904
2020-08-03 02:11:42,357 INFO Best policy so far: [[4, [0, 9, 6]]]
2020-08-03 02:11:42,357 INFO Best reward so far: 10.505079905192057
2020-08-03 03:33:40,165 INFO Iter 43
2020-08-03 03:33:40,258 INFO Policy now: [[4.0, [5.0, 0, 6.0]]]
2020-08-03 03:33:40,266 INFO Reward now: 4.902769883473714
2020-08-03 03:33:40,266 INFO Best policy so far: [[4, [0, 9, 6]]]
2020-08-03 03:33:40,266 INFO Best reward so far: 10.505079905192057
2020-08-03 03:48:11,014 INFO Iter 44
2020-08-03 03:48:11,037 INFO Policy now: [[9, [8, 9, 9]]]
2020-08-03 03:48:11,037 INFO Reward now: 5.171835084756215
2020-08-03 03:48:11,037 INFO Best policy so far: [[4, [0, 9, 6]]]
2020-08-03 03:48:11,037 INFO Best reward so far: 10.505079905192057
2020-08-03 04:03:07,855 INFO Iter 45
2020-08-03 04:03:08,071 INFO Policy now: [[9.0, [7.0, 5.0, 9]]]
2020-08-03 04:03:08,080 INFO Reward now: 5.306734561920166
2020-08-03 04:03:08,080 INFO Best policy so far: [[4, [0, 9, 6]]]
2020-08-03 04:03:08,080 INFO Best reward so far: 10.505079905192057
2020-08-03 05:26:05,993 INFO Iter 46
2020-08-03 05:26:06,229 INFO Policy now: [[9, [8, 7.0, 9]]]
2020-08-03 05:26:06,254 INFO Reward now: 5.202630460262299
2020-08-03 05:26:06,254 INFO Best policy so far: [[4, [0, 9, 6]]]
2020-08-03 05:26:06,254 INFO Best reward so far: 10.505079905192057
2020-08-03 05:35:31,106 INFO Iter 47
2020-08-03 05:35:31,120 INFO Policy now: [[2.0, [-0.0, 0, 5.0]]]
2020-08-03 05:35:31,120 INFO Reward now: 5.110046784083049
2020-08-03 05:35:31,120 INFO Best policy so far: [[4, [0, 9, 6]]]
2020-08-03 05:35:31,120 INFO Best reward so far: 10.505079905192057
2020-08-03 05:49:49,731 INFO Iter 48
2020-08-03 05:49:49,738 INFO Policy now: [[9, [8, 9, 9]]]
2020-08-03 05:49:49,738 INFO Reward now: 3.224204808473587
2020-08-03 05:49:49,738 INFO Best policy so far: [[4, [0, 9, 6]]]
2020-08-03 05:49:49,738 INFO Best reward so far: 10.505079905192057
2020-08-03 07:17:32,914 INFO Iter 49
2020-08-03 07:17:33,081 INFO Policy now: [[6.0, [7.0, 7.0, 9]]]
2020-08-03 07:17:33,095 INFO Reward now: 4.26001912355423
2020-08-03 07:17:33,096 INFO Best policy so far: [[4, [0, 9, 6]]]
2020-08-03 07:17:33,096 INFO Best reward so far: 10.505079905192057
2020-08-03 08:40:49,170 INFO Iter 50
2020-08-03 08:40:49,263 INFO Policy now: [[0, [5.0, 0, 6.0]]]
2020-08-03 08:40:49,279 INFO Reward now: 1.2142003327608109
2020-08-03 08:40:49,279 INFO Best policy so far: [[4, [0, 9, 6]]]
2020-08-03 08:40:49,279 INFO Best reward so far: 10.505079905192057
2020-08-03 10:02:08,962 INFO Iter 51
2020-08-03 10:02:09,104 INFO Policy now: [[9, [8, 9, 9]]]
2020-08-03 10:02:09,115 INFO Reward now: 4.260781168937683
2020-08-03 10:02:09,116 INFO Best policy so far: [[4, [0, 9, 6]]]
2020-08-03 10:02:09,116 INFO Best reward so far: 10.505079905192057
2020-08-03 10:07:42,359 INFO Iter 52
2020-08-03 10:07:42,420 INFO Policy now: [[7.0, [5.0, 5.0, 9.0]]]
2020-08-03 10:07:42,420 INFO Reward now: 2.7816269298394523
2020-08-03 10:07:42,421 INFO Best policy so far: [[4, [0, 9, 6]]]
2020-08-03 10:07:42,421 INFO Best reward so far: 10.505079905192057
2020-08-03 11:33:25,797 INFO Iter 53
2020-08-03 11:33:26,002 INFO Policy now: [[0, [0, 1.0, 4.0]]]
2020-08-03 11:33:26,075 INFO Reward now: 1.284412145614624
2020-08-03 11:33:26,075 INFO Best policy so far: [[4, [0, 9, 6]]]
2020-08-03 11:33:26,075 INFO Best reward so far: 10.505079905192057
2020-08-03 11:38:31,172 INFO Iter 54
2020-08-03 11:38:31,218 INFO Policy now: [[9, [5.0, 9, 9]]]
2020-08-03 11:38:31,218 INFO Reward now: 2.1108330885569253
2020-08-03 11:38:31,218 INFO Best policy so far: [[4, [0, 9, 6]]]
2020-08-03 11:38:31,218 INFO Best reward so far: 10.505079905192057
2020-08-03 13:05:08,742 INFO Iter 55
2020-08-03 13:05:08,946 INFO Policy now: [[1.0, [0, 0.0, 3.0]]]
2020-08-03 13:05:08,970 INFO Reward now: 4.67529942591985
2020-08-03 13:05:08,971 INFO Best policy so far: [[4, [0, 9, 6]]]
2020-08-03 13:05:08,971 INFO Best reward so far: 10.505079905192057
2020-08-03 14:30:14,362 INFO Iter 56
2020-08-03 14:30:14,591 INFO Policy now: [[9, [5.0, 9, 9]]]
2020-08-03 14:30:14,611 INFO Reward now: 2.813793828090032
2020-08-03 14:30:14,611 INFO Best policy so far: [[4, [0, 9, 6]]]
2020-08-03 14:30:14,611 INFO Best reward so far: 10.505079905192057
2020-08-03 14:40:28,090 INFO Iter 57
2020-08-03 14:40:28,106 INFO Policy now: [[0, [0, 0, 3.0]]]
2020-08-03 14:40:28,106 INFO Reward now: 1.2269753615061443
2020-08-03 14:40:28,106 INFO Best policy so far: [[4, [0, 9, 6]]]
2020-08-03 14:40:28,106 INFO Best reward so far: 10.505079905192057
2020-08-03 16:06:58,487 INFO Iter 58
2020-08-03 16:06:58,632 INFO Policy now: [[9, [7.0, 9, 9]]]
2020-08-03 16:06:58,648 INFO Reward now: 2.00816818078359
2020-08-03 16:06:58,648 INFO Best policy so far: [[4, [0, 9, 6]]]
2020-08-03 16:06:58,648 INFO Best reward so far: 10.505079905192057
2020-08-03 16:14:50,400 INFO Iter 59
2020-08-03 16:14:50,473 INFO Policy now: [[2.0, [4.0, 1.0, 7.0]]]
2020-08-03 16:14:50,473 INFO Reward now: 2.4132307966550193
2020-08-03 16:14:50,474 INFO Best policy so far: [[4, [0, 9, 6]]]
2020-08-03 16:14:50,474 INFO Best reward so far: 10.505079905192057
2020-08-03 17:42:34,813 INFO Iter 60
2020-08-03 17:42:35,026 INFO Policy now: [[9, [8, 9, 9]]]
2020-08-03 17:42:35,082 INFO Reward now: 5.304874300956726
2020-08-03 17:42:35,082 INFO Best policy so far: [[4, [0, 9, 6]]]
2020-08-03 17:42:35,082 INFO Best reward so far: 10.505079905192057
2020-08-03 17:48:56,266 INFO Iter 61
2020-08-03 17:48:56,398 INFO Policy now: [[8.0, [4.0, 6.0, 8.0]]]
2020-08-03 17:48:56,398 INFO Reward now: 4.520275215307872
2020-08-03 17:48:56,398 INFO Best policy so far: [[4, [0, 9, 6]]]
2020-08-03 17:48:56,398 INFO Best reward so far: 10.505079905192057
2020-08-03 17:54:20,242 INFO Iter 62
2020-08-03 17:54:20,282 INFO Policy now: [[4.0, [0, 0, 0]]]
2020-08-03 17:54:20,282 INFO Reward now: 4.322269221146901
2020-08-03 17:54:20,283 INFO Best policy so far: [[4, [0, 9, 6]]]
2020-08-03 17:54:20,283 INFO Best reward so far: 10.505079905192057
2020-08-03 19:22:42,421 INFO Iter 63
2020-08-03 19:22:42,575 INFO Policy now: [[9, [8, 9.0, 9]]]
2020-08-03 19:22:42,587 INFO Reward now: 6.9333739678064985
2020-08-03 19:22:42,588 INFO Best policy so far: [[4, [0, 9, 6]]]
2020-08-03 19:22:42,588 INFO Best reward so far: 10.505079905192057
2020-08-03 19:30:28,661 INFO Iter 64
2020-08-03 19:30:28,686 INFO Policy now: [[8.0, [7.0, 8.0, 9.0]]]
2020-08-03 19:30:28,686 INFO Reward now: 1.8407723506291707
2020-08-03 19:30:28,686 INFO Best policy so far: [[4, [0, 9, 6]]]
2020-08-03 19:30:28,686 INFO Best reward so far: 10.505079905192057
2020-08-03 20:58:44,169 INFO Iter 65
2020-08-03 20:58:44,324 INFO Policy now: [[0, [1.0, 1.0, 0]]]
2020-08-03 20:58:44,331 INFO Reward now: 1.274935007095337
2020-08-03 20:58:44,331 INFO Best policy so far: [[4, [0, 9, 6]]]
2020-08-03 20:58:44,331 INFO Best reward so far: 10.505079905192057
2020-08-03 22:24:14,585 INFO Iter 66
2020-08-03 22:24:15,282 INFO Policy now: [[9, [8, 9, 9]]]
2020-08-03 22:24:15,340 INFO Reward now: 4.063972194989522
2020-08-03 22:24:15,340 INFO Best policy so far: [[4, [0, 9, 6]]]
2020-08-03 22:24:15,340 INFO Best reward so far: 10.505079905192057
2020-08-03 22:29:36,090 INFO Iter 67
2020-08-03 22:29:36,142 INFO Policy now: [[8.0, [6.0, 8.0, 9.0]]]
2020-08-03 22:29:36,142 INFO Reward now: 2.8552726209163666
2020-08-03 22:29:36,142 INFO Best policy so far: [[4, [0, 9, 6]]]
2020-08-03 22:29:36,142 INFO Best reward so far: 10.505079905192057
2020-08-03 23:52:01,318 INFO Iter 68
2020-08-03 23:52:02,068 INFO Policy now: [[4.0, [0, 5.0, 5.0]]]
2020-08-03 23:52:02,081 INFO Reward now: 3.2833708127339682
2020-08-03 23:52:02,081 INFO Best policy so far: [[4, [0, 9, 6]]]
2020-08-03 23:52:02,081 INFO Best reward so far: 10.505079905192057
2020-08-03 23:58:55,092 INFO Iter 69
2020-08-03 23:58:55,105 INFO Policy now: [[9, [4.0, 9, 9]]]
2020-08-03 23:58:55,105 INFO Reward now: 2.6168650686740875
2020-08-03 23:58:55,105 INFO Best policy so far: [[4, [0, 9, 6]]]
2020-08-03 23:58:55,105 INFO Best reward so far: 10.505079905192057
2020-08-04 00:07:31,023 INFO Iter 70
2020-08-04 00:07:31,708 INFO Policy now: [[2.0, [0, -0.0, 0]]]
2020-08-04 00:07:31,742 INFO Reward now: 2.9586502412954965
2020-08-04 00:07:31,746 INFO Best policy so far: [[4, [0, 9, 6]]]
2020-08-04 00:07:31,746 INFO Best reward so far: 10.505079905192057
2020-08-04 01:35:06,893 INFO Iter 71
2020-08-04 01:35:07,362 INFO Policy now: [[9, [8, 9, 9]]]
2020-08-04 01:35:07,377 INFO Reward now: 5.864268024762471
2020-08-04 01:35:07,377 INFO Best policy so far: [[4, [0, 9, 6]]]
2020-08-04 01:35:07,378 INFO Best reward so far: 10.505079905192057
2020-08-04 01:41:47,953 INFO Iter 72
2020-08-04 01:41:47,985 INFO Policy now: [[7.0, [5.0, 8.0, 7.0]]]
2020-08-04 01:41:47,985 INFO Reward now: 2.741896857817968
2020-08-04 01:41:47,985 INFO Best policy so far: [[4, [0, 9, 6]]]
2020-08-04 01:41:47,985 INFO Best reward so far: 10.505079905192057
2020-08-04 03:01:04,353 INFO Iter 73
2020-08-04 03:01:04,513 INFO Policy now: [[3.0, [0, 2.0, 0]]]
2020-08-04 03:01:04,534 INFO Reward now: 2.6431279381116233
2020-08-04 03:01:04,534 INFO Best policy so far: [[4, [0, 9, 6]]]
2020-08-04 03:01:04,534 INFO Best reward so far: 10.505079905192057
2020-08-04 03:12:30,839 INFO Iter 74
2020-08-04 03:12:30,855 INFO Policy now: [[9, [8, 9, 9]]]
2020-08-04 03:12:30,856 INFO Reward now: 3.2204192777474723
2020-08-04 03:12:30,856 INFO Best policy so far: [[4, [0, 9, 6]]]
2020-08-04 03:12:30,856 INFO Best reward so far: 10.505079905192057
2020-08-04 04:40:58,361 INFO Iter 75
2020-08-04 04:40:59,596 INFO Policy now: [[4.0, [6.0, 8.0, 8.0]]]
2020-08-04 04:40:59,637 INFO Reward now: 6.010209401448567
2020-08-04 04:40:59,638 INFO Best policy so far: [[4, [0, 9, 6]]]
2020-08-04 04:40:59,638 INFO Best reward so far: 10.505079905192057
2020-08-04 04:46:03,900 INFO Iter 76
2020-08-04 04:46:03,917 INFO Policy now: [[9, [8, 9, 9]]]
2020-08-04 04:46:03,917 INFO Reward now: 2.096276730298996
2020-08-04 04:46:03,917 INFO Best policy so far: [[4, [0, 9, 6]]]
2020-08-04 04:46:03,917 INFO Best reward so far: 10.505079905192057
2020-08-04 06:07:10,846 INFO Iter 77
2020-08-04 06:07:11,254 INFO Policy now: [[8.0, [5.0, 9.0, 6.0]]]
2020-08-04 06:07:11,264 INFO Reward now: 2.9443684418996177
2020-08-04 06:07:11,265 INFO Best policy so far: [[4, [0, 9, 6]]]
2020-08-04 06:07:11,265 INFO Best reward so far: 10.505079905192057
2020-08-04 06:15:23,968 INFO Iter 78
2020-08-04 06:15:23,998 INFO Policy now: [[0, [0, 6.0, 0]]]
2020-08-04 06:15:23,998 INFO Reward now: 0.7301670064528784
2020-08-04 06:15:23,998 INFO Best policy so far: [[4, [0, 9, 6]]]
2020-08-04 06:15:23,998 INFO Best reward so far: 10.505079905192057
2020-08-04 07:36:19,234 INFO Iter 79
2020-08-04 07:36:19,410 INFO Policy now: [[9, [6.0, 9, 9]]]
2020-08-04 07:36:19,423 INFO Reward now: 4.552748918533325
2020-08-04 07:36:19,423 INFO Best policy so far: [[4, [0, 9, 6]]]
2020-08-04 07:36:19,426 INFO Best reward so far: 10.505079905192057
2020-08-04 09:02:05,781 INFO Iter 80
2020-08-04 09:02:06,039 INFO Policy now: [[0, [0, 0, 6.0]]]
2020-08-04 09:02:06,050 INFO Reward now: 1.0272923906644185
2020-08-04 09:02:06,050 INFO Best policy so far: [[4, [0, 9, 6]]]
2020-08-04 09:02:06,050 INFO Best reward so far: 10.505079905192057
2020-08-04 09:10:59,236 INFO Iter 81
2020-08-04 09:10:59,256 INFO Policy now: [[9, [8, 9, 9]]]
2020-08-04 09:10:59,256 INFO Reward now: 3.786030391852061
2020-08-04 09:10:59,256 INFO Best policy so far: [[4, [0, 9, 6]]]
2020-08-04 09:10:59,256 INFO Best reward so far: 10.505079905192057
2020-08-04 10:35:27,281 INFO Iter 82
2020-08-04 10:35:28,083 INFO Policy now: [[6.0, [5.0, 5.0, 4.0]]]
2020-08-04 10:35:28,093 INFO Reward now: 4.754877666632335
2020-08-04 10:35:28,093 INFO Best policy so far: [[4, [0, 9, 6]]]
2020-08-04 10:35:28,093 INFO Best reward so far: 10.505079905192057
2020-08-04 12:00:47,365 INFO Iter 83
2020-08-04 12:00:47,476 INFO Policy now: [[0, [0, -0.0, 0]]]
2020-08-04 12:00:47,490 INFO Reward now: 1.2548569291830063
2020-08-04 12:00:47,490 INFO Best policy so far: [[4, [0, 9, 6]]]
2020-08-04 12:00:47,490 INFO Best reward so far: 10.505079905192057
2020-08-04 12:11:01,908 INFO Iter 84
2020-08-04 12:11:02,016 INFO Policy now: [[9, [4.0, 9, 9]]]
2020-08-04 12:11:02,016 INFO Reward now: 2.6763454178969064
2020-08-04 12:11:02,016 INFO Best policy so far: [[4, [0, 9, 6]]]
2020-08-04 12:11:02,016 INFO Best reward so far: 10.505079905192057
2020-08-04 13:38:25,065 INFO Iter 85
2020-08-04 13:38:25,184 INFO Policy now: [[0, [0, 0, 1.0]]]
2020-08-04 13:38:25,202 INFO Reward now: 0.9216542939345042
2020-08-04 13:38:25,202 INFO Best policy so far: [[4, [0, 9, 6]]]
2020-08-04 13:38:25,202 INFO Best reward so far: 10.505079905192057
2020-08-04 15:01:39,358 INFO Iter 86
2020-08-04 15:01:39,513 INFO Policy now: [[9, [8, 9, 9]]]
2020-08-04 15:01:39,524 INFO Reward now: 3.5846867760022483
2020-08-04 15:01:39,524 INFO Best policy so far: [[4, [0, 9, 6]]]
2020-08-04 15:01:39,524 INFO Best reward so far: 10.505079905192057
2020-08-04 16:26:27,885 INFO Iter 87
2020-08-04 16:26:28,095 INFO Policy now: [[6.0, [5.0, 5.0, 7.0]]]
2020-08-04 16:26:28,106 INFO Reward now: 5.943180978298187
2020-08-04 16:26:28,106 INFO Best policy so far: [[4, [0, 9, 6]]]
2020-08-04 16:26:28,106 INFO Best reward so far: 10.505079905192057
2020-08-04 16:34:52,546 INFO Iter 88
2020-08-04 16:34:52,628 INFO Policy now: [[4.0, [1.0, -0.0, 3.0]]]
2020-08-04 16:34:52,628 INFO Reward now: 3.236669639746348
2020-08-04 16:34:52,628 INFO Best policy so far: [[4, [0, 9, 6]]]
2020-08-04 16:34:52,628 INFO Best reward so far: 10.505079905192057
2020-08-04 16:39:54,868 INFO Iter 89
2020-08-04 16:39:54,935 INFO Policy now: [[9, [8, 4.0, 9]]]
2020-08-04 16:39:54,935 INFO Reward now: 2.5444908340771994
2020-08-04 16:39:54,935 INFO Best policy so far: [[4, [0, 9, 6]]]
2020-08-04 16:39:54,935 INFO Best reward so far: 10.505079905192057
