2020-08-04 21:52:32,177 INFO Iter 0
2020-08-04 21:52:32,377 INFO Policy now: [[8.0, [0, 6.0, 5.0]], [4.0, [0, 9.0, 0]], [6.0, [2.0, 8.0, 6.0]]]
2020-08-04 21:52:32,385 INFO Reward now: 6.8086123863856
2020-08-04 21:52:32,385 INFO Best policy so far: [[8.0, [0, 6.0, 5.0]], [4.0, [0, 9.0, 0]], [6.0, [2.0, 8.0, 6.0]]]
2020-08-04 21:52:32,385 INFO Best reward so far: 6.8086123863856
2020-08-05 00:49:21,793 INFO Iter 1
2020-08-05 00:49:22,045 INFO Policy now: [[6.0, [0.0, 8.0, 9]], [0.0, [1.0, 9.0, 0]], [3.0, [0, 7.0, 9]]]
2020-08-05 00:49:22,063 INFO Reward now: 8.770132621129354
2020-08-05 00:49:22,064 INFO Best policy so far: [[4.0, [0, 8.0, 9]], [1.0, [2, 9.0, 0]], [4.0, [0.0, 7.0, 8.0]]]
2020-08-05 00:49:22,064 INFO Best reward so far: 9.177525281906128
2020-08-05 03:48:18,544 INFO Iter 2
2020-08-05 03:48:18,739 INFO Policy now: [[9, [0, 9, 7.0]], [5.0, [0.0, 8.0, -0.0]], [9, [5.0, 9, 9.0]]]
2020-08-05 03:48:18,763 INFO Reward now: 10.12006425857544
2020-08-05 03:48:18,763 INFO Best policy so far: [[4.0, [0, 8.0, 9]], [1.0, [2, 9.0, 0]], [4.0, [0.0, 7.0, 8.0]]]
2020-08-05 03:48:18,763 INFO Best reward so far: 12.354554335276285
2020-08-05 06:38:38,809 INFO Iter 3
2020-08-05 06:38:38,929 INFO Policy now: [[8.0, [0, 9, 5.0]], [9, [0, 3.0, 3.0]], [9, [2.0, 6.0, 9]]]
2020-08-05 06:38:38,938 INFO Reward now: 6.7362881898880005
2020-08-05 06:38:38,938 INFO Best policy so far: [[8, [0, 9, 9.0]], [4.0, [0, 4.0, -0.0]], [6, [3.0, 6, 9]]]
2020-08-05 06:38:38,938 INFO Best reward so far: 7.369980255762736
2020-08-05 09:31:13,492 INFO Iter 4
2020-08-05 09:31:13,680 INFO Policy now: [[9, [0, 9, 9]], [9, [0, 9.0, 8.0]], [9, [1.0, 7.0, 7.0]]]
2020-08-05 09:31:13,698 INFO Reward now: 9.69327163696289
2020-08-05 09:31:13,698 INFO Best policy so far: [[9, [0, 9, 9]], [9, [0, 9.0, 8.0]], [9, [1.0, 7.0, 7.0]]]
2020-08-05 09:31:13,698 INFO Best reward so far: 9.69327163696289
2020-08-05 09:39:05,526 INFO Iter 5
2020-08-05 09:39:05,705 INFO Policy now: [[9.0, [0.0, 9.0, 9]], [9, [0, 8.0, 8.0]], [9.0, [1.0, 8.0, 8.0]]]
2020-08-05 09:39:05,753 INFO Reward now: 9.513079524040222
2020-08-05 09:39:05,753 INFO Best policy so far: [[9.0, [0.0, 9.0, 9]], [9, [0, 8.0, 8.0]], [9.0, [1.0, 8.0, 8.0]]]
2020-08-05 09:39:05,753 INFO Best reward so far: 9.513079524040222
2020-08-05 09:50:37,265 INFO Iter 6
2020-08-05 09:50:37,282 INFO Policy now: [[8.0, [1.0, 8.0, 8.0]], [8.0, [1.0, 7.0, 7.0]], [8.0, [0.0, 9.0, 8.0]]]
2020-08-05 09:50:37,282 INFO Reward now: 7.032676100730896
2020-08-05 09:50:37,282 INFO Best policy so far: [[5.0, [2.0, 9, 9]], [5, [2, 5.0, 6.0]], [6.0, [0, 9, 9]]]
2020-08-05 09:50:37,282 INFO Best reward so far: 7.778971115748088
2020-08-05 10:09:29,007 INFO Iter 7
2020-08-05 10:09:29,252 INFO Policy now: [[9, [5.0, 5.0, 4.0]], [9, [0, 9, 7.0]], [9.0, [0.0, 9, 9]]]
2020-08-05 10:09:29,276 INFO Reward now: 10.870351632436117
2020-08-05 10:09:29,276 INFO Best policy so far: [[9.0, [2.0, 7.0, 5.0]], [9, [2.0, 9.0, 6.0]], [8.0, [0, 9, 9]]]
2020-08-05 10:09:29,276 INFO Best reward so far: 11.709802309672037
2020-08-05 13:09:17,196 INFO Iter 8
2020-08-05 13:09:17,455 INFO Policy now: [[9.0, [5.0, 7.0, 2.0]], [9, [2.0, 9.0, 5.0]], [9, [0.0, 9, 9]]]
2020-08-05 13:09:17,463 INFO Reward now: 8.61387268702189
2020-08-05 13:09:17,463 INFO Best policy so far: [[9.0, [2.0, 7.0, 5.0]], [9, [2.0, 9.0, 6.0]], [8.0, [0, 9, 9]]]
2020-08-05 13:09:17,463 INFO Best reward so far: 9.151592572530111
2020-08-05 13:14:32,192 INFO Iter 9
2020-08-05 13:14:32,198 INFO Policy now: [[9, [3.0, 7.0, 1.0]], [8.0, [0, 9, 6.0]], [9, [-0.0, 8.0, 8.0]]]
2020-08-05 13:14:32,198 INFO Reward now: 4.046015977859497
2020-08-05 13:14:32,198 INFO Best policy so far: [[9.0, [2.0, 7.0, 5.0]], [9, [2.0, 9.0, 6.0]], [8.0, [0, 9, 9]]]
2020-08-05 13:14:32,198 INFO Best reward so far: 4.8192034761110945
2020-08-05 13:18:31,709 INFO Iter 10
2020-08-05 13:18:31,726 INFO Policy now: [[9.0, [2.0, 7.0, 1.0]], [8.0, [0.0, 9.0, 5.0]], [9.0, [-0.0, 8.0, 8.0]]]
2020-08-05 13:18:31,726 INFO Reward now: 3.404072364171346
2020-08-05 13:18:31,726 INFO Best policy so far: [[9.0, [2.0, 7.0, 5.0]], [9, [2.0, 9.0, 6.0]], [8.0, [0, 9, 9]]]
2020-08-05 13:18:31,726 INFO Best reward so far: 3.6225200295448303
2020-08-05 13:23:01,282 INFO Iter 11
2020-08-05 13:23:01,300 INFO Policy now: [[9.0, [0.0, 9.0, 3.0]], [6.0, [0.0, 9, 6.0]], [8.0, [1.0, 5.0, 9]]]
2020-08-05 13:23:01,301 INFO Reward now: 5.690146267414093
2020-08-05 13:23:01,301 INFO Best policy so far: [[9.0, [2.0, 7.0, 5.0]], [9, [2.0, 9.0, 6.0]], [8.0, [0, 9, 9]]]
2020-08-05 13:23:01,301 INFO Best reward so far: 6.356252749760945
2020-08-05 13:31:20,985 INFO Iter 12
2020-08-05 13:31:21,006 INFO Policy now: [[9, [0, 9, 9]], [9, [2.0, 9, 9.0]], [9, [4.0, 7.0, 7.0]]]
2020-08-05 13:31:21,007 INFO Reward now: 8.96931262811025
2020-08-05 13:31:21,007 INFO Best policy so far: [[9.0, [0, 9, 6.0]], [9, [2.0, 9, 8.0]], [9, [4.0, 8.0, 6]]]
2020-08-05 13:31:21,007 INFO Best reward so far: 9.295583407084147
2020-08-05 13:50:43,713 INFO Iter 13
2020-08-05 13:50:43,734 INFO Policy now: [[9, [0, 9, 9]], [9, [1.0, 4.0, 8.0]], [9, [1.0, 9, 7.0]]]
2020-08-05 13:50:43,734 INFO Reward now: 7.685257752736409
2020-08-05 13:50:43,734 INFO Best policy so far: [[9, [0, 9, 9]], [9, [1.0, 4, 6.0]], [9, [2.0, 9, 6.0]]]
2020-08-05 13:50:43,734 INFO Best reward so far: 8.65261141459147
2020-08-05 16:51:17,955 INFO Iter 14
2020-08-05 16:51:18,722 INFO Policy now: [[9.0, [0, 9, 9.0]], [9, [0, 3.0, 7.0]], [9.0, [3.0, 8.0, 7.0]]]
2020-08-05 16:51:18,750 INFO Reward now: 4.6540101369222
2020-08-05 16:51:18,750 INFO Best policy so far: [[9, [0, 9, 9]], [9, [1.0, 4, 6.0]], [9, [2.0, 9, 6.0]]]
2020-08-05 16:51:18,750 INFO Best reward so far: 5.345353444417317
2020-08-05 17:02:52,249 INFO Iter 15
2020-08-05 17:02:52,801 INFO Policy now: [[9.0, [1.0, 9.0, 9]], [9, [1.0, 2.0, 9]], [9, [0, 9, 8.0]]]
2020-08-05 17:02:52,859 INFO Reward now: 5.605755627155304
2020-08-05 17:02:52,859 INFO Best policy so far: [[9, [2, 8, 9]], [9, [0, 3.0, 9]], [9, [1.0, 9, 9]]]
2020-08-05 17:02:52,859 INFO Best reward so far: 6.058979431788127
2020-08-05 19:54:46,702 INFO Iter 16
2020-08-05 19:54:46,859 INFO Policy now: [[9, [1.0, 9.0, 7.0]], [9, [1.0, 5.0, 9.0]], [9, [1.0, 9.0, 7.0]]]
2020-08-05 19:54:46,881 INFO Reward now: 7.235058108965556
2020-08-05 19:54:46,881 INFO Best policy so far: [[9, [2.0, 9, 6]], [9, [0, 6.0, 6]], [9, [0, 6, 8.0]]]
2020-08-05 19:54:46,881 INFO Best reward so far: 8.740448156992594
2020-08-05 20:09:15,972 INFO Iter 17
2020-08-05 20:09:16,247 INFO Policy now: [[9, [0.0, 9, 9.0]], [9, [0, 9, 7.0]], [9, [0.0, 8.0, 9]]]
2020-08-05 20:09:16,276 INFO Reward now: 6.646969040234883
2020-08-05 20:09:16,276 INFO Best policy so far: [[9, [0.0, 9, 8.0]], [9, [0, 9.0, 7.0]], [9, [-0.0, 9, 9.0]]]
2020-08-05 20:09:16,276 INFO Best reward so far: 7.177844524383545
2020-08-05 22:59:29,283 INFO Iter 18
2020-08-05 22:59:29,566 INFO Policy now: [[9, [0.0, 9, 8.0]], [9.0, [-0.0, 9.0, 7.0]], [9, [0, 8.0, 9.0]]]
2020-08-05 22:59:29,628 INFO Reward now: 1.100655769308408
2020-08-05 22:59:29,628 INFO Best policy so far: [[9, [0.0, 9, 8.0]], [9, [0, 9.0, 7.0]], [9, [-0.0, 9, 9.0]]]
2020-08-05 22:59:29,628 INFO Best reward so far: 1.3389823585748672
2020-08-06 01:57:27,857 INFO Iter 19
2020-08-06 01:57:27,993 INFO Policy now: [[8.0, [0, 7.0, 9]], [8.0, [-0.0, 9, 7.0]], [9.0, [-0.0, 9, 9]]]
2020-08-06 01:57:28,016 INFO Reward now: 6.684571484724681
2020-08-06 01:57:28,016 INFO Best policy so far: [[7, [0, 6, 9]], [6.0, [2.0, 9, 8.0]], [8, [0, 9, 8.0]]]
2020-08-06 01:57:28,016 INFO Best reward so far: 7.733924388885498
2020-08-06 02:16:58,434 INFO Iter 20
2020-08-06 02:16:58,605 INFO Policy now: [[9, [1.0, 9, 9.0]], [9, [0, 9, 7.0]], [8.0, [-0.0, 9, 9.0]]]
2020-08-06 02:16:58,670 INFO Reward now: 6.665331323941548
2020-08-06 02:16:58,670 INFO Best policy so far: [[9, [2, 9, 8]], [9, [0, 9, 8.0]], [9.0, [0, 9, 9]]]
2020-08-06 02:16:58,670 INFO Best reward so far: 7.602541923522949
2020-08-06 02:31:43,086 INFO Iter 21
2020-08-06 02:31:43,120 INFO Policy now: [[9, [0, 9, 8.0]], [9, [1.0, 9, 4.0]], [9.0, [0.0, 9.0, 9]]]
2020-08-06 02:31:43,120 INFO Reward now: 8.709817210833231
2020-08-06 02:31:43,120 INFO Best policy so far: [[9, [2, 9, 8]], [9, [0, 9, 8.0]], [9.0, [0, 9, 9]]]
2020-08-06 02:31:43,120 INFO Best reward so far: 9.075755516688028
2020-08-06 02:39:08,495 INFO Iter 22
2020-08-06 02:39:08,549 INFO Policy now: [[8.0, [2.0, 9, 9.0]], [4.0, [0, 9, 7.0]], [5.0, [0, 8.0, 9.0]]]
2020-08-06 02:39:08,549 INFO Reward now: 8.979931155840555
2020-08-06 02:39:08,549 INFO Best policy so far: [[9, [2, 9, 8]], [9, [0, 9, 8.0]], [9.0, [0, 9, 9]]]
2020-08-06 02:39:08,549 INFO Best reward so far: 9.544260740280151
2020-08-06 05:22:05,292 INFO Iter 23
2020-08-06 05:22:05,562 INFO Policy now: [[9, [0, 9, 4.0]], [9, [0, 5.0, 7.0]], [9, [0, 9.0, 8.0]]]
2020-08-06 05:22:05,570 INFO Reward now: 6.850149234135945
2020-08-06 05:22:05,570 INFO Best policy so far: [[9.0, [0, 8, 9]], [8.0, [0, 8, 9.0]], [6.0, [0, 9, 9]]]
2020-08-06 05:22:05,570 INFO Best reward so far: 7.817381223042806
2020-08-06 05:41:44,587 INFO Iter 24
2020-08-06 05:41:44,609 INFO Policy now: [[7.0, [0, 9, 5.0]], [6.0, [3.0, 9, 9]], [5.0, [0, 9, 9]]]
2020-08-06 05:41:44,610 INFO Reward now: 6.70588215192159
2020-08-06 05:41:44,610 INFO Best policy so far: [[9, [0, 9, 1.0]], [9, [2, 8.0, 9.0]], [9, [0, 9, 9]]]
2020-08-06 05:41:44,610 INFO Best reward so far: 7.958345333735148
2020-08-06 08:25:05,661 INFO Iter 25
2020-08-06 08:25:05,948 INFO Policy now: [[8.0, [3.0, 9, 1.0]], [9.0, [0, 9, 6.0]], [8.0, [0, 5.0, 9]]]
2020-08-06 08:25:06,022 INFO Reward now: 8.319036761919657
2020-08-06 08:25:06,022 INFO Best policy so far: [[7.0, [0, 9, 4.0]], [6.0, [2.0, 9, 9]], [4.0, [4, 6, 9]]]
2020-08-06 08:25:06,022 INFO Best reward so far: 9.80141051610311
2020-08-06 08:41:34,884 INFO Iter 26
2020-08-06 08:41:34,894 INFO Policy now: [[2.0, [8, 9, 8.0]], [6.0, [0, 9, 9]], [5.0, [0.0, 9, 9]]]
2020-08-06 08:41:34,894 INFO Reward now: 10.104960719744364
2020-08-06 08:41:34,894 INFO Best policy so far: [[7.0, [0, 9, 4.0]], [6.0, [2.0, 9, 9]], [4.0, [4, 6, 9]]]
2020-08-06 08:41:34,894 INFO Best reward so far: 10.938795646031698
2020-08-06 08:53:34,976 INFO Iter 27
2020-08-06 08:53:35,004 INFO Policy now: [[9, [8.0, 9, 9]], [9, [0, 9, 9]], [7.0, [0, 9.0, 5.0]]]
2020-08-06 08:53:35,005 INFO Reward now: 10.945333003997803
2020-08-06 08:53:35,005 INFO Best policy so far: [[7.0, [0, 9, 4.0]], [6.0, [2.0, 9, 9]], [4.0, [4, 6, 9]]]
2020-08-06 08:53:35,005 INFO Best reward so far: 11.685598134994507
2020-08-06 08:57:24,092 INFO Iter 28
2020-08-06 08:57:24,117 INFO Policy now: [[8.0, [8, 9, 9]], [9, [0, 7.0, 9]], [9.0, [1.0, 9, 4.0]]]
2020-08-06 08:57:24,118 INFO Reward now: 2.952315171559652
2020-08-06 08:57:24,118 INFO Best policy so far: [[7.0, [0, 9, 4.0]], [6.0, [2.0, 9, 9]], [4.0, [4, 6, 9]]]
2020-08-06 08:57:24,118 INFO Best reward so far: 3.714143971602122
2020-08-06 09:12:38,595 INFO Iter 29
2020-08-06 09:12:38,688 INFO Policy now: [[9.0, [7.0, 6.0, 7.0]], [9, [-0.0, 6.0, 9]], [9.0, [0, 9, 8.0]]]
2020-08-06 09:12:38,708 INFO Reward now: 7.414849400520325
2020-08-06 09:12:38,708 INFO Best policy so far: [[7.0, [0, 9, 4.0]], [6.0, [2.0, 9, 9]], [4.0, [4, 6, 9]]]
2020-08-06 09:12:38,708 INFO Best reward so far: 9.431448578834534
2020-08-06 12:09:26,339 INFO Iter 30
2020-08-06 12:09:26,581 INFO Policy now: [[9, [-0.0, 9, 7.0]], [9, [0, 5.0, 4.0]], [9, [0, 9, 7.0]]]
2020-08-06 12:09:26,605 INFO Reward now: 6.598802049954732
2020-08-06 12:09:26,605 INFO Best policy so far: [[7.0, [0, 9, 4.0]], [6.0, [2.0, 9, 9]], [4.0, [4, 6, 9]]]
2020-08-06 12:09:26,605 INFO Best reward so far: 6.771766702334086
2020-08-06 15:10:30,115 INFO Iter 31
2020-08-06 15:10:30,416 INFO Policy now: [[9.0, [0.0, 9, 8.0]], [9.0, [0.0, 5.0, 5.0]], [9, [0, 9, 5.0]]]
2020-08-06 15:10:30,464 INFO Reward now: 4.36370066801707
2020-08-06 15:10:30,464 INFO Best policy so far: [[9, [2.0, 9, 3.0]], [9, [0, 9.0, 6.0]], [9, [0, 6, 4.0]]]
2020-08-06 15:10:30,468 INFO Best reward so far: 5.074788729349772
2020-08-06 15:26:10,129 INFO Iter 32
2020-08-06 15:26:10,183 INFO Policy now: [[9, [-0.0, 9.0, 9.0]], [9, [0, 9, 6.0]], [9, [2.0, 9, 3.0]]]
2020-08-06 15:26:10,183 INFO Reward now: 8.980719010035196
2020-08-06 15:26:10,183 INFO Best policy so far: [[9, [-0.0, 9.0, 9.0]], [9, [0, 9, 6.0]], [9, [2.0, 9, 3.0]]]
2020-08-06 15:26:10,183 INFO Best reward so far: 8.980719010035196
2020-08-06 18:15:16,578 INFO Iter 33
2020-08-06 18:15:16,713 INFO Policy now: [[9.0, [1.0, 9, 9]], [9, [1.0, 9.0, 6.0]], [9.0, [0.0, 9.0, 3.0]]]
2020-08-06 18:15:16,744 INFO Reward now: 5.393381794293721
2020-08-06 18:15:16,744 INFO Best policy so far: [[9, [-0.0, 9.0, 9.0]], [9, [0, 9, 6.0]], [9, [2.0, 9, 3.0]]]
2020-08-06 18:15:16,744 INFO Best reward so far: 6.26637335618337
2020-08-06 18:25:25,603 INFO Iter 34
2020-08-06 18:25:25,655 INFO Policy now: [[7.0, [2.0, 9, 7.0]], [9.0, [2.0, 9, 7.0]], [8.0, [1.0, 9.0, 2.0]]]
2020-08-06 18:25:25,658 INFO Reward now: 4.953819692134857
2020-08-06 18:25:25,658 INFO Best policy so far: [[9, [-0.0, 9.0, 9.0]], [9, [0, 9, 6.0]], [9, [2.0, 9, 3.0]]]
2020-08-06 18:25:25,658 INFO Best reward so far: 4.982991019884746
2020-08-06 18:47:06,869 INFO Iter 35
2020-08-06 18:47:06,885 INFO Policy now: [[9, [0, 9.0, 8.0]], [9, [0, 9, 7.0]], [9, [2.0, 6.0, 2.0]]]
2020-08-06 18:47:06,886 INFO Reward now: 11.026944478352865
2020-08-06 18:47:06,886 INFO Best policy so far: [[9, [0, 9.0, 8.0]], [9, [0, 9, 7.0]], [9, [2.0, 6.0, 2.0]]]
2020-08-06 18:47:06,886 INFO Best reward so far: 11.026944478352865
2020-08-06 19:05:24,703 INFO Iter 36
2020-08-06 19:05:24,819 INFO Policy now: [[4.0, [0, 9.0, 8.0]], [5.0, [0, 9, 9]], [6.0, [-0.0, 9.0, 2.0]]]
2020-08-06 19:05:24,830 INFO Reward now: 9.343594233194986
2020-08-06 19:05:24,830 INFO Best policy so far: [[9, [0, 9.0, 8.0]], [9, [0, 9, 7.0]], [9, [2.0, 6.0, 2.0]]]
2020-08-06 19:05:24,830 INFO Best reward so far: 9.685138463973999
2020-08-06 22:03:44,954 INFO Iter 37
2020-08-06 22:03:45,255 INFO Policy now: [[9, [0, 4.0, 3.0]], [9, [2.0, 9, 9.0]], [9, [-0.0, 8.0, 6.0]]]
2020-08-06 22:03:45,261 INFO Reward now: 11.06252352396647
2020-08-06 22:03:45,261 INFO Best policy so far: [[8.0, [0, 4.0, 4.0]], [8.0, [2, 9, 9]], [8.0, [0.0, 8.0, 4.0]]]
2020-08-06 22:03:45,261 INFO Best reward so far: 11.533517837524414
2020-08-06 22:08:20,724 INFO Iter 38
2020-08-06 22:08:20,745 INFO Policy now: [[8.0, [0, 7.0, 7.0]], [6.0, [2.0, 9.0, 8.0]], [6.0, [2.0, 9.0, 8.0]]]
2020-08-06 22:08:20,746 INFO Reward now: 6.118907332420349
2020-08-06 22:08:20,746 INFO Best policy so far: [[9, [0, 8.0, 8.0]], [6, [2.0, 8, 6.0]], [7, [4.0, 9.0, 9]]]
2020-08-06 22:08:20,746 INFO Best reward so far: 6.1298714478810625
2020-08-07 00:51:12,792 INFO Iter 39
2020-08-07 00:51:13,031 INFO Policy now: [[9, [1.0, 5.0, 9.0]], [9, [0, 9.0, 5.0]], [9, [5.0, 9.0, 9.0]]]
2020-08-07 00:51:13,067 INFO Reward now: 6.312839825948079
2020-08-07 00:51:13,067 INFO Best policy so far: [[9, [4, 3.0, 8.0]], [8.0, [0.0, 9, 4.0]], [8.0, [2.0, 8.0, 7.0]]]
2020-08-07 00:51:13,067 INFO Best reward so far: 7.77343734105428
2020-08-07 00:56:30,742 INFO Iter 40
2020-08-07 00:56:30,764 INFO Policy now: [[9.0, [0, 3.0, 9.0]], [9.0, [-0.0, 9.0, 6.0]], [9.0, [4.0, 9.0, 9]]]
2020-08-07 00:56:30,764 INFO Reward now: 4.163829644521077
2020-08-07 00:56:30,764 INFO Best policy so far: [[9, [4, 3.0, 8.0]], [8.0, [0.0, 9, 4.0]], [8.0, [2.0, 8.0, 7.0]]]
2020-08-07 00:56:30,764 INFO Best reward so far: 4.371541678905487
2020-08-07 01:09:51,610 INFO Iter 41
2020-08-07 01:09:51,741 INFO Policy now: [[9, [-0.0, 9, 5.0]], [9, [0, 9, 9]], [9, [-0.0, 9, 9]]]
2020-08-07 01:09:51,759 INFO Reward now: 6.038349628448486
2020-08-07 01:09:51,759 INFO Best policy so far: [[9, [0, 6.0, 7.0]], [9, [0, 9, 8.0]], [9, [2.0, 9, 9]]]
2020-08-07 01:09:51,759 INFO Best reward so far: 6.609359582265218
2020-08-07 01:16:02,064 INFO Iter 42
2020-08-07 01:16:02,131 INFO Policy now: [[9.0, [0, 9.0, -0.0]], [9.0, [0, 9.0, 9]], [7.0, [0, 8.0, 7.0]]]
2020-08-07 01:16:02,131 INFO Reward now: 4.882075647513072
2020-08-07 01:16:02,132 INFO Best policy so far: [[9, [2.0, 9, 0.0]], [9, [0, 9, 9]], [9, [2.0, 8, 5]]]
2020-08-07 01:16:02,132 INFO Best reward so far: 5.858265320460002
2020-08-07 04:09:32,436 INFO Iter 43
2020-08-07 04:09:32,636 INFO Policy now: [[9, [-0.0, 9, 0]], [9, [0, 9, 9]], [9, [1.0, 8.0, 9]]]
2020-08-07 04:09:32,659 INFO Reward now: 8.629743695259094
2020-08-07 04:09:32,659 INFO Best policy so far: [[9, [0, 9, 0]], [9, [0, 9, 9]], [9, [1, 8.0, 9]]]
2020-08-07 04:09:32,659 INFO Best reward so far: 9.484027226765951
2020-08-07 07:09:50,178 INFO Iter 44
2020-08-07 07:09:50,362 INFO Policy now: [[9, [0, 8.0, 0.0]], [9, [0, 9.0, 8.0]], [9, [1.0, 7.0, 9.0]]]
2020-08-07 07:09:50,407 INFO Reward now: 8.923031489054361
2020-08-07 07:09:50,407 INFO Best policy so far: [[9, [0, 9, 0]], [9, [0, 9, 9]], [9, [1, 8.0, 9]]]
2020-08-07 07:09:50,407 INFO Best reward so far: 9.148834665616354
2020-08-07 07:20:44,070 INFO Iter 45
2020-08-07 07:20:44,116 INFO Policy now: [[7.0, [0, 9.0, 0]], [8.0, [-0.0, 9.0, 9.0]], [9.0, [-0.0, 9, 9.0]]]
2020-08-07 07:20:44,116 INFO Reward now: 4.408802787462871
2020-08-07 07:20:44,117 INFO Best policy so far: [[5, [0, 9, 0]], [6, [2, 9, 9]], [8, [0, 9.0, 9]]]
2020-08-07 07:20:44,117 INFO Best reward so far: 4.647371411323547
2020-08-07 10:16:59,214 INFO Iter 46
2020-08-07 10:16:59,474 INFO Policy now: [[9, [3.0, 9, 0]], [9.0, [0, 9, 7.0]], [9, [2.0, 9, 9.0]]]
2020-08-07 10:16:59,495 INFO Reward now: 8.527231613794962
2020-08-07 10:16:59,495 INFO Best policy so far: [[9, [4, 9, 0]], [9.0, [0, 9, 6.0]], [9, [2.0, 8, 8.0]]]
2020-08-07 10:16:59,495 INFO Best reward so far: 9.32039181391398
2020-08-07 13:11:13,763 INFO Iter 47
2020-08-07 13:11:13,906 INFO Policy now: [[9.0, [0, 8.0, 0]], [9, [1.0, 9, 5.0]], [9, [3.0, 8.0, 9]]]
2020-08-07 13:11:13,929 INFO Reward now: 7.676268299420674
2020-08-07 13:11:13,929 INFO Best policy so far: [[9, [0, 8, 2]], [9, [0, 8, 9]], [9, [4.0, 9, 9]]]
2020-08-07 13:11:13,929 INFO Best reward so far: 8.506221850713095
2020-08-07 13:17:52,975 INFO Iter 48
2020-08-07 13:17:53,676 INFO Policy now: [[8.0, [-0.0, 9, 2.0]], [8.0, [0, 9, 5.0]], [8.0, [2.0, 9.0, 9.0]]]
2020-08-07 13:17:53,677 INFO Reward now: 6.86985198656718
2020-08-07 13:17:53,677 INFO Best policy so far: [[8.0, [-0.0, 9, 2.0]], [8.0, [0, 9, 5.0]], [8.0, [2.0, 9.0, 9.0]]]
2020-08-07 13:17:53,677 INFO Best reward so far: 6.86985198656718
2020-08-07 16:18:59,227 INFO Iter 49
2020-08-07 16:18:59,477 INFO Policy now: [[8.0, [-0.0, 7.0, 4.0]], [9.0, [1.0, 9, 2.0]], [9.0, [-0.0, 9.0, 9]]]
2020-08-07 16:18:59,497 INFO Reward now: 8.375239570935568
2020-08-07 16:18:59,497 INFO Best policy so far: [[8.0, [-0.0, 9, 2.0]], [8.0, [0, 9, 5.0]], [8.0, [2.0, 9.0, 9.0]]]
2020-08-07 16:18:59,497 INFO Best reward so far: 10.161376158396402
2020-08-07 19:12:35,066 INFO Iter 50
2020-08-07 19:12:35,958 INFO Policy now: [[7.0, [1.0, 9, 6.0]], [9.0, [0, 9, 3.0]], [9.0, [0, 9, 9]]]
2020-08-07 19:12:35,987 INFO Reward now: 9.002107818921408
2020-08-07 19:12:35,991 INFO Best policy so far: [[8.0, [-0.0, 9, 2.0]], [8.0, [0, 9, 5.0]], [8.0, [2.0, 9.0, 9.0]]]
2020-08-07 19:12:35,991 INFO Best reward so far: 9.790152470270792
2020-08-07 19:36:55,822 INFO Iter 51
2020-08-07 19:36:55,851 INFO Policy now: [[-0.0, [0, 9, 1.0]], [2.0, [6.0, 9.0, 9]], [2.0, [0.0, 9, 9.0]]]
2020-08-07 19:36:55,851 INFO Reward now: 9.287814696629843
2020-08-07 19:36:55,851 INFO Best policy so far: [[8.0, [-0.0, 9, 2.0]], [8.0, [0, 9, 5.0]], [8.0, [2.0, 9.0, 9.0]]]
2020-08-07 19:36:55,851 INFO Best reward so far: 11.010619680086771
2020-08-07 19:49:33,176 INFO Iter 52
2020-08-07 19:49:33,245 INFO Policy now: [[6.0, [2.0, 8.0, 0.0]], [9, [0, 9, 4.0]], [7.0, [4.0, 5.0, 9]]]
2020-08-07 19:49:33,245 INFO Reward now: 5.471797704696655
2020-08-07 19:49:33,245 INFO Best policy so far: [[2.0, [0, 9, 4.0]], [6.0, [2.0, 9, 6]], [2.0, [2.0, 6, 9]]]
2020-08-07 19:49:33,245 INFO Best reward so far: 6.693285703659058
2020-08-07 22:43:56,779 INFO Iter 53
2020-08-07 22:43:56,909 INFO Policy now: [[4.0, [0, 8.0, 1.0]], [8.0, [0, 9, 9]], [9, [0, 9, 9]]]
2020-08-07 22:43:56,950 INFO Reward now: 7.362639347712199
2020-08-07 22:43:56,950 INFO Best policy so far: [[2.0, [0, 9, 4.0]], [6.0, [2.0, 9, 6]], [2.0, [2.0, 6, 9]]]
2020-08-07 22:43:56,950 INFO Best reward so far: 7.383477012316386
2020-08-08 01:47:05,149 INFO Iter 54
2020-08-08 01:47:05,508 INFO Policy now: [[5.0, [0.0, 9, 1.0]], [7.0, [0, 9.0, 8.0]], [9, [1.0, 9, 8.0]]]
2020-08-08 01:47:05,535 INFO Reward now: 4.623973409334819
2020-08-08 01:47:05,535 INFO Best policy so far: [[8.0, [0, 9, 3.0]], [8.0, [1, 7, 8]], [9, [0, 9, 9]]]
2020-08-08 01:47:05,535 INFO Best reward so far: 5.34635059038798
2020-08-08 02:01:58,508 INFO Iter 55
2020-08-08 02:01:59,476 INFO Policy now: [[5.0, [0, 9.0, 0]], [5.0, [3.0, 9, 4.0]], [7.0, [-0.0, 9, 5.0]]]
2020-08-08 02:01:59,494 INFO Reward now: 7.729080478350322
2020-08-08 02:01:59,494 INFO Best policy so far: [[8.0, [0, 9, 3.0]], [8.0, [1, 7, 8]], [9, [0, 9, 9]]]
2020-08-08 02:01:59,494 INFO Best reward so far: 8.279972473780314
2020-08-08 05:02:01,533 INFO Iter 56
2020-08-08 05:02:01,943 INFO Policy now: [[4.0, [0, 9, 0]], [4.0, [6.0, 9.0, 9]], [5.0, [0, 9, 0.0]]]
2020-08-08 05:02:02,024 INFO Reward now: 8.23284117380778
2020-08-08 05:02:02,025 INFO Best policy so far: [[8.0, [0, 9, 3.0]], [8.0, [1, 7, 8]], [9, [0, 9, 9]]]
2020-08-08 05:02:02,025 INFO Best reward so far: 10.395460605621338
2020-08-08 07:52:56,097 INFO Iter 57
2020-08-08 07:52:56,265 INFO Policy now: [[1.0, [0, 9.0, 0]], [1.0, [8, 8.0, 9.0]], [4.0, [0, 8.0, 3.0]]]
2020-08-08 07:52:56,286 INFO Reward now: 7.597694834073384
2020-08-08 07:52:56,286 INFO Best policy so far: [[8.0, [0, 9, 3.0]], [8.0, [1, 7, 8]], [9, [0, 9, 9]]]
2020-08-08 07:52:56,286 INFO Best reward so far: 8.908513387044271
2020-08-08 08:07:18,093 INFO Iter 58
2020-08-08 08:07:18,220 INFO Policy now: [[2.0, [0, 8.0, 0.0]], [1.0, [8, 9.0, 9.0]], [5.0, [0.0, 9.0, 4.0]]]
2020-08-08 08:07:18,253 INFO Reward now: 7.537348469098409
2020-08-08 08:07:18,253 INFO Best policy so far: [[8.0, [0, 9, 3.0]], [8.0, [1, 7, 8]], [9, [0, 9, 9]]]
2020-08-08 08:07:18,253 INFO Best reward so far: 7.917935649553935
2020-08-08 08:16:58,181 INFO Iter 59
2020-08-08 08:16:58,197 INFO Policy now: [[7.0, [2.0, 9.0, 3.0]], [7.0, [6.0, 9, 8.0]], [9, [-0.0, 9, 9]]]
2020-08-08 08:16:58,198 INFO Reward now: 3.9982010324796042
2020-08-08 08:16:58,198 INFO Best policy so far: [[4.0, [4, 6.0, 4.0]], [4.0, [8, 9, 9]], [8.0, [2.0, 9, 8.0]]]
2020-08-08 08:16:58,198 INFO Best reward so far: 4.109519084294637
2020-08-08 08:32:12,930 INFO Iter 60
2020-08-08 08:32:12,961 INFO Policy now: [[6.0, [0, 9, 5.0]], [2.0, [7.0, 9, 9.0]], [5.0, [0, 9, 9.0]]]
2020-08-08 08:32:12,962 INFO Reward now: 8.412800391515097
2020-08-08 08:32:12,962 INFO Best policy so far: [[6.0, [1.0, 9, 6.0]], [4.0, [6.0, 9, 8.0]], [4, [0, 9, 8]]]
2020-08-08 08:32:12,962 INFO Best reward so far: 9.259697119394938
2020-08-08 11:23:11,939 INFO Iter 61
2020-08-08 11:23:12,077 INFO Policy now: [[7.0, [1.0, 8.0, 9]], [3.0, [5.0, 9, 7.0]], [6.0, [1.0, 9, 9.0]]]
2020-08-08 11:23:12,104 INFO Reward now: 8.134626944859823
2020-08-08 11:23:12,105 INFO Best policy so far: [[6.0, [1.0, 9, 6.0]], [4.0, [6.0, 9, 8.0]], [4, [0, 9, 8]]]
2020-08-08 11:23:12,105 INFO Best reward so far: 9.732844551404318
2020-08-08 14:23:40,093 INFO Iter 62
2020-08-08 14:23:40,288 INFO Policy now: [[4.0, [0, 9, 6.0]], [6.0, [0, 9.0, 9]], [2.0, [0, 9, 9]]]
2020-08-08 14:23:40,307 INFO Reward now: 8.061742305755615
2020-08-08 14:23:40,307 INFO Best policy so far: [[6.0, [0.0, 8.0, 9]], [3.0, [4.0, 8, 4.0]], [4.0, [1.0, 9, 5.0]]]
2020-08-08 14:23:40,307 INFO Best reward so far: 9.092772165934244
2020-08-08 17:26:07,033 INFO Iter 63
2020-08-08 17:26:07,244 INFO Policy now: [[5.0, [0, 9.0, 6.0]], [7.0, [-0.0, 9.0, 8.0]], [3.0, [0, 9, 8.0]]]
2020-08-08 17:26:07,376 INFO Reward now: 4.97428556283315
2020-08-08 17:26:07,376 INFO Best policy so far: [[5.0, [0, 9.0, 6.0]], [7.0, [-0.0, 9.0, 8.0]], [3.0, [0, 9, 8.0]]]
2020-08-08 17:26:07,376 INFO Best reward so far: 4.97428556283315
2020-08-08 20:29:01,782 INFO Iter 64
2020-08-08 20:29:01,973 INFO Policy now: [[6.0, [-0.0, 8.0, 5.0]], [8.0, [1.0, 9, 9.0]], [5.0, [1.0, 8.0, 9.0]]]
2020-08-08 20:29:01,986 INFO Reward now: 4.537252366542816
2020-08-08 20:29:01,986 INFO Best policy so far: [[4.0, [0, 9.0, 8.0]], [4.0, [0, 9.0, 9]], [2.0, [3, 6, 9]]]
2020-08-08 20:29:01,986 INFO Best reward so far: 4.943837324778239
2020-08-08 20:34:36,050 INFO Iter 65
2020-08-08 20:34:36,062 INFO Policy now: [[3.0, [2.0, 8.0, 0]], [6.0, [0, 8.0, 8.0]], [3.0, [0, 5.0, 9]]]
2020-08-08 20:34:36,062 INFO Reward now: 4.934931814670563
2020-08-08 20:34:36,062 INFO Best policy so far: [[4.0, [0, 9.0, 8.0]], [4.0, [0, 9.0, 9]], [2.0, [3, 6, 9]]]
2020-08-08 20:34:36,062 INFO Best reward so far: 5.032214264074962
2020-08-08 20:56:38,809 INFO Iter 66
2020-08-08 20:56:38,963 INFO Policy now: [[3.0, [4.0, 9.0, 0]], [4.0, [1.0, 9, 9]], [2.0, [0, 5.0, 8.0]]]
2020-08-08 20:56:38,963 INFO Reward now: 6.002640048662822
2020-08-08 20:56:38,963 INFO Best policy so far: [[2.0, [4.0, 9.0, 0]], [4.0, [2, 9, 9]], [0.0, [0, 6.0, 8]]]
2020-08-08 20:56:38,963 INFO Best reward so far: 7.094059149424235
2020-08-08 21:04:26,335 INFO Iter 67
2020-08-08 21:04:26,891 INFO Policy now: [[9, [8, 8.0, 3.0]], [6.0, [-0.0, 8.0, 9]], [6.0, [2.0, 9.0, 2.0]]]
2020-08-08 21:04:27,061 INFO Reward now: 5.779231786727905
2020-08-08 21:04:27,061 INFO Best policy so far: [[9, [8, 8.0, 3.0]], [6.0, [-0.0, 8.0, 9]], [6.0, [2.0, 9.0, 2.0]]]
2020-08-08 21:04:27,062 INFO Best reward so far: 5.779231786727905
2020-08-08 21:19:21,168 INFO Iter 68
2020-08-08 21:19:21,189 INFO Policy now: [[9, [8, 9, 7.0]], [8.0, [0, 9, 9]], [5.0, [0, 9, 5.0]]]
2020-08-08 21:19:21,190 INFO Reward now: 7.031671563784282
2020-08-08 21:19:21,190 INFO Best policy so far: [[9, [8, 8.0, 3.0]], [6.0, [-0.0, 8.0, 9]], [6.0, [2.0, 9.0, 2.0]]]
2020-08-08 21:19:21,190 INFO Best reward so far: 7.656599243481954
2020-08-09 00:11:04,514 INFO Iter 69
2020-08-09 00:11:04,743 INFO Policy now: [[9, [8.0, 9, 9.0]], [8.0, [0.0, 9, 9]], [7.0, [-0.0, 9.0, 3.0]]]
2020-08-09 00:11:04,772 INFO Reward now: 7.298621694246928
2020-08-09 00:11:04,772 INFO Best policy so far: [[8, [8, 9, 9.0]], [7.0, [2, 9, 8]], [5.0, [0, 9, 4.0]]]
2020-08-09 00:11:04,772 INFO Best reward so far: 7.491782347361247
2020-08-09 00:16:07,446 INFO Iter 70
2020-08-09 00:16:07,482 INFO Policy now: [[9.0, [8.0, 9.0, 9.0]], [8.0, [-0.0, 9.0, 9]], [8.0, [0, 9.0, 4.0]]]
2020-08-09 00:16:07,482 INFO Reward now: 5.2683403094609575
2020-08-09 00:16:07,482 INFO Best policy so far: [[8, [8, 9, 9.0]], [7.0, [2, 9, 8]], [5.0, [0, 9, 4.0]]]
2020-08-09 00:16:07,482 INFO Best reward so far: 5.475671569506328
2020-08-09 00:29:02,548 INFO Iter 71
2020-08-09 00:29:02,613 INFO Policy now: [[9, [8.0, 9.0, 8.0]], [9.0, [-0.0, 9.0, 9]], [9, [0, 8.0, 1.0]]]
2020-08-09 00:29:02,613 INFO Reward now: 6.154861688613892
2020-08-09 00:29:02,613 INFO Best policy so far: [[9, [8.0, 9.0, 8.0]], [9.0, [-0.0, 9.0, 9]], [9, [0, 8.0, 1.0]]]
2020-08-09 00:29:02,613 INFO Best reward so far: 6.154861688613892
2020-08-09 03:24:39,487 INFO Iter 72
2020-08-09 03:24:40,778 INFO Policy now: [[9, [7.0, 9, 9]], [9, [0, 9, 9.0]], [9, [0, 8.0, 3.0]]]
2020-08-09 03:24:40,893 INFO Reward now: 8.328073104222616
2020-08-09 03:24:40,893 INFO Best policy so far: [[9, [4.0, 8.0, 9]], [9, [0, 9, 8]], [9, [2, 8.0, 5.0]]]
2020-08-09 03:24:40,894 INFO Best reward so far: 10.88752015431722
2020-08-09 03:48:48,153 INFO Iter 73
2020-08-09 03:48:48,196 INFO Policy now: [[9, [8, 9, 9]], [9, [0.0, 9, 7.0]], [9, [0, 9, 6.0]]]
2020-08-09 03:48:48,197 INFO Reward now: 10.438421487808228
2020-08-09 03:48:48,197 INFO Best policy so far: [[9, [4.0, 8.0, 9]], [9, [0, 9, 8]], [9, [2, 8.0, 5.0]]]
2020-08-09 03:48:48,197 INFO Best reward so far: 11.045394023259481
2020-08-09 06:35:26,748 INFO Iter 74
2020-08-09 06:35:26,900 INFO Policy now: [[9.0, [8.0, 7.0, 9]], [8.0, [0.0, 9.0, 9.0]], [8.0, [0, 9, 5.0]]]
2020-08-09 06:35:26,918 INFO Reward now: 5.282700975735982
2020-08-09 06:35:26,918 INFO Best policy so far: [[9, [4.0, 8.0, 9]], [9, [0, 9, 8]], [9, [2, 8.0, 5.0]]]
2020-08-09 06:35:26,918 INFO Best reward so far: 6.079084952672322
2020-08-09 09:24:18,041 INFO Iter 75
2020-08-09 09:24:18,448 INFO Policy now: [[9.0, [8.0, 7.0, 9.0]], [8.0, [0.0, 9.0, 9.0]], [8.0, [0.0, 9.0, 5.0]]]
2020-08-09 09:24:18,520 INFO Reward now: 0.9963350643714269
2020-08-09 09:24:18,521 INFO Best policy so far: [[8.0, [4.0, 6.0, 9]], [5.0, [0, 6.0, 8.0]], [6.0, [0, 5, 6.0]]]
2020-08-09 09:24:18,521 INFO Best reward so far: 1.3060972690582275
2020-08-09 12:27:33,540 INFO Iter 76
2020-08-09 12:27:33,735 INFO Policy now: [[9, [8.0, 6.0, 9]], [8.0, [0, 9, 9.0]], [9.0, [1.0, 9.0, 8.0]]]
2020-08-09 12:27:33,803 INFO Reward now: 7.661442557970683
2020-08-09 12:27:33,803 INFO Best policy so far: [[8.0, [5.0, 2.0, 9]], [5.0, [-0.0, 9, 6.0]], [8.0, [0, 9, 9.0]]]
2020-08-09 12:27:33,803 INFO Best reward so far: 7.712531566619873
2020-08-09 15:32:03,940 INFO Iter 77
2020-08-09 15:32:04,381 INFO Policy now: [[9, [8.0, 9, 9.0]], [9, [0, 9.0, 7.0]], [9, [0, 6.0, 9.0]]]
2020-08-09 15:32:04,429 INFO Reward now: 10.061120788256327
2020-08-09 15:32:04,429 INFO Best policy so far: [[9, [8.0, 9, 9.0]], [9, [0, 9.0, 7.0]], [9, [0, 6.0, 9.0]]]
2020-08-09 15:32:04,429 INFO Best reward so far: 10.061120788256327
2020-08-09 18:34:10,479 INFO Iter 78
2020-08-09 18:34:10,677 INFO Policy now: [[9.0, [7.0, 9, 9.0]], [9, [-0.0, 9, 6.0]], [9.0, [0.0, 7.0, 9]]]
2020-08-09 18:34:10,694 INFO Reward now: 6.269865393638611
2020-08-09 18:34:10,694 INFO Best policy so far: [[9, [8.0, 9, 9.0]], [9, [0, 9.0, 7.0]], [9, [0, 6.0, 9.0]]]
2020-08-09 18:34:10,694 INFO Best reward so far: 8.40459680557251
2020-08-09 21:19:51,196 INFO Iter 79
2020-08-09 21:19:51,580 INFO Policy now: [[9.0, [8.0, 6.0, 9.0]], [9, [0, 9, 5.0]], [8.0, [0, 6.0, 9]]]
2020-08-09 21:19:51,625 INFO Reward now: 5.298759539922078
2020-08-09 21:19:51,626 INFO Best policy so far: [[9, [4.0, 6, 8.0]], [9, [2.0, 9, 8.0]], [9, [-0.0, 7.0, 8]]]
2020-08-09 21:19:51,626 INFO Best reward so far: 5.6575431029001875
2020-08-09 21:34:44,111 INFO Iter 80
2020-08-09 21:34:44,147 INFO Policy now: [[8.0, [8, 6.0, 8.0]], [7.0, [1.0, 9, 7.0]], [9.0, [-0.0, 9, 9]]]
2020-08-09 21:34:44,148 INFO Reward now: 7.220308502515157
2020-08-09 21:34:44,148 INFO Best policy so far: [[9, [4.0, 6, 8.0]], [9, [2.0, 9, 8.0]], [9, [-0.0, 7.0, 8]]]
2020-08-09 21:34:44,148 INFO Best reward so far: 7.8193279504776
2020-08-10 00:25:23,313 INFO Iter 81
2020-08-10 00:25:24,542 INFO Policy now: [[6.0, [6.0, 4.0, 6.0]], [5.0, [0, 9, 3.0]], [6.0, [1.0, 7.0, 9.0]]]
2020-08-10 00:25:24,565 INFO Reward now: 9.931387344996134
2020-08-10 00:25:24,566 INFO Best policy so far: [[6.0, [5, 4.0, 6.0]], [6.0, [0, 9, 4.0]], [4.0, [1.0, 6, 9]]]
2020-08-10 00:25:24,566 INFO Best reward so far: 11.514938513437906
2020-08-10 00:47:24,920 INFO Iter 82
2020-08-10 00:47:25,064 INFO Policy now: [[8.0, [7.0, 1.0, 2.0]], [7.0, [1.0, 9, 9]], [6.0, [0, 6.0, 9]]]
2020-08-10 00:47:25,064 INFO Reward now: 7.8495742082595825
2020-08-10 00:47:25,064 INFO Best policy so far: [[6.0, [6.0, 8.0, 6.0]], [6.0, [0, 9, 6.0]], [9, [0, 4.0, 9]]]
2020-08-10 00:47:25,064 INFO Best reward so far: 7.99971882502238
2020-08-10 03:48:42,603 INFO Iter 83
2020-08-10 03:48:42,770 INFO Policy now: [[9, [8.0, 0, 6.0]], [9.0, [0, 9.0, 8.0]], [8.0, [0, 8.0, 7.0]]]
2020-08-10 03:48:42,854 INFO Reward now: 9.482289354006449
2020-08-10 03:48:42,854 INFO Best policy so far: [[9, [5.0, -0.0, 2.0]], [8.0, [2.0, 9, 5]], [9, [0, 7.0, 8]]]
2020-08-10 03:48:42,854 INFO Best reward so far: 10.05956761042277
2020-08-10 06:32:31,250 INFO Iter 84
2020-08-10 06:32:31,586 INFO Policy now: [[9, [8.0, 0.0, 6.0]], [9.0, [1.0, 9.0, 9]], [8.0, [0.0, 9.0, 9.0]]]
2020-08-10 06:32:31,625 INFO Reward now: 4.3045108517011
2020-08-10 06:32:31,625 INFO Best policy so far: [[9, [8.0, 0.0, 6.0]], [9.0, [1.0, 9.0, 9]], [8.0, [0.0, 9.0, 9.0]]]
2020-08-10 06:32:31,625 INFO Best reward so far: 4.3045108517011
2020-08-10 09:33:43,293 INFO Iter 85
2020-08-10 09:33:43,534 INFO Policy now: [[6.0, [5.0, 3.0, 0.0]], [9.0, [0, 9, 9]], [4.0, [2.0, 9, 5.0]]]
2020-08-10 09:33:43,558 INFO Reward now: 10.274567286173502
2020-08-10 09:33:43,558 INFO Best policy so far: [[6.0, [5.0, 3.0, 0.0]], [9.0, [0, 9, 9]], [4.0, [2.0, 9, 5.0]]]
2020-08-10 09:33:43,558 INFO Best reward so far: 10.274567286173502
2020-08-10 09:49:12,970 INFO Iter 86
2020-08-10 09:49:12,998 INFO Policy now: [[3.0, [4.0, 7.0, 0.0]], [9.0, [0, 9.0, 8.0]], [4.0, [4.0, 9, 6.0]]]
2020-08-10 09:49:12,998 INFO Reward now: 7.583631714185079
2020-08-10 09:49:12,998 INFO Best policy so far: [[6.0, [5.0, 3.0, 0.0]], [9.0, [0, 9, 9]], [4.0, [2.0, 9, 5.0]]]
2020-08-10 09:49:12,998 INFO Best reward so far: 8.422697385152182
2020-08-10 09:53:45,553 INFO Iter 87
2020-08-10 09:53:45,580 INFO Policy now: [[5.0, [2.0, 8.0, 0]], [9, [1.0, 9, 6.0]], [6.0, [0.0, 9, 5.0]]]
2020-08-10 09:53:45,581 INFO Reward now: 5.66884450117747
2020-08-10 09:53:45,581 INFO Best policy so far: [[8.0, [0.0, 9.0, 0]], [9, [2, 9, 4.0]], [7.0, [-0.0, 9, 2.0]]]
2020-08-10 09:53:45,581 INFO Best reward so far: 5.833250125249227
2020-08-10 10:18:53,827 INFO Iter 88
2020-08-10 10:18:54,122 INFO Policy now: [[4.0, [4.0, 9, 2.0]], [9, [0, 9, 8.0]], [9.0, [0, 9, 3.0]]]
2020-08-10 10:18:54,134 INFO Reward now: 10.856815258661905
2020-08-10 10:18:54,134 INFO Best policy so far: [[8.0, [0.0, 9.0, 0]], [9, [2, 9, 4.0]], [7.0, [-0.0, 9, 2.0]]]
2020-08-10 10:18:54,134 INFO Best reward so far: 11.040031671524048
2020-08-10 10:32:59,897 INFO Iter 89
2020-08-10 10:32:59,937 INFO Policy now: [[3.0, [2.0, 8.0, 3.0]], [8.0, [0.0, 9, 7.0]], [9.0, [1.0, 9, 5.0]]]
2020-08-10 10:32:59,937 INFO Reward now: 8.168644269307455
2020-08-10 10:32:59,937 INFO Best policy so far: [[3.0, [2.0, 8.0, 3.0]], [8.0, [0.0, 9, 7.0]], [9.0, [1.0, 9, 5.0]]]
2020-08-10 10:32:59,937 INFO Best reward so far: 8.168644269307455
2020-08-10 10:59:43,930 INFO Iter 90
2020-08-10 10:59:43,946 INFO Policy now: [[8.0, [4.0, 9, 9]], [9, [0, 7.0, 9]], [9, [5.0, 7.0, 9]]]
2020-08-10 10:59:43,947 INFO Reward now: 10.745030879974365
2020-08-10 10:59:43,947 INFO Best policy so far: [[4.0, [2.0, 8.0, 7.0]], [9, [-0.0, 8, 9]], [9, [2.0, 8, 9]]]
2020-08-10 10:59:43,947 INFO Best reward so far: 14.036427974700928
2020-08-10 11:06:13,375 INFO Iter 91
2020-08-10 11:06:13,660 INFO Policy now: [[6.0, [0.0, 8.0, 8.0]], [9, [5.0, 7.0, 8.0]], [9.0, [0, 5.0, 9.0]]]
2020-08-10 11:06:13,723 INFO Reward now: 5.704897205034892
2020-08-10 11:06:13,724 INFO Best policy so far: [[4.0, [2.0, 8.0, 7.0]], [9, [-0.0, 8, 9]], [9, [2.0, 8, 9]]]
2020-08-10 11:06:13,724 INFO Best reward so far: 7.66781763235728
2020-08-10 11:12:48,686 INFO Iter 92
2020-08-10 11:12:48,701 INFO Policy now: [[8.0, [0.0, 6.0, 7.0]], [9, [2.0, 9, 9.0]], [9, [1.0, 6.0, 8.0]]]
2020-08-10 11:12:48,701 INFO Reward now: 6.633846243222554
2020-08-10 11:12:48,701 INFO Best policy so far: [[9.0, [0, 4.0, 6.0]], [9, [0.0, 9, 9]], [9, [2, 5.0, 5.0]]]
2020-08-10 11:12:48,701 INFO Best reward so far: 6.640543381373088
2020-08-10 14:04:27,222 INFO Iter 93
2020-08-10 14:04:27,458 INFO Policy now: [[9.0, [0, 7.0, 6.0]], [9.0, [0, 9, 9]], [9, [0, 9.0, 6.0]]]
2020-08-10 14:04:27,536 INFO Reward now: 3.600780725479126
2020-08-10 14:04:27,536 INFO Best policy so far: [[9, [0, 8.0, 6.0]], [9, [0, 8, 9]], [9, [0, 9, 4.0]]]
2020-08-10 14:04:27,536 INFO Best reward so far: 4.028915047645569
2020-08-10 16:59:34,774 INFO Iter 94
2020-08-10 16:59:35,002 INFO Policy now: [[9, [-0.0, 4.0, 2.0]], [9.0, [0, 9, 9.0]], [9, [0, 9.0, 9]]]
2020-08-10 16:59:35,033 INFO Reward now: 8.71073031425476
2020-08-10 16:59:35,033 INFO Best policy so far: [[9, [2, 6.0, 4.0]], [9, [0, 9, 6]], [9, [0, 9, 9.0]]]
2020-08-10 16:59:35,033 INFO Best reward so far: 10.320281346638998
2020-08-10 19:55:28,512 INFO Iter 95
2020-08-10 19:55:28,737 INFO Policy now: [[9, [3.0, 9, 9.0]], [9, [0, 9, 9.0]], [9.0, [0, 9.0, 9]]]
2020-08-10 19:55:28,843 INFO Reward now: 9.096218268076578
2020-08-10 19:55:28,843 INFO Best policy so far: [[9, [4.0, 8.0, 6.0]], [9, [2, 9, 9]], [9, [0, 7.0, 9]]]
2020-08-10 19:55:28,843 INFO Best reward so far: 10.490257422129313
2020-08-10 20:01:04,011 INFO Iter 96
2020-08-10 20:01:04,496 INFO Policy now: [[9, [6.0, 9, 9]], [9, [0, 7.0, 7.0]], [9, [0, 9.0, 8.0]]]
2020-08-10 20:01:04,549 INFO Reward now: 4.7216764489809675
2020-08-10 20:01:04,549 INFO Best policy so far: [[9, [4.0, 8.0, 6.0]], [9, [2, 9, 9]], [9, [0, 7.0, 9]]]
2020-08-10 20:01:04,550 INFO Best reward so far: 5.1021831432978315
2020-08-10 22:55:38,576 INFO Iter 97
2020-08-10 22:55:38,845 INFO Policy now: [[9, [5.0, 9, 9.0]], [8.0, [0, 9, 2.0]], [8.0, [2.0, 9.0, 9]]]
2020-08-10 22:55:38,863 INFO Reward now: 6.714939435323079
2020-08-10 22:55:38,864 INFO Best policy so far: [[9, [4.0, 8.0, 6.0]], [9, [2, 9, 9]], [9, [0, 7.0, 9]]]
2020-08-10 22:55:38,864 INFO Best reward so far: 8.555108944574991
2020-08-10 23:02:05,744 INFO Iter 98
2020-08-10 23:02:06,060 INFO Policy now: [[7.0, [5.0, 6.0, 9]], [5.0, [0, 6.0, 3.0]], [5.0, [2.0, 9, 8.0]]]
2020-08-10 23:02:06,070 INFO Reward now: 4.208706696828206
2020-08-10 23:02:06,070 INFO Best policy so far: [[9, [4.0, 8.0, 6.0]], [9, [2, 9, 9]], [9, [0, 7.0, 9]]]
2020-08-10 23:02:06,070 INFO Best reward so far: 5.599498510360718
2020-08-10 23:12:45,585 INFO Iter 99
2020-08-10 23:12:45,603 INFO Policy now: [[9, [-0.0, 9.0, 9]], [9.0, [0, 9, 9]], [9, [0, 7.0, 9]]]
2020-08-10 23:12:45,603 INFO Reward now: 8.512288888295492
2020-08-10 23:12:45,603 INFO Best policy so far: [[9, [4.0, 8.0, 6.0]], [9, [2, 9, 9]], [9, [0, 7.0, 9]]]
2020-08-10 23:12:45,604 INFO Best reward so far: 9.163890957832336
