2020-08-01 18:07:41,265 INFO Iter 0
2020-08-01 18:07:41,636 INFO Policy now: [[8.0, [6.0, 0, 0]], [9.0, [0, 0, -0.0]], [4.0, [2.0, 5.0, 0]], [9.0, [0, 0, 0]], [3.0, [0.0, 0, 0]]]
2020-08-01 18:07:41,651 INFO Reward now: 3.6965808073679605
2020-08-01 18:07:41,652 INFO Best policy so far: [[9, [8, 0, 0]], [9, [0, 0, 2]], [9, [4, 9, 0]], [9, [2, 0, 0]], [3, [4, 2, 0]]]
2020-08-01 18:07:41,652 INFO Best reward so far: 4.556285421053569
2020-08-01 18:17:41,930 INFO Iter 1
2020-08-01 18:17:41,932 INFO Policy now: [[9, [8, 3.0, 5.0]], [9, [4.0, 5.0, 5.0]], [9, [6.0, 9, 4.0]], [9, [2.0, 4.0, 2.0]], [7.0, [3.0, 4.0, 4.0]]]
2020-08-01 18:17:41,932 INFO Reward now: 3.5825198888778687
2020-08-01 18:17:41,933 INFO Best policy so far: [[9, [8, 0, 0]], [9, [0, 0, 2]], [9, [4, 9, 0]], [9, [2, 0, 0]], [3, [4, 2, 0]]]
2020-08-01 18:17:41,933 INFO Best reward so far: 4.556285421053569
2020-08-01 19:05:40,563 INFO Iter 2
2020-08-01 19:05:40,671 INFO Policy now: [[9.0, [8, 5.0, 7.0]], [9, [5.0, 5.0, 6.0]], [9, [6.0, 9.0, 7.0]], [9, [3.0, 3.0, 5.0]], [9.0, [2.0, 5.0, 5.0]]]
2020-08-01 19:05:40,689 INFO Reward now: 6.733025471369426
2020-08-01 19:05:40,689 INFO Best policy so far: [[9.0, [8, 5.0, 7.0]], [9, [5.0, 5.0, 6.0]], [9, [6.0, 9.0, 7.0]], [9, [3.0, 3.0, 5.0]], [9.0, [2.0, 5.0, 5.0]]]
2020-08-01 19:05:40,689 INFO Best reward so far: 6.733025471369426
2020-08-02 01:54:09,837 INFO Iter 3
2020-08-02 01:54:10,025 INFO Policy now: [[9, [8, 9, 9]], [9, [8, 9, 9]], [9, [8, 9, 9]], [9, [8, 9, 9]], [9, [8, 9, 9]]]
2020-08-02 01:54:10,037 INFO Reward now: 5.451621691385905
2020-08-02 01:54:10,064 INFO Best policy so far: [[9, [8, 9, 9]], [9, [6.0, 6.0, 9]], [9, [6.0, 9.0, 8.0]], [9, [4.0, 6.0, 7.0]], [9, [2.0, 8.0, 7.0]]]
2020-08-02 01:54:10,064 INFO Best reward so far: 8.416496197382608
2020-08-02 02:04:27,789 INFO Iter 4
2020-08-02 02:04:28,091 INFO Policy now: [[1.0, [4.0, 3.0, 3.0]], [0.0, [4.0, 3.0, 2.0]], [1.0, [1.0, 3.0, 1.0]], [1.0, [3.0, 2.0, 1.0]], [8.0, [2.0, 5.0, 3.0]]]
2020-08-02 02:04:28,128 INFO Reward now: 4.837751865386963
2020-08-02 02:04:28,128 INFO Best policy so far: [[9, [8, 9, 9]], [9, [6.0, 6.0, 9]], [9, [6.0, 9.0, 8.0]], [9, [4.0, 6.0, 7.0]], [9, [2.0, 8.0, 7.0]]]
2020-08-02 02:04:28,128 INFO Best reward so far: 8.416496197382608
2020-08-02 02:12:19,983 INFO Iter 5
2020-08-02 02:12:19,987 INFO Policy now: [[4.0, [8.0, 8.0, 9]], [3.0, [8.0, 9, 9.0]], [7.0, [6.0, 9, 8.0]], [8.0, [8, 7.0, 9.0]], [9, [5.0, 9, 9]]]
2020-08-02 02:12:19,987 INFO Reward now: 3.9252445101737976
2020-08-02 02:12:19,987 INFO Best policy so far: [[9, [8, 9, 9]], [9, [6.0, 6.0, 9]], [9, [6.0, 9.0, 8.0]], [9, [4.0, 6.0, 7.0]], [9, [2.0, 8.0, 7.0]]]
2020-08-02 02:12:19,987 INFO Best reward so far: 8.416496197382608
2020-08-02 08:58:50,929 INFO Iter 6
2020-08-02 08:58:51,136 INFO Policy now: [[0, [0, 0, 0]], [0, [2.0, 0, 0]], [0, [0, 0, 0]], [0, [0, 0, 0]], [0, [0, 0, 0]]]
2020-08-02 08:58:51,186 INFO Reward now: 0.7968074927727381
2020-08-02 08:58:51,186 INFO Best policy so far: [[3.0, [5.0, 4.0, 8]], [2.0, [7.0, 8, 6.0]], [6.0, [4.0, 6, 4.0]], [5.0, [6, 6.0, 6.0]], [4, [2.0, 6, 4]]]
2020-08-02 08:58:51,186 INFO Best reward so far: 9.323092420895895
2020-08-02 09:49:46,337 INFO Iter 7
2020-08-02 09:49:46,637 INFO Policy now: [[9, [8, 9, 9]], [9, [8, 9, 9]], [9, [8, 9, 9]], [9, [8, 9, 9]], [9, [8, 9, 9]]]
2020-08-02 09:49:46,689 INFO Reward now: 5.263066291809082
2020-08-02 09:49:46,703 INFO Best policy so far: [[3.0, [5.0, 4.0, 8]], [2.0, [7.0, 8, 6.0]], [6.0, [4.0, 6, 4.0]], [5.0, [6, 6.0, 6.0]], [4, [2.0, 6, 4]]]
2020-08-02 09:49:46,703 INFO Best reward so far: 9.323092420895895
2020-08-02 16:52:49,704 INFO Iter 8
2020-08-02 16:52:49,794 INFO Policy now: [[5.0, [5.0, 3.0, 6.0]], [3.0, [-0.0, 3.0, 5.0]], [2.0, [4.0, 0, 4.0]], [4.0, [7.0, 3.0, 4.0]], [2.0, [5.0, 3.0, 6.0]]]
2020-08-02 16:52:49,805 INFO Reward now: 9.125566879908243
2020-08-02 16:52:49,805 INFO Best policy so far: [[8, [8, 6, 9]], [6, [4, 7, 8]], [6, [7, 4, 6]], [8, [8, 6, 9]], [8, [8, 8, 8]]]
2020-08-02 16:52:49,805 INFO Best reward so far: 10.566622575124105
2020-08-02 17:10:24,432 INFO Iter 9
2020-08-02 17:10:24,529 INFO Policy now: [[9, [8, 9, 9]], [9, [8, 9, 9]], [9, [8, 9, 9]], [9, [8, 9, 9]], [9, [8, 9, 9]]]
2020-08-02 17:10:24,550 INFO Reward now: 3.899903873602549
2020-08-02 17:10:24,551 INFO Best policy so far: [[8, [8, 6, 9]], [6, [4, 7, 8]], [6, [7, 4, 6]], [8, [8, 6, 9]], [8, [8, 8, 8]]]
2020-08-02 17:10:24,551 INFO Best reward so far: 10.566622575124105
2020-08-02 18:01:10,029 INFO Iter 10
2020-08-02 18:01:10,250 INFO Policy now: [[0, [0, 0, 0]], [4.0, [4.0, 0, 1.0]], [1.0, [2.0, 3.0, 3.0]], [0.0, [0, 0, 2.0]], [0, [3.0, 3.0, 5.0]]]
2020-08-02 18:01:10,266 INFO Reward now: 5.912455499172211
2020-08-02 18:01:10,266 INFO Best policy so far: [[8, [8, 6, 9]], [6, [4, 7, 8]], [6, [7, 4, 6]], [8, [8, 6, 9]], [8, [8, 8, 8]]]
2020-08-02 18:01:10,266 INFO Best reward so far: 10.566622575124105
2020-08-03 00:35:49,032 INFO Iter 11
2020-08-03 00:35:49,104 INFO Policy now: [[6.0, [6.0, 3.0, 8.0]], [9, [8, 6.0, 5.0]], [6.0, [8, 9, 9]], [8.0, [8.0, 2.0, 9]], [2.0, [8, 9, 9]]]
2020-08-03 00:35:49,112 INFO Reward now: 3.777318835258484
2020-08-03 00:35:49,112 INFO Best policy so far: [[8, [8, 6, 9]], [6, [4, 7, 8]], [6, [7, 4, 6]], [8, [8, 6, 9]], [8, [8, 8, 8]]]
2020-08-03 00:35:49,112 INFO Best reward so far: 10.566622575124105
2020-08-03 07:36:46,823 INFO Iter 12
2020-08-03 07:36:47,019 INFO Policy now: [[9, [4.0, 9, 9]], [9, [8, 9, 9]], [7.0, [8, 9, 9.0]], [9, [8, 8.0, 9.0]], [8.0, [8, 9, 9]]]
2020-08-03 07:36:47,030 INFO Reward now: 7.867837230364482
2020-08-03 07:36:47,031 INFO Best policy so far: [[8, [8, 6, 9]], [6, [4, 7, 8]], [6, [7, 4, 6]], [8, [8, 6, 9]], [8, [8, 8, 8]]]
2020-08-03 07:36:47,031 INFO Best reward so far: 10.566622575124105
2020-08-03 14:22:22,951 INFO Iter 13
2020-08-03 14:22:23,213 INFO Policy now: [[6.0, [0, 3.0, 8.0]], [8.0, [0, 3.0, 4.0]], [3.0, [6.0, 8.0, 3.0]], [2.0, [8, 0, 2.0]], [0, [3.0, 2.0, 0.0]]]
2020-08-03 14:22:23,222 INFO Reward now: 8.0147176583608
2020-08-03 14:22:23,222 INFO Best policy so far: [[8, [8, 6, 9]], [6, [4, 7, 8]], [6, [7, 4, 6]], [8, [8, 6, 9]], [8, [8, 8, 8]]]
2020-08-03 14:22:23,222 INFO Best reward so far: 10.566622575124105
2020-08-03 21:22:42,372 INFO Iter 14
2020-08-03 21:22:42,540 INFO Policy now: [[9, [8, 9, 9]], [9, [6.0, 9, 9]], [9, [8, 9, 9]], [9, [8, 9, 9]], [9, [8, 9, 9]]]
2020-08-03 21:22:42,553 INFO Reward now: 8.073312401771545
2020-08-03 21:22:42,553 INFO Best policy so far: [[8, [8, 6, 9]], [6, [4, 7, 8]], [6, [7, 4, 6]], [8, [8, 6, 9]], [8, [8, 8, 8]]]
2020-08-03 21:22:42,553 INFO Best reward so far: 10.566622575124105
2020-08-04 03:59:42,179 INFO Iter 15
2020-08-04 03:59:42,328 INFO Policy now: [[3.0, [1.0, 3.0, 3.0]], [3.0, [0, 1.0, -0.0]], [1.0, [3.0, 3.0, 2.0]], [5.0, [0.0, 3.0, 4.0]], [-0.0, [0.0, 2.0, 3.0]]]
2020-08-04 03:59:42,350 INFO Reward now: 5.612029631932576
2020-08-04 03:59:42,350 INFO Best policy so far: [[8, [8, 6, 9]], [6, [4, 7, 8]], [6, [7, 4, 6]], [8, [8, 6, 9]], [8, [8, 8, 8]]]
2020-08-04 03:59:42,350 INFO Best reward so far: 10.566622575124105
2020-08-04 04:07:39,551 INFO Iter 16
2020-08-04 04:07:39,759 INFO Policy now: [[9, [8, 9, 9]], [9, [8, 9, 9.0]], [9, [8, 9, 9]], [9, [7.0, 9, 9]], [8.0, [2.0, 9, 9]]]
2020-08-04 04:07:39,926 INFO Reward now: 4.466321567694346
2020-08-04 04:07:39,926 INFO Best policy so far: [[8, [8, 6, 9]], [6, [4, 7, 8]], [6, [7, 4, 6]], [8, [8, 6, 9]], [8, [8, 8, 8]]]
2020-08-04 04:07:39,926 INFO Best reward so far: 10.566622575124105
2020-08-04 11:03:55,003 INFO Iter 17
2020-08-04 11:03:55,118 INFO Policy now: [[9.0, [1.0, 4.0, 2.0]], [6.0, [2.0, 3.0, 3.0]], [6.0, [1.0, 1.0, 3.0]], [4.0, [1.0, 4.0, 5.0]], [1.0, [0, 6.0, 3.0]]]
2020-08-04 11:03:55,139 INFO Reward now: 7.898125131924947
2020-08-04 11:03:55,139 INFO Best policy so far: [[8, [8, 6, 9]], [6, [4, 7, 8]], [6, [7, 4, 6]], [8, [8, 6, 9]], [8, [8, 8, 8]]]
2020-08-04 11:03:55,139 INFO Best reward so far: 10.566622575124105
2020-08-04 11:26:01,575 INFO Iter 18
2020-08-04 11:26:01,596 INFO Policy now: [[9, [8, 9, 9]], [9, [8, 9, 9]], [9, [8, 8.0, 9]], [9, [8, 9, 9]], [9, [8, 9, 9]]]
2020-08-04 11:26:01,596 INFO Reward now: 3.640179177125295
2020-08-04 11:26:01,597 INFO Best policy so far: [[8, [8, 6, 9]], [6, [4, 7, 8]], [6, [7, 4, 6]], [8, [8, 6, 9]], [8, [8, 8, 8]]]
2020-08-04 11:26:01,597 INFO Best reward so far: 10.566622575124105
2020-08-04 11:49:43,244 INFO Iter 19
2020-08-04 11:49:43,273 INFO Policy now: [[6.0, [5.0, 2.0, 5.0]], [8.0, [4.0, 5.0, 6.0]], [2.0, [6.0, 2.0, 4.0]], [3.0, [7.0, 7.0, 6.0]], [5.0, [7.0, 7.0, 7.0]]]
2020-08-04 11:49:43,273 INFO Reward now: 3.766365925470988
2020-08-04 11:49:43,274 INFO Best policy so far: [[8, [8, 6, 9]], [6, [4, 7, 8]], [6, [7, 4, 6]], [8, [8, 6, 9]], [8, [8, 8, 8]]]
2020-08-04 11:49:43,274 INFO Best reward so far: 10.566622575124105
2020-08-04 12:13:56,778 INFO Iter 20
2020-08-04 12:13:56,949 INFO Policy now: [[5.0, [3.0, 0, 3.0]], [6.0, [0.0, 2.0, 3.0]], [0, [5.0, 1.0, 1.0]], [2.0, [6.0, 6.0, 5.0]], [5.0, [6.0, 4.0, 6.0]]]
2020-08-04 12:13:57,023 INFO Reward now: 3.1581185261408486
2020-08-04 12:13:57,023 INFO Best policy so far: [[8, [8, 6, 9]], [6, [4, 7, 8]], [6, [7, 4, 6]], [8, [8, 6, 9]], [8, [8, 8, 8]]]
2020-08-04 12:13:57,023 INFO Best reward so far: 10.566622575124105
2020-08-04 12:53:51,012 INFO Iter 21
2020-08-04 12:53:51,022 INFO Policy now: [[9, [8, 8.0, 9]], [9, [4.0, 9, 9.0]], [4.0, [8, 9.0, 9.0]], [9, [8, 9, 9]], [9, [8, 9, 9]]]
2020-08-04 12:53:51,022 INFO Reward now: 5.6182600657145185
2020-08-04 12:53:51,022 INFO Best policy so far: [[8, [8, 6, 9]], [6, [4, 7, 8]], [6, [7, 4, 6]], [8, [8, 6, 9]], [8, [8, 8, 8]]]
2020-08-04 12:53:51,022 INFO Best reward so far: 10.566622575124105
2020-08-04 13:21:13,892 INFO Iter 22
2020-08-04 13:21:14,166 INFO Policy now: [[6.0, [2.0, 2.0, 3.0]], [3.0, [0, 4.0, 4.0]], [0, [2.0, -0.0, 7.0]], [2.0, [7.0, 6.0, 7.0]], [1.0, [0, 4.0, 6.0]]]
2020-08-04 13:21:14,177 INFO Reward now: 4.387715895970662
2020-08-04 13:21:14,177 INFO Best policy so far: [[8, [8, 6, 9]], [6, [4, 7, 8]], [6, [7, 4, 6]], [8, [8, 6, 9]], [8, [8, 8, 8]]]
2020-08-04 13:21:14,177 INFO Best reward so far: 10.566622575124105
2020-08-04 13:38:31,002 INFO Iter 23
2020-08-04 13:38:31,006 INFO Policy now: [[9, [8, 9, 9]], [9, [7.0, 9, 9]], [9.0, [8, 9, 9]], [9, [8, 9, 9]], [9, [8, 9, 9]]]
2020-08-04 13:38:31,006 INFO Reward now: 6.039209445317586
2020-08-04 13:38:31,006 INFO Best policy so far: [[8, [8, 6, 9]], [6, [4, 7, 8]], [6, [7, 4, 6]], [8, [8, 6, 9]], [8, [8, 8, 8]]]
2020-08-04 13:38:31,006 INFO Best reward so far: 10.566622575124105
