2020-08-01 21:19:10,717 INFO Iter 0
2020-08-01 21:19:10,906 INFO Policy now: [[9, [6.0, 0, 4.0]], [9, [8, 9, 9]], [9, [3.0, 0, 0]], [9, [8.0, 1.0, 0]], [9, [8, 9, 9]], [9, [2.0, 5.0, 0]], [9, [0, 0, 9]]]
2020-08-01 21:19:10,991 INFO Reward now: 7.098242958386739
2020-08-01 21:19:10,991 INFO Best policy so far: [[6, [4, 0, 3]], [9, [8, 8, 8]], [9, [2, 0, 0]], [8, [7, 0, 0]], [9, [8, 7, 6]], [4, [1, 2, 0]], [9, [0, 0, 9]]]
2020-08-01 21:19:10,991 INFO Best reward so far: 8.026530226071676
2020-08-02 09:27:18,107 INFO Iter 1
2020-08-02 09:27:18,349 INFO Policy now: [[9, [8, 7.0, 9]], [9, [8, 9, 9]], [9, [8, 9, 8.0]], [9, [8, 9, 9]], [9, [8, 9, 9]], [9, [8, 9, 7.0]], [9, [5.0, 5.0, 9]]]
2020-08-02 09:27:18,396 INFO Reward now: 8.86065705617269
2020-08-02 09:27:18,396 INFO Best policy so far: [[9, [7.0, 2, 8.0]], [9, [8, 9, 9]], [9, [4.0, 2, 2]], [9, [8, 4.0, 2]], [9, [8, 9, 9]], [9, [3.0, 8.0, 4]], [9, [0, 2, 9]]]
2020-08-02 09:27:18,397 INFO Best reward so far: 10.178061962127686
2020-08-02 10:08:05,960 INFO Iter 2
2020-08-02 10:08:06,223 INFO Policy now: [[6.0, [6.0, 0, 4.0]], [6.0, [5.0, 5.0, 2.0]], [4.0, [4.0, 7.0, 0]], [4.0, [1.0, -0.0, 7.0]], [2.0, [2.0, 1.0, 2.0]], [2.0, [4.0, 4.0, 0]], [6.0, [0, 0, 0]]]
2020-08-02 10:08:06,247 INFO Reward now: 4.737719813982646
2020-08-02 10:08:06,247 INFO Best policy so far: [[9, [7.0, 2, 8.0]], [9, [8, 9, 9]], [9, [4.0, 2, 2]], [9, [8, 4.0, 2]], [9, [8, 9, 9]], [9, [3.0, 8.0, 4]], [9, [0, 2, 9]]]
2020-08-02 10:08:06,247 INFO Best reward so far: 10.178061962127686
2020-08-02 20:25:12,770 INFO Iter 3
2020-08-02 20:25:12,834 INFO Policy now: [[9, [8, 6.0, 9]], [9.0, [8, 9, 9]], [9, [8, 9, 6.0]], [9, [5.0, 8.0, 9]], [6.0, [7.0, 9, 9]], [7.0, [8, 9, 4.0]], [9, [3.0, 5.0, 7.0]]]
2020-08-02 20:25:12,869 INFO Reward now: 7.968506773312886
2020-08-02 20:25:12,869 INFO Best policy so far: [[9, [7.0, 2, 8.0]], [9, [8, 9, 9]], [9, [4.0, 2, 2]], [9, [8, 4.0, 2]], [9, [8, 9, 9]], [9, [3.0, 8.0, 4]], [9, [0, 2, 9]]]
2020-08-02 20:25:12,869 INFO Best reward so far: 10.178061962127686
2020-08-03 08:05:21,265 INFO Iter 4
2020-08-03 08:05:21,506 INFO Policy now: [[5.0, [3.0, 0, 3.0]], [5.0, [7.0, 5.0, 5.0]], [8.0, [6.0, 3.0, 0]], [3.0, [0, 4.0, 7.0]], [0, [0, 6.0, 5.0]], [-0.0, [2.0, 6.0, 0]], [5.0, [0, 0, 3.0]]]
2020-08-03 08:05:21,522 INFO Reward now: 4.606061816215515
2020-08-03 08:05:21,522 INFO Best policy so far: [[9, [7.0, 2, 8.0]], [9, [8, 9, 9]], [9, [4.0, 2, 2]], [9, [8, 4.0, 2]], [9, [8, 9, 9]], [9, [3.0, 8.0, 4]], [9, [0, 2, 9]]]
2020-08-03 08:05:21,522 INFO Best reward so far: 10.178061962127686
2020-08-03 09:22:05,542 INFO Iter 5
2020-08-03 09:22:05,599 INFO Policy now: [[9, [8, 8.0, 9]], [9, [8, 9, 9]], [9, [8, 9, 9]], [9, [7.0, 9, 9]], [9.0, [8, 9, 9]], [9, [8, 9, 8.0]], [9, [8, 9, 9]]]
2020-08-03 09:22:05,641 INFO Reward now: 6.356490929921468
2020-08-03 09:22:05,641 INFO Best policy so far: [[9, [7.0, 2, 8.0]], [9, [8, 9, 9]], [9, [4.0, 2, 2]], [9, [8, 4.0, 2]], [9, [8, 9, 9]], [9, [3.0, 8.0, 4]], [9, [0, 2, 9]]]
2020-08-03 09:22:05,641 INFO Best reward so far: 10.178061962127686
2020-08-03 09:38:35,045 INFO Iter 6
2020-08-03 09:38:35,055 INFO Policy now: [[0, [2.0, 0, 1.0]], [1.0, [3.0, 5.0, 0]], [1.0, [0, 2.0, 1.0]], [0, [0, 0, 0]], [0, [0, 0, 0]], [0, [0, -0.0, 0]], [0, [0, -0.0, 0]]]
2020-08-03 09:38:35,055 INFO Reward now: 4.444664220015208
2020-08-03 09:38:35,055 INFO Best policy so far: [[9, [7.0, 2, 8.0]], [9, [8, 9, 9]], [9, [4.0, 2, 2]], [9, [8, 4.0, 2]], [9, [8, 9, 9]], [9, [3.0, 8.0, 4]], [9, [0, 2, 9]]]
2020-08-03 09:38:35,055 INFO Best reward so far: 10.178061962127686
2020-08-03 09:55:06,191 INFO Iter 7
2020-08-03 09:55:06,195 INFO Policy now: [[9, [8, 9, 9]], [9, [8, 9, 9]], [9, [8, 9, 9]], [9, [8, 9, 9]], [9, [8, 9, 9]], [9, [8, 9, 9]], [9, [8, 9, 9]]]
2020-08-03 09:55:06,196 INFO Reward now: 4.049201607704163
2020-08-03 09:55:06,221 INFO Best policy so far: [[9, [7.0, 2, 8.0]], [9, [8, 9, 9]], [9, [4.0, 2, 2]], [9, [8, 4.0, 2]], [9, [8, 9, 9]], [9, [3.0, 8.0, 4]], [9, [0, 2, 9]]]
2020-08-03 09:55:06,221 INFO Best reward so far: 10.178061962127686
2020-08-03 21:22:44,810 INFO Iter 8
2020-08-03 21:22:45,002 INFO Policy now: [[4.0, [6.0, 5.0, 8.0]], [6.0, [4.0, 5.0, 5.0]], [4.0, [4.0, 8.0, 6.0]], [5.0, [5.0, 5.0, 6.0]], [5.0, [6.0, 4.0, 4.0]], [6.0, [5.0, 5.0, 4.0]], [6.0, [5.0, 5.0, 5.0]]]
2020-08-03 21:22:45,016 INFO Reward now: 2.3921740353107452
2020-08-03 21:22:45,016 INFO Best policy so far: [[9, [7.0, 2, 8.0]], [9, [8, 9, 9]], [9, [4.0, 2, 2]], [9, [8, 4.0, 2]], [9, [8, 9, 9]], [9, [3.0, 8.0, 4]], [9, [0, 2, 9]]]
2020-08-03 21:22:45,016 INFO Best reward so far: 10.178061962127686
2020-08-04 07:49:08,677 INFO Iter 9
2020-08-04 07:49:08,836 INFO Policy now: [[6.0, [7.0, 7.0, 9]], [7.0, [4.0, 9.0, 6.0]], [6.0, [5.0, 9, 8.0]], [5.0, [7.0, 6.0, 8.0]], [6.0, [6.0, 5.0, 6.0]], [9.0, [6.0, 9.0, 9.0]], [7.0, [6.0, 5.0, 8.0]]]
2020-08-04 07:49:08,855 INFO Reward now: 3.8068109154701233
2020-08-04 07:49:08,855 INFO Best policy so far: [[9, [7.0, 2, 8.0]], [9, [8, 9, 9]], [9, [4.0, 2, 2]], [9, [8, 4.0, 2]], [9, [8, 9, 9]], [9, [3.0, 8.0, 4]], [9, [0, 2, 9]]]
2020-08-04 07:49:08,855 INFO Best reward so far: 10.178061962127686
