2020-08-12 17:37:49,913 INFO Iter 0
2020-08-12 17:37:51,637 INFO Policy now: [[3.0, [5.0, 2.0, 6.0], [0, 4.0, 1.0]], [5.0, [1.0, 2.0, 9], [3.0, 5.0, 8.0]], [9, [5.0, 9, 9], [0, 9, 2.0]]]
2020-08-12 17:37:51,692 INFO Reward now: 7.402664065361023
2020-08-12 17:37:51,698 INFO Best policy so far: [[4, [6, 4, 6], [0, 6, 0]], [4, [0, 2, 9], [5, 4, 8]], [8, [4, 9, 9], [0, 8, 1]]]
2020-08-12 17:37:51,699 INFO Best reward so far: 8.810199896494547
2020-08-12 17:43:00,898 INFO Iter 1
2020-08-12 17:43:00,919 INFO Policy now: [[7.0, [7.0, 4.0, 9], [0.0, 7.0, 0]], [8.0, [4.0, 3.0, 9.0], [1.0, 1.0, 5.0]], [9.0, [0, 8.0, 6.0], [6, 9.0, 0]]]
2020-08-12 17:43:00,919 INFO Reward now: 2.7637143234411874
2020-08-12 17:43:00,919 INFO Best policy so far: [[8.0, [8, 4.0, 8.0], [3, 8.0, 0]], [6.0, [4.0, 6.0, 8], [3.0, 2.0, 4.0]], [9, [2.0, 9, 4], [0, 9, -0.0]]]
2020-08-12 17:43:00,919 INFO Best reward so far: 3.154875874519348
2020-08-12 21:11:57,455 INFO Iter 2
2020-08-12 21:11:57,818 INFO Policy now: [[6.0, [3.0, 0.0, 6.0], [5.0, 6.0, 2.0]], [9, [0, 8.0, 5.0], [2, 2.0, 7.0]], [9.0, [1.0, 9, 4.0], [2.0, 6.0, 4.0]]]
2020-08-12 21:11:57,901 INFO Reward now: 10.718764384587606
2020-08-12 21:11:57,902 INFO Best policy so far: [[6.0, [3.0, 0.0, 6.0], [5.0, 6.0, 2.0]], [9, [0, 8.0, 5.0], [2, 2.0, 7.0]], [9.0, [1.0, 9, 4.0], [2.0, 6.0, 4.0]]]
2020-08-12 21:11:57,902 INFO Best reward so far: 10.718764384587606
2020-08-13 00:42:40,676 INFO Iter 3
2020-08-13 00:42:41,252 INFO Policy now: [[9, [1.0, 0, 6.0], [3, 3.0, 6.0]], [9, [1.0, 5.0, 9], [0, 1.0, 6.0]], [9, [1.0, 8.0, 1.0], [0, 1.0, 0]]]
2020-08-13 00:42:41,386 INFO Reward now: 8.45100732644399
2020-08-13 00:42:41,387 INFO Best policy so far: [[8.0, [7.0, 4.0, 9], [1.0, 9, 1.0]], [9, [0, 4.0, 6.0], [4, 5.0, 6.0]], [9.0, [3.0, 6, 2.0], [2.0, 7.0, 4.0]]]
2020-08-13 00:42:41,387 INFO Best reward so far: 11.074199517567953
2020-08-13 04:05:35,474 INFO Iter 4
2020-08-13 04:05:36,609 INFO Policy now: [[9.0, [2.0, 0, 9], [0, 5.0, -0.0]], [9, [4.0, 9, 9], [0, 2.0, 7.0]], [9, [4.0, 9, 1.0], [0, 5.0, 0]]]
2020-08-13 04:05:36,645 INFO Reward now: 6.0184327363967896
2020-08-13 04:05:36,645 INFO Best policy so far: [[9, [1.0, 0, 6.0], [2, 7.0, 3.0]], [9, [4.0, 9, 9], [0, 5.0, 3.0]], [9, [2.0, 8.0, 0.0], [3, 3.0, 0]]]
2020-08-13 04:05:36,645 INFO Best reward so far: 7.877859592437744
2020-08-13 04:17:39,048 INFO Iter 5
2020-08-13 04:17:39,061 INFO Policy now: [[6.0, [8.0, 1.0, 6.0], [0, 8.0, 0]], [4.0, [-0.0, 9, 9.0], [8, 5.0, 8.0]], [7.0, [-0.0, 9.0, 1.0], [5.0, 8.0, 0]]]
2020-08-13 04:17:39,062 INFO Reward now: 4.991595685482025
2020-08-13 04:17:39,062 INFO Best policy so far: [[7.0, [6.0, 4, 7], [0, 5.0, 0]], [5, [2.0, 5, 7], [0, 2.0, 7.0]], [8, [2.0, 6, 0], [4, 7.0, 0]]]
2020-08-13 04:17:39,062 INFO Best reward so far: 5.917460123697917
2020-08-13 04:29:00,726 INFO Iter 6
2020-08-13 04:29:00,830 INFO Policy now: [[9.0, [8, 0, 9], [0, 8.0, 2.0]], [6.0, [2.0, 9, 8.0], [7.0, 3.0, 9.0]], [9, [0, 9.0, -0.0], [3.0, 8.0, 1.0]]]
2020-08-13 04:29:00,831 INFO Reward now: 9.036391536394754
2020-08-13 04:29:00,831 INFO Best policy so far: [[8.0, [8, 0, 9], [0, 7.0, 4]], [4.0, [2.0, 9, 9.0], [5, 5.0, 9]], [8.0, [0, 8.0, -0.0], [2.0, 9, 4]]]
2020-08-13 04:29:00,831 INFO Best reward so far: 9.274013042449951
2020-08-13 07:55:15,757 INFO Iter 7
2020-08-13 07:55:15,978 INFO Policy now: [[9, [8, 0.0, 9], [-0.0, 9, 5.0]], [8.0, [0, 9, 9], [7.0, 7.0, 9]], [9, [-0.0, 8.0, 1.0], [7, 7.0, 4.0]]]
2020-08-13 07:55:16,029 INFO Reward now: 6.763466477394104
2020-08-13 07:55:16,029 INFO Best policy so far: [[8.0, [8, 0, 9], [0, 7.0, 4]], [4.0, [2.0, 9, 9.0], [5, 5.0, 9]], [8.0, [0, 8.0, -0.0], [2.0, 9, 4]]]
2020-08-13 07:55:16,029 INFO Best reward so far: 8.595894813537598
2020-08-13 08:08:16,905 INFO Iter 8
2020-08-13 08:08:17,084 INFO Policy now: [[8.0, [8.0, 0, 9.0], [0, 9, 8.0]], [7.0, [0.0, 8.0, 9.0], [5.0, 6.0, 7.0]], [9.0, [1.0, 6.0, 3.0], [7.0, 5.0, 3.0]]]
2020-08-13 08:08:17,168 INFO Reward now: 7.049930930137634
2020-08-13 08:08:17,168 INFO Best policy so far: [[8.0, [8.0, 0, 9.0], [0, 9, 8.0]], [7.0, [0.0, 8.0, 9.0], [5.0, 6.0, 7.0]], [9.0, [1.0, 6.0, 3.0], [7.0, 5.0, 3.0]]]
2020-08-13 08:08:17,168 INFO Best reward so far: 7.049930930137634
2020-08-13 08:12:42,769 INFO Iter 9
2020-08-13 08:12:42,782 INFO Policy now: [[6.0, [8, 1.0, 9.0], [1.0, 8.0, 7.0]], [5.0, [-0.0, 8.0, 9], [4.0, 7.0, 7.0]], [8.0, [1.0, 7.0, 3.0], [7.0, 7.0, 4.0]]]
2020-08-13 08:12:42,783 INFO Reward now: 3.365177353223165
2020-08-13 08:12:42,783 INFO Best policy so far: [[5.0, [8, 4, 5.0], [0, 8, 7.0]], [4.0, [0, 8.0, 9], [6.0, 3.0, 7.0]], [6.0, [2.0, 6.0, 4.0], [4.0, 7.0, 7.0]]]
2020-08-13 08:12:42,783 INFO Best reward so far: 4.163172721862793
2020-08-13 08:23:03,525 INFO Iter 10
2020-08-13 08:23:03,550 INFO Policy now: [[6.0, [8.0, 3.0, 8.0], [1.0, 7.0, 8.0]], [4.0, [0.0, 9.0, 8.0], [6.0, 7.0, 7.0]], [7.0, [2.0, 8.0, 3.0], [6.0, 6.0, 7.0]]]
2020-08-13 08:23:03,551 INFO Reward now: 4.091816186904907
2020-08-13 08:23:03,551 INFO Best policy so far: [[4.0, [8, 5.0, 8.0], [2.0, 6.0, 8.0]], [1.0, [2.0, 9, 6], [6.0, 3.0, 8.0]], [4.0, [4.0, 9, 2.0], [6.0, 4.0, 8.0]]]
2020-08-13 08:23:03,552 INFO Best reward so far: 4.247199495633443
2020-08-13 11:54:53,010 INFO Iter 11
2020-08-13 11:54:53,655 INFO Policy now: [[9, [7.0, 2.0, 9], [0, 3.0, 9]], [6.0, [2.0, 9, 6.0], [6, 1.0, 9]], [9, [0, 9, 3.0], [2.0, 6.0, 2.0]]]
2020-08-13 11:54:53,712 INFO Reward now: 11.54930297533671
2020-08-13 11:54:53,712 INFO Best policy so far: [[9, [7.0, 2.0, 9], [0, 3.0, 9]], [6.0, [2.0, 9, 6.0], [6, 1.0, 9]], [9, [0, 9, 3.0], [2.0, 6.0, 2.0]]]
2020-08-13 11:54:53,712 INFO Best reward so far: 11.54930297533671
2020-08-13 12:01:02,251 INFO Iter 12
2020-08-13 12:01:02,368 INFO Policy now: [[9, [8.0, 2.0, 8.0], [0.0, 6.0, 9]], [7.0, [1.0, 9, 7.0], [6.0, 3.0, 9]], [8.0, [0.0, 9.0, 3.0], [2.0, 6.0, 0.0]]]
2020-08-13 12:01:02,440 INFO Reward now: 5.394657214482625
2020-08-13 12:01:02,440 INFO Best policy so far: [[9, [8.0, 2.0, 8.0], [0.0, 6.0, 9]], [7.0, [1.0, 9, 7.0], [6.0, 3.0, 9]], [8.0, [0.0, 9.0, 3.0], [2.0, 6.0, 0.0]]]
2020-08-13 12:01:02,441 INFO Best reward so far: 5.394657214482625
2020-08-13 12:06:54,423 INFO Iter 13
2020-08-13 12:06:54,425 INFO Policy now: [[9, [8, 2.0, 9.0], [0, 9.0, 5.0]], [9, [1.0, 8.0, 8.0], [8, 1.0, 9]], [9, [0.0, 9, 9], [1, 8.0, 1.0]]]
2020-08-13 12:06:54,425 INFO Reward now: 6.07101575533549
2020-08-13 12:06:54,425 INFO Best policy so far: [[9, [8, 2.0, 9.0], [0, 9.0, 5.0]], [9, [1.0, 8.0, 8.0], [8, 1.0, 9]], [9, [0.0, 9, 9], [1, 8.0, 1.0]]]
2020-08-13 12:06:54,425 INFO Best reward so far: 6.07101575533549
2020-08-13 12:31:57,985 INFO Iter 14
2020-08-13 12:31:58,060 INFO Policy now: [[9, [5.0, 6.0, 4.0], [0, 9, 9]], [9, [0, 9, 7.0], [8, 1.0, 7.0]], [9, [0, 6.0, 9], [2.0, 9.0, 0]]]
2020-08-13 12:31:58,061 INFO Reward now: 12.941731293996176
2020-08-13 12:31:58,061 INFO Best policy so far: [[9, [6, 6.0, 6.0], [2, 9, 7.0]], [9, [0, 9, 7.0], [8, 0, 4]], [9, [2.0, 5, 9], [4, 9, 0]]]
2020-08-13 12:31:58,061 INFO Best reward so far: 14.018002986907959
2020-08-13 15:46:55,512 INFO Iter 15
2020-08-13 15:46:56,214 INFO Policy now: [[9, [3.0, 6.0, 6.0], [0, 9.0, 9]], [9, [0, 9.0, 2.0], [5.0, 1.0, 9.0]], [9, [0.0, 7.0, 9], [3, 9.0, 0]]]
2020-08-13 15:46:56,374 INFO Reward now: 5.815926671028137
2020-08-13 15:46:56,375 INFO Best policy so far: [[9, [2.0, 6.0, 8.0], [0, 8, 9]], [9, [1, 9, 4.0], [5, 5.0, 9]], [9, [0, 5.0, 9], [1, 9, 0]]]
2020-08-13 15:46:56,375 INFO Best reward so far: 7.065700054168701
2020-08-13 19:01:05,652 INFO Iter 16
2020-08-13 19:01:05,873 INFO Policy now: [[9.0, [7.0, 9, 8.0], [0, 9, 9]], [9, [1.0, 9, 0.0], [7.0, 2.0, 9.0]], [9.0, [0.0, 9.0, 8.0], [1, 8.0, 1.0]]]
2020-08-13 19:01:05,895 INFO Reward now: 3.0268718202908835
2020-08-13 19:01:05,895 INFO Best policy so far: [[9, [6.0, 9, 9.0], [2, 9, 9]], [9, [2, 9, 0.0], [6.0, 2.0, 9]], [9, [0, 9, 6], [1, 7.0, 2]]]
2020-08-13 19:01:05,895 INFO Best reward so far: 4.024435480435689
2020-08-13 22:22:01,734 INFO Iter 17
2020-08-13 22:22:01,868 INFO Policy now: [[9, [2.0, 9, 4.0], [1.0, 9, 8.0]], [9, [0, 5.0, 4.0], [8, 7.0, 5.0]], [9, [0.0, 9, 9], [3, 5.0, 1.0]]]
2020-08-13 22:22:01,945 INFO Reward now: 6.949747323989868
2020-08-13 22:22:01,945 INFO Best policy so far: [[9, [4.0, 9, 4.0], [2, 9, 9]], [9, [0, 6, 4.0], [8, 4.0, 6.0]], [9, [0, 9, 9], [3, 6.0, 0.0]]]
2020-08-13 22:22:01,945 INFO Best reward so far: 7.349581400553386
2020-08-13 22:29:18,219 INFO Iter 18
2020-08-13 22:29:18,221 INFO Policy now: [[9, [6.0, 9, 3.0], [0, 7.0, 9]], [8.0, [1.0, 1.0, 9], [7.0, 4.0, 9]], [9, [0, 9.0, 6.0], [8, 9.0, 5.0]]]
2020-08-13 22:29:18,221 INFO Reward now: 6.95495084921519
2020-08-13 22:29:18,221 INFO Best policy so far: [[9, [4.0, 9, 4.0], [2, 9, 9]], [9, [0, 6, 4.0], [8, 4.0, 6.0]], [9, [0, 9, 9], [3, 6.0, 0.0]]]
2020-08-13 22:29:18,221 INFO Best reward so far: 8.110585729281107
2020-08-13 22:41:42,447 INFO Iter 19
2020-08-13 22:41:42,449 INFO Policy now: [[9, [5.0, 7.0, 5.0], [0.0, 9, 9]], [9, [0.0, 5.0, 9], [8, 0, 7.0]], [9, [3.0, 7.0, 6.0], [5.0, 9.0, 8.0]]]
2020-08-13 22:41:42,449 INFO Reward now: 5.858562072118123
2020-08-13 22:41:42,449 INFO Best policy so far: [[9, [6.0, 7, 4.0], [0, 9, 9]], [9, [1.0, 5.0, 9], [8, 1.0, 6]], [9, [2, 7.0, 6.0], [4, 8.0, 7.0]]]
2020-08-13 22:41:42,449 INFO Best reward so far: 7.6694973309834795
2020-08-13 23:01:19,436 INFO Iter 20
2020-08-13 23:01:19,578 INFO Policy now: [[9.0, [0.0, 4.0, 5.0], [6, 9, 9.0]], [9, [1.0, 9, 9], [8, 4.0, 9]], [9.0, [0, 9, 9.0], [8, 9.0, 9]]]
2020-08-13 23:01:19,602 INFO Reward now: 10.113554875055948
2020-08-13 23:01:19,602 INFO Best policy so far: [[6, [2.0, 8.0, 3.0], [1.0, 9, 4]], [8, [4.0, 8.0, 9], [8, 4, 7.0]], [7, [2.0, 9.0, 6.0], [1.0, 9, 6.0]]]
2020-08-13 23:01:19,602 INFO Best reward so far: 12.051922162373861
2020-08-13 23:06:16,782 INFO Iter 21
2020-08-13 23:06:16,784 INFO Policy now: [[7.0, [3.0, 7.0, 9], [5.0, 7.0, 8.0]], [9.0, [-0.0, 9.0, 9.0], [8.0, 1.0, 8.0]], [9.0, [0, 8.0, 7.0], [8.0, 9, 9.0]]]
2020-08-13 23:06:16,785 INFO Reward now: 4.298700193564097
2020-08-13 23:06:16,785 INFO Best policy so far: [[6, [2.0, 8.0, 3.0], [1.0, 9, 4]], [8, [4.0, 8.0, 9], [8, 4, 7.0]], [7, [2.0, 9.0, 6.0], [1.0, 9, 6.0]]]
2020-08-13 23:06:16,785 INFO Best reward so far: 5.6519871552785235
2020-08-13 23:12:18,933 INFO Iter 22
2020-08-13 23:12:18,937 INFO Policy now: [[8.0, [-0.0, 6.0, 8.0], [6.0, 7.0, 7.0]], [9, [-0.0, 9.0, 9], [7.0, 0.0, 9]], [9, [-0.0, 9, 9.0], [7.0, 9, 9.0]]]
2020-08-13 23:12:18,938 INFO Reward now: 4.859367807706197
2020-08-13 23:12:18,938 INFO Best policy so far: [[6, [2.0, 8.0, 3.0], [1.0, 9, 4]], [8, [4.0, 8.0, 9], [8, 4, 7.0]], [7, [2.0, 9.0, 6.0], [1.0, 9, 6.0]]]
2020-08-13 23:12:18,938 INFO Best reward so far: 7.726577321688334
2020-08-14 02:38:35,907 INFO Iter 23
2020-08-14 02:38:36,287 INFO Policy now: [[6.0, [0, 9.0, 9], [3.0, 9, 9.0]], [9, [0, 9.0, 9.0], [7.0, 1.0, 8.0]], [9.0, [2.0, 7.0, 8.0], [5.0, 9, 9]]]
2020-08-14 02:38:36,307 INFO Reward now: 7.723600188891093
2020-08-14 02:38:36,308 INFO Best policy so far: [[4.0, [1.0, 4.0, 9], [2.0, 9, 9]], [8, [0, 9, 9], [3.0, 4.0, 5]], [8, [4.0, 6, 6.0], [3.0, 9, 9.0]]]
2020-08-14 02:38:36,308 INFO Best reward so far: 8.078069686889648
2020-08-14 06:10:12,427 INFO Iter 24
2020-08-14 06:10:12,645 INFO Policy now: [[3.0, [2.0, 8.0, 9.0], [6.0, 7.0, 9]], [7.0, [0, 9.0, 9.0], [7.0, 2.0, 6.0]], [6.0, [4.0, 9, 6.0], [-0.0, 9, 6.0]]]
2020-08-14 06:10:12,660 INFO Reward now: 14.1658407052358
2020-08-14 06:10:12,660 INFO Best policy so far: [[5.0, [4, 5.0, 9], [6.0, 8, 9]], [6, [0, 9, 8.0], [8.0, 2.0, 8.0]], [6.0, [6.0, 8.0, 8.0], [2.0, 9, 5]]]
2020-08-14 06:10:12,660 INFO Best reward so far: 14.656675338745117
2020-08-14 09:37:11,875 INFO Iter 25
2020-08-14 09:37:12,191 INFO Policy now: [[9, [0, 8.0, 9], [6.0, 9, 7.0]], [9, [0, 9, 9], [7.0, 4.0, 9]], [9, [6.0, 9.0, 8.0], [3.0, 9, 9]]]
2020-08-14 09:37:12,225 INFO Reward now: 7.751972158749898
2020-08-14 09:37:12,225 INFO Best policy so far: [[6.0, [0, 8.0, 9], [8.0, 9.0, 8]], [9, [0, 9, 9], [6.0, 4.0, 8.0]], [9.0, [4.0, 9, 8.0], [2, 9, 9]]]
2020-08-14 09:37:12,225 INFO Best reward so far: 8.799383560816446
2020-08-14 13:08:05,692 INFO Iter 26
2020-08-14 13:08:05,933 INFO Policy now: [[7.0, [0, 9, 9], [3.0, 9, 5.0]], [8.0, [0, 9, 7.0], [7.0, 8.0, 9.0]], [7.0, [4.0, 8.0, 6.0], [3.0, 9.0, 7.0]]]
2020-08-14 13:08:05,943 INFO Reward now: 10.726687749226889
2020-08-14 13:08:05,944 INFO Best policy so far: [[6.0, [0, 8.0, 9], [8.0, 9.0, 8]], [9, [0, 9, 9], [6.0, 4.0, 8.0]], [9.0, [4.0, 9, 8.0], [2, 9, 9]]]
2020-08-14 13:08:05,944 INFO Best reward so far: 14.101697444915771
2020-08-14 16:39:42,346 INFO Iter 27
2020-08-14 16:39:42,631 INFO Policy now: [[8.0, [0, 9, 8.0], [8, 9, 9]], [7.0, [0, 9, 9], [4.0, 9, 9]], [8.0, [7.0, 6.0, 8.0], [6.0, 7.0, 4.0]]]
2020-08-14 16:39:42,660 INFO Reward now: 9.160699804623922
2020-08-14 16:39:42,660 INFO Best policy so far: [[6.0, [0, 8.0, 9], [8.0, 9.0, 8]], [9, [0, 9, 9], [6.0, 4.0, 8.0]], [9.0, [4.0, 9, 8.0], [2, 9, 9]]]
2020-08-14 16:39:42,660 INFO Best reward so far: 11.295618335405985
2020-08-14 20:06:37,240 INFO Iter 28
2020-08-14 20:06:38,063 INFO Policy now: [[9, [0.0, 9, 7.0], [5.0, 8.0, 7.0]], [9, [-0.0, 8.0, 7.0], [1, 7.0, 9]], [9, [5.0, 3.0, 8.0], [4.0, 9, 0.0]]]
2020-08-14 20:06:38,092 INFO Reward now: 11.855210224787394
2020-08-14 20:06:38,093 INFO Best policy so far: [[6.0, [0, 8.0, 9], [8.0, 9.0, 8]], [9, [0, 9, 9], [6.0, 4.0, 8.0]], [9.0, [4.0, 9, 8.0], [2, 9, 9]]]
2020-08-14 20:06:38,093 INFO Best reward so far: 12.620692094167074
2020-08-14 20:12:47,880 INFO Iter 29
2020-08-14 20:12:47,883 INFO Policy now: [[9.0, [0, 9.0, 8.0], [8.0, 7.0, 6.0]], [9.0, [1.0, 9.0, 8.0], [0.0, 6.0, 9.0]], [8.0, [5.0, 2.0, 9.0], [4.0, 8.0, 0]]]
2020-08-14 20:12:47,883 INFO Reward now: 5.172578275203705
2020-08-14 20:12:47,883 INFO Best policy so far: [[6, [-0.0, 9, 9], [8.0, 5.0, 8.0]], [4, [0, 9, 9.0], [4, 6.0, 4]], [8, [1.0, 8.0, 9], [2.0, 6, 0]]]
2020-08-14 20:12:47,884 INFO Best reward so far: 5.6141064167022705
2020-08-14 23:35:35,938 INFO Iter 30
2020-08-14 23:35:36,183 INFO Policy now: [[9, [0, 9, 9], [7.0, 7.0, 9.0]], [8.0, [2.0, 8.0, 9.0], [1.0, 9.0, 8.0]], [9.0, [0, 2.0, 9], [6.0, 8.0, 3.0]]]
2020-08-14 23:35:36,196 INFO Reward now: 8.231071273485819
2020-08-14 23:35:36,196 INFO Best policy so far: [[9, [2, 8.0, 9], [6.0, 4.0, 9]], [9, [0, 8.0, 7.0], [8, 9.0, 8.0]], [9, [2.0, 0, 9], [0.0, 8.0, 4]]]
2020-08-14 23:35:36,196 INFO Best reward so far: 10.169676144917807
2020-08-15 03:01:05,899 INFO Iter 31
2020-08-15 03:01:06,074 INFO Policy now: [[6.0, [0, 9, 6.0], [5.0, 4.0, 7.0]], [5.0, [0, 9, 8.0], [2, 9, 5.0]], [5.0, [0, 7.0, 9.0], [8, 9, 7.0]]]
2020-08-15 03:01:06,086 INFO Reward now: 7.76198689142863
2020-08-15 03:01:06,086 INFO Best policy so far: [[6, [0, 9, 4], [8.0, 8.0, 9]], [7.0, [0.0, 9, 9], [4, 8.0, 9.0]], [4.0, [1, 6.0, 9], [8, 8.0, 8.0]]]
2020-08-15 03:01:06,086 INFO Best reward so far: 8.526697079340616
2020-08-15 06:27:53,987 INFO Iter 32
2020-08-15 06:27:54,325 INFO Policy now: [[9, [-0.0, 9, 3.0], [4.0, 6.0, 9]], [9, [1.0, 9, 9], [0, 7.0, 0]], [9, [2.0, 5.0, 9], [8, 9.0, 2.0]]]
2020-08-15 06:27:54,428 INFO Reward now: 9.073806921641031
2020-08-15 06:27:54,428 INFO Best policy so far: [[9, [-0.0, 9, 3.0], [4.0, 6.0, 9]], [9, [1.0, 9, 9], [0, 7.0, 0]], [9, [2.0, 5.0, 9], [8, 9.0, 2.0]]]
2020-08-15 06:27:54,428 INFO Best reward so far: 9.073806921641031
2020-08-15 09:52:49,006 INFO Iter 33
2020-08-15 09:52:49,226 INFO Policy now: [[6.0, [1.0, 5.0, 5.0], [4.0, 6.0, 6.0]], [4.0, [7.0, 9.0, 9], [0, 8.0, 2.0]], [4.0, [0, 9, 8.0], [8, 7.0, 1.0]]]
2020-08-15 09:52:49,299 INFO Reward now: 8.85673443476359
2020-08-15 09:52:49,300 INFO Best policy so far: [[9, [-0.0, 9, 3.0], [4.0, 6.0, 9]], [9, [1.0, 9, 9], [0, 7.0, 0]], [9, [2.0, 5.0, 9], [8, 9.0, 2.0]]]
2020-08-15 09:52:49,300 INFO Best reward so far: 9.819878975550333
2020-08-15 13:25:15,028 INFO Iter 34
2020-08-15 13:25:15,574 INFO Policy now: [[8.0, [-0.0, 3.0, 8.0], [3, 3.0, 3.0]], [3.0, [5.0, 9, 7.0], [-0.0, 8.0, 4.0]], [7.0, [0, 9, 6.0], [8, 9, 0]]]
2020-08-15 13:25:15,596 INFO Reward now: 7.129583994547526
2020-08-15 13:25:15,596 INFO Best policy so far: [[9, [-0.0, 9, 3.0], [4.0, 6.0, 9]], [9, [1.0, 9, 9], [0, 7.0, 0]], [9, [2.0, 5.0, 9], [8, 9.0, 2.0]]]
2020-08-15 13:25:15,596 INFO Best reward so far: 8.391374985376993
2020-08-15 16:44:06,743 INFO Iter 35
2020-08-15 16:44:06,894 INFO Policy now: [[7.0, [-0.0, 3.0, 9], [1.0, 2.0, 2.0]], [-0.0, [4.0, 8.0, 7.0], [-0.0, 8.0, 8.0]], [4.0, [2.0, 9, 3.0], [8, 7.0, 0]]]
2020-08-15 16:44:06,910 INFO Reward now: 7.590650240580241
2020-08-15 16:44:06,910 INFO Best policy so far: [[9, [-0.0, 9, 3.0], [4.0, 6.0, 9]], [9, [1.0, 9, 9], [0, 7.0, 0]], [9, [2.0, 5.0, 9], [8, 9.0, 2.0]]]
2020-08-15 16:44:06,910 INFO Best reward so far: 9.016519784927368
2020-08-15 20:18:49,623 INFO Iter 36
2020-08-15 20:18:49,878 INFO Policy now: [[9, [-0.0, 9, 9.0], [6, 0, 0]], [9, [0, 7.0, 5.0], [5.0, 0, 0]], [9, [8, 2.0, 9], [5.0, 1.0, 2.0]]]
2020-08-15 20:18:49,931 INFO Reward now: 9.941156069437662
2020-08-15 20:18:49,932 INFO Best policy so far: [[9, [-0.0, 9, 3.0], [4.0, 6.0, 9]], [9, [1.0, 9, 9], [0, 7.0, 0]], [9, [2.0, 5.0, 9], [8, 9.0, 2.0]]]
2020-08-15 20:18:49,932 INFO Best reward so far: 11.427004416783651
2020-08-15 20:43:57,500 INFO Iter 37
2020-08-15 20:43:57,752 INFO Policy now: [[9, [0.0, 9, 9], [8, 0, 0]], [9, [0.0, 9, 3.0], [5.0, 0, 0.0]], [8.0, [8.0, 5.0, 7.0], [7.0, -0.0, 3.0]]]
2020-08-15 20:43:57,753 INFO Reward now: 11.43076205253601
2020-08-15 20:43:57,753 INFO Best policy so far: [[9, [-0.0, 9, 3.0], [4.0, 6.0, 9]], [9, [1.0, 9, 9], [0, 7.0, 0]], [9, [2.0, 5.0, 9], [8, 9.0, 2.0]]]
2020-08-15 20:43:57,753 INFO Best reward so far: 13.217458248138428
2020-08-15 20:52:54,020 INFO Iter 38
2020-08-15 20:52:54,039 INFO Policy now: [[9.0, [0, 9, 6.0], [5.0, -0.0, 2.0]], [9.0, [0, 9, -0.0], [4.0, 0, -0.0]], [9.0, [6.0, 3.0, 9], [8.0, 0, 2.0]]]
2020-08-15 20:52:54,040 INFO Reward now: 8.216132044792175
2020-08-15 20:52:54,040 INFO Best policy so far: [[9, [2.0, 9, 4], [4, 0, 2]], [9, [0, 9, 2.0], [8, 0, 0]], [9, [4.0, 4.0, 8.0], [7, 1.0, 2.0]]]
2020-08-15 20:52:54,041 INFO Best reward so far: 9.286184310913086
2020-08-16 00:20:20,018 INFO Iter 39
2020-08-16 00:20:20,150 INFO Policy now: [[9, [0, 7.0, 3.0], [5.0, 1.0, 6.0]], [9, [1.0, 9.0, 0], [2.0, 0, 2.0]], [9.0, [6.0, 6.0, 7.0], [8.0, 1.0, 3.0]]]
2020-08-16 00:20:20,167 INFO Reward now: 5.612748821576436
2020-08-16 00:20:20,167 INFO Best policy so far: [[5.0, [0, 7, 3.0], [4.0, 4.0, 2.0]], [8.0, [2, 6, 2.0], [0.0, 4, 4.0]], [4.0, [6.0, 1.0, 6], [8, 4, 5.0]]]
2020-08-16 00:20:20,168 INFO Best reward so far: 6.454487323760986
2020-08-16 00:36:13,180 INFO Iter 40
2020-08-16 00:36:13,185 INFO Policy now: [[9.0, [-0.0, 7.0, 7.0], [2.0, 1.0, 8.0]], [9.0, [0, 9, 1.0], [1.0, 0.0, 5.0]], [9.0, [5.0, 5.0, 9], [8, 2.0, 3.0]]]
2020-08-16 00:36:13,185 INFO Reward now: 7.213167111078898
2020-08-16 00:36:13,185 INFO Best policy so far: [[5.0, [0, 7, 3.0], [4.0, 4.0, 2.0]], [8.0, [2, 6, 2.0], [0.0, 4, 4.0]], [4.0, [6.0, 1.0, 6], [8, 4, 5.0]]]
2020-08-16 00:36:13,185 INFO Best reward so far: 7.60969340801239
2020-08-16 00:40:56,142 INFO Iter 41
2020-08-16 00:40:56,155 INFO Policy now: [[9.0, [0, 6.0, 8.0], [1.0, 0.0, 7.0]], [9.0, [1.0, 9, 4.0], [-0.0, 1.0, 5.0]], [9, [3.0, 6.0, 9.0], [7.0, 0.0, 2.0]]]
2020-08-16 00:40:56,155 INFO Reward now: 3.110869954029719
2020-08-16 00:40:56,156 INFO Best policy so far: [[9, [0, 5.0, 9], [3, -0.0, 4.0]], [9, [2, 9, 5.0], [0.0, 4.0, 4.0]], [9, [4.0, 7.0, 8], [6, 0.0, 0.0]]]
2020-08-16 00:40:56,156 INFO Best reward so far: 3.5550424257914224
2020-08-16 01:04:12,634 INFO Iter 42
2020-08-16 01:04:12,735 INFO Policy now: [[7.0, [1.0, 4.0, 9], [0, 0, 8.0]], [9.0, [0, 9, 5.0], [2.0, 1.0, 3.0]], [9, [0, 8.0, 8.0], [7.0, 3.0, 3.0]]]
2020-08-16 01:04:12,740 INFO Reward now: 10.332743247350058
2020-08-16 01:04:12,740 INFO Best policy so far: [[9, [4, 7.0, 9], [0, 0, 9.0]], [9, [0, 8, 8.0], [1.0, 0, 0.0]], [9, [2.0, 8.0, 6.0], [8, 1.0, 0]]]
2020-08-16 01:04:12,740 INFO Best reward so far: 10.788020928700766
2020-08-16 04:45:46,514 INFO Iter 43
2020-08-16 04:45:46,763 INFO Policy now: [[9.0, [0, 9.0, 8.0], [1.0, 0, 9]], [8.0, [0.0, 9, 8.0], [4, 0, 2.0]], [9.0, [0, 8.0, 9], [6.0, 0, 0]]]
2020-08-16 04:45:46,775 INFO Reward now: 6.237527012825012
2020-08-16 04:45:46,776 INFO Best policy so far: [[2.0, [0.0, 8.0, 9], [4, 0, 9.0]], [7.0, [2, 9, 8.0], [0, 2.0, 0.0]], [6, [0, 4.0, 9], [4.0, 0, 0]]]
2020-08-16 04:45:46,776 INFO Best reward so far: 7.119010845820109
2020-08-16 04:58:04,840 INFO Iter 44
2020-08-16 04:58:04,865 INFO Policy now: [[9, [0, 9.0, 8.0], [1, 0.0, 8.0]], [7.0, [1.0, 9, 9.0], [5.0, 0.0, 3.0]], [9.0, [0, 6.0, 8.0], [5.0, 0.0, 1.0]]]
2020-08-16 04:58:04,865 INFO Reward now: 5.211926996707916
2020-08-16 04:58:04,865 INFO Best policy so far: [[2.0, [0.0, 8.0, 9], [4, 0, 9.0]], [7.0, [2, 9, 8.0], [0, 2.0, 0.0]], [6, [0, 4.0, 9], [4.0, 0, 0]]]
2020-08-16 04:58:04,865 INFO Best reward so far: 6.03732172648112
2020-08-16 08:16:37,948 INFO Iter 45
2020-08-16 08:16:38,123 INFO Policy now: [[9, [0, 9, 9.0], [4.0, 1.0, 7.0]], [7.0, [0, 9, 9.0], [4.0, 0.0, 4.0]], [8.0, [0, 5.0, 9.0], [4.0, 0, 1.0]]]
2020-08-16 08:16:38,166 INFO Reward now: 6.877240022023519
2020-08-16 08:16:38,167 INFO Best policy so far: [[2.0, [0.0, 8.0, 9], [4, 0, 9.0]], [7.0, [2, 9, 8.0], [0, 2.0, 0.0]], [6, [0, 4.0, 9], [4.0, 0, 0]]]
2020-08-16 08:16:38,167 INFO Best reward so far: 7.151280204455058
2020-08-16 08:43:43,978 INFO Iter 46
2020-08-16 08:43:44,158 INFO Policy now: [[7.0, [1.0, 9, 9], [0, 0.0, 9]], [1.0, [0, 9, 9], [5.0, 4.0, 7.0]], [6.0, [-0.0, 9, 9], [8, 0, 0]]]
2020-08-16 08:43:44,164 INFO Reward now: 13.211101134618124
2020-08-16 08:43:44,165 INFO Best policy so far: [[7, [0, 9, 9], [5, 0, 7.0]], [3.0, [0, 8, 9], [2.0, 4.0, 8.0]], [6.0, [1, 8.0, 9], [8.0, 0, 0]]]
2020-08-16 08:43:44,165 INFO Best reward so far: 13.367370128631592
2020-08-16 08:57:20,627 INFO Iter 47
2020-08-16 08:57:20,722 INFO Policy now: [[9, [0, 6.0, 8.0], [2.0, -0.0, 9]], [8.0, [0, 9, 9], [8, 1.0, 8.0]], [9, [4.0, 9, 7.0], [8, 0, 2.0]]]
2020-08-16 08:57:20,723 INFO Reward now: 5.5671621561050415
2020-08-16 08:57:20,723 INFO Best policy so far: [[8.0, [0, 7, 4], [4, 0, 9]], [6.0, [0, 9, 8], [4.0, 4.0, 5.0]], [9, [2.0, 8, 7], [8, 0, 4]]]
2020-08-16 08:57:20,723 INFO Best reward so far: 7.351174195607503
2020-08-16 12:22:14,239 INFO Iter 48
2020-08-16 12:22:14,500 INFO Policy now: [[9, [0.0, 9, 9.0], [6, 2.0, 5.0]], [9, [1.0, 9, 9], [7.0, 3.0, 7.0]], [9, [0, 5.0, 9], [8, 0, 7.0]]]
2020-08-16 12:22:14,550 INFO Reward now: 7.192905147870381
2020-08-16 12:22:14,550 INFO Best policy so far: [[8.0, [0, 7, 4], [4, 0, 9]], [6.0, [0, 9, 8], [4.0, 4.0, 5.0]], [9, [2.0, 8, 7], [8, 0, 4]]]
2020-08-16 12:22:14,553 INFO Best reward so far: 7.534281571706136
2020-08-16 12:27:53,851 INFO Iter 49
2020-08-16 12:27:53,870 INFO Policy now: [[9.0, [1.0, 9, 9], [6.0, 2.0, 3.0]], [9, [0.0, 9.0, 9.0], [6.0, 5.0, 7.0]], [9.0, [0.0, 4.0, 9.0], [8.0, 1.0, 6.0]]]
2020-08-16 12:27:53,870 INFO Reward now: 4.7364000876744585
2020-08-16 12:27:53,870 INFO Best policy so far: [[9, [2.0, 9, 9], [8, 2.0, 2.0]], [9, [0, 9, 9], [4.0, 5.0, 2.0]], [9, [1, 0.0, 9], [8, 4, 6.0]]]
2020-08-16 12:27:53,870 INFO Best reward so far: 4.976462523142497
2020-08-16 15:49:09,974 INFO Iter 50
2020-08-16 15:49:10,209 INFO Policy now: [[9.0, [1.0, 8.0, 9.0], [7.0, 2.0, 2.0]], [9.0, [-0.0, 9.0, 9.0], [5.0, 5.0, 7.0]], [9.0, [-0.0, 4.0, 9.0], [8.0, 1.0, 5.0]]]
2020-08-16 15:49:10,225 INFO Reward now: 6.008969823519389
2020-08-16 15:49:10,225 INFO Best policy so far: [[9, [0.0, 7, 6], [4.0, 3.0, 5.0]], [9, [0, 9, 9], [8, 4.0, 9.0]], [9, [0, 0.0, 8.0], [8, 4.0, 9]]]
2020-08-16 15:49:10,225 INFO Best reward so far: 6.663223028182983
2020-08-16 19:03:56,594 INFO Iter 51
2020-08-16 19:03:57,091 INFO Policy now: [[8.0, [0, 9, 8.0], [6.0, -0.0, 1.0]], [8.0, [0, 8.0, 9.0], [5.0, 3.0, 9]], [7.0, [0, 7.0, 9], [8, 0.0, 0.0]]]
2020-08-16 19:03:57,169 INFO Reward now: 8.691315531730652
2020-08-16 19:03:57,169 INFO Best policy so far: [[8.0, [0.0, 9, 9], [6.0, 0, 4.0]], [5.0, [0, 9, 9], [8, 4.0, 8.0]], [5.0, [0, 7.0, 9], [8, 0, 0.0]]]
2020-08-16 19:03:57,169 INFO Best reward so far: 8.780179818471273
2020-08-16 19:20:20,541 INFO Iter 52
2020-08-16 19:20:20,543 INFO Policy now: [[8.0, [0, 8.0, 8.0], [7.0, 0, 2.0]], [8.0, [0.0, 7.0, 9.0], [6.0, 3.0, 9]], [7.0, [0, 8.0, 9.0], [7.0, 0, 2.0]]]
2020-08-16 19:20:20,543 INFO Reward now: 8.682396094004313
2020-08-16 19:20:20,544 INFO Best policy so far: [[8.0, [0.0, 9, 9], [6.0, 0, 4.0]], [5.0, [0, 9, 9], [8, 4.0, 8.0]], [5.0, [0, 7.0, 9], [8, 0, 0.0]]]
2020-08-16 19:20:20,544 INFO Best reward so far: 9.19197161992391
2020-08-16 19:29:48,763 INFO Iter 53
2020-08-16 19:29:48,769 INFO Policy now: [[5.0, [0.0, 9.0, 5.0], [8.0, 0, 3.0]], [4.0, [0, 9, 9.0], [5.0, 0, 9]], [5.0, [0, 9, 8.0], [8, 0, 4.0]]]
2020-08-16 19:29:48,769 INFO Reward now: 7.185489455858867
2020-08-16 19:29:48,769 INFO Best policy so far: [[5.0, [1, 8.0, 6.0], [8, 0, 4.0]], [4.0, [0, 9, 7.0], [4.0, 0, 9]], [6.0, [0, 9, 5.0], [8, 0, 4.0]]]
2020-08-16 19:29:48,769 INFO Best reward so far: 8.061891714731852
2020-08-16 19:34:50,707 INFO Iter 54
2020-08-16 19:34:50,710 INFO Policy now: [[8.0, [1.0, 8.0, 5.0], [6.0, 0.0, 2.0]], [8.0, [0, 9, 9], [7.0, 0, 9.0]], [7.0, [0, 9.0, 8.0], [8.0, 0, 6.0]]]
2020-08-16 19:34:50,710 INFO Reward now: 5.725906809171041
2020-08-16 19:34:50,710 INFO Best policy so far: [[9.0, [0, 9, 7.0], [8, 2, 0]], [8.0, [2, 8, 9], [4.0, 0, 8]], [6.0, [0, 9, 9], [8, 0, 4.0]]]
2020-08-16 19:34:50,710 INFO Best reward so far: 6.035433212916057
2020-08-16 19:41:57,560 INFO Iter 55
2020-08-16 19:41:57,571 INFO Policy now: [[5.0, [0, 9, 8.0], [2.0, -0.0, 4.0]], [4.0, [1.0, 8.0, 8.0], [7.0, 0, 9]], [3.0, [0, 7.0, 5.0], [7.0, 0, 5.0]]]
2020-08-16 19:41:57,572 INFO Reward now: 8.093862096468607
2020-08-16 19:41:57,572 INFO Best policy so far: [[4.0, [0.0, 9.0, 2.0], [4.0, 0, 0]], [4.0, [1, 8, 8], [8.0, 1, 4.0]], [5.0, [0, 9, 9.0], [5.0, 0, 8.0]]]
2020-08-16 19:41:57,572 INFO Best reward so far: 8.252647161483765
2020-08-16 20:08:46,620 INFO Iter 56
2020-08-16 20:08:46,858 INFO Policy now: [[3.0, [0, 6.0, 9.0], [3.0, 0.0, 9.0]], [1.0, [3.0, 9, 4.0], [8, 0, 9]], [1.0, [-0.0, 5.0, 2.0], [8, 2.0, 0]]]
2020-08-16 20:08:46,897 INFO Reward now: 10.449636697769165
2020-08-16 20:08:46,898 INFO Best policy so far: [[4.0, [0, 6, 9], [4, 2.0, 6.0]], [3.0, [2.0, 9, 4.0], [8.0, 0, 9]], [2.0, [0, 4.0, 4.0], [8, 2, 0.0]]]
2020-08-16 20:08:46,898 INFO Best reward so far: 14.072376410166422
2020-08-16 20:17:37,008 INFO Iter 57
2020-08-16 20:17:37,016 INFO Policy now: [[9, [0, 3.0, 9], [3, 0, 9]], [9, [8, 9, 0], [7, 0, 9]], [9, [0, 0, 0], [7.0, 9, 0.0]]]
2020-08-16 20:17:37,017 INFO Reward now: 4.784909685452779
2020-08-16 20:17:37,017 INFO Best policy so far: [[4.0, [0, 6, 9], [4, 2.0, 6.0]], [3.0, [2.0, 9, 4.0], [8.0, 0, 9]], [2.0, [0, 4.0, 4.0], [8, 2, 0.0]]]
2020-08-16 20:17:37,017 INFO Best reward so far: 7.514184435208638
2020-08-16 20:44:05,146 INFO Iter 58
2020-08-16 20:44:05,164 INFO Policy now: [[9, [0, 6.0, 9], [8.0, 1.0, 9.0]], [9, [6.0, 9.0, 2.0], [5.0, 5.0, 9]], [9, [0.0, -0.0, -0.0], [4.0, 9.0, 0]]]
2020-08-16 20:44:05,164 INFO Reward now: 9.275479435920715
2020-08-16 20:44:05,164 INFO Best policy so far: [[4.0, [0, 6, 9], [4, 2.0, 6.0]], [3.0, [2.0, 9, 4.0], [8.0, 0, 9]], [2.0, [0, 4.0, 4.0], [8, 2, 0.0]]]
2020-08-16 20:44:05,164 INFO Best reward so far: 10.97620407740275
2020-08-17 00:17:13,969 INFO Iter 59
2020-08-17 00:17:14,233 INFO Policy now: [[9.0, [-0.0, 6.0, 9], [7.0, 0, 8.0]], [8.0, [5.0, 9, 2.0], [1, 5.0, 9.0]], [8.0, [-0.0, 2.0, 0.0], [5.0, 9, 0]]]
2020-08-17 00:17:14,250 INFO Reward now: 3.698230584462484
2020-08-17 00:17:14,250 INFO Best policy so far: [[4.0, [0, 6, 9], [4, 2.0, 6.0]], [3.0, [2.0, 9, 4.0], [8.0, 0, 9]], [2.0, [0, 4.0, 4.0], [8, 2, 0.0]]]
2020-08-17 00:17:14,250 INFO Best reward so far: 4.864291350046794
2020-08-17 00:31:02,310 INFO Iter 60
2020-08-17 00:31:02,320 INFO Policy now: [[9.0, [1.0, 8.0, 9.0], [7.0, 0, 8.0]], [9.0, [7.0, 9, 4.0], [1.0, 6.0, 8.0]], [8.0, [0, 4.0, 2.0], [2.0, 7.0, -0.0]]]
2020-08-17 00:31:02,321 INFO Reward now: 5.925081888834636
2020-08-17 00:31:02,321 INFO Best policy so far: [[5.0, [2.0, 8.0, 6], [8.0, 0, 9.0]], [8.0, [6.0, 9, 6.0], [0, 5.0, 9]], [4.0, [0, 6.0, 4.0], [2.0, 6, 0]]]
2020-08-17 00:31:02,321 INFO Best reward so far: 7.399339358011882
2020-08-17 03:55:24,947 INFO Iter 61
2020-08-17 03:55:25,641 INFO Policy now: [[9, [1.0, 9, 7.0], [5.0, 0, 8.0]], [9.0, [8.0, 9.0, 7.0], [4.0, 9, 6.0]], [9, [0, 4.0, 3.0], [1, 9, 1.0]]]
2020-08-17 03:55:25,663 INFO Reward now: 11.62868603070577
2020-08-17 03:55:25,665 INFO Best policy so far: [[9, [1.0, 9.0, 6.0], [6.0, 0, 9.0]], [9, [8, 9, 8.0], [4.0, 8.0, 5.0]], [9, [0, 6.0, 2.0], [2, 9, 0]]]
2020-08-17 03:55:25,665 INFO Best reward so far: 12.468547185262045
2020-08-17 07:21:57,567 INFO Iter 62
2020-08-17 07:21:57,662 INFO Policy now: [[9, [0, 8.0, 9], [3.0, 1.0, 8.0]], [9, [8, 9.0, 3.0], [3.0, 7.0, 7.0]], [9, [-0.0, 3.0, 1.0], [8, 9, 4.0]]]
2020-08-17 07:21:57,671 INFO Reward now: 9.115292310714722
2020-08-17 07:21:57,672 INFO Best policy so far: [[9, [1.0, 9.0, 6.0], [6.0, 0, 9.0]], [9, [8, 9, 8.0], [4.0, 8.0, 5.0]], [9, [0, 6.0, 2.0], [2, 9, 0]]]
2020-08-17 07:21:57,672 INFO Best reward so far: 12.050639390945435
2020-08-17 10:36:41,406 INFO Iter 63
2020-08-17 10:36:41,699 INFO Policy now: [[9, [1.0, 8.0, 9.0], [2.0, 1.0, 7.0]], [9.0, [8.0, 9.0, 3.0], [2.0, 7.0, 6.0]], [9, [0.0, 4.0, 0.0], [8.0, 9.0, 6.0]]]
2020-08-17 10:36:41,709 INFO Reward now: 6.3316560586293535
2020-08-17 10:36:41,709 INFO Best policy so far: [[9, [1.0, 9.0, 6.0], [6.0, 0, 9.0]], [9, [8, 9, 8.0], [4.0, 8.0, 5.0]], [9, [0, 6.0, 2.0], [2, 9, 0]]]
2020-08-17 10:36:41,710 INFO Best reward so far: 6.875717480977376
2020-08-17 10:55:09,627 INFO Iter 64
2020-08-17 10:55:09,647 INFO Policy now: [[8.0, [0, 8.0, 9], [6.0, 0.0, 5.0]], [9, [8.0, 9.0, 5.0], [-0.0, 9, 6.0]], [9, [0, 3.0, -0.0], [8, 9.0, 5.0]]]
2020-08-17 10:55:09,647 INFO Reward now: 11.099955320358276
2020-08-17 10:55:09,647 INFO Best policy so far: [[9, [2.0, 9, 8.0], [4.0, 0, 9]], [9, [8, 8.0, 6.0], [2.0, 9, 6.0]], [9, [1.0, 6.0, 4.0], [8, 9, 4.0]]]
2020-08-17 10:55:09,647 INFO Best reward so far: 12.282349586486816
2020-08-17 14:22:06,866 INFO Iter 65
2020-08-17 14:22:07,093 INFO Policy now: [[9.0, [0, 8.0, 9.0], [8.0, -0.0, 7.0]], [9, [7.0, 8.0, 3.0], [1.0, 9, 8.0]], [9.0, [1.0, 3.0, -0.0], [8, 9, 7.0]]]
2020-08-17 14:22:07,118 INFO Reward now: 11.13251519203186
2020-08-17 14:22:07,118 INFO Best policy so far: [[9, [2.0, 9, 8.0], [4.0, 0, 9]], [9, [8, 8.0, 6.0], [2.0, 9, 6.0]], [9, [1.0, 6.0, 4.0], [8, 9, 4.0]]]
2020-08-17 14:22:07,118 INFO Best reward so far: 12.95728055636088
2020-08-17 14:31:57,212 INFO Iter 66
2020-08-17 14:31:57,220 INFO Policy now: [[9.0, [-0.0, 8.0, 9], [8.0, -0.0, 7.0]], [9.0, [6.0, 8.0, 3.0], [0.0, 8.0, 8.0]], [9, [2.0, 2.0, 0], [8.0, 9, 6.0]]]
2020-08-17 14:31:57,221 INFO Reward now: 3.8260105649630227
2020-08-17 14:31:57,221 INFO Best policy so far: [[9.0, [0, 9.0, 9], [8, 0, 8.0]], [9, [4.0, 9, -0.0], [2.0, 7, 8.0]], [9, [3.0, 8.0, 0], [8, 8, 5.0]]]
2020-08-17 14:31:57,221 INFO Best reward so far: 4.104444980621338
2020-08-17 14:35:58,791 INFO Iter 67
2020-08-17 14:35:58,889 INFO Policy now: [[9.0, [0, 8.0, 9.0], [7.0, -0.0, 8.0]], [9.0, [5.0, 8.0, 3.0], [0.0, 7.0, 8.0]], [9.0, [1.0, 2.0, -0.0], [8.0, 9.0, 5.0]]]
2020-08-17 14:35:58,899 INFO Reward now: 3.3382011353969574
2020-08-17 14:35:58,899 INFO Best policy so far: [[9, [0, 9, 9], [8.0, 2.0, 9]], [9, [2.0, 9, 6.0], [1.0, 9.0, 9.0]], [9, [4.0, 5.0, 0], [8, 7, 6.0]]]
2020-08-17 14:35:58,899 INFO Best reward so far: 3.9264411528905234
2020-08-17 17:57:11,693 INFO Iter 68
2020-08-17 17:57:11,957 INFO Policy now: [[9, [-0.0, 7.0, 9], [4.0, 5.0, 5.0]], [8.0, [0, 9, 6.0], [6, 6.0, 9]], [9.0, [0, 6.0, 0], [8.0, 9, 7.0]]]
2020-08-17 17:57:11,981 INFO Reward now: 8.82438850402832
2020-08-17 17:57:11,982 INFO Best policy so far: [[9, [0, 9, 9], [8.0, 2.0, 9]], [9, [2.0, 9, 6.0], [1.0, 9.0, 9.0]], [9, [4.0, 5.0, 0], [8, 7, 6.0]]]
2020-08-17 17:57:11,982 INFO Best reward so far: 9.273610750834147
2020-08-17 18:09:18,028 INFO Iter 69
2020-08-17 18:09:18,240 INFO Policy now: [[9.0, [0.0, 8.0, 9], [3.0, 6.0, 9.0]], [9.0, [1.0, 9, 1.0], [7.0, 5.0, 9]], [9.0, [3.0, 8.0, 0], [6.0, 9, 6.0]]]
2020-08-17 18:09:18,290 INFO Reward now: 4.595582604408264
2020-08-17 18:09:18,290 INFO Best policy so far: [[9, [0, 9, 9], [8.0, 2.0, 9]], [9, [2.0, 9, 6.0], [1.0, 9.0, 9.0]], [9, [4.0, 5.0, 0], [8, 7, 6.0]]]
2020-08-17 18:09:18,290 INFO Best reward so far: 6.090035955111186
2020-08-17 18:21:29,811 INFO Iter 70
2020-08-17 18:21:29,829 INFO Policy now: [[9.0, [0, 9.0, 9], [3, 9.0, 9.0]], [9, [3.0, 8.0, 2.0], [4.0, 8.0, 9.0]], [9, [4.0, 7.0, 1.0], [5, 7.0, 3.0]]]
2020-08-17 18:21:29,829 INFO Reward now: 5.692820032437642
2020-08-17 18:21:29,829 INFO Best policy so far: [[9, [1.0, 9, 9], [0, 8.0, 6.0]], [9.0, [2.0, 6, 6.0], [4.0, 7.0, 8]], [9, [6.0, 6.0, 0], [4.0, 4, 2.0]]]
2020-08-17 18:21:29,829 INFO Best reward so far: 6.937477350234985
2020-08-17 18:35:02,332 INFO Iter 71
2020-08-17 18:35:02,345 INFO Policy now: [[9, [0, 9, 9], [5.0, 8.0, 9]], [9.0, [3.0, 9.0, 3.0], [2.0, 9.0, 7.0]], [8.0, [4.0, 9, 1.0], [3.0, 2.0, 7.0]]]
2020-08-17 18:35:02,346 INFO Reward now: 6.162884632746379
2020-08-17 18:35:02,346 INFO Best policy so far: [[9, [0, 9, 9], [5, 9, 9]], [9, [0.0, 8.0, 6.0], [2.0, 6.0, 7.0]], [9, [6.0, 9, 3.0], [7, 2.0, 4.0]]]
2020-08-17 18:35:02,346 INFO Best reward so far: 6.42845877011617
2020-08-17 18:54:30,448 INFO Iter 72
2020-08-17 18:54:30,464 INFO Policy now: [[9, [0.0, 8.0, 9], [5, 9, 4.0]], [9, [2.0, 8.0, 0], [0, 9, 9]], [9.0, [0, 9, 9], [8, 6.0, 9]]]
2020-08-17 18:54:30,465 INFO Reward now: 7.3234522342681885
2020-08-17 18:54:30,465 INFO Best policy so far: [[9, [2, 6, 9], [8, 9, 4]], [9, [3.0, 9, 0], [0, 9, 8.0]], [8.0, [2.0, 9, 6.0], [6.0, 2.0, 9]]]
2020-08-17 18:54:30,465 INFO Best reward so far: 8.474819660186768
2020-08-17 19:12:10,189 INFO Iter 73
2020-08-17 19:12:10,536 INFO Policy now: [[6.0, [0, 5.0, 8.0], [8, 8.0, 0]], [8.0, [2.0, 9.0, 0], [0, 8.0, 8.0]], [9.0, [0.0, 7.0, 9], [8.0, 5.0, 9.0]]]
2020-08-17 19:12:10,635 INFO Reward now: 9.80255130926768
2020-08-17 19:12:10,636 INFO Best policy so far: [[9, [2, 6, 9], [8, 9, 4]], [9, [3.0, 9, 0], [0, 9, 8.0]], [8.0, [2.0, 9, 6.0], [6.0, 2.0, 9]]]
2020-08-17 19:12:10,636 INFO Best reward so far: 11.415882428487143
2020-08-17 19:28:18,305 INFO Iter 74
2020-08-17 19:28:18,328 INFO Policy now: [[7.0, [0.0, 6.0, 6.0], [8, 7.0, -0.0]], [9.0, [3.0, 8.0, 1.0], [-0.0, 7.0, 6.0]], [9, [0.0, 9, 9], [6.0, 2.0, 9.0]]]
2020-08-17 19:28:18,329 INFO Reward now: 7.601422627766927
2020-08-17 19:28:18,329 INFO Best policy so far: [[7.0, [0, 6.0, 5.0], [8, 6.0, 0]], [9.0, [5.0, 6.0, 2], [2, 8.0, 4.0]], [9, [0.0, 9, 9], [4.0, 0.0, 9]]]
2020-08-17 19:28:18,329 INFO Best reward so far: 9.41041119893392
2020-08-17 23:04:23,029 INFO Iter 75
2020-08-17 23:04:23,620 INFO Policy now: [[7.0, [0.0, 6.0, 7.0], [7.0, 7.0, 0]], [8.0, [4.0, 9, 2.0], [0.0, 5.0, 5.0]], [6.0, [0, 9, 9.0], [4.0, 1.0, 8.0]]]
2020-08-17 23:04:23,688 INFO Reward now: 4.284674445788066
2020-08-17 23:04:23,692 INFO Best policy so far: [[6.0, [2.0, 9.0, 8.0], [6, 4.0, 2.0]], [8.0, [5.0, 7.0, 2.0], [4.0, 5.0, 6.0]], [6, [0, 9, 9], [2.0, 4.0, 7.0]]]
2020-08-17 23:04:23,693 INFO Best reward so far: 5.164756774902344
2020-08-17 23:17:46,738 INFO Iter 76
2020-08-17 23:17:46,766 INFO Policy now: [[8.0, [1.0, 9, 2.0], [7.0, 1.0, -0.0]], [9.0, [0, 6.0, 7.0], [1.0, 9, 9]], [8.0, [0, 9, 9], [3.0, 4.0, 5.0]]]
2020-08-17 23:17:46,766 INFO Reward now: 6.059427658716838
2020-08-17 23:17:46,766 INFO Best policy so far: [[7.0, [-0.0, 9.0, 4.0], [8.0, 4.0, 0]], [8.0, [-0.0, 5, 4.0], [2.0, 8.0, 9]], [6.0, [0, 9, 9], [4.0, 2.0, 6.0]]]
2020-08-17 23:17:46,766 INFO Best reward so far: 6.788843711217244
2020-08-18 02:50:15,376 INFO Iter 77
2020-08-18 02:50:15,688 INFO Policy now: [[8.0, [1.0, 9.0, 3.0], [8.0, 2.0, -0.0]], [8.0, [-0.0, 6.0, 5.0], [4, 9.0, 7.0]], [8.0, [0, 9, 9], [4.0, 8.0, -0.0]]]
2020-08-18 02:50:15,701 INFO Reward now: 13.127033472061157
2020-08-18 02:50:15,701 INFO Best policy so far: [[8.0, [1.0, 6, 2.0], [8, 2.0, 2.0]], [9.0, [2, 5.0, 4.0], [4.0, 8, 7]], [9, [0, 9, 9], [5, 6.0, 0.0]]]
2020-08-18 02:50:15,701 INFO Best reward so far: 14.024691263834635
2020-08-18 06:15:56,764 INFO Iter 78
2020-08-18 06:15:56,918 INFO Policy now: [[9, [0, 7.0, 1.0], [8, 0, 0.0]], [9, [1.0, 9, 9], [3.0, 9, 7.0]], [8.0, [0.0, 9, 9], [5, 8.0, 2.0]]]
2020-08-18 06:15:56,942 INFO Reward now: 9.741775194803873
2020-08-18 06:15:56,942 INFO Best policy so far: [[8.0, [1.0, 6, 2.0], [8, 2.0, 2.0]], [9.0, [2, 5.0, 4.0], [4.0, 8, 7]], [9, [0, 9, 9], [5, 6.0, 0.0]]]
2020-08-18 06:15:56,942 INFO Best reward so far: 11.229446331659952
2020-08-18 09:36:41,821 INFO Iter 79
2020-08-18 09:36:42,003 INFO Policy now: [[9, [0, 9.0, 2.0], [7.0, 1.0, 1.0]], [9, [0.0, 9, 9], [5.0, 9.0, 6.0]], [9, [-0.0, 9, 9.0], [3.0, 8.0, 4.0]]]
2020-08-18 09:36:42,016 INFO Reward now: 5.879085540771484
2020-08-18 09:36:42,017 INFO Best policy so far: [[9, [0, 9, 2.0], [6, 2, 4.0]], [9, [0, 9, 9], [7.0, 8, 6.0]], [9, [1.0, 9, 9], [2, 8.0, 6.0]]]
2020-08-18 09:36:42,017 INFO Best reward so far: 5.994841416676839
2020-08-18 13:05:37,431 INFO Iter 80
2020-08-18 13:05:37,721 INFO Policy now: [[7.0, [1.0, 9, 9], [6.0, 0, 6.0]], [5.0, [0, 9, 9], [4.0, 7.0, 9.0]], [9.0, [0, 9, 6.0], [8.0, 9, 4.0]]]
2020-08-18 13:05:37,741 INFO Reward now: 8.359337290128073
2020-08-18 13:05:37,741 INFO Best policy so far: [[6, [2, 9, 6.0], [6.0, 0, 4.0]], [4, [0, 9, 9], [5.0, 7.0, 7.0]], [8, [0, 9, 6.0], [6.0, 9, 3.0]]]
2020-08-18 13:05:37,742 INFO Best reward so far: 9.477340141932169
2020-08-18 13:10:25,744 INFO Iter 81
2020-08-18 13:10:25,747 INFO Policy now: [[9.0, [0, 9.0, 9.0], [7.0, -0.0, 6.0]], [7.0, [-0.0, 9, 6.0], [5.0, 4.0, 9]], [8.0, [0, 6.0, 5.0], [8.0, 8.0, 4.0]]]
2020-08-18 13:10:25,747 INFO Reward now: 2.9737732807795205
2020-08-18 13:10:25,747 INFO Best policy so far: [[6.0, [0, 9, 9], [8.0, 0, 9.0]], [4.0, [0, 9, 6], [2, 4.0, 9]], [4.0, [2, 4, 4.0], [8, 4, 1.0]]]
2020-08-18 13:10:25,747 INFO Best reward so far: 3.629006028175354
2020-08-18 16:42:52,432 INFO Iter 82
2020-08-18 16:42:52,806 INFO Policy now: [[8.0, [0, 9, 9], [7.0, -0.0, 7.0]], [8.0, [1.0, 8.0, 6.0], [3.0, 5.0, 9.0]], [8.0, [1.0, 5.0, 7.0], [7.0, 9.0, 5.0]]]
2020-08-18 16:42:52,842 INFO Reward now: 8.438298265139261
2020-08-18 16:42:52,842 INFO Best policy so far: [[9, [0, 9, 9], [8.0, 0, 8.0]], [9.0, [2.0, 9, 7.0], [5.0, 6.0, 9]], [9.0, [2, 2.0, 8.0], [4.0, 9, 5.0]]]
2020-08-18 16:42:52,842 INFO Best reward so far: 10.285183270772299
2020-08-18 20:13:10,970 INFO Iter 83
2020-08-18 20:13:11,192 INFO Policy now: [[9, [1.0, 9, 9], [4.0, 0, 8.0]], [9, [4.0, 7.0, 5.0], [3, 4.0, 8.0]], [9, [0, 4.0, 9.0], [3.0, 8.0, 1.0]]]
2020-08-18 20:13:11,236 INFO Reward now: 7.059784372647603
2020-08-18 20:13:11,236 INFO Best policy so far: [[9, [0, 9, 9], [8.0, 0, 8.0]], [9.0, [2.0, 9, 7.0], [5.0, 6.0, 9]], [9.0, [2, 2.0, 8.0], [4.0, 9, 5.0]]]
2020-08-18 20:13:11,236 INFO Best reward so far: 8.164153774579367
2020-08-18 23:29:41,213 INFO Iter 84
2020-08-18 23:29:41,454 INFO Policy now: [[9.0, [4.0, 9, 9], [1.0, 0, 9.0]], [9, [2.0, 5.0, 2.0], [6.0, 5.0, 8.0]], [7.0, [0.0, 2.0, 9.0], [7, 9.0, 0]]]
2020-08-18 23:29:41,469 INFO Reward now: 5.2957204182942705
2020-08-18 23:29:41,469 INFO Best policy so far: [[9, [2.0, 9, 8], [6, 0, 8.0]], [9, [4.0, 4.0, 4.0], [6, 8.0, 9]], [9, [0, 2.0, 6.0], [1, 9, 0]]]
2020-08-18 23:29:41,469 INFO Best reward so far: 6.815450986226399
2020-08-19 02:55:08,392 INFO Iter 85
2020-08-19 02:55:08,633 INFO Policy now: [[8.0, [0.0, 9.0, 7.0], [2.0, 0, 8.0]], [9.0, [1.0, 6.0, 0], [5.0, 4.0, 8.0]], [5.0, [-0.0, 1.0, 9.0], [8.0, 9, -0.0]]]
2020-08-19 02:55:08,682 INFO Reward now: 6.629448692003886
2020-08-19 02:55:08,683 INFO Best policy so far: [[9, [2.0, 9, 8], [6, 0, 8.0]], [9, [4.0, 4.0, 4.0], [6, 8.0, 9]], [9, [0, 2.0, 6.0], [1, 9, 0]]]
2020-08-19 02:55:08,683 INFO Best reward so far: 7.756166179974874
2020-08-19 06:28:38,387 INFO Iter 86
2020-08-19 06:28:38,794 INFO Policy now: [[7.0, [0, 9, 6.0], [4.0, 1.0, 9.0]], [8.0, [1.0, 7.0, 1.0], [6.0, 6.0, 9.0]], [3.0, [1.0, 3.0, 7.0], [8.0, 8.0, 0]]]
2020-08-19 06:28:38,858 INFO Reward now: 12.399470726648966
2020-08-19 06:28:38,858 INFO Best policy so far: [[9, [2.0, 9, 8], [6, 0, 8.0]], [9, [4.0, 4.0, 4.0], [6, 8.0, 9]], [9, [0, 2.0, 6.0], [1, 9, 0]]]
2020-08-19 06:28:38,858 INFO Best reward so far: 12.614866733551025
2020-08-19 10:04:05,535 INFO Iter 87
2020-08-19 10:04:05,911 INFO Policy now: [[9.0, [0, 9, 7.0], [1.0, 0, 8.0]], [8.0, [-0.0, 7.0, 2.0], [5.0, 5.0, 9.0]], [5.0, [2.0, 0, 9], [6.0, 8.0, 0]]]
2020-08-19 10:04:05,937 INFO Reward now: 11.00305732091268
2020-08-19 10:04:05,937 INFO Best policy so far: [[6.0, [2, 8, 2.0], [5, 1.0, 5.0]], [4.0, [4.0, 9, 4.0], [3.0, 8.0, 6.0]], [0, [2.0, 0.0, 9], [8, 9, 0]]]
2020-08-19 10:04:05,938 INFO Best reward so far: 12.188980261484781
2020-08-19 13:37:28,674 INFO Iter 88
2020-08-19 13:37:28,766 INFO Policy now: [[9, [-0.0, 9, 8.0], [1, 0, 8.0]], [9, [0, 6.0, 3.0], [5.0, 6.0, 9]], [9.0, [3.0, 1.0, 9.0], [4.0, 8.0, 0.0]]]
2020-08-19 13:37:28,775 INFO Reward now: 12.400684118270874
2020-08-19 13:37:28,775 INFO Best policy so far: [[9, [0, 9, 6.0], [2.0, 0, 6.0]], [8.0, [2.0, 6.0, 3.0], [8, 1.0, 9]], [7.0, [2.0, 0, 9], [4.0, 9, 0]]]
2020-08-19 13:37:28,776 INFO Best reward so far: 13.535955746968588
2020-08-19 13:46:33,876 INFO Iter 89
2020-08-19 13:46:33,884 INFO Policy now: [[9, [0, 9, 7.0], [2.0, -0.0, 9]], [9, [0.0, 3.0, 2.0], [7.0, 4.0, 8.0]], [9.0, [6.0, 0, 9], [0, 5.0, 0]]]
2020-08-19 13:46:33,885 INFO Reward now: 8.320249319076538
2020-08-19 13:46:33,885 INFO Best policy so far: [[9, [0, 9, 6.0], [2.0, 0, 6.0]], [8.0, [2.0, 6.0, 3.0], [8, 1.0, 9]], [7.0, [2.0, 0, 9], [4.0, 9, 0]]]
2020-08-19 13:46:33,885 INFO Best reward so far: 9.866955041885376
2020-08-19 13:57:49,822 INFO Iter 90
2020-08-19 13:57:49,836 INFO Policy now: [[9, [0.0, 9.0, 7.0], [2.0, 0.0, 8.0]], [9.0, [0.0, 4.0, 1.0], [6.0, 3.0, 9.0]], [9, [6.0, 0.0, 8.0], [0.0, 4.0, 1.0]]]
2020-08-19 13:57:49,837 INFO Reward now: 4.007014969984691
2020-08-19 13:57:49,837 INFO Best policy so far: [[9, [0, 9, 6.0], [2.0, 0, 6.0]], [8.0, [2.0, 6.0, 3.0], [8, 1.0, 9]], [7.0, [2.0, 0, 9], [4.0, 9, 0]]]
2020-08-19 13:57:49,837 INFO Best reward so far: 4.391973495483398
2020-08-19 14:09:20,677 INFO Iter 91
2020-08-19 14:09:20,882 INFO Policy now: [[9, [0, 9.0, 9.0], [5.0, 0.0, 9]], [9.0, [0, 5.0, 0], [7.0, 6.0, 9]], [9, [6.0, 1.0, 9], [0, 8.0, 2.0]]]
2020-08-19 14:09:20,961 INFO Reward now: 3.381158431371053
2020-08-19 14:09:20,961 INFO Best policy so far: [[9, [0, 9, 6.0], [2.0, 0, 6.0]], [8.0, [2.0, 6.0, 3.0], [8, 1.0, 9]], [7.0, [2.0, 0, 9], [4.0, 9, 0]]]
2020-08-19 14:09:20,961 INFO Best reward so far: 4.799561083316803
2020-08-19 17:25:25,275 INFO Iter 92
2020-08-19 17:25:25,624 INFO Policy now: [[9.0, [0, 8.0, 8.0], [4.0, 0, 9]], [8.0, [0, 4.0, 1.0], [8, 4.0, 9]], [7.0, [7.0, 3.0, 9], [0, 8.0, 5.0]]]
2020-08-19 17:25:25,640 INFO Reward now: 5.457839369773865
2020-08-19 17:25:25,641 INFO Best policy so far: [[9, [0, 9, 6.0], [2.0, 0, 6.0]], [8.0, [2.0, 6.0, 3.0], [8, 1.0, 9]], [7.0, [2.0, 0, 9], [4.0, 9, 0]]]
2020-08-19 17:25:25,641 INFO Best reward so far: 6.418964862823486
2020-08-19 17:33:35,101 INFO Iter 93
2020-08-19 17:33:35,114 INFO Policy now: [[9.0, [1.0, 8.0, 7.0], [2.0, -0.0, 8.0]], [6.0, [2.0, 7.0, 0], [5.0, 9.0, 7.0]], [7.0, [5.0, 9, 9], [4.0, 9, 2.0]]]
2020-08-19 17:33:35,114 INFO Reward now: 4.305099070072174
2020-08-19 17:33:35,114 INFO Best policy so far: [[9, [0, 5.0, 9], [2.0, 2, 6]], [9.0, [4, 6.0, 1.0], [8, 4.0, 4]], [9, [6.0, 8.0, 8], [2, 9, 2.0]]]
2020-08-19 17:33:35,114 INFO Best reward so far: 6.521016438802083
2020-08-19 21:08:16,683 INFO Iter 94
2020-08-19 21:08:16,825 INFO Policy now: [[8.0, [0, 3.0, 0], [2.0, 0, 9]], [3.0, [0, 3.0, -0.0], [1, 9, 9]], [4.0, [3.0, 9, 6.0], [8, 8.0, 6.0]]]
2020-08-19 21:08:16,856 INFO Reward now: 10.549749970436096
2020-08-19 21:08:16,856 INFO Best policy so far: [[9, [0, 5.0, 9], [2.0, 2, 6]], [9.0, [4, 6.0, 1.0], [8, 4.0, 4]], [9, [6.0, 8.0, 8], [2, 9, 2.0]]]
2020-08-19 21:08:16,856 INFO Best reward so far: 13.473933696746826
2020-08-19 21:13:55,643 INFO Iter 95
2020-08-19 21:13:55,645 INFO Policy now: [[7.0, [0.0, 3.0, 0], [2.0, 1.0, 9]], [2.0, [0.0, 3.0, 0.0], [1.0, 9.0, 9.0]], [5.0, [2.0, 9, 4.0], [8, 7.0, 5.0]]]
2020-08-19 21:13:55,645 INFO Reward now: 3.695942143599192
2020-08-19 21:13:55,645 INFO Best policy so far: [[8.0, [1, 0, 0], [4.0, 4, 9]], [4.0, [0, 2.0, 4.0], [4, 8, 8]], [6.0, [2.0, 9, 4.0], [8, 9.0, 3.0]]]
2020-08-19 21:13:55,645 INFO Best reward so far: 4.128680308659871
2020-08-20 00:48:06,842 INFO Iter 96
2020-08-20 00:48:07,316 INFO Policy now: [[8.0, [0, 2.0, 1.0], [1.0, 2.0, 9]], [3.0, [0.0, 2.0, 0], [1.0, 9.0, 8.0]], [6.0, [0.0, 9.0, 5.0], [7.0, 5.0, 5.0]]]
2020-08-20 00:48:07,383 INFO Reward now: 11.05010199546814
2020-08-20 00:48:07,384 INFO Best policy so far: [[8.0, [0, 2.0, 1.0], [1.0, 2.0, 9]], [3.0, [0.0, 2.0, 0], [1.0, 9.0, 8.0]], [6.0, [0.0, 9.0, 5.0], [7.0, 5.0, 5.0]]]
2020-08-20 00:48:07,384 INFO Best reward so far: 11.05010199546814
2020-08-20 04:15:05,029 INFO Iter 97
2020-08-20 04:15:05,357 INFO Policy now: [[8.0, [0, 3.0, 1.0], [2, 1.0, 9]], [3.0, [2.0, 2.0, 1.0], [0, 9, 9]], [7.0, [0, 9.0, 5.0], [7.0, 5.0, 9]]]
2020-08-20 04:15:05,381 INFO Reward now: 5.953594207763672
2020-08-20 04:15:05,381 INFO Best policy so far: [[6.0, [0, 2.0, 2.0], [2, 2.0, 9]], [0.0, [2.0, 0, 2], [0, 9, 9]], [5.0, [0, 6.0, 2.0], [6.0, 4.0, 8.0]]]
2020-08-20 04:15:05,381 INFO Best reward so far: 6.279639720916748
2020-08-20 07:40:18,787 INFO Iter 98
2020-08-20 07:40:19,101 INFO Policy now: [[8.0, [1.0, 7.0, 0], [2.0, 3.0, 8.0]], [4.0, [0, 2.0, 3.0], [5, 8.0, 7.0]], [8.0, [0.0, 9.0, 9.0], [6.0, 7.0, 8.0]]]
2020-08-20 07:40:19,139 INFO Reward now: 8.220282713572184
2020-08-20 07:40:19,140 INFO Best policy so far: [[8.0, [1.0, 7.0, 0], [2.0, 3.0, 8.0]], [4.0, [0, 2.0, 3.0], [5, 8.0, 7.0]], [8.0, [0.0, 9.0, 9.0], [6.0, 7.0, 8.0]]]
2020-08-20 07:40:19,140 INFO Best reward so far: 8.220282713572184
2020-08-20 11:04:35,551 INFO Iter 99
2020-08-20 11:04:35,785 INFO Policy now: [[9, [0, 3.0, 1.0], [4.0, 7.0, 7.0]], [9, [-0.0, 2.0, 0], [1, 9, 9.0]], [9, [0, 9, 9], [3, 9, 8.0]]]
2020-08-20 11:04:35,798 INFO Reward now: 9.905858437220255
2020-08-20 11:04:35,798 INFO Best policy so far: [[8.0, [0.0, 3.0, 0], [4.0, 5.0, 9.0]], [8.0, [0, 5.0, 0.0], [1, 9, 9.0]], [9, [0, 9, 9], [3.0, 9.0, 8.0]]]
2020-08-20 11:04:35,798 INFO Best reward so far: 10.533568223317465
