2020-08-12 17:32:14,979 INFO Iter 0
2020-08-12 17:32:15,355 INFO Policy now: [[4.0, [3.0, 5.0, 8.0], [4.0, 0, 9], [0, 0, 3.0]], [9, [8, 3.0, 8.0], [0, 6.0, 7.0], [5.0, 9, 3.0]], [5.0, [8.0, 6.0, 0], [1.0, 8.0, 7.0], [-0.0, 7.0, 0]]]
2020-08-12 17:32:15,392 INFO Reward now: 11.036848227183023
2020-08-12 17:32:15,392 INFO Best policy so far: [[3, [4, 6, 9], [6, 2, 8], [0, 0, 2]], [9, [8, 4, 6], [0, 7, 8], [6, 9, 4]], [4, [8, 6, 0], [4, 6, 9], [0, 7, 0]]]
2020-08-12 17:32:15,392 INFO Best reward so far: 11.846518198649088
2020-08-12 20:41:45,606 INFO Iter 1
2020-08-12 20:41:46,006 INFO Policy now: [[5.0, [5.0, 0.0, 7.0], [4.0, 1.0, 5.0], [0, 0, 5.0]], [9, [8.0, 3.0, 5.0], [0, -0.0, 9], [6.0, 7.0, 2.0]], [9, [8.0, 8.0, 0.0], [0, 6.0, 9.0], [3.0, 5.0, 2.0]]]
2020-08-12 20:41:46,061 INFO Reward now: 9.926419496536255
2020-08-12 20:41:46,061 INFO Best policy so far: [[4.0, [0.0, 8.0, 8.0], [4.0, 0, 6], [1, 2, 5.0]], [9, [8, 1.0, 9], [0, 9, 4.0], [3, 7, 0]], [8.0, [8, 9, 2], [0, 9, 8.0], [6, 8.0, 4]]]
2020-08-12 20:41:46,061 INFO Best reward so far: 12.793906847635904
2020-08-12 23:52:12,757 INFO Iter 2
2020-08-12 23:52:13,159 INFO Policy now: [[9, [8, 4.0, 3.0], [6.0, 9, 4.0], [0, -0.0, 1.0]], [9, [2.0, 4.0, 7.0], [1.0, 1.0, 9], [8.0, 9, 7.0]], [9, [8, 8.0, 0], [5.0, 8.0, 8.0], [0, 9, 9.0]]]
2020-08-12 23:52:13,216 INFO Reward now: 10.21528693040212
2020-08-12 23:52:13,216 INFO Best policy so far: [[8.0, [8.0, 2.0, 7.0], [0, 5.0, 4.0], [2, 0, 0.0]], [9, [4.0, 4.0, 4.0], [0, 3.0, 9], [5.0, 9, 4.0]], [9, [8.0, 9, -0.0], [4, 7.0, 6.0], [0, 9.0, 5.0]]]
2020-08-12 23:52:13,216 INFO Best reward so far: 11.877598603566488
2020-08-13 02:58:00,217 INFO Iter 3
2020-08-13 02:58:00,360 INFO Policy now: [[9, [1.0, 6.0, 9.0], [0, 0, 9], [3.0, 0, 0]], [9, [0, 9, 9], [8, 0, 9], [7, 9, 0]], [9.0, [8, 1.0, 0], [0, 0, 3.0], [7, 9, 0]]]
2020-08-13 02:58:00,504 INFO Reward now: 9.724188407262167
2020-08-13 02:58:00,504 INFO Best policy so far: [[9, [8, 3.0, 7.0], [2.0, 8, 7.0], [0, 0, -0.0]], [9, [0, 8.0, 8.0], [4.0, -0.0, 8], [6.0, 9, 5.0]], [9, [8, 4.0, 0], [4.0, 4.0, 9], [0, 9, 7.0]]]
2020-08-13 02:58:00,504 INFO Best reward so far: 15.188949267069498
2020-08-13 05:52:13,358 INFO Iter 4
2020-08-13 05:52:14,077 INFO Policy now: [[9.0, [0, 9, 8.0], [3.0, 0, 9.0], [1.0, 1.0, 1.0]], [9, [2.0, 8.0, 9.0], [8, 0.0, 8.0], [5.0, 7.0, 0]], [9.0, [6.0, 0, 2.0], [0, 2.0, 8.0], [5.0, 9, 3.0]]]
2020-08-13 05:52:14,115 INFO Reward now: 7.768026113510132
2020-08-13 05:52:14,115 INFO Best policy so far: [[9, [8, 3.0, 7.0], [2.0, 8, 7.0], [0, 0, -0.0]], [9, [0, 8.0, 8.0], [4.0, -0.0, 8], [6.0, 9, 5.0]], [9, [8, 4.0, 0], [4.0, 4.0, 9], [0, 9, 7.0]]]
2020-08-13 05:52:14,115 INFO Best reward so far: 9.673766056696573
2020-08-13 06:01:52,592 INFO Iter 5
2020-08-13 06:01:52,833 INFO Policy now: [[9, [1.0, 9, 9], [3.0, 0.0, 9.0], [7, 4.0, -0.0]], [9, [0, 9.0, 8.0], [8.0, 0, 6.0], [4.0, 8.0, 0]], [9.0, [6.0, 2.0, 5.0], [1.0, 1.0, 9], [3.0, 9, 6.0]]]
2020-08-13 06:01:53,018 INFO Reward now: 10.288796027501425
2020-08-13 06:01:53,019 INFO Best policy so far: [[9, [8, 3.0, 7.0], [2.0, 8, 7.0], [0, 0, -0.0]], [9, [0, 8.0, 8.0], [4.0, -0.0, 8], [6.0, 9, 5.0]], [9, [8, 4.0, 0], [4.0, 4.0, 9], [0, 9, 7.0]]]
2020-08-13 06:01:53,019 INFO Best reward so far: 11.276034593582153
2020-08-13 09:01:30,133 INFO Iter 6
2020-08-13 09:01:30,538 INFO Policy now: [[6.0, [0, 7.0, 9], [7.0, 2.0, 9], [5.0, 6.0, 2.0]], [9.0, [0.0, 9, 6.0], [8.0, 1.0, 6.0], [2.0, 9, 2.0]], [7.0, [7.0, -0.0, 7.0], [4.0, 3.0, 8.0], [2.0, 9, 4.0]]]
2020-08-13 09:01:30,633 INFO Reward now: 9.35297163327535
2020-08-13 09:01:30,633 INFO Best policy so far: [[9, [8, 3.0, 7.0], [2.0, 8, 7.0], [0, 0, -0.0]], [9, [0, 8.0, 8.0], [4.0, -0.0, 8], [6.0, 9, 5.0]], [9, [8, 4.0, 0], [4.0, 4.0, 9], [0, 9, 7.0]]]
2020-08-13 09:01:30,633 INFO Best reward so far: 10.267600377400717
2020-08-13 09:12:41,294 INFO Iter 7
2020-08-13 09:12:41,300 INFO Policy now: [[9.0, [0, 8.0, 9], [7.0, 0.0, 7.0], [3.0, 6.0, 2.0]], [9, [0, 9, 8.0], [8.0, 3.0, 4.0], [5.0, 9.0, 5.0]], [9.0, [6.0, 0.0, 9], [3.0, 0, 9], [1.0, 9, 4.0]]]
2020-08-13 09:12:41,300 INFO Reward now: 5.328039824962616
2020-08-13 09:12:41,300 INFO Best policy so far: [[9, [0, 7.0, 8], [6.0, 0.0, 4], [2.0, 2.0, 5.0]], [9, [0, 9, 4.0], [8.0, 2.0, 6.0], [4.0, 9, 3.0]], [9.0, [3.0, 0.0, 8.0], [0.0, 0, 9], [2.0, 9, 4.0]]]
2020-08-13 09:12:41,300 INFO Best reward so far: 6.280986467997233
2020-08-13 12:14:20,633 INFO Iter 8
2020-08-13 12:14:21,041 INFO Policy now: [[9.0, [0.0, 9.0, 9.0], [7.0, 0.0, 6.0], [3.0, 5.0, 1.0]], [9.0, [0.0, 9.0, 9.0], [8.0, 3.0, 6.0], [5.0, 9.0, 6.0]], [9.0, [8.0, 0.0, 9.0], [3.0, -0.0, 9.0], [1.0, 9.0, 3.0]]]
2020-08-13 12:14:21,055 INFO Reward now: 11.281783819198608
2020-08-13 12:14:21,055 INFO Best policy so far: [[9.0, [2, 9, 9], [4.0, 0.0, 6.0], [6.0, 7.0, -0.0]], [9, [0, 9, 9], [8.0, 7.0, 8.0], [5.0, 6.0, 6.0]], [9, [6.0, 2.0, 6], [4.0, 2, 9], [2.0, 9, 3.0]]]
2020-08-13 12:14:21,055 INFO Best reward so far: 12.310197671254477
2020-08-13 12:26:41,610 INFO Iter 9
2020-08-13 12:26:41,618 INFO Policy now: [[9, [0, 8.0, 7.0], [8.0, 1.0, 6.0], [1.0, 2.0, 2.0]], [9.0, [0.0, 9.0, 9.0], [8, 5.0, 7.0], [4.0, 9.0, 5.0]], [9, [7.0, 1.0, 9.0], [2.0, 1.0, 8.0], [-0.0, 9.0, 1.0]]]
2020-08-13 12:26:41,619 INFO Reward now: 6.423185626665751
2020-08-13 12:26:41,619 INFO Best policy so far: [[9, [0, 7.0, 4.0], [8, 4.0, 6.0], [2.0, 1.0, 2.0]], [9, [1.0, 9.0, 9], [8, 6.0, 8.0], [5, 9, 4.0]], [9, [4.0, 2.0, 9], [2.0, 4.0, 5.0], [-0.0, 9, 0.0]]]
2020-08-13 12:26:41,619 INFO Best reward so far: 7.004665374755859
2020-08-13 15:33:10,083 INFO Iter 10
2020-08-13 15:33:10,431 INFO Policy now: [[9, [4.0, 6.0, 9.0], [8, 2.0, 7.0], [0, 3.0, 5.0]], [9, [0, 8.0, 9], [7.0, 8.0, 9.0], [8.0, 7.0, 5.0]], [9, [4.0, 1.0, 7.0], [1.0, 0.0, 9.0], [-0.0, 9.0, 5.0]]]
2020-08-13 15:33:10,472 INFO Reward now: 7.998048583666484
2020-08-13 15:33:10,472 INFO Best policy so far: [[9, [2, 9.0, 6.0], [8, 5.0, 8.0], [0.0, 0, 2.0]], [9, [0, 7.0, 9], [8, 6.0, 9], [7, 6.0, 7.0]], [9, [6.0, 1.0, 9], [4.0, 4.0, 9], [0.0, 9, 4.0]]]
2020-08-13 15:33:10,472 INFO Best reward so far: 8.94252840677897
2020-08-13 18:24:14,986 INFO Iter 11
2020-08-13 18:24:15,207 INFO Policy now: [[9.0, [3.0, 6.0, 9.0], [8.0, 2.0, 8.0], [0.0, 2.0, 5.0]], [9.0, [-0.0, 8.0, 9.0], [8.0, 7.0, 9.0], [4, 8.0, 4.0]], [9, [3.0, 1.0, 6.0], [1.0, 0.0, 9.0], [-0.0, 9.0, 4.0]]]
2020-08-13 18:24:15,308 INFO Reward now: 4.116384665171306
2020-08-13 18:24:15,308 INFO Best policy so far: [[9, [0.0, 4.0, 4.0], [8, 0, 9], [2, 6.0, 6.0]], [9, [0, 4.0, 9], [8.0, 9, 4.0], [5.0, 2.0, 0.0]], [9, [6.0, -0.0, 9], [0, 3.0, 8.0], [3, 8.0, 4.0]]]
2020-08-13 18:24:15,308 INFO Best reward so far: 4.460727254549663
2020-08-13 21:26:26,688 INFO Iter 12
2020-08-13 21:26:27,282 INFO Policy now: [[9, [0, 5.0, 8.0], [6.0, 3.0, 9], [2, 2.0, 2.0]], [9, [0, 8.0, 8.0], [8, 3.0, 9], [5.0, 9.0, 7.0]], [7.0, [-0.0, 0, 9], [3.0, 0.0, 9.0], [2, 9, 9]]]
2020-08-13 21:26:27,343 INFO Reward now: 8.455968777338663
2020-08-13 21:26:27,343 INFO Best policy so far: [[8.0, [1.0, 4.0, 8.0], [4.0, 6.0, 9], [3.0, -0.0, 8.0]], [8.0, [0, 6.0, 6.0], [8, 4.0, 6.0], [6, 9, 8.0]], [4, [4.0, 4.0, 4.0], [0, 2.0, 4.0], [2.0, 9, 6.0]]]
2020-08-13 21:26:27,343 INFO Best reward so far: 9.26209839185079
2020-08-13 21:42:33,986 INFO Iter 13
2020-08-13 21:42:34,049 INFO Policy now: [[9, [0, -0.0, 9], [7.0, 0, 9], [6.0, 0, 5.0]], [9, [0, 6.0, 5.0], [6.0, 7.0, 7.0], [3.0, 9, 8.0]], [9.0, [0.0, 0, 8.0], [2.0, 0, 7.0], [1.0, 9, 9]]]
2020-08-13 21:42:34,049 INFO Reward now: 6.138280590375264
2020-08-13 21:42:34,049 INFO Best policy so far: [[8.0, [1.0, 4.0, 8.0], [4.0, 6.0, 9], [3.0, -0.0, 8.0]], [8.0, [0, 6.0, 6.0], [8, 4.0, 6.0], [6, 9, 8.0]], [4, [4.0, 4.0, 4.0], [0, 2.0, 4.0], [2.0, 9, 6.0]]]
2020-08-13 21:42:34,049 INFO Best reward so far: 7.794821500778198
2020-08-14 00:33:39,832 INFO Iter 14
2020-08-14 00:33:40,218 INFO Policy now: [[9, [0, 0, 9], [6.0, -0.0, 9], [7.0, 2.0, 6.0]], [9, [-0.0, 8.0, 7.0], [6.0, 7.0, 7.0], [2.0, 8.0, 6.0]], [9.0, [0.0, 0.0, 6.0], [1.0, 2.0, 8.0], [2, 8.0, 8.0]]]
2020-08-14 00:33:40,256 INFO Reward now: 6.047076900800069
2020-08-14 00:33:40,256 INFO Best policy so far: [[8.0, [1.0, 4.0, 8.0], [4.0, 6.0, 9], [3.0, -0.0, 8.0]], [8.0, [0, 6.0, 6.0], [8, 4.0, 6.0], [6, 9, 8.0]], [4, [4.0, 4.0, 4.0], [0, 2.0, 4.0], [2.0, 9, 6.0]]]
2020-08-14 00:33:40,256 INFO Best reward so far: 6.908004601796468
2020-08-14 00:38:50,410 INFO Iter 15
2020-08-14 00:38:50,453 INFO Policy now: [[9, [0, 0.0, 9], [4.0, 0.0, 9.0], [8, -0.0, 6.0]], [9, [0.0, 8.0, 9.0], [6.0, 8.0, 7.0], [2.0, 8.0, 6.0]], [9, [1.0, -0.0, 7.0], [-0.0, 2.0, 9], [2.0, 9.0, 8.0]]]
2020-08-14 00:38:50,453 INFO Reward now: 7.29461673895518
2020-08-14 00:38:50,453 INFO Best policy so far: [[8.0, [1.0, 4.0, 8.0], [4.0, 6.0, 9], [3.0, -0.0, 8.0]], [8.0, [0, 6.0, 6.0], [8, 4.0, 6.0], [6, 9, 8.0]], [4, [4.0, 4.0, 4.0], [0, 2.0, 4.0], [2.0, 9, 6.0]]]
2020-08-14 00:38:50,453 INFO Best reward so far: 7.745363116264343
2020-08-14 03:48:24,863 INFO Iter 16
2020-08-14 03:48:24,970 INFO Policy now: [[7.0, [0, 1.0, 9], [4.0, 0, 6.0], [8, 0.0, 6.0]], [9.0, [1.0, 9, 7.0], [6.0, 9, 9], [4.0, 8.0, 4.0]], [9.0, [2.0, 1.0, 7.0], [0.0, 1.0, 9], [5, 9.0, 6.0]]]
2020-08-14 03:48:24,984 INFO Reward now: 11.284675359725952
2020-08-14 03:48:24,984 INFO Best policy so far: [[8.0, [1.0, 4.0, 8.0], [4.0, 6.0, 9], [3.0, -0.0, 8.0]], [8.0, [0, 6.0, 6.0], [8, 4.0, 6.0], [6, 9, 8.0]], [4, [4.0, 4.0, 4.0], [0, 2.0, 4.0], [2.0, 9, 6.0]]]
2020-08-14 03:48:24,984 INFO Best reward so far: 12.809246301651001
2020-08-14 07:00:29,875 INFO Iter 17
2020-08-14 07:00:30,110 INFO Policy now: [[5.0, [0, 3.0, 9], [5.0, 1.0, 6.0], [6.0, -0.0, 9.0]], [8.0, [0, 9.0, 4.0], [5.0, 9, 9.0], [6.0, 9.0, 6.0]], [9.0, [2.0, 1.0, 8.0], [8, 0.0, 9], [7.0, 9, 1.0]]]
2020-08-14 07:00:30,167 INFO Reward now: 7.344525376955668
2020-08-14 07:00:30,167 INFO Best policy so far: [[8.0, [1.0, 4.0, 8.0], [4.0, 6.0, 9], [3.0, -0.0, 8.0]], [8.0, [0, 6.0, 6.0], [8, 4.0, 6.0], [6, 9, 8.0]], [4, [4.0, 4.0, 4.0], [0, 2.0, 4.0], [2.0, 9, 6.0]]]
2020-08-14 07:00:30,167 INFO Best reward so far: 10.921844720840454
2020-08-14 10:07:59,664 INFO Iter 18
2020-08-14 10:07:59,878 INFO Policy now: [[9, [0, 7.0, 9], [8, 0, 9], [4, 2.0, 5.0]], [9, [0, 7.0, 8.0], [1.0, 6.0, 6.0], [8.0, 7.0, 2.0]], [9, [0, 6.0, 5.0], [6.0, 2.0, 9], [8, 5.0, 5.0]]]
2020-08-14 10:07:59,932 INFO Reward now: 10.543617328008017
2020-08-14 10:07:59,933 INFO Best policy so far: [[8.0, [1.0, 4.0, 8.0], [4.0, 6.0, 9], [3.0, -0.0, 8.0]], [8.0, [0, 6.0, 6.0], [8, 4.0, 6.0], [6, 9, 8.0]], [4, [4.0, 4.0, 4.0], [0, 2.0, 4.0], [2.0, 9, 6.0]]]
2020-08-14 10:07:59,933 INFO Best reward so far: 11.023208300272623
2020-08-14 13:09:13,108 INFO Iter 19
2020-08-14 13:09:13,280 INFO Policy now: [[8.0, [1.0, 7.0, 7.0], [5.0, 0, 9.0], [4.0, 6.0, 3.0]], [7.0, [1.0, 9, 7.0], [-0.0, 3.0, 1.0], [8.0, 5.0, 0]], [6.0, [0, 5.0, 3.0], [8, 4.0, 8.0], [5.0, 4.0, 1.0]]]
2020-08-14 13:09:13,317 INFO Reward now: 10.428779522577921
2020-08-14 13:09:13,317 INFO Best policy so far: [[8.0, [1.0, 7.0, 7.0], [5.0, 0, 9.0], [4.0, 6.0, 3.0]], [7.0, [1.0, 9, 7.0], [-0.0, 3.0, 1.0], [8.0, 5.0, 0]], [6.0, [0, 5.0, 3.0], [8, 4.0, 8.0], [5.0, 4.0, 1.0]]]
2020-08-14 13:09:13,317 INFO Best reward so far: 10.428779522577921
2020-08-14 13:18:36,440 INFO Iter 20
2020-08-14 13:18:36,445 INFO Policy now: [[8.0, [0, 8.0, 9.0], [4.0, 0.0, 9.0], [1.0, 7.0, 2.0]], [9.0, [2.0, 8.0, 8.0], [1.0, -0.0, 4.0], [8, 7.0, 0.0]], [8.0, [-0.0, 7.0, 1.0], [6.0, 6.0, 8.0], [3.0, 8.0, 0]]]
2020-08-14 13:18:36,445 INFO Reward now: 4.313046296437581
2020-08-14 13:18:36,445 INFO Best policy so far: [[6.0, [2.0, 8.0, 8.0], [8.0, 0, 8.0], [0.0, 8.0, 3.0]], [2.0, [6.0, 8, 7.0], [4.0, 3.0, 4.0], [5.0, 1.0, 0]], [4.0, [2, 0.0, 0.0], [8, -0.0, 9], [6.0, 6.0, 0.0]]]
2020-08-14 13:18:36,445 INFO Best reward so far: 4.599859635035197
2020-08-14 16:29:12,587 INFO Iter 21
2020-08-14 16:29:12,899 INFO Policy now: [[7.0, [0, 9, 8.0], [7.0, 0.0, 8.0], [1, 9, 0]], [7.0, [2.0, 5.0, 9], [0, 0, 1.0], [5.0, 9, 3.0]], [4.0, [0.0, 3.0, 4.0], [8, 0, 9], [1.0, 9, 0]]]
2020-08-14 16:29:12,913 INFO Reward now: 10.295477549235025
2020-08-14 16:29:12,913 INFO Best policy so far: [[8.0, [0, 9.0, 8.0], [6.0, 0.0, 8.0], [1, 9, 0]], [8.0, [2.0, 5.0, 9], [1.0, 0, 3.0], [4, 9, 4.0]], [5.0, [-0.0, 4.0, 2.0], [7.0, 2.0, 9], [2.0, 9, 0]]]
2020-08-14 16:29:12,913 INFO Best reward so far: 11.88502868016561
2020-08-14 16:48:44,866 INFO Iter 22
2020-08-14 16:48:44,879 INFO Policy now: [[0.0, [0, 7.0, 7.0], [4.0, -0.0, 8.0], [2, 7.0, 0.0]], [2.0, [4.0, 9, 9.0], [-0.0, 0, 2.0], [6.0, 9, -0.0]], [-0.0, [0, 1.0, 3.0], [8.0, -0.0, 9], [2.0, 8.0, 0]]]
2020-08-14 16:48:44,880 INFO Reward now: 4.400330026944478
2020-08-14 16:48:44,880 INFO Best policy so far: [[8.0, [0, 9.0, 8.0], [6.0, 0.0, 8.0], [1, 9, 0]], [8.0, [2.0, 5.0, 9], [1.0, 0, 3.0], [4, 9, 4.0]], [5.0, [-0.0, 4.0, 2.0], [7.0, 2.0, 9], [2.0, 9, 0]]]
2020-08-14 16:48:44,880 INFO Best reward so far: 9.13732651869456
2020-08-14 16:52:29,431 INFO Iter 23
2020-08-14 16:52:29,440 INFO Policy now: [[4.0, [0, 0.0, 1.0], [6.0, 0, 7.0], [8.0, 9, 0]], [8.0, [8, 9, 6.0], [0, 3.0, 7.0], [5.0, 7.0, 2.0]], [5.0, [0, 0, 0], [5.0, 0, 9], [2.0, 8.0, 3.0]]]
2020-08-14 16:52:29,440 INFO Reward now: 2.542070825894674
2020-08-14 16:52:29,440 INFO Best policy so far: [[1.0, [0, 6.0, 6.0], [6.0, 0, 9.0], [3, 9, 4.0]], [3.0, [2.0, 8, 4.0], [0, 0, 5.0], [8.0, 9, 2.0]], [4.0, [0, 2.0, 4.0], [4.0, 3.0, 9], [6, 9, 2]]]
2020-08-14 16:52:29,440 INFO Best reward so far: 3.394273598988851
2020-08-14 17:02:11,013 INFO Iter 24
2020-08-14 17:02:11,096 INFO Policy now: [[4.0, [-0.0, 0.0, 2.0], [6.0, 1.0, 8.0], [8.0, 9.0, 0.0]], [8.0, [7.0, 9.0, 8.0], [-0.0, 2.0, 8.0], [6.0, 8.0, 3.0]], [6.0, [0.0, -0.0, 0.0], [6.0, 0.0, 9.0], [2.0, 8.0, 3.0]]]
2020-08-14 17:02:11,182 INFO Reward now: 3.1155681808789573
2020-08-14 17:02:11,182 INFO Best policy so far: [[1.0, [0, 6.0, 6.0], [6.0, 0, 9.0], [3, 9, 4.0]], [3.0, [2.0, 8, 4.0], [0, 0, 5.0], [8.0, 9, 2.0]], [4.0, [0, 2.0, 4.0], [4.0, 3.0, 9], [6, 9, 2]]]
2020-08-14 17:02:11,182 INFO Best reward so far: 4.271084328492482
2020-08-14 20:12:17,574 INFO Iter 25
2020-08-14 20:12:18,066 INFO Policy now: [[6.0, [0, 0, 1.0], [8.0, 2.0, 9], [5.0, 9, 0]], [9, [8, 9, 5.0], [0, 5.0, 7.0], [1.0, 6.0, 4.0]], [9, [0, 0, 3.0], [8, 2.0, 7.0], [2, 7.0, 0]]]
2020-08-14 20:12:18,362 INFO Reward now: 10.462409615516663
2020-08-14 20:12:18,363 INFO Best policy so far: [[1.0, [0, 6.0, 6.0], [6.0, 0, 9.0], [3, 9, 4.0]], [3.0, [2.0, 8, 4.0], [0, 0, 5.0], [8.0, 9, 2.0]], [4.0, [0, 2.0, 4.0], [4.0, 3.0, 9], [6, 9, 2]]]
2020-08-14 20:12:18,366 INFO Best reward so far: 10.979305505752563
2020-08-14 23:10:42,419 INFO Iter 26
2020-08-14 23:10:42,753 INFO Policy now: [[6.0, [0.0, 0.0, 2.0], [8.0, 3.0, 9.0], [5.0, 9.0, 0.0]], [9.0, [8.0, 9.0, 4.0], [0.0, 6.0, 7.0], [1.0, 6.0, 4.0]], [9.0, [-0.0, 0.0, 2.0], [8.0, 2.0, 8.0], [2.0, 6.0, -0.0]]]
2020-08-14 23:10:42,804 INFO Reward now: 8.566677530606588
2020-08-14 23:10:42,804 INFO Best policy so far: [[6.0, [2, 4, 5.0], [8.0, 6.0, 9], [6.0, 9, 2]], [7, [8, 9, 2.0], [2, 9, 5.0], [0.0, 5.0, 4.0]], [6, [0, 0, 0], [4, 0.0, 9], [1, 4.0, 0]]]
2020-08-14 23:10:42,804 INFO Best reward so far: 9.228635549545288
2020-08-14 23:16:08,147 INFO Iter 27
2020-08-14 23:16:08,150 INFO Policy now: [[8.0, [1.0, 2.0, 2.0], [8.0, 3.0, 7.0], [4.0, 9, 0]], [8.0, [6.0, 8.0, 4.0], [2.0, 9.0, 7.0], [0, 8.0, -0.0]], [9.0, [0, 0, 0], [7.0, 2.0, 6.0], [5.0, 3.0, 1.0]]]
2020-08-14 23:16:08,150 INFO Reward now: 4.388687014579773
2020-08-14 23:16:08,150 INFO Best policy so far: [[6.0, [2.0, 2.0, 2.0], [6.0, 6.0, 6.0], [1.0, 9.0, 0]], [6.0, [6.0, 6.0, 4.0], [4.0, 9, 9], [2.0, 7.0, -0.0]], [8.0, [0, 0, 0], [4.0, 3.0, 4.0], [5.0, 4.0, 0]]]
2020-08-14 23:16:08,150 INFO Best reward so far: 4.894791881243388
2020-08-14 23:20:02,213 INFO Iter 28
2020-08-14 23:20:02,215 INFO Policy now: [[9.0, [0.0, 4.0, 3.0], [6.0, 3.0, 9.0], [3, 8.0, 0]], [9, [4.0, 8.0, 2.0], [3.0, 9, 4.0], [0, 8.0, 2.0]], [8.0, [0.0, 0, 3.0], [5.0, 5.0, 7.0], [2, -0.0, 1.0]]]
2020-08-14 23:20:02,215 INFO Reward now: 3.3195371627807617
2020-08-14 23:20:02,215 INFO Best policy so far: [[6.0, [2.0, 2.0, 2.0], [6.0, 6.0, 6.0], [1.0, 9.0, 0]], [6.0, [6.0, 6.0, 4.0], [4.0, 9, 9], [2.0, 7.0, -0.0]], [8.0, [0, 0, 0], [4.0, 3.0, 4.0], [5.0, 4.0, 0]]]
2020-08-14 23:20:02,215 INFO Best reward so far: 3.803387443224589
2020-08-14 23:24:09,596 INFO Iter 29
2020-08-14 23:24:09,598 INFO Policy now: [[9.0, [1.0, 5.0, 2.0], [5.0, 5.0, 9.0], [3.0, 9.0, -0.0]], [9, [1.0, 7.0, 3.0], [3.0, 9, 3.0], [5, 9.0, 0.0]], [8.0, [1.0, 1.0, 6.0], [7.0, 4.0, 8.0], [5, 0, -0.0]]]
2020-08-14 23:24:09,598 INFO Reward now: 2.476341883341471
2020-08-14 23:24:09,598 INFO Best policy so far: [[9, [2.0, 4.0, 3.0], [4.0, 6.0, 9], [1, 9.0, 0]], [9, [-0.0, 4.0, 2.0], [1, 9, 2.0], [8, 9, 0]], [8.0, [2.0, 2, 6.0], [8.0, 5.0, 9], [0, 0, -0.0]]]
2020-08-14 23:24:09,598 INFO Best reward so far: 3.5883646408716836
2020-08-14 23:28:02,636 INFO Iter 30
2020-08-14 23:28:02,640 INFO Policy now: [[9.0, [1.0, 5.0, 2.0], [5.0, 5.0, 9.0], [3.0, 9.0, -0.0]], [9.0, [1.0, 7.0, 3.0], [3.0, 9.0, 2.0], [5.0, 9.0, 0.0]], [8.0, [1.0, 1.0, 6.0], [7.0, 4.0, 8.0], [5.0, 0.0, 0.0]]]
2020-08-14 23:28:02,640 INFO Reward now: 2.8569194873174033
2020-08-14 23:28:02,640 INFO Best policy so far: [[9, [2.0, 4.0, 3.0], [4.0, 6.0, 9], [1, 9.0, 0]], [9, [-0.0, 4.0, 2.0], [1, 9, 2.0], [8, 9, 0]], [8.0, [2.0, 2, 6.0], [8.0, 5.0, 9], [0, 0, -0.0]]]
2020-08-14 23:28:02,641 INFO Best reward so far: 3.7874061862627664
2020-08-15 02:23:55,540 INFO Iter 31
2020-08-15 02:23:55,824 INFO Policy now: [[9.0, [1.0, 6.0, 2.0], [5.0, 5.0, 9.0], [2.0, 9.0, -0.0]], [9.0, [1.0, 7.0, 2.0], [4.0, 9.0, 3.0], [5.0, 9.0, -0.0]], [8.0, [1.0, 1.0, 5.0], [7.0, 2.0, 8.0], [5.0, -0.0, -0.0]]]
2020-08-15 02:23:55,973 INFO Reward now: 0.764092355966568
2020-08-15 02:23:55,973 INFO Best policy so far: [[9, [-0.0, 9.0, 4.0], [2.0, 6.0, 7.0], [6.0, 6.0, 0]], [9, [2.0, 6.0, 2.0], [-0.0, 7.0, 4.0], [6.0, 4.0, 0]], [9, [0, -0.0, 8.0], [8.0, -0.0, 9], [2.0, 0, 0]]]
2020-08-15 02:23:55,973 INFO Best reward so far: 1.155781666437785
2020-08-15 02:29:15,726 INFO Iter 32
2020-08-15 02:29:15,743 INFO Policy now: [[8.0, [1.0, 9.0, 1.0], [7.0, 8.0, 9.0], [3.0, 7.0, 1.0]], [9.0, [3.0, 7.0, 4.0], [2.0, 9, 3.0], [4.0, 9, 0.0]], [7.0, [1.0, 0.0, 7.0], [7.0, 3.0, 7.0], [4, 0, -0.0]]]
2020-08-15 02:29:15,743 INFO Reward now: 3.9803990920384726
2020-08-15 02:29:15,743 INFO Best policy so far: [[9, [-0.0, 9.0, 4.0], [2.0, 6.0, 7.0], [6.0, 6.0, 0]], [9, [2.0, 6.0, 2.0], [-0.0, 7.0, 4.0], [6.0, 4.0, 0]], [9, [0, -0.0, 8.0], [8.0, -0.0, 9], [2.0, 0, 0]]]
2020-08-15 02:29:15,743 INFO Best reward so far: 5.423102358977
2020-08-15 05:27:05,409 INFO Iter 33
2020-08-15 05:27:05,793 INFO Policy now: [[8.0, [1.0, 9, 2.0], [5.0, 7.0, 9.0], [8, 7.0, 0]], [9, [1.0, 6.0, 1.0], [0.0, 9, 0], [2.0, 9.0, 2.0]], [9, [2.0, 1.0, 8.0], [8, 5.0, 7.0], [1.0, 1.0, 0.0]]]
2020-08-15 05:27:05,800 INFO Reward now: 9.914377291997274
2020-08-15 05:27:05,801 INFO Best policy so far: [[8.0, [1.0, 9, 2.0], [5.0, 7.0, 9.0], [8, 7.0, 0]], [9, [1.0, 6.0, 1.0], [0.0, 9, 0], [2.0, 9.0, 2.0]], [9, [2.0, 1.0, 8.0], [8, 5.0, 7.0], [1.0, 1.0, 0.0]]]
2020-08-15 05:27:05,801 INFO Best reward so far: 9.914377291997274
2020-08-15 05:42:33,205 INFO Iter 34
2020-08-15 05:42:33,207 INFO Policy now: [[9.0, [0, 9, 6.0], [3.0, 5.0, 9.0], [8, 7.0, 0.0]], [8.0, [-0.0, 9.0, 0], [2.0, 9, 1.0], [4.0, 9, 0]], [8.0, [0, 0, 9], [8.0, 3.0, 8.0], [1.0, 4.0, 0]]]
2020-08-15 05:42:33,207 INFO Reward now: 10.528378566106161
2020-08-15 05:42:33,207 INFO Best policy so far: [[9.0, [0, 9, 6.0], [3.0, 5.0, 9.0], [8, 7.0, 0.0]], [8.0, [-0.0, 9.0, 0], [2.0, 9, 1.0], [4.0, 9, 0]], [8.0, [0, 0, 9], [8.0, 3.0, 8.0], [1.0, 4.0, 0]]]
2020-08-15 05:42:33,207 INFO Best reward so far: 10.528378566106161
2020-08-15 05:54:57,617 INFO Iter 35
2020-08-15 05:54:57,623 INFO Policy now: [[9.0, [1.0, 8.0, 9], [3.0, 9.0, 8.0], [7.0, 8.0, -0.0]], [7.0, [1.0, 9, 0.0], [2.0, 9.0, 0], [6, 9, 1.0]], [8.0, [0.0, 1.0, 7.0], [7.0, 3.0, 8.0], [4, 1.0, 1.0]]]
2020-08-15 05:54:57,623 INFO Reward now: 6.310320615768433
2020-08-15 05:54:57,624 INFO Best policy so far: [[8.0, [0, 8, 4.0], [6, 6.0, 8.0], [3, 6.0, 0]], [6.0, [3.0, 6.0, 0], [0.0, 9, 5.0], [7.0, 6, 0]], [7.0, [2, 4, 9], [4.0, 6.0, 9], [0, 0.0, 0]]]
2020-08-15 05:54:57,624 INFO Best reward so far: 7.7675009568532305
2020-08-15 09:01:21,128 INFO Iter 36
2020-08-15 09:01:21,704 INFO Policy now: [[9.0, [2.0, 5.0, 9], [4.0, 8.0, 7.0], [8, 6.0, 0]], [4.0, [0, 8.0, 0.0], [2.0, 8.0, 0], [8.0, 9.0, 1.0]], [5.0, [0, 1.0, 9.0], [7.0, 8.0, 9.0], [2.0, 3.0, 1.0]]]
2020-08-15 09:01:21,720 INFO Reward now: 7.541189074516296
2020-08-15 09:01:21,720 INFO Best policy so far: [[8.0, [0, 5.0, 9], [6.0, 5.0, 4.0], [8, 4.0, 0]], [4.0, [0, 5, 4.0], [1.0, 9, 0], [8, 4, 4.0]], [4.0, [0, 0, 7.0], [4.0, 6.0, 9], [2, 1.0, 0]]]
2020-08-15 09:01:21,720 INFO Best reward so far: 8.33970824877421
2020-08-15 12:05:15,882 INFO Iter 37
2020-08-15 12:05:16,554 INFO Policy now: [[7.0, [8, 0, 9.0], [0, 9, -0.0], [6, 0.0, 1.0]], [6.0, [3.0, 9.0, 1.0], [1.0, 5.0, 0.0], [4.0, 9, 0]], [9, [0, 5.0, 5.0], [8, 9, 9], [6, 8.0, 1.0]]]
2020-08-15 12:05:16,681 INFO Reward now: 8.554510990778605
2020-08-15 12:05:16,681 INFO Best policy so far: [[4.0, [5.0, 1.0, 9], [2.0, 9, 6.0], [8, 4.0, 0]], [2.0, [0, 7.0, 2.0], [2.0, 7.0, 4], [6.0, 9, 2.0]], [4.0, [0, -0.0, 9], [6.0, 9, 9], [4, 2.0, 5.0]]]
2020-08-15 12:05:16,681 INFO Best reward so far: 10.143829186757406
2020-08-15 12:19:32,430 INFO Iter 38
2020-08-15 12:19:32,436 INFO Policy now: [[9, [6.0, 0, 9.0], [0, 9, 5.0], [8.0, 0, 3.0]], [9, [1.0, 9, 0.0], [0.0, 1.0, 6.0], [8, 9.0, 4.0]], [9, [2.0, 5.0, 6.0], [5.0, 6.0, 9], [8, 7.0, 5.0]]]
2020-08-15 12:19:32,436 INFO Reward now: 8.171542684237162
2020-08-15 12:19:32,436 INFO Best policy so far: [[8.0, [4, 0, 9], [0, 9, 3.0], [8, 0, 4.0]], [6.0, [1.0, 9, 4.0], [2.0, 6.0, 4.0], [4.0, 9, 2]], [9, [3, 2.0, 6.0], [4, 6, 9], [2, 8.0, 2.0]]]
2020-08-15 12:19:32,437 INFO Best reward so far: 9.266034603118896
2020-08-15 12:24:40,604 INFO Iter 39
2020-08-15 12:24:40,614 INFO Policy now: [[9.0, [7.0, 0.0, 9.0], [0, 9.0, 4.0], [2, -0.0, 2.0]], [9, [1.0, 9.0, 0], [0.0, 0.0, 6.0], [7.0, 9.0, 3.0]], [9, [2.0, 7.0, 6.0], [7.0, 6.0, 9.0], [8.0, 9.0, 5.0]]]
2020-08-15 12:24:40,614 INFO Reward now: 3.615795304377874
2020-08-15 12:24:40,614 INFO Best policy so far: [[9, [4.0, 0, 9], [2, 9, 2.0], [8, 2, 2.0]], [9, [4.0, 9, 3.0], [7, 3.0, 3.0], [1, 9, 2.0]], [9, [0.0, 8.0, 4.0], [8.0, 2.0, 6], [6, 9, 6.0]]]
2020-08-15 12:24:40,614 INFO Best reward so far: 4.929380575815837
2020-08-15 15:18:39,875 INFO Iter 40
2020-08-15 15:18:40,309 INFO Policy now: [[9, [4.0, 1.0, 8.0], [0.0, 7.0, 9.0], [1.0, 3.0, 1.0]], [9, [0, 9.0, 0], [8, 1.0, 5.0], [6, 7.0, 0]], [9, [4.0, 9, 9.0], [3.0, 9, 8.0], [8, 8.0, 8.0]]]
2020-08-15 15:18:40,329 INFO Reward now: 6.9594941933949785
2020-08-15 15:18:40,329 INFO Best policy so far: [[9, [4.0, 0, 9], [2, 9, 2.0], [8, 2, 2.0]], [9, [4.0, 9, 3.0], [7, 3.0, 3.0], [1, 9, 2.0]], [9, [0.0, 8.0, 4.0], [8.0, 2.0, 6], [6, 9, 6.0]]]
2020-08-15 15:18:40,329 INFO Best reward so far: 8.243509531021118
2020-08-15 18:30:42,149 INFO Iter 41
2020-08-15 18:30:42,668 INFO Policy now: [[8.0, [3.0, 2.0, 7.0], [-0.0, 6.0, 8.0], [2.0, 5.0, 1.0]], [8.0, [0, 9.0, 1.0], [8, 2.0, 6.0], [7.0, 6.0, 1.0]], [9.0, [2.0, 8.0, 9], [5.0, 9, 7.0], [8, 7.0, 9.0]]]
2020-08-15 18:30:42,697 INFO Reward now: 4.730364441871643
2020-08-15 18:30:42,697 INFO Best policy so far: [[9, [4.0, 0, 9], [2, 9, 2.0], [8, 2, 2.0]], [9, [4.0, 9, 3.0], [7, 3.0, 3.0], [1, 9, 2.0]], [9, [0.0, 8.0, 4.0], [8.0, 2.0, 6], [6, 9, 6.0]]]
2020-08-15 18:30:42,697 INFO Best reward so far: 4.928448836008708
2020-08-15 18:53:54,677 INFO Iter 42
2020-08-15 18:53:54,716 INFO Policy now: [[9.0, [3.0, 6.0, 9.0], [0, 8.0, 7.0], [5.0, 6.0, 2.0]], [8.0, [0.0, 9, 1.0], [7.0, -0.0, 9.0], [2, 6.0, 0.0]], [9.0, [4.0, 8.0, 7.0], [8.0, 9.0, 2.0], [2.0, 9.0, 7.0]]]
2020-08-15 18:53:54,716 INFO Reward now: 9.999614795049032
2020-08-15 18:53:54,716 INFO Best policy so far: [[9, [4.0, 0, 9], [2, 9, 2.0], [8, 2, 2.0]], [9, [4.0, 9, 3.0], [7, 3.0, 3.0], [1, 9, 2.0]], [9, [0.0, 8.0, 4.0], [8.0, 2.0, 6], [6, 9, 6.0]]]
2020-08-15 18:53:54,716 INFO Best reward so far: 10.007390022277832
2020-08-15 18:59:20,809 INFO Iter 43
2020-08-15 18:59:20,811 INFO Policy now: [[8.0, [7.0, 9.0, 7.0], [-0.0, 7.0, 7.0], [3, 9, 5.0]], [8.0, [1.0, 8.0, -0.0], [4.0, -0.0, 9.0], [3.0, 4.0, 0]], [9, [0.0, 8.0, 6.0], [8, 7.0, 1.0], [3.0, 9, 9]]]
2020-08-15 18:59:20,811 INFO Reward now: 4.225763877232869
2020-08-15 18:59:20,811 INFO Best policy so far: [[8.0, [6.0, 6.0, 9.0], [2, 6.0, 9], [8.0, 9.0, 2.0]], [6.0, [0.0, 8, 0], [6.0, 0, 6.0], [4, 8.0, 0]], [9.0, [1.0, 9, 6.0], [8, 8.0, 0.0], [6.0, 9, 9]]]
2020-08-15 18:59:20,812 INFO Best reward so far: 7.025819460550944
2020-08-15 19:08:47,697 INFO Iter 44
2020-08-15 19:08:47,974 INFO Policy now: [[9, [5.0, 7.0, 5.0], [0, 7.0, 9], [1.0, 9, 5.0]], [9, [0, 7.0, 1.0], [3.0, 0, 9], [4.0, 0, 3.0]], [9, [0.0, 9.0, 4.0], [8.0, 9, 3.0], [6, 7.0, 9.0]]]
2020-08-15 19:08:48,042 INFO Reward now: 3.7029024958610535
2020-08-15 19:08:48,044 INFO Best policy so far: [[8.0, [6.0, 6.0, 9.0], [2, 6.0, 9], [8.0, 9.0, 2.0]], [6.0, [0.0, 8, 0], [6.0, 0, 6.0], [4, 8.0, 0]], [9.0, [1.0, 9, 6.0], [8, 8.0, 0.0], [6.0, 9, 9]]]
2020-08-15 19:08:48,044 INFO Best reward so far: 4.458937207857768
2020-08-15 22:18:24,994 INFO Iter 45
2020-08-15 22:18:25,483 INFO Policy now: [[9, [8.0, 9, 0.0], [0, 0, 9], [1.0, 6.0, 0]], [9, [0, 9, 4.0], [7.0, 0, 9.0], [2.0, 5.0, 0]], [8.0, [4.0, 9, 0], [2, 9, 9.0], [3.0, 4.0, 9]]]
2020-08-15 22:18:25,493 INFO Reward now: 10.352146784464518
2020-08-15 22:18:25,494 INFO Best policy so far: [[9, [0.0, 9.0, 8.0], [8, 4.0, 9], [1.0, 9, 2.0]], [9, [0, 7.0, 0], [4, 2, 7], [3.0, 2, 4.0]], [9, [-0.0, 9, 4.0], [5.0, 9, 0], [4, 8.0, 9.0]]]
2020-08-15 22:18:25,494 INFO Best reward so far: 11.204423586527506
2020-08-15 22:29:59,006 INFO Iter 46
2020-08-15 22:29:59,008 INFO Policy now: [[9.0, [8.0, 9.0, -0.0], [-0.0, 0, 8.0], [4, 7.0, 0.0]], [8.0, [0.0, 9, 5.0], [6.0, 0, 8.0], [2.0, 4.0, 0]], [9.0, [4.0, 9.0, 0.0], [2.0, 8.0, 8.0], [3.0, 4.0, 8.0]]]
2020-08-15 22:29:59,008 INFO Reward now: 5.876197536786397
2020-08-15 22:29:59,008 INFO Best policy so far: [[6, [4.0, 9, 0], [0, 0, 9], [2.0, 8.0, 2]], [8, [1, 9, 2.0], [3.0, 0, 6.0], [6.0, 3.0, 0]], [7.0, [0.0, 9, 1], [4, 4, 9.0], [6.0, 7.0, 6]]]
2020-08-15 22:29:59,008 INFO Best reward so far: 6.14565094312032
2020-08-16 01:34:27,710 INFO Iter 47
2020-08-16 01:34:27,979 INFO Policy now: [[9.0, [8, 8.0, -0.0], [0.0, 0, 9.0], [4.0, 9.0, 2.0]], [8.0, [-0.0, 8.0, 7.0], [4.0, 0, 8.0], [1.0, 2.0, 0]], [8.0, [7.0, 9, -0.0], [2.0, 6.0, 8.0], [5, 6.0, 7.0]]]
2020-08-16 01:34:27,991 INFO Reward now: 8.071740945180258
2020-08-16 01:34:27,991 INFO Best policy so far: [[8.0, [8, 9, 2.0], [0, 0, 8.0], [2, 9, 4.0]], [4.0, [3.0, 6, 5.0], [6.0, 0, 5.0], [1, 2.0, 0]], [6.0, [8.0, 9, 0], [1.0, 6.0, 9], [6.0, 7.0, 8.0]]]
2020-08-16 01:34:27,991 INFO Best reward so far: 9.255803108215332
2020-08-16 01:47:24,449 INFO Iter 48
2020-08-16 01:47:24,472 INFO Policy now: [[9, [8, 7.0, 4.0], [1.0, 2.0, 9], [0, 9, 3.0]], [9.0, [0.0, 5.0, 6.0], [8, 1.0, 5.0], [2, 1.0, 2.0]], [9, [3.0, 9, 0], [0, 4.0, 4.0], [5.0, 6.0, 4.0]]]
2020-08-16 01:47:24,473 INFO Reward now: 6.732361912727356
2020-08-16 01:47:24,473 INFO Best policy so far: [[9, [8, 9, 2.0], [4.0, 1, 5.0], [6.0, 9, 4.0]], [8.0, [0.0, 7.0, 6.0], [2.0, 4, 5.0], [5.0, 5.0, 0]], [9, [8.0, 9, 0], [0, 9.0, 4.0], [4, 9, 8.0]]]
2020-08-16 01:47:24,473 INFO Best reward so far: 8.207213242848715
2020-08-16 01:53:01,826 INFO Iter 49
2020-08-16 01:53:01,828 INFO Policy now: [[8.0, [7.0, 7.0, 5.0], [2.0, 4.0, 9], [0, 9.0, 4.0]], [7.0, [-0.0, 7.0, 6.0], [8.0, 0.0, 4.0], [3.0, 0.0, 0.0]], [8.0, [4.0, 8.0, 0.0], [0, 3.0, 4.0], [8, 5.0, 5.0]]]
2020-08-16 01:53:01,828 INFO Reward now: 4.738584140936534
2020-08-16 01:53:01,828 INFO Best policy so far: [[7, [6, 7.0, 6.0], [2.0, 6.0, 9], [0, 9, 4.0]], [6.0, [0.0, 9.0, 4.0], [8, 0.0, 5.0], [6, 0, 0]], [6, [6.0, 6, 0], [0, 4.0, 2.0], [1.0, 5.0, 6.0]]]
2020-08-16 01:53:01,829 INFO Best reward so far: 5.885736385981242
2020-08-16 05:03:46,895 INFO Iter 50
2020-08-16 05:03:47,283 INFO Policy now: [[9, [8, 3.0, 8.0], [2.0, 0, 4.0], [3.0, 9, 9.0]], [9, [0, 9.0, 2.0], [8.0, 2.0, 9], [4.0, 0, 1.0]], [9, [3.0, 9, 6.0], [5, 9.0, 9.0], [8, 0, 0]]]
2020-08-16 05:03:47,293 INFO Reward now: 10.126308917999268
2020-08-16 05:03:47,293 INFO Best policy so far: [[9, [6.0, 9, 6.0], [2.0, 2.0, 7], [0, 8.0, 8.0]], [8.0, [0, 4.0, 3.0], [8.0, 0, 2.0], [2.0, 0, 4.0]], [9, [0.0, 8.0, 4.0], [4, 6.0, 2.0], [8, 2.0, 1.0]]]
2020-08-16 05:03:47,293 INFO Best reward so far: 11.184074560801188
2020-08-16 08:13:07,892 INFO Iter 51
2020-08-16 08:13:08,136 INFO Policy now: [[9, [7.0, 2.0, 9], [-0.0, 6.0, 0], [3.0, 9, 9]], [9, [1.0, 7.0, 9.0], [8, 0, 6.0], [3.0, -0.0, 6.0]], [9, [1.0, 7.0, 9], [0, 9.0, 9], [5.0, 3.0, 6.0]]]
2020-08-16 08:13:08,150 INFO Reward now: 10.81658418973287
2020-08-16 08:13:08,150 INFO Best policy so far: [[9, [6.0, 9, 6.0], [2.0, 2.0, 7], [0, 8.0, 8.0]], [8.0, [0, 4.0, 3.0], [8.0, 0, 2.0], [2.0, 0, 4.0]], [9, [0.0, 8.0, 4.0], [4, 6.0, 2.0], [8, 2.0, 1.0]]]
2020-08-16 08:13:08,150 INFO Best reward so far: 11.325140476226807
2020-08-16 08:32:19,623 INFO Iter 52
2020-08-16 08:32:19,673 INFO Policy now: [[8.0, [4.0, 1.0, 8.0], [0, 5.0, 0], [1, 7.0, 9]], [7.0, [0, 4.0, 8.0], [8, 1.0, 8.0], [4.0, 0, 9]], [7.0, [-0.0, 4.0, 9], [2.0, 6.0, 9], [1, 0, 9]]]
2020-08-16 08:32:19,673 INFO Reward now: 8.664435148239136
2020-08-16 08:32:19,673 INFO Best policy so far: [[6, [4.0, 0.0, 9], [2.0, 5.0, 4], [0.0, 9, 6]], [4, [4.0, 5.0, 6.0], [8, 2, 9], [2.0, 0, 8.0]], [6, [1.0, 2.0, 9], [0, 9, 9], [4.0, 6.0, 5.0]]]
2020-08-16 08:32:19,673 INFO Best reward so far: 8.972060044606527
2020-08-16 08:44:31,063 INFO Iter 53
2020-08-16 08:44:31,105 INFO Policy now: [[9, [0, 2.0, 5.0], [2.0, 6.0, -0.0], [6, 8.0, 8.0]], [8.0, [0, 6.0, 9.0], [8, 2.0, 8.0], [3.0, 1.0, 9]], [8.0, [2.0, 1.0, 8.0], [5, 9.0, 8.0], [-0.0, 0.0, 9.0]]]
2020-08-16 08:44:31,105 INFO Reward now: 5.409968316555023
2020-08-16 08:44:31,105 INFO Best policy so far: [[9.0, [3.0, 0.0, 4.0], [2, 6.0, 0], [0, 8.0, 6]], [8.0, [4, 4.0, 9.0], [8, 4.0, 9], [0.0, 0, 9]], [9, [2.0, 0.0, 9], [0.0, 9, 5], [5, 0, 9]]]
2020-08-16 08:44:31,105 INFO Best reward so far: 6.9878443876902265
2020-08-16 08:55:22,202 INFO Iter 54
2020-08-16 08:55:22,901 INFO Policy now: [[9.0, [0, 1.0, 1.0], [1.0, 6.0, 1.0], [8.0, 6.0, 9.0]], [9.0, [0, 8.0, 9], [8.0, 0.0, 9], [3.0, 3.0, 9.0]], [9, [3.0, 0.0, 7.0], [4.0, 8.0, 8.0], [2.0, -0.0, 8.0]]]
2020-08-16 08:55:22,902 INFO Reward now: 6.328356027603149
2020-08-16 08:55:22,902 INFO Best policy so far: [[9.0, [3.0, 0.0, 4.0], [2, 6.0, 0], [0, 8.0, 6]], [8.0, [4, 4.0, 9.0], [8, 4.0, 9], [0.0, 0, 9]], [9, [2.0, 0.0, 9], [0.0, 9, 5], [5, 0, 9]]]
2020-08-16 08:55:22,902 INFO Best reward so far: 6.538045008977254
2020-08-16 09:03:55,513 INFO Iter 55
2020-08-16 09:03:55,686 INFO Policy now: [[7.0, [2.0, 6.0, 0], [4.0, 9, 5.0], [0, 9, 7.0]], [7.0, [0, 9, 9], [8, 0.0, 9.0], [7, 0, 7.0]], [9, [8, -0.0, 6.0], [0, 5.0, 9], [2.0, 4.0, 5.0]]]
2020-08-16 09:03:55,815 INFO Reward now: 9.193447907765707
2020-08-16 09:03:55,815 INFO Best policy so far: [[9, [4, 4.0, 0], [8, 8.0, 4.0], [0, 6.0, 8.0]], [9.0, [0, 8.0, 9], [8, 0, 8], [6.0, 2.0, 4.0]], [9, [6.0, 0, 8.0], [2.0, 9, 6.0], [4.0, 2.0, 9]]]
2020-08-16 09:03:55,815 INFO Best reward so far: 9.608455340067545
2020-08-16 12:00:29,778 INFO Iter 56
2020-08-16 12:00:29,960 INFO Policy now: [[7.0, [0, 1.0, 2.0], [3, 7.0, 9], [4.0, 9, 1.0]], [3.0, [5.0, 9, 6.0], [8, 3.0, 9], [2.0, 0, -0.0]], [9, [6.0, 0.0, 6.0], [0, 7.0, 9], [1, -0.0, 5.0]]]
2020-08-16 12:00:30,012 INFO Reward now: 7.397814313570659
2020-08-16 12:00:30,012 INFO Best policy so far: [[9, [4, 4.0, 0], [8, 8.0, 4.0], [0, 6.0, 8.0]], [9.0, [0, 8.0, 9], [8, 0, 8], [6.0, 2.0, 4.0]], [9, [6.0, 0, 8.0], [2.0, 9, 6.0], [4.0, 2.0, 9]]]
2020-08-16 12:00:30,012 INFO Best reward so far: 8.340611020723978
2020-08-16 12:16:02,333 INFO Iter 57
2020-08-16 12:16:02,368 INFO Policy now: [[9, [0, 0, 0], [1.0, 1.0, 9], [3, 9, 0]], [7.0, [5.0, 9, 2.0], [8, 0, 9], [6.0, 0, 0]], [9, [4.0, 4.0, 7.0], [0, 8.0, 8.0], [2.0, 0, 2.0]]]
2020-08-16 12:16:02,368 INFO Reward now: 7.576568047205607
2020-08-16 12:16:02,368 INFO Best policy so far: [[9, [4, 4.0, 0], [8, 8.0, 4.0], [0, 6.0, 8.0]], [9.0, [0, 8.0, 9], [8, 0, 8], [6.0, 2.0, 4.0]], [9, [6.0, 0, 8.0], [2.0, 9, 6.0], [4.0, 2.0, 9]]]
2020-08-16 12:16:02,368 INFO Best reward so far: 9.203760623931885
2020-08-16 15:19:39,394 INFO Iter 58
2020-08-16 15:19:39,657 INFO Policy now: [[6.0, [1.0, 3.0, 0], [0, 0, 8.0], [8, 9.0, 0]], [2.0, [-0.0, 6.0, 9], [8, 0.0, 9], [3.0, 0, 3.0]], [6.0, [7.0, 9, 2.0], [0, 6.0, 9], [1.0, 3.0, 6.0]]]
2020-08-16 15:19:39,670 INFO Reward now: 6.169733206431071
2020-08-16 15:19:39,671 INFO Best policy so far: [[9, [0, 1, 2], [1.0, 0, 8], [4, 9, 0]], [9, [6.0, 9, 6.0], [4, 0, 4], [2.0, 4, 4]], [9, [2.0, 1.0, 7.0], [0, 9, 9], [4.0, 2, 0]]]
2020-08-16 15:19:39,671 INFO Best reward so far: 8.386192639668783
2020-08-16 18:20:50,820 INFO Iter 59
2020-08-16 18:20:51,526 INFO Policy now: [[9, [-0.0, 9, -0.0], [1.0, 2.0, 4.0], [8, 9, 0]], [5.0, [2.0, -0.0, 9], [5.0, 0, 9.0], [0.0, 0, 0]], [7.0, [2.0, 9, -0.0], [-0.0, 6.0, 8.0], [3, 6.0, 0]]]
2020-08-16 18:20:51,579 INFO Reward now: 8.26373807589213
2020-08-16 18:20:51,579 INFO Best policy so far: [[9, [0, 1, 2], [1.0, 0, 8], [4, 9, 0]], [9, [6.0, 9, 6.0], [4, 0, 4], [2.0, 4, 4]], [9, [2.0, 1.0, 7.0], [0, 9, 9], [4.0, 2, 0]]]
2020-08-16 18:20:51,580 INFO Best reward so far: 8.421740214029947
2020-08-16 18:46:53,098 INFO Iter 60
2020-08-16 18:46:53,104 INFO Policy now: [[8.0, [1.0, 9, 3.0], [3.0, 4.0, 5.0], [6.0, 9, 0]], [1.0, [0, 0, 9.0], [8, 0, 9.0], [3.0, 3.0, 2.0]], [8.0, [0, 8.0, 0], [1.0, 6.0, 8.0], [6, 8.0, 0]]]
2020-08-16 18:46:53,105 INFO Reward now: 12.038230021794638
2020-08-16 18:46:53,105 INFO Best policy so far: [[8, [2.0, 9, 4.0], [4.0, 6.0, 2.0], [8, 9, 0]], [2.0, [0, -0.0, 9], [8.0, 0, 8.0], [1.0, 4, 2]], [6.0, [0, 8, 0], [2.0, 4.0, 6.0], [6, 6.0, 0]]]
2020-08-16 18:46:53,105 INFO Best reward so far: 13.519501527150473
2020-08-16 21:53:50,206 INFO Iter 61
2020-08-16 21:53:50,585 INFO Policy now: [[9, [1.0, 8.0, 9], [4.0, 5.0, 7.0], [5.0, 9, 0]], [5.0, [-0.0, 0, 7.0], [6.0, 2.0, 9], [3.0, 0, 6.0]], [9.0, [0, 5.0, 1.0], [3.0, 5.0, 8.0], [7, 9.0, 0]]]
2020-08-16 21:53:50,599 INFO Reward now: 9.212324221928915
2020-08-16 21:53:50,599 INFO Best policy so far: [[9, [0, 9, 8.0], [5.0, 4.0, 8.0], [4.0, 9, 0]], [4.0, [0, 0, 5.0], [8, 4, 9], [3.0, 2.0, 4.0]], [8.0, [0, 4.0, 4], [2.0, 6.0, 8.0], [6, 9, 0]]]
2020-08-16 21:53:50,599 INFO Best reward so far: 10.760963757832846
2020-08-16 21:59:57,889 INFO Iter 62
2020-08-16 21:59:57,895 INFO Policy now: [[9, [2.0, 7.0, 9], [6.0, 9, 0], [7.0, 9, 0]], [6.0, [5.0, 1.0, 9], [4.0, 5.0, 9], [3.0, -0.0, 4.0]], [9, [1.0, 9, 2.0], [0, 3.0, 5.0], [6.0, 9.0, 4.0]]]
2020-08-16 21:59:57,896 INFO Reward now: 5.433624943097432
2020-08-16 21:59:57,896 INFO Best policy so far: [[9, [0, 9, 8.0], [5.0, 4.0, 8.0], [4.0, 9, 0]], [4.0, [0, 0, 5.0], [8, 4, 9], [3.0, 2.0, 4.0]], [8.0, [0, 4.0, 4], [2.0, 6.0, 8.0], [6, 9, 0]]]
2020-08-16 21:59:57,896 INFO Best reward so far: 6.169152895609538
2020-08-16 22:05:35,533 INFO Iter 63
2020-08-16 22:05:35,699 INFO Policy now: [[7.0, [5.0, 8.0, 7.0], [0, 7.0, 0], [8, 9, 2.0]], [4.0, [7.0, 0, 7.0], [4.0, 9, 9.0], [0, -0.0, 0.0]], [7.0, [0, 8.0, 0.0], [8, 2.0, 1.0], [3.0, 9, 4.0]]]
2020-08-16 22:05:35,709 INFO Reward now: 5.959644198417664
2020-08-16 22:05:35,709 INFO Best policy so far: [[9, [0.0, 8.0, 9], [8.0, 8, 2], [6.0, 7, 0]], [6.0, [4.0, 0, 9], [6.0, 4.0, 8], [3.0, 3.0, 6.0]], [9, [0.0, 9, 5.0], [2, 4.0, 4.0], [4.0, 9, 6.0]]]
2020-08-16 22:05:35,709 INFO Best reward so far: 8.032711744308472
2020-08-16 22:18:38,850 INFO Iter 64
2020-08-16 22:18:38,858 INFO Policy now: [[9, [8, 6.0, 9], [0, 4.0, -0.0], [3, 9.0, 5.0]], [9, [5.0, 3.0, 5.0], [1.0, 9, 9.0], [0, 0.0, 0.0]], [9, [1.0, 9.0, 1.0], [8.0, 1.0, -0.0], [0, 9.0, 0]]]
2020-08-16 22:18:38,858 INFO Reward now: 8.064770420392355
2020-08-16 22:18:38,858 INFO Best policy so far: [[9, [8.0, 6.0, 9], [0, 2.0, 0], [1, 9, -0.0]], [4.0, [7.0, 0, 9], [4.0, 9, 8.0], [0, 4.0, 0]], [9, [0, 8.0, 2.0], [8, 0.0, 2.0], [2, 9, 1.0]]]
2020-08-16 22:18:38,858 INFO Best reward so far: 8.719828605651855
2020-08-17 01:23:58,207 INFO Iter 65
2020-08-17 01:23:58,472 INFO Policy now: [[9.0, [8, 6.0, 9], [0, 8.0, 0.0], [1.0, 8.0, -0.0]], [9, [-0.0, 7.0, 2.0], [1.0, 9, 9], [8, 2.0, 3.0]], [8.0, [0, 7.0, 2.0], [8, 0, 0.0], [3.0, 3.0, 2.0]]]
2020-08-17 01:23:58,483 INFO Reward now: 7.012142340342204
2020-08-17 01:23:58,483 INFO Best policy so far: [[9, [8, 9, 6], [0, -0.0, 0.0], [2, 6.0, 4.0]], [9, [0.0, 4.0, 4.0], [2.0, 9, 6.0], [4, 2.0, 4.0]], [9, [0, 8.0, 4.0], [8.0, 0, 0], [2, 4.0, 2]]]
2020-08-17 01:23:58,483 INFO Best reward so far: 8.054789622624716
2020-08-17 04:38:27,121 INFO Iter 66
2020-08-17 04:38:27,322 INFO Policy now: [[9, [8.0, 7.0, 7.0], [0, 7.0, -0.0], [2.0, 9, 0]], [9, [0.0, 7.0, 3.0], [1.0, 8.0, 9.0], [7.0, 4.0, 4.0]], [9, [0.0, 8.0, 4.0], [6.0, 0, 0.0], [4.0, 5.0, 2.0]]]
2020-08-17 04:38:27,337 INFO Reward now: 5.25711989402771
2020-08-17 04:38:27,337 INFO Best policy so far: [[9, [8.0, 7.0, 7.0], [0, 7.0, -0.0], [2.0, 9, 0]], [9, [0.0, 7.0, 3.0], [1.0, 8.0, 9.0], [7.0, 4.0, 4.0]], [9, [0.0, 8.0, 4.0], [6.0, 0, 0.0], [4.0, 5.0, 2.0]]]
2020-08-17 04:38:27,337 INFO Best reward so far: 5.25711989402771
2020-08-17 07:51:50,275 INFO Iter 67
2020-08-17 07:51:50,461 INFO Policy now: [[9, [7.0, 5.0, 5.0], [0, 8.0, 1.0], [2.0, 9, 0]], [9.0, [1.0, 8.0, 1.0], [0.0, 9, 8.0], [5.0, 5.0, 6.0]], [9.0, [1.0, 8.0, 2.0], [7.0, 1.0, 0], [2, 4.0, 1.0]]]
2020-08-17 07:51:50,480 INFO Reward now: 8.908115267753601
2020-08-17 07:51:50,480 INFO Best policy so far: [[9, [4.0, 5.0, 3.0], [0, 8.0, 4.0], [3.0, 9, 0]], [9, [2.0, 8.0, 2.0], [0, 9, 6.0], [3.0, 6.0, 8.0]], [9, [2.0, 8.0, 3.0], [8, 4, 0], [0.0, 4.0, 1.0]]]
2020-08-17 07:51:50,480 INFO Best reward so far: 10.752637227376303
2020-08-17 10:57:34,196 INFO Iter 68
2020-08-17 10:57:34,351 INFO Policy now: [[9.0, [8.0, 5.0, 4.0], [0.0, 9, -0.0], [2.0, 9.0, 0]], [9, [0, 9, 2.0], [2.0, 8.0, 6.0], [4, 7.0, 3.0]], [9.0, [0, 5.0, 2.0], [6.0, 4.0, 0.0], [5.0, 7.0, 3.0]]]
2020-08-17 10:57:34,361 INFO Reward now: 10.868460098902384
2020-08-17 10:57:34,361 INFO Best policy so far: [[9, [8, 3.0, 7.0], [0, 9, 2.0], [3.0, 5, 0]], [8.0, [0.0, 9.0, 0], [4.0, 9, 6.0], [2.0, 8.0, 6.0]], [9.0, [0, 7.0, -0.0], [8, 5.0, 0], [4, 6.0, 3.0]]]
2020-08-17 10:57:34,361 INFO Best reward so far: 11.230321407318115
2020-08-17 11:11:53,802 INFO Iter 69
2020-08-17 11:11:54,074 INFO Policy now: [[9.0, [8.0, 6.0, 4.0], [1.0, 9, 1.0], [2.0, 8.0, 0.0]], [8.0, [0, 8.0, -0.0], [2.0, 7.0, 8.0], [3.0, 6.0, 1.0]], [8.0, [1.0, 2.0, 2.0], [4.0, 3.0, 0], [5.0, 9.0, 5.0]]]
2020-08-17 11:11:54,132 INFO Reward now: 7.573480208714803
2020-08-17 11:11:54,133 INFO Best policy so far: [[9, [8, 3.0, 7.0], [0, 9, 2.0], [3.0, 5, 0]], [8.0, [0.0, 9.0, 0], [4.0, 9, 6.0], [2.0, 8.0, 6.0]], [9.0, [0, 7.0, -0.0], [8, 5.0, 0], [4, 6.0, 3.0]]]
2020-08-17 11:11:54,133 INFO Best reward so far: 7.886467854181926
2020-08-17 14:23:01,898 INFO Iter 70
2020-08-17 14:23:02,040 INFO Policy now: [[7.0, [7.0, 4.0, 6.0], [3.0, 9, 5.0], [0, 6.0, 0]], [6.0, [1.0, 7.0, 0], [2.0, 3.0, 8.0], [5.0, 9, 0]], [9.0, [0, 5.0, 7.0], [8, 8.0, 0], [2.0, 9, 2.0]]]
2020-08-17 14:23:02,076 INFO Reward now: 12.205929438273111
2020-08-17 14:23:02,076 INFO Best policy so far: [[6.0, [6.0, 5.0, 6.0], [4.0, 9, 6.0], [0.0, 6.0, 0]], [5.0, [2, 6.0, 0], [6.0, 4.0, 8.0], [5, 9, 0]], [8.0, [0, 5.0, 4.0], [8.0, 7.0, 0], [2.0, 9, 2.0]]]
2020-08-17 14:23:02,076 INFO Best reward so far: 13.48926862080892
2020-08-17 17:24:45,388 INFO Iter 71
2020-08-17 17:24:45,626 INFO Policy now: [[8.0, [5.0, 5.0, 7.0], [2.0, 9.0, 4.0], [-0.0, 4.0, 0]], [7.0, [1.0, 6.0, 0], [0, 6.0, 7.0], [4.0, 9, 0]], [9, [0.0, 7.0, 7.0], [7.0, 8.0, 1.0], [1.0, 9, 2.0]]]
2020-08-17 17:24:45,642 INFO Reward now: 3.805436372756958
2020-08-17 17:24:45,642 INFO Best policy so far: [[7.0, [4.0, 8.0, 8.0], [2, 9, 6.0], [0, 4.0, 2]], [6.0, [0, 6.0, 2], [3.0, 8.0, 8.0], [6.0, 9, 2]], [8.0, [0, 8.0, 5.0], [6, 6.0, 4], [2.0, 9, 0.0]]]
2020-08-17 17:24:45,642 INFO Best reward so far: 4.822158416112264
2020-08-17 17:30:40,090 INFO Iter 72
2020-08-17 17:30:40,095 INFO Policy now: [[6.0, [4.0, 5.0, 8.0], [1.0, 9, 4.0], [7, 2.0, -0.0]], [7.0, [1.0, 8.0, -0.0], [8, 4.0, 5.0], [5.0, 9.0, -0.0]], [7.0, [0.0, 8.0, 7.0], [6.0, 8.0, 0.0], [1.0, 9, 4.0]]]
2020-08-17 17:30:40,095 INFO Reward now: 7.141770203908284
2020-08-17 17:30:40,096 INFO Best policy so far: [[6.0, [4.0, 5.0, 8.0], [1.0, 9, 4.0], [7, 2.0, -0.0]], [7.0, [1.0, 8.0, -0.0], [8, 4.0, 5.0], [5.0, 9.0, -0.0]], [7.0, [0.0, 8.0, 7.0], [6.0, 8.0, 0.0], [1.0, 9, 4.0]]]
2020-08-17 17:30:40,096 INFO Best reward so far: 7.141770203908284
2020-08-17 20:42:04,453 INFO Iter 73
2020-08-17 20:42:04,780 INFO Policy now: [[2.0, [-0.0, 2.0, 9], [1.0, 9.0, 7.0], [8, 3.0, 0]], [4.0, [3.0, 9, -0.0], [5.0, 3.0, 7.0], [6.0, 8.0, 0]], [1.0, [3.0, 8.0, 5.0], [5.0, 2.0, 2.0], [0, 7.0, 0]]]
2020-08-17 20:42:04,825 INFO Reward now: 7.890476584434509
2020-08-17 20:42:04,825 INFO Best policy so far: [[2.0, [4.0, 4.0, 9], [-0.0, 7, 7.0], [7, 0.0, 0]], [6.0, [1.0, 9, 4.0], [4, 6.0, 2.0], [6.0, 6.0, 0]], [4.0, [2.0, 4.0, 3.0], [6, 4.0, 4.0], [-0.0, 7, 1.0]]]
2020-08-17 20:42:04,825 INFO Best reward so far: 10.719807465871176
2020-08-17 23:38:20,599 INFO Iter 74
2020-08-17 23:38:20,891 INFO Policy now: [[9.0, [0.0, 0, 9], [3.0, 9, 9.0], [8, 9, 0.0]], [9, [8, 9, 1.0], [3.0, 9.0, 9.0], [1.0, 9, 1.0]], [6.0, [8, 3.0, 9], [4, 1.0, 7.0], [0, 3.0, 4.0]]]
2020-08-17 23:38:20,919 INFO Reward now: 3.862483561038971
2020-08-17 23:38:20,919 INFO Best policy so far: [[2.0, [4.0, 4.0, 9], [-0.0, 7, 7.0], [7, 0.0, 0]], [6.0, [1.0, 9, 4.0], [4, 6.0, 2.0], [6.0, 6.0, 0]], [4.0, [2.0, 4.0, 3.0], [6, 4.0, 4.0], [-0.0, 7, 1.0]]]
2020-08-17 23:38:20,919 INFO Best reward so far: 5.547656973203023
2020-08-18 02:43:16,724 INFO Iter 75
2020-08-18 02:43:16,922 INFO Policy now: [[9, [0, 1.0, 9], [2.0, 6.0, 8.0], [8, 7.0, 0.0]], [9, [6.0, 6.0, 0], [5.0, 9, 7.0], [0, 8.0, 4.0]], [9, [8, 6.0, 6.0], [0.0, 5.0, 9.0], [2, 4.0, 1.0]]]
2020-08-18 02:43:16,936 INFO Reward now: 9.338127255439758
2020-08-18 02:43:16,936 INFO Best policy so far: [[9, [0, 1.0, 9], [2.0, 6.0, 8.0], [8, 7.0, 0.0]], [9, [6.0, 6.0, 0], [5.0, 9, 7.0], [0, 8.0, 4.0]], [9, [8, 6.0, 6.0], [0.0, 5.0, 9.0], [2, 4.0, 1.0]]]
2020-08-18 02:43:16,936 INFO Best reward so far: 9.338127255439758
2020-08-18 03:02:44,697 INFO Iter 76
2020-08-18 03:02:45,039 INFO Policy now: [[8.0, [1.0, 0, 9], [2.0, 4.0, 9], [7.0, 9.0, -0.0]], [8.0, [8, 5.0, 0], [3.0, 8.0, 6.0], [1.0, 8.0, 6.0]], [9.0, [7.0, 8.0, 2.0], [0.0, 9.0, 9], [3.0, 8.0, 0]]]
2020-08-18 03:02:45,070 INFO Reward now: 4.706583797931671
2020-08-18 03:02:45,070 INFO Best policy so far: [[8, [0, 0.0, 9], [3.0, 7.0, 8.0], [4, 9, 0]], [6, [6.0, 6.0, 0], [2, 6, 4.0], [4, 9, 8.0]], [7, [8, 7.0, 4.0], [0, 7.0, 9], [2, 6.0, 0]]]
2020-08-18 03:02:45,070 INFO Best reward so far: 7.017443895339966
2020-08-18 03:13:42,176 INFO Iter 77
2020-08-18 03:13:42,181 INFO Policy now: [[9, [2.0, 2.0, 9.0], [0, 0.0, 9], [5.0, 9, 1.0]], [9.0, [8, 2.0, 1.0], [-0.0, 9.0, 6.0], [3.0, 6.0, 9.0]], [9, [8.0, 6.0, 2.0], [0, 7.0, 9], [6.0, 6.0, 0.0]]]
2020-08-18 03:13:42,181 INFO Reward now: 4.869800130526225
2020-08-18 03:13:42,181 INFO Best policy so far: [[9, [2.0, 4, 9], [0, -0.0, 9], [4.0, 9, 3.0]], [9, [8, 2.0, 3], [0, 9, 6.0], [5.0, 4.0, 9]], [9, [8.0, 4.0, 2.0], [0, 4.0, 9], [6.0, 5.0, 0]]]
2020-08-18 03:13:42,181 INFO Best reward so far: 7.107424100240071
2020-08-18 03:36:46,662 INFO Iter 78
2020-08-18 03:36:46,715 INFO Policy now: [[9.0, [2.0, 8.0, 9], [0, 2.0, 8.0], [7.0, 9, 5.0]], [8.0, [7.0, 2.0, 1.0], [0, 9, 5.0], [5.0, 6.0, 9]], [8.0, [8, 0, 6.0], [0.0, 1.0, 9], [6.0, 7.0, 4.0]]]
2020-08-18 03:36:46,715 INFO Reward now: 9.542469104131063
2020-08-18 03:36:46,715 INFO Best policy so far: [[9, [2.0, 4, 9], [0, -0.0, 9], [4.0, 9, 3.0]], [9, [8, 2.0, 3], [0, 9, 6.0], [5.0, 4.0, 9]], [9, [8.0, 4.0, 2.0], [0, 4.0, 9], [6.0, 5.0, 0]]]
2020-08-18 03:36:46,716 INFO Best reward so far: 12.064101775487265
2020-08-18 03:41:54,606 INFO Iter 79
2020-08-18 03:41:54,611 INFO Policy now: [[9.0, [3.0, 7.0, 9.0], [-0.0, 1.0, 8.0], [7.0, 9.0, 5.0]], [8.0, [7.0, 3.0, 1.0], [0, 9.0, 5.0], [5.0, 6.0, 9.0]], [8.0, [8.0, 0.0, 4.0], [-0.0, 1.0, 9.0], [5.0, 8.0, 3.0]]]
2020-08-18 03:41:54,611 INFO Reward now: 2.8609518706798553
2020-08-18 03:41:54,611 INFO Best policy so far: [[9, [2.0, 4, 9], [0, -0.0, 9], [4.0, 9, 3.0]], [9, [8, 2.0, 3], [0, 9, 6.0], [5.0, 4.0, 9]], [9, [8.0, 4.0, 2.0], [0, 4.0, 9], [6.0, 5.0, 0]]]
2020-08-18 03:41:54,611 INFO Best reward so far: 4.775974412759145
2020-08-18 04:01:30,085 INFO Iter 80
2020-08-18 04:01:30,240 INFO Policy now: [[8.0, [2.0, 9, 9.0], [-0.0, 4.0, 9.0], [5.0, 9, 6.0]], [7.0, [6.0, 4.0, 4.0], [1.0, 9.0, 5.0], [5, 7.0, 9]], [8.0, [7.0, 0, 2.0], [0, 3.0, 9], [6.0, 7.0, 4.0]]]
2020-08-18 04:01:30,247 INFO Reward now: 7.662484526634216
2020-08-18 04:01:30,247 INFO Best policy so far: [[9, [0, 9, 6.0], [8, 6.0, 9], [2.0, 8.0, 9]], [9, [4.0, 2.0, 6.0], [0, 9, 6.0], [8, 6.0, 9.0]], [9, [8, 3.0, 0.0], [2.0, 3.0, 9], [6.0, 9, 0]]]
2020-08-18 04:01:30,247 INFO Best reward so far: 8.562039772669474
2020-08-18 04:26:49,871 INFO Iter 81
2020-08-18 04:26:49,895 INFO Policy now: [[9.0, [0, 9, 7.0], [1, 9, 9], [2, 3.0, 0]], [9, [8, 1.0, 0], [4.0, 5.0, 8.0], [0, 5.0, 6.0]], [9, [4.0, 0.0, 3.0], [0, 9, 9], [1, 7.0, 0]]]
2020-08-18 04:26:49,895 INFO Reward now: 11.678431510925293
2020-08-18 04:26:49,896 INFO Best policy so far: [[8.0, [0, 9, 8.0], [1, 6.0, 9], [4.0, 4, 2.0]], [9, [8.0, 2.0, 0.0], [2.0, 6.0, 6.0], [4, 7.0, 6]], [9, [6.0, 0, 3.0], [0, 7.0, 9], [2.0, 6.0, -0.0]]]
2020-08-18 04:26:49,896 INFO Best reward so far: 12.261340459187826
2020-08-18 04:45:08,760 INFO Iter 82
2020-08-18 04:45:08,765 INFO Policy now: [[9.0, [1.0, 9.0, 9], [0, 9.0, 9], [3.0, 5.0, 0]], [9, [8, 0.0, 0], [6.0, 7.0, 9.0], [0, 4.0, 7.0]], [9.0, [7.0, 1.0, 5.0], [0, 8.0, 9.0], [2.0, 6.0, 0]]]
2020-08-18 04:45:08,766 INFO Reward now: 9.148944934209188
2020-08-18 04:45:08,766 INFO Best policy so far: [[8.0, [0, 9, 8.0], [1, 6.0, 9], [4.0, 4, 2.0]], [9, [8.0, 2.0, 0.0], [2.0, 6.0, 6.0], [4, 7.0, 6]], [9, [6.0, 0, 3.0], [0, 7.0, 9], [2.0, 6.0, -0.0]]]
2020-08-18 04:45:08,766 INFO Best reward so far: 10.279850800832113
2020-08-18 07:55:34,699 INFO Iter 83
2020-08-18 07:55:34,917 INFO Policy now: [[9, [5.0, 6.0, 9.0], [0, 9, 8.0], [1.0, 0, 0]], [9, [4.0, 0, 4.0], [5.0, 9.0, 7.0], [2.0, 3.0, 3.0]], [9, [6.0, 0, 9], [2.0, 9, 6.0], [1.0, 0, 0]]]
2020-08-18 07:55:34,931 INFO Reward now: 9.935920238494873
2020-08-18 07:55:34,931 INFO Best policy so far: [[8.0, [0, 9, 8.0], [1, 6.0, 9], [4.0, 4, 2.0]], [9, [8.0, 2.0, 0.0], [2.0, 6.0, 6.0], [4, 7.0, 6]], [9, [6.0, 0, 3.0], [0, 7.0, 9], [2.0, 6.0, -0.0]]]
2020-08-18 07:55:34,931 INFO Best reward so far: 11.756805896759033
2020-08-18 08:00:00,897 INFO Iter 84
2020-08-18 08:00:00,902 INFO Policy now: [[9.0, [4.0, 6.0, 9.0], [-0.0, 8.0, 8.0], [1.0, -0.0, 0.0]], [9.0, [5.0, 0.0, 6.0], [4.0, 9.0, 7.0], [2.0, 1.0, 5.0]], [9.0, [5.0, 0.0, 9.0], [2.0, 9.0, 6.0], [1.0, 0.0, 0.0]]]
2020-08-18 08:00:00,903 INFO Reward now: 7.014016429583232
2020-08-18 08:00:00,903 INFO Best policy so far: [[9.0, [4.0, 6.0, 9.0], [-0.0, 8.0, 8.0], [1.0, -0.0, 0.0]], [9.0, [5.0, 0.0, 6.0], [4.0, 9.0, 7.0], [2.0, 1.0, 5.0]], [9.0, [5.0, 0.0, 9.0], [2.0, 9.0, 6.0], [1.0, 0.0, 0.0]]]
2020-08-18 08:00:00,903 INFO Best reward so far: 7.014016429583232
2020-08-18 08:20:11,841 INFO Iter 85
2020-08-18 08:20:12,078 INFO Policy now: [[9, [5.0, 8.0, 8.0], [2.0, 8.0, 6.0], [3.0, 0.0, 1.0]], [9, [5.0, 1.0, 9.0], [1.0, 6.0, 7.0], [-0.0, 1.0, 4.0]], [9, [7.0, 3.0, 9], [2.0, 9, 3.0], [0, 3.0, 0]]]
2020-08-18 08:20:12,111 INFO Reward now: 7.768651962280273
2020-08-18 08:20:12,111 INFO Best policy so far: [[9, [6.0, 9.0, 8.0], [4.0, 9.0, 7.0], [5.0, 2.0, 1.0]], [9, [6.0, 2.0, 9], [1.0, 6.0, 7.0], [0, 2.0, 4.0]], [9, [8.0, 4.0, 9], [2.0, 9, 4.0], [0.0, 4.0, 0]]]
2020-08-18 08:20:12,111 INFO Best reward so far: 8.143185059229532
2020-08-18 11:25:39,274 INFO Iter 86
2020-08-18 11:25:39,539 INFO Policy now: [[9, [6.0, 9, 6.0], [3.0, 9.0, 4.0], [5.0, 0, 1.0]], [9, [2.0, 3.0, 9.0], [-0.0, 8.0, 9.0], [6, 0, 6.0]], [9, [8, 5.0, 9], [0.0, 9, 6.0], [2.0, 5.0, 0]]]
2020-08-18 11:25:39,578 INFO Reward now: 9.203806638717651
2020-08-18 11:25:39,578 INFO Best policy so far: [[9, [6.0, 9.0, 8.0], [4.0, 9.0, 7.0], [5.0, 2.0, 1.0]], [9, [6.0, 2.0, 9], [1.0, 6.0, 7.0], [0, 2.0, 4.0]], [9, [8.0, 4.0, 9], [2.0, 9, 4.0], [0.0, 4.0, 0]]]
2020-08-18 11:25:39,579 INFO Best reward so far: 9.697325785954794
2020-08-18 14:23:36,034 INFO Iter 87
2020-08-18 14:23:36,281 INFO Policy now: [[9, [8, 9, 6.0], [0, 9, 6.0], [4.0, 0, 2.0]], [8.0, [3.0, 2.0, 6.0], [0, 7.0, 9], [5.0, 0, 7.0]], [9, [4.0, 0, 9], [1.0, 9, 7.0], [3.0, 0, 2.0]]]
2020-08-18 14:23:36,376 INFO Reward now: 8.215884327888489
2020-08-18 14:23:36,376 INFO Best policy so far: [[9, [6.0, 9.0, 8.0], [4.0, 9.0, 7.0], [5.0, 2.0, 1.0]], [9, [6.0, 2.0, 9], [1.0, 6.0, 7.0], [0, 2.0, 4.0]], [9, [8.0, 4.0, 9], [2.0, 9, 4.0], [0.0, 4.0, 0]]]
2020-08-18 14:23:36,376 INFO Best reward so far: 8.615685820579529
2020-08-18 17:35:33,247 INFO Iter 88
2020-08-18 17:35:33,428 INFO Policy now: [[9, [8.0, 9, 8.0], [0, 9, 9], [4.0, 0.0, 0]], [9, [1.0, 5.0, 4.0], [-0.0, 9.0, 9.0], [5.0, 1.0, 8.0]], [9.0, [4.0, 2.0, 8.0], [0.0, 9.0, 5.0], [6.0, 0, 0]]]
2020-08-18 17:35:33,461 INFO Reward now: 7.3921016454696655
2020-08-18 17:35:33,461 INFO Best policy so far: [[9, [6.0, 9.0, 8.0], [4.0, 9.0, 7.0], [5.0, 2.0, 1.0]], [9, [6.0, 2.0, 9], [1.0, 6.0, 7.0], [0, 2.0, 4.0]], [9, [8.0, 4.0, 9], [2.0, 9, 4.0], [0.0, 4.0, 0]]]
2020-08-18 17:35:33,462 INFO Best reward so far: 8.845054388046265
2020-08-18 17:39:29,733 INFO Iter 89
2020-08-18 17:39:29,748 INFO Policy now: [[9.0, [8.0, 9.0, 8.0], [-0.0, 9.0, 9.0], [4.0, 0.0, 0.0]], [9.0, [1.0, 4.0, 3.0], [-0.0, 9.0, 9.0], [5.0, 1.0, 8.0]], [9.0, [4.0, 2.0, 8.0], [0.0, 9.0, 6.0], [6.0, -0.0, 0.0]]]
2020-08-18 17:39:29,748 INFO Reward now: 3.2606355349222818
2020-08-18 17:39:29,749 INFO Best policy so far: [[8, [5.0, 6, 9], [0, 5, 9], [7, 4.0, 4]], [6, [5.0, 2.0, -0.0], [0, 9, 6.0], [4.0, -0.0, 8.0]], [8.0, [6.0, 1.0, 9], [2.0, 9, 8.0], [8, 0, 2]]]
2020-08-18 17:39:29,749 INFO Best reward so far: 3.76721719900767
2020-08-18 20:46:21,912 INFO Iter 90
2020-08-18 20:46:22,163 INFO Policy now: [[8.0, [7.0, 9.0, 9.0], [0, 9, 9.0], [4.0, 0.0, 1.0]], [8.0, [1.0, 5.0, 2.0], [0.0, 9.0, 9], [5.0, 0.0, 7.0]], [9.0, [3.0, 1.0, 7.0], [-0.0, 8.0, 6.0], [7.0, 0.0, 1.0]]]
2020-08-18 20:46:22,179 INFO Reward now: 7.006347457567851
2020-08-18 20:46:22,179 INFO Best policy so far: [[6.0, [4.0, 9, 9], [0, 9, 9], [1, 2.0, 3.0]], [6.0, [0.0, 6.0, 0.0], [2.0, 8.0, 9], [8.0, 0, 5.0]], [8.0, [2.0, 0, 6.0], [0, 6.0, 6.0], [8, 0.0, 4.0]]]
2020-08-18 20:46:22,179 INFO Best reward so far: 8.138319174448648
2020-08-18 23:42:56,914 INFO Iter 91
2020-08-18 23:42:57,259 INFO Policy now: [[9.0, [6.0, 9.0, 9], [1.0, 9, 9.0], [5, 0, -0.0]], [9, [1.0, 6.0, 3.0], [0.0, 9, 8.0], [4.0, 0, 6.0]], [9, [3.0, 1.0, 7.0], [0, 9, 8.0], [8.0, 2.0, 2.0]]]
2020-08-18 23:42:57,309 INFO Reward now: 6.544189850489299
2020-08-18 23:42:57,309 INFO Best policy so far: [[8.0, [6.0, 8.0, 9], [2, 9, 9], [8.0, 0, 0]], [9, [2.0, 7.0, 2.0], [0, 9, 8], [4.0, 0, 5.0]], [9, [2.0, 2.0, 8.0], [0, 9, 9], [8, 4.0, 1.0]]]
2020-08-18 23:42:57,309 INFO Best reward so far: 6.857869307200114
2020-08-19 02:42:36,538 INFO Iter 92
2020-08-19 02:42:36,769 INFO Policy now: [[9.0, [0, 7.0, 9], [3, 8.0, 9], [8, -0.0, 5.0]], [7.0, [0, 5.0, 0], [2.0, 9, 9], [8, 1.0, 0]], [9.0, [8, 0, 1.0], [0, 9, 2.0], [2, 0.0, 0]]]
2020-08-19 02:42:36,781 INFO Reward now: 9.431447545687357
2020-08-19 02:42:36,781 INFO Best policy so far: [[9, [4.0, 9.0, 5], [2.0, 6, 9], [8, 0, 4.0]], [9, [0, 5.0, 0], [2.0, 8, 8.0], [6.0, 0, 4.0]], [9, [4.0, 0, 6.0], [2, 9, 7.0], [8, 4.0, 0]]]
2020-08-19 02:42:36,781 INFO Best reward so far: 11.00095796585083
2020-08-19 02:47:07,738 INFO Iter 93
2020-08-19 02:47:07,757 INFO Policy now: [[8.0, [0.0, 6.0, 8.0], [4.0, 8.0, 9], [7.0, 0, 6.0]], [5.0, [0.0, 5.0, -0.0], [1.0, 9, 8.0], [8, 2.0, 1.0]], [9.0, [8.0, 1.0, 1.0], [0.0, 9, 3.0], [4.0, 0.0, 2.0]]]
2020-08-19 02:47:07,758 INFO Reward now: 5.521759311358134
2020-08-19 02:47:07,758 INFO Best policy so far: [[9, [4.0, 9.0, 5], [2.0, 6, 9], [8, 0, 4.0]], [9, [0, 5.0, 0], [2.0, 8, 8.0], [6.0, 0, 4.0]], [9, [4.0, 0, 6.0], [2, 9, 7.0], [8, 4.0, 0]]]
2020-08-19 02:47:07,758 INFO Best reward so far: 6.158818165461223
2020-08-19 02:54:16,690 INFO Iter 94
2020-08-19 02:54:16,693 INFO Policy now: [[9.0, [-0.0, 8.0, 6.0], [5.0, 7.0, 9], [8, 1.0, 8.0]], [7.0, [-0.0, 5.0, 0], [3, 9.0, 9.0], [8.0, 1.0, -0.0]], [9, [7.0, 0.0, 0.0], [0.0, 9.0, 4.0], [4.0, 1.0, 2.0]]]
2020-08-19 02:54:16,694 INFO Reward now: 8.318849404652914
2020-08-19 02:54:16,694 INFO Best policy so far: [[9, [4.0, 9.0, 5], [2.0, 6, 9], [8, 0, 4.0]], [9, [0, 5.0, 0], [2.0, 8, 8.0], [6.0, 0, 4.0]], [9, [4.0, 0, 6.0], [2, 9, 7.0], [8, 4.0, 0]]]
2020-08-19 02:54:16,694 INFO Best reward so far: 9.22133187452952
2020-08-19 06:07:12,685 INFO Iter 95
2020-08-19 06:07:12,775 INFO Policy now: [[9, [0.0, 9.0, 7.0], [2.0, 7.0, 8.0], [8, 1.0, 8.0]], [9, [0.0, 3.0, 1.0], [1, 9.0, 9.0], [7.0, 0, 0.0]], [9, [5.0, 1.0, 1.0], [1.0, 9.0, 5.0], [3.0, -0.0, 2.0]]]
2020-08-19 06:07:12,784 INFO Reward now: 12.568514585494995
2020-08-19 06:07:12,784 INFO Best policy so far: [[9, [4.0, 4.0, 8.0], [8, 2.0, 6], [6, 0, 6.0]], [9, [0, 9, 2], [1, 9, 6.0], [8, 2.0, 0]], [9, [8.0, 2.0, 2.0], [0, 9.0, 5.0], [5.0, -0.0, 3.0]]]
2020-08-19 06:07:12,784 INFO Best reward so far: 12.941630204518637
2020-08-19 06:29:26,079 INFO Iter 96
2020-08-19 06:29:26,139 INFO Policy now: [[8.0, [0, 7.0, 4.0], [1.0, 9.0, 7.0], [8, 0, 9.0]], [7.0, [0, 0, 2.0], [8, 8.0, 9], [4.0, 0, 0]], [7.0, [8.0, 2.0, 3.0], [0.0, 9, 4.0], [5.0, 0, 3.0]]]
2020-08-19 06:29:26,140 INFO Reward now: 9.62558118502299
2020-08-19 06:29:26,140 INFO Best policy so far: [[8.0, [0, 7.0, 4.0], [1.0, 9.0, 7.0], [8, 0, 9.0]], [7.0, [0, 0, 2.0], [8, 8.0, 9], [4.0, 0, 0]], [7.0, [8.0, 2.0, 3.0], [0.0, 9, 4.0], [5.0, 0, 3.0]]]
2020-08-19 06:29:26,140 INFO Best reward so far: 9.62558118502299
2020-08-19 09:42:23,817 INFO Iter 97
2020-08-19 09:42:24,146 INFO Policy now: [[9, [0.0, 7.0, 9.0], [1.0, 9, 9.0], [7.0, 0.0, 9]], [9, [1.0, 0, 4.0], [8, 9.0, 8.0], [5.0, -0.0, 1.0]], [9.0, [8.0, 0.0, 0], [0, 9, 3.0], [5.0, 1.0, 0]]]
2020-08-19 09:42:24,166 INFO Reward now: 13.67100421587626
2020-08-19 09:42:24,166 INFO Best policy so far: [[9, [0, 7.0, 6.0], [5.0, 9.0, 8.0], [6, 0, 8.0]], [9, [4, 0, 5.0], [8, 9, 6], [6.0, 0, 0]], [9, [8.0, 1.0, -0.0], [0, 9, 2.0], [4.0, 3, 0]]]
2020-08-19 09:42:24,166 INFO Best reward so far: 13.803471883138021
2020-08-19 10:07:42,241 INFO Iter 98
2020-08-19 10:07:42,475 INFO Policy now: [[9, [2.0, 2.0, 8.0], [0, 9.0, 9], [5.0, 0, 9]], [9, [1.0, 1.0, 8.0], [8, 9, 4.0], [3, 0, 0]], [9, [7.0, -0.0, 1.0], [1.0, 9, 3.0], [5.0, 3.0, 0.0]]]
2020-08-19 10:07:42,487 INFO Reward now: 7.438543240229289
2020-08-19 10:07:42,487 INFO Best policy so far: [[9, [4.0, 4.0, 9], [0.0, 9, 9], [5.0, 0, 9]], [9, [0, 1, 7.0], [8, 9, 5.0], [2, 0, 0]], [9, [8.0, 0, 0], [2, 9, 6.0], [0, 4.0, 2]]]
2020-08-19 10:07:42,487 INFO Best reward so far: 8.087044954299927
2020-08-19 13:18:21,054 INFO Iter 99
2020-08-19 13:18:21,273 INFO Policy now: [[9, [4.0, 4.0, 8.0], [0, 7.0, 8.0], [3, 0, 9]], [9, [3.0, 3.0, 9], [8, 9, 9.0], [6.0, 0, 0]], [9, [5.0, 1.0, 0], [3.0, 9, 3.0], [4.0, 8.0, 0]]]
2020-08-19 13:18:21,286 INFO Reward now: 9.351057807604471
2020-08-19 13:18:21,286 INFO Best policy so far: [[9, [4.0, 4.0, 9], [0.0, 9, 9], [5.0, 0, 9]], [9, [0, 1, 7.0], [8, 9, 5.0], [2, 0, 0]], [9, [8.0, 0, 0], [2, 9, 6.0], [0, 4.0, 2]]]
2020-08-19 13:18:21,286 INFO Best reward so far: 10.187697807947794
