2020-08-12 18:06:22,293 INFO Iter 0
2020-08-12 18:06:22,547 INFO Policy now: [[9, [8, 0, 0], [0, 6.0, 2.0], [3.0, -0.0, 7.0], [4, 3.0, 2.0]], [9, [5.0, 0, 8.0], [6.0, 7.0, 9], [8, 9, 9], [-0.0, 9, -0.0]], [6.0, [2.0, 9, 6.0], [7.0, 5.0, 2.0], [6.0, 9, 1.0], [0, 0, 3.0]]]
2020-08-12 18:06:22,679 INFO Reward now: 10.380116701126099
2020-08-12 18:06:22,679 INFO Best policy so far: [[8, [7, 0, 0], [1, 2, 6], [5, 0, 6], [8, 5, 6]], [4, [8, 0, 9], [4, 9, 4], [6, 9, 8], [5, 6, 4]], [6, [4, 9, 2], [8, 6, 6], [1, 6, 0], [0, 0, 6]]]
2020-08-12 18:06:22,679 INFO Best reward so far: 10.415883382161459
2020-08-12 21:10:53,540 INFO Iter 1
2020-08-12 21:10:54,141 INFO Policy now: [[9, [8, -0.0, 0], [0, 6.0, 0], [4.0, 0, 3.0], [3.0, 3.0, 0]], [9, [-0.0, 4.0, 9], [8, 9, 6.0], [2, 7.0, 9], [3, 4.0, 3.0]], [7.0, [0, 7.0, 5.0], [8, 2.0, 0], [6, 9.0, 2.0], [4, 1.0, 2.0]]]
2020-08-12 21:10:54,157 INFO Reward now: 10.563881556193033
2020-08-12 21:10:54,157 INFO Best policy so far: [[9, [8, 0, 0], [0, 8.0, 2.0], [1.0, 0, 7.0], [4, 8.0, 0]], [9, [2.0, 2, 9], [8, 9.0, 6], [1, 8, 9], [0, 4, 0.0]], [6.0, [0, 6, 2.0], [8, 6.0, 0.0], [2.0, 8, 2.0], [4, 2, 1.0]]]
2020-08-12 21:10:54,157 INFO Best reward so far: 10.83002773920695
2020-08-12 21:22:57,176 INFO Iter 2
2020-08-12 21:22:57,199 INFO Policy now: [[9.0, [8, 0.0, -0.0], [0, 7.0, 0.0], [6.0, 1.0, 1.0], [2.0, 3.0, 0]], [9, [0, 3.0, 8.0], [7.0, 9.0, 3.0], [2.0, 9, 8.0], [3.0, 4.0, 3.0]], [9, [0, 9.0, 5.0], [7.0, 1.0, 0], [4.0, 8.0, 1.0], [6.0, -0.0, 2.0]]]
2020-08-12 21:22:57,200 INFO Reward now: 5.713081280390422
2020-08-12 21:22:57,200 INFO Best policy so far: [[9, [8, 0, 0], [0, 8.0, 2.0], [1.0, 0, 7.0], [4, 8.0, 0]], [9, [2.0, 2, 9], [8, 9.0, 6], [1, 8, 9], [0, 4, 0.0]], [6.0, [0, 6, 2.0], [8, 6.0, 0.0], [2.0, 8, 2.0], [4, 2, 1.0]]]
2020-08-12 21:22:57,200 INFO Best reward so far: 6.382619222005208
2020-08-12 21:38:03,525 INFO Iter 3
2020-08-12 21:38:03,582 INFO Policy now: [[9, [8, 0, 2.0], [0, 5.0, 0], [5.0, 3.0, 2.0], [3.0, 3.0, 1.0]], [9.0, [0, 3.0, 9.0], [8, 8.0, 4.0], [2.0, 9.0, 8.0], [1, 2.0, 3.0]], [9.0, [-0.0, 9, 4.0], [7.0, 1.0, -0.0], [6.0, 6.0, 1.0], [4.0, 0.0, 1.0]]]
2020-08-12 21:38:03,582 INFO Reward now: 8.763686021169027
2020-08-12 21:38:03,582 INFO Best policy so far: [[9, [8, 4.0, 2.0], [0, 4.0, 0], [6.0, 5.0, 0], [1, 5.0, 4]], [9, [0, 0, 6.0], [5.0, 7.0, 4.0], [1.0, 9, 6.0], [4.0, 3.0, 4.0]], [9, [0, 9, 2.0], [7.0, 0, 0], [2.0, 9.0, 0], [8, 0, 3.0]]]
2020-08-12 21:38:03,582 INFO Best reward so far: 9.530795733133951
2020-08-13 00:50:14,680 INFO Iter 4
2020-08-13 00:50:15,243 INFO Policy now: [[9, [2.0, 0, 0], [0, 9, 0], [8, 9, 0], [7, 0, 7.0]], [9, [0, 0, 2.0], [8, 9.0, 0], [6.0, 9, 4.0], [7, 7.0, 9]], [9, [0, 8.0, 0], [8, 0, 0], [4.0, 0, 6.0], [1, 5.0, 0]]]
2020-08-13 00:50:15,254 INFO Reward now: 6.913449962933858
2020-08-13 00:50:15,254 INFO Best policy so far: [[7, [4, 0, 0], [2, 9, 0], [8, 4.0, 1.0], [5.0, 3.0, 4.0]], [6.0, [1, 4.0, 6.0], [4, 8.0, 5.0], [2.0, 9, 8.0], [0, 0, 4.0]], [8.0, [3.0, 9, -0.0], [7.0, 4.0, 4.0], [4.0, 2.0, 1.0], [2, 4.0, 0.0]]]
2020-08-13 00:50:15,254 INFO Best reward so far: 9.644828955332438
2020-08-13 04:02:02,464 INFO Iter 5
2020-08-13 04:02:02,819 INFO Policy now: [[9, [5.0, 0.0, 0], [0, 8.0, 0], [8, 9, 4.0], [4.0, 0, 9]], [9, [2.0, -0.0, 1.0], [8, 2.0, 0], [7, 4.0, 0], [-0.0, 9.0, 9.0]], [9, [1.0, 8.0, 0], [8.0, 4.0, 0.0], [3.0, 0, 3.0], [0, 4.0, 0]]]
2020-08-13 04:02:02,834 INFO Reward now: 11.597609837849935
2020-08-13 04:02:02,834 INFO Best policy so far: [[9, [-0.0, 0, 0], [4, 9, 0], [8, 9, 0], [3, 0, 9]], [9, [0, 0, 4.0], [8, 5.0, 0], [6.0, 7, 6.0], [1, 6.0, 9]], [9, [0, 9.0, 0], [6, 4, 2], [5.0, 2, 8.0], [2, 4.0, 0]]]
2020-08-13 04:02:02,834 INFO Best reward so far: 12.686992168426514
2020-08-13 07:05:38,446 INFO Iter 6
2020-08-13 07:05:39,007 INFO Policy now: [[9, [8.0, 0, 0.0], [0, 9.0, 4.0], [7.0, 9.0, 9], [1.0, 0, 9]], [9, [0, 0, 0], [4.0, 6.0, 4.0], [7.0, 0, 0], [8, 7.0, 6.0]], [9, [0, 9, 1.0], [6.0, 0, 0], [1, 4.0, 0.0], [2, 2.0, 0]]]
2020-08-13 07:05:39,096 INFO Reward now: 10.194932699203491
2020-08-13 07:05:39,096 INFO Best policy so far: [[9, [-0.0, 0, 0], [4, 9, 0], [8, 9, 0], [3, 0, 9]], [9, [0, 0, 4.0], [8, 5.0, 0], [6.0, 7, 6.0], [1, 6.0, 9]], [9, [0, 9.0, 0], [6, 4, 2], [5.0, 2, 8.0], [2, 4.0, 0]]]
2020-08-13 07:05:39,096 INFO Best reward so far: 11.907501777013143
2020-08-13 10:08:14,041 INFO Iter 7
2020-08-13 10:08:14,249 INFO Policy now: [[9, [3.0, 0, 0], [0, 9, 9], [8, 5.0, 9.0], [1.0, 0, 8.0]], [9.0, [0.0, -0.0, 2.0], [7.0, 3.0, 0], [8.0, -0.0, -0.0], [6.0, 4.0, 4.0]], [9, [2.0, 9, 3.0], [8, 0, 3.0], [0, 1.0, 5.0], [1, 0, 0]]]
2020-08-13 10:08:14,269 INFO Reward now: 7.39108685652415
2020-08-13 10:08:14,269 INFO Best policy so far: [[9, [6.0, 2, 3.0], [2, 8.0, -0.0], [4.0, 8.0, 4], [-0.0, 0, 6]], [9, [3, 0, 2], [2.0, 8.0, 2.0], [7.0, 2, 4], [8, 8.0, 7.0]], [9, [0, 9, 0.0], [4.0, 0, 0], [5, 4.0, 4.0], [7, 4.0, 1]]]
2020-08-13 10:08:14,269 INFO Best reward so far: 7.890566905339559
2020-08-13 13:05:18,565 INFO Iter 8
2020-08-13 13:05:19,271 INFO Policy now: [[9.0, [2.0, 0.0, -0.0], [0.0, 9.0, 8.0], [7.0, 6.0, 9.0], [1.0, 0.0, 9.0]], [9.0, [0.0, 1.0, 1.0], [7.0, 3.0, -0.0], [8, 0, 0.0], [6.0, 4.0, 4.0]], [9.0, [2.0, 9.0, 2.0], [8, 0.0, 4.0], [1.0, -0.0, 6.0], [4, 0, 1.0]]]
2020-08-13 13:05:19,322 INFO Reward now: 0.8718696981668472
2020-08-13 13:05:19,325 INFO Best policy so far: [[9, [6.0, 2, 3.0], [2, 8.0, -0.0], [4.0, 8.0, 4], [-0.0, 0, 6]], [9, [3, 0, 2], [2.0, 8.0, 2.0], [7.0, 2, 4], [8, 8.0, 7.0]], [9, [0, 9, 0.0], [4.0, 0, 0], [5, 4.0, 4.0], [7, 4.0, 1]]]
2020-08-13 13:05:19,325 INFO Best reward so far: 1.331752896308899
2020-08-13 13:19:31,224 INFO Iter 9
2020-08-13 13:19:31,245 INFO Policy now: [[9, [2.0, -0.0, 0], [0, 9.0, 5.0], [7.0, 4.0, 7.0], [5, 0, 9]], [8.0, [0.0, 3.0, 2.0], [6.0, 2.0, 1.0], [7.0, 0, 0], [4.0, 9.0, 4.0]], [7.0, [1.0, 9, 5.0], [7.0, -0.0, 9.0], [0.0, 1.0, 7.0], [3.0, 1.0, 0.0]]]
2020-08-13 13:19:31,246 INFO Reward now: 7.25214950243632
2020-08-13 13:19:31,246 INFO Best policy so far: [[8.0, [0.0, 0, 0], [4, 9, 6.0], [2, 4.0, 6.0], [7, 0, 9]], [8.0, [4.0, 5.0, 2.0], [6.0, 3.0, 1.0], [3, 0, 0], [0, 8.0, 7.0]], [4.0, [0.0, 9, 6.0], [8, 0, 7.0], [1, 1.0, 9], [7, 3, 4.0]]]
2020-08-13 13:19:31,246 INFO Best reward so far: 7.860431591669719
2020-08-13 13:24:21,524 INFO Iter 10
2020-08-13 13:24:21,548 INFO Policy now: [[9, [1.0, 0, 1.0], [8, 9.0, 5.0], [7.0, 3.0, 7.0], [5.0, -0.0, 9.0]], [9.0, [-0.0, 3.0, 2.0], [6.0, 3.0, 1.0], [8.0, 0, 1.0], [5.0, 9.0, 3.0]], [8.0, [1.0, 9.0, 4.0], [6.0, 0.0, 9.0], [4, 1.0, 8.0], [3.0, 1.0, -0.0]]]
2020-08-13 13:24:21,548 INFO Reward now: 4.684964835643768
2020-08-13 13:24:21,548 INFO Best policy so far: [[9, [0.0, 4.0, 2], [2, 5.0, 6.0], [8.0, 6.0, 2.0], [6, 0, 7]], [9, [0, 0.0, 0.0], [8.0, 2.0, -0.0], [7, 0, 0], [4.0, 9, 1.0]], [8.0, [4.0, 6, 6.0], [3, 0, 9], [2.0, 2.0, 6.0], [0, 4.0, 0.0]]]
2020-08-13 13:24:21,548 INFO Best reward so far: 5.815918207168579
2020-08-13 13:42:42,549 INFO Iter 11
2020-08-13 13:42:42,748 INFO Policy now: [[7.0, [0.0, -0.0, 4.0], [8, 9.0, 0.0], [7.0, 2.0, 6.0], [5.0, 0, 9]], [8.0, [-0.0, 6.0, 4.0], [3.0, 6.0, -0.0], [8, 0, -0.0], [4, 9, 5.0]], [7.0, [3.0, 9, 4.0], [8, 1.0, 9], [7, -0.0, 7.0], [2.0, 3.0, -0.0]]]
2020-08-13 13:42:42,748 INFO Reward now: 8.073159138361612
2020-08-13 13:42:42,749 INFO Best policy so far: [[7.0, [0.0, -0.0, 4.0], [8, 9.0, 0.0], [7.0, 2.0, 6.0], [5.0, 0, 9]], [8.0, [-0.0, 6.0, 4.0], [3.0, 6.0, -0.0], [8, 0, -0.0], [4, 9, 5.0]], [7.0, [3.0, 9, 4.0], [8, 1.0, 9], [7, -0.0, 7.0], [2.0, 3.0, -0.0]]]
2020-08-13 13:42:42,749 INFO Best reward so far: 8.073159138361612
2020-08-13 16:53:52,273 INFO Iter 12
2020-08-13 16:53:52,472 INFO Policy now: [[4.0, [-0.0, 3.0, 0], [8, 7.0, 3.0], [3.0, 3.0, 5.0], [6.0, 3.0, 8.0]], [6.0, [0, 2.0, 0], [7.0, 1.0, 0], [2, 3.0, 1.0], [1.0, 7.0, 2.0]], [6.0, [2.0, 7.0, 9], [5.0, 0, 6.0], [6.0, 0, 9], [0, 9.0, 1.0]]]
2020-08-13 16:53:52,521 INFO Reward now: 11.932725111643473
2020-08-13 16:53:52,522 INFO Best policy so far: [[4.0, [-0.0, 3.0, 0], [8, 7.0, 3.0], [3.0, 3.0, 5.0], [6.0, 3.0, 8.0]], [6.0, [0, 2.0, 0], [7.0, 1.0, 0], [2, 3.0, 1.0], [1.0, 7.0, 2.0]], [6.0, [2.0, 7.0, 9], [5.0, 0, 6.0], [6.0, 0, 9], [0, 9.0, 1.0]]]
2020-08-13 16:53:52,522 INFO Best reward so far: 11.932725111643473
2020-08-13 20:02:59,993 INFO Iter 13
2020-08-13 20:03:00,622 INFO Policy now: [[9.0, [4.0, 0, 2.0], [5.0, 8.0, 5.0], [1.0, 4.0, 9], [8, 0, 9]], [9, [2.0, 0, 5.0], [5.0, 4.0, 4.0], [0, 0, 0], [3, 4.0, 2.0]], [9, [6.0, 7.0, 8.0], [0, 0, 7.0], [8, 1.0, 8.0], [7, 9, 5.0]]]
2020-08-13 20:03:00,723 INFO Reward now: 6.882047732671102
2020-08-13 20:03:00,723 INFO Best policy so far: [[6.0, [4.0, 0.0, 1], [6, 7.0, 4.0], [2.0, 4.0, 8.0], [8, 0, 9]], [9, [2, 1.0, 4], [6.0, 4.0, 4], [4, 0.0, -0.0], [1, 6.0, 2.0]], [9.0, [4.0, 7.0, 8], [2.0, 0, 6.0], [8, 0, 8], [0, 9, 4.0]]]
2020-08-13 20:03:00,723 INFO Best reward so far: 9.866636594136557
2020-08-13 20:21:54,336 INFO Iter 14
2020-08-13 20:21:54,409 INFO Policy now: [[9, [3.0, 2.0, 3.0], [4.0, 6.0, 2.0], [0, 7.0, 9.0], [8.0, -0.0, 9.0]], [9.0, [0.0, 1.0, 6.0], [4.0, 7.0, 3.0], [1.0, 1.0, 0.0], [5.0, 7.0, 4.0]], [9, [5.0, 8.0, 8.0], [0, -0.0, 7.0], [7.0, 0.0, 9.0], [8.0, 8.0, 4.0]]]
2020-08-13 20:21:54,409 INFO Reward now: 5.77539340655009
2020-08-13 20:21:54,409 INFO Best policy so far: [[6.0, [4.0, 0.0, 1], [6, 7.0, 4.0], [2.0, 4.0, 8.0], [8, 0, 9]], [9, [2, 1.0, 4], [6.0, 4.0, 4], [4, 0.0, -0.0], [1, 6.0, 2.0]], [9.0, [4.0, 7.0, 8], [2.0, 0, 6.0], [8, 0, 8], [0, 9, 4.0]]]
2020-08-13 20:21:54,409 INFO Best reward so far: 7.1574600537618
2020-08-13 23:30:28,764 INFO Iter 15
2020-08-13 23:30:29,252 INFO Policy now: [[4.0, [7.0, 2.0, 0], [0, 9, 9], [8, 9, 9], [4.0, 0, 9]], [9, [5.0, 3.0, 9.0], [0, 9, 0], [7, 0, 0], [2, 9.0, 0]], [9, [0, 2.0, 8.0], [8, 3.0, 9], [5, 1.0, 6.0], [7.0, 2.0, 9]]]
2020-08-13 23:30:29,346 INFO Reward now: 9.881767670313517
2020-08-13 23:30:29,346 INFO Best policy so far: [[9, [4.0, 0, 4.0], [6.0, 9.0, 4.0], [2, 4.0, 9], [1, 0, 9]], [9, [0.0, 4.0, 2.0], [4, 9, 5.0], [1, 5.0, 0], [2.0, 7.0, 0.0]], [9, [2.0, 8.0, 4.0], [8, 3.0, 9], [3, 0, 7.0], [1, 8.0, 4.0]]]
2020-08-13 23:30:29,346 INFO Best reward so far: 11.495469729105631
2020-08-13 23:52:02,960 INFO Iter 16
2020-08-13 23:52:02,989 INFO Policy now: [[3.0, [6.0, 4.0, 0], [-0.0, 9, 9.0], [8.0, 9, 9], [5.0, 0.0, 9]], [8.0, [3.0, 2.0, 9.0], [0, 9, 0.0], [6.0, 0, 0], [1.0, 7.0, 0.0]], [9.0, [0, 3.0, 6.0], [7.0, 3.0, 9.0], [6.0, 1.0, 6.0], [4, 2.0, 9.0]]]
2020-08-13 23:52:02,990 INFO Reward now: 8.089969992637634
2020-08-13 23:52:02,990 INFO Best policy so far: [[9, [4.0, 0, 4.0], [6.0, 9.0, 4.0], [2, 4.0, 9], [1, 0, 9]], [9, [0.0, 4.0, 2.0], [4, 9, 5.0], [1, 5.0, 0], [2.0, 7.0, 0.0]], [9, [2.0, 8.0, 4.0], [8, 3.0, 9], [3, 0, 7.0], [1, 8.0, 4.0]]]
2020-08-13 23:52:02,990 INFO Best reward so far: 9.607197165489197
2020-08-14 00:00:27,849 INFO Iter 17
2020-08-14 00:00:27,982 INFO Policy now: [[9.0, [8, 9, 0], [0, 9.0, 9.0], [3, 7.0, 7.0], [4, 2.0, 9.0]], [9.0, [0, 5.0, 9], [5, 9, 4.0], [8.0, 0.0, 4.0], [4, 9, 4.0]], [9.0, [2.0, 7.0, -0.0], [1.0, 9, 8.0], [7.0, 0, 9], [3, 2.0, 9]]]
2020-08-14 00:00:28,027 INFO Reward now: 7.218197822570801
2020-08-14 00:00:28,027 INFO Best policy so far: [[8.0, [8, 8.0, 0], [0, 6, 8.0], [6, 6, 6], [2.0, 3.0, 8]], [9.0, [0, 6.0, 9], [5, 9, 4.0], [8.0, 0, 4], [2, 9, 4.0]], [9.0, [4, 6.0, 3.0], [2.0, 6.0, 8.0], [6.0, 0, 8.0], [3, 2.0, 9]]]
2020-08-14 00:00:28,027 INFO Best reward so far: 9.031539042790731
2020-08-14 03:07:33,969 INFO Iter 18
2020-08-14 03:07:34,251 INFO Policy now: [[6.0, [8.0, 9, 2.0], [0, 9, 8.0], [2.0, 5.0, 5.0], [5, 0, 9]], [6.0, [-0.0, 9, 9], [1.0, 9, 0], [8, 0, 0], [6, 9.0, 6.0]], [9.0, [2.0, 4.0, 0], [5.0, 7.0, 9], [1, 3.0, 5.0], [7, 2.0, 9]]]
2020-08-14 03:07:34,284 INFO Reward now: 11.189840952555338
2020-08-14 03:07:34,284 INFO Best policy so far: [[7.0, [8, 9, 3], [0, 9, 6.0], [1, 5.0, 6.0], [4, 0.0, 9]], [7.0, [0, 8.0, 9], [4, 9, 0.0], [8.0, 0, -0.0], [6, 8, 5.0]], [9.0, [2.0, 6.0, 0], [6, 5, 9], [3.0, 4, 5], [4, 2.0, 9]]]
2020-08-14 03:07:34,285 INFO Best reward so far: 12.824925422668457
2020-08-14 06:06:42,379 INFO Iter 19
2020-08-14 06:06:42,606 INFO Policy now: [[5.0, [8.0, 9.0, 1.0], [0.0, 9.0, 7.0], [2.0, 6.0, 6.0], [5.0, 0.0, 9.0]], [5.0, [0.0, 9.0, 9.0], [1.0, 9.0, 0.0], [8.0, 0.0, -0.0], [6.0, 9.0, 6.0]], [9.0, [2.0, 3.0, -0.0], [6.0, 7.0, 9.0], [0.0, 4.0, 5.0], [7.0, 4.0, 9.0]]]
2020-08-14 06:06:42,634 INFO Reward now: 6.81171456972758
2020-08-14 06:06:42,634 INFO Best policy so far: [[7.0, [8, 9, 3], [0, 9, 6.0], [1, 5.0, 6.0], [4, 0.0, 9]], [7.0, [0, 8.0, 9], [4, 9, 0.0], [8.0, 0, -0.0], [6, 8, 5.0]], [9.0, [2.0, 6.0, 0], [6, 5, 9], [3.0, 4, 5], [4, 2.0, 9]]]
2020-08-14 06:06:42,634 INFO Best reward so far: 7.814215222994487
2020-08-14 06:21:42,802 INFO Iter 20
2020-08-14 06:21:43,254 INFO Policy now: [[6.0, [7.0, 9.0, 3.0], [0.0, 7.0, 6.0], [1.0, 5.0, 6.0], [5.0, 0.0, 8.0]], [6.0, [1.0, 9.0, 9.0], [7, 9, 0.0], [8.0, 0, 0], [6.0, 8.0, 6.0]], [9.0, [2.0, 6.0, 0], [6.0, 7.0, 9], [-0.0, 4.0, 5.0], [7.0, 5.0, 8.0]]]
2020-08-14 06:21:43,254 INFO Reward now: 5.518137335777283
2020-08-14 06:21:43,254 INFO Best policy so far: [[5.0, [6.0, 8.0, 4.0], [2.0, 6.0, 4.0], [0, 4.0, 4.0], [4, 0.0, 6.0]], [6.0, [2.0, 9, 9], [3.0, 9, 0.0], [8, 0, -0.0], [5.0, 6.0, 4.0]], [9, [0.0, 6.0, 0], [6.0, 8.0, 9], [4, 6.0, 6.0], [8, 7.0, 6.0]]]
2020-08-14 06:21:43,254 INFO Best reward so far: 9.6370317141215
2020-08-14 06:26:12,607 INFO Iter 21
2020-08-14 06:26:12,611 INFO Policy now: [[6.0, [6.0, 8.0, 8.0], [0.0, 9, 4.0], [1, 3.0, 6.0], [5.0, 0, 6.0]], [9.0, [2.0, 8.0, 8.0], [7.0, 9.0, 0], [6, 0, -0.0], [4.0, 5.0, 8.0]], [9.0, [3.0, 9.0, 1.0], [2.0, 7.0, 8.0], [1.0, 5.0, 1.0], [7.0, 7.0, 5.0]]]
2020-08-14 06:26:12,612 INFO Reward now: 4.624565084775289
2020-08-14 06:26:12,612 INFO Best policy so far: [[5.0, [6.0, 8.0, 4.0], [2.0, 6.0, 4.0], [0, 4.0, 4.0], [4, 0.0, 6.0]], [6.0, [2.0, 9, 9], [3.0, 9, 0.0], [8, 0, -0.0], [5.0, 6.0, 4.0]], [9, [0.0, 6.0, 0], [6.0, 8.0, 9], [4, 6.0, 6.0], [8, 7.0, 6.0]]]
2020-08-14 06:26:12,612 INFO Best reward so far: 5.826306859652202
2020-08-14 06:38:03,124 INFO Iter 22
2020-08-14 06:38:03,139 INFO Policy now: [[6.0, [5.0, 7.0, 7.0], [1.0, 8.0, 6.0], [2, 2.0, 5.0], [4, 0.0, 7.0]], [8.0, [2.0, 7.0, 8.0], [6.0, 8.0, -0.0], [0, 1.0, -0.0], [4.0, 3.0, 7.0]], [9.0, [3.0, 9.0, 0.0], [8, 6.0, 7.0], [1.0, 6.0, 2.0], [7.0, 7.0, 5.0]]]
2020-08-14 06:38:03,139 INFO Reward now: 6.414903283119202
2020-08-14 06:38:03,139 INFO Best policy so far: [[5.0, [6.0, 8.0, 4.0], [2.0, 6.0, 4.0], [0, 4.0, 4.0], [4, 0.0, 6.0]], [6.0, [2.0, 9, 9], [3.0, 9, 0.0], [8, 0, -0.0], [5.0, 6.0, 4.0]], [9, [0.0, 6.0, 0], [6.0, 8.0, 9], [4, 6.0, 6.0], [8, 7.0, 6.0]]]
2020-08-14 06:38:03,139 INFO Best reward so far: 7.152306159337361
2020-08-14 09:33:38,193 INFO Iter 23
2020-08-14 09:33:38,506 INFO Policy now: [[9.0, [1.0, 2.0, 6.0], [2.0, 4.0, 9], [5.0, 1.0, 7.0], [8, 0.0, 7.0]], [9.0, [0, 2.0, 9], [4.0, 9, 0], [5.0, 0, 2.0], [8, 0, 7.0]], [9, [7.0, 8.0, 2.0], [8.0, 4.0, 9], [0, 6.0, 5.0], [3.0, 8.0, 3.0]]]
2020-08-14 09:33:38,523 INFO Reward now: 7.848468502362569
2020-08-14 09:33:38,523 INFO Best policy so far: [[5.0, [6.0, 8.0, 4.0], [2.0, 6.0, 4.0], [0, 4.0, 4.0], [4, 0.0, 6.0]], [6.0, [2.0, 9, 9], [3.0, 9, 0.0], [8, 0, -0.0], [5.0, 6.0, 4.0]], [9, [0.0, 6.0, 0], [6.0, 8.0, 9], [4, 6.0, 6.0], [8, 7.0, 6.0]]]
2020-08-14 09:33:38,523 INFO Best reward so far: 9.152512868245443
2020-08-14 09:57:30,311 INFO Iter 24
2020-08-14 09:57:30,337 INFO Policy now: [[6.0, [0, 5.0, 9], [6.0, 0, 9], [7, 2.0, 9], [4, 1.0, 9]], [3.0, [0, 9, 9], [4.0, 7.0, 2.0], [8, 5.0, 6.0], [6, 2.0, 6.0]], [7.0, [8, 8.0, 1.0], [7.0, 0, 7.0], [0, 0, 0], [5, 7.0, 9]]]
2020-08-14 09:57:30,337 INFO Reward now: 10.173653483390808
2020-08-14 09:57:30,338 INFO Best policy so far: [[5.0, [6.0, 8.0, 4.0], [2.0, 6.0, 4.0], [0, 4.0, 4.0], [4, 0.0, 6.0]], [6.0, [2.0, 9, 9], [3.0, 9, 0.0], [8, 0, -0.0], [5.0, 6.0, 4.0]], [9, [0.0, 6.0, 0], [6.0, 8.0, 9], [4, 6.0, 6.0], [8, 7.0, 6.0]]]
2020-08-14 09:57:30,338 INFO Best reward so far: 12.51146133740743
2020-08-14 13:10:14,437 INFO Iter 25
2020-08-14 13:10:14,815 INFO Policy now: [[2.0, [0, 9.0, 9], [3, 0, 9], [8, 5.0, 9.0], [1.0, 0, 9]], [3.0, [0, 7.0, 9], [3.0, 6.0, 0], [7.0, 0, 3.0], [5, 0, 4.0]], [3.0, [7.0, 5.0, 0], [8, 3.0, 3.0], [2.0, 0, 4.0], [5, 8.0, 9]]]
2020-08-14 13:10:14,863 INFO Reward now: 9.009950876235962
2020-08-14 13:10:14,863 INFO Best policy so far: [[5.0, [6.0, 8.0, 4.0], [2.0, 6.0, 4.0], [0, 4.0, 4.0], [4, 0.0, 6.0]], [6.0, [2.0, 9, 9], [3.0, 9, 0.0], [8, 0, -0.0], [5.0, 6.0, 4.0]], [9, [0.0, 6.0, 0], [6.0, 8.0, 9], [4, 6.0, 6.0], [8, 7.0, 6.0]]]
2020-08-14 13:10:14,863 INFO Best reward so far: 11.11494771639506
2020-08-14 16:22:38,566 INFO Iter 26
2020-08-14 16:22:39,051 INFO Policy now: [[5.0, [0, 8.0, 9], [8, 0, 5.0], [6.0, 5.0, 8.0], [2.0, 3.0, 9]], [9, [-0.0, 9, 9], [2.0, 4.0, 0], [8.0, 1.0, 2.0], [6.0, 0, 8.0]], [7.0, [8, 9.0, 3.0], [2.0, 1.0, 0], [0, 0, 9], [5.0, 3.0, 9.0]]]
2020-08-14 16:22:39,104 INFO Reward now: 6.487437566121419
2020-08-14 16:22:39,105 INFO Best policy so far: [[4.0, [0, 8.0, 9], [6, 0, 6], [5, 4.0, 6.0], [4, 2, 9]], [8.0, [0, 9, 9], [4, 5.0, 0], [8.0, 2, 2.0], [3, 0, 6.0]], [5.0, [8, 8.0, 3], [1, 3.0, 0], [0, 0, 8.0], [2, 4.0, 8]]]
2020-08-14 16:22:39,105 INFO Best reward so far: 7.242335796356201
2020-08-14 16:44:56,540 INFO Iter 27
2020-08-14 16:44:56,554 INFO Policy now: [[5.0, [-0.0, 9.0, 9], [7.0, 1.0, 4.0], [8.0, 6.0, 7.0], [2, 6.0, 9]], [9, [0, 8.0, 9], [4.0, 4.0, 0], [8, 3.0, 1.0], [3, 1.0, 7.0]], [8.0, [8, 9.0, 4.0], [3.0, 3.0, 1.0], [0, -0.0, 8.0], [4.0, 0.0, 8.0]]]
2020-08-14 16:44:56,554 INFO Reward now: 10.027242739995321
2020-08-14 16:44:56,554 INFO Best policy so far: [[4.0, [0, 8.0, 9], [6, 0, 6], [5, 4.0, 6.0], [4, 2, 9]], [8.0, [0, 9, 9], [4, 5.0, 0], [8.0, 2, 2.0], [3, 0, 6.0]], [5.0, [8, 8.0, 3], [1, 3.0, 0], [0, 0, 8.0], [2, 4.0, 8]]]
2020-08-14 16:44:56,554 INFO Best reward so far: 11.198658466339111
2020-08-14 17:08:52,022 INFO Iter 28
2020-08-14 17:08:52,358 INFO Policy now: [[9, [6.0, 7.0, 9], [0, 8.0, 0], [5.0, 6.0, 6.0], [8, 6.0, 9]], [9, [0, 9, 9.0], [7, 9, 0], [8, -0.0, 0], [2, 7.0, 9]], [9, [8.0, 9, 9], [4, 7.0, 0], [0, 1.0, 1.0], [2, 7.0, 2.0]]]
2020-08-14 17:08:52,427 INFO Reward now: 10.047561287879944
2020-08-14 17:08:52,427 INFO Best policy so far: [[8.0, [2.0, 8.0, 9], [8.0, 0, 0.0], [5, 6.0, 3.0], [0, 7.0, 5]], [9, [0, 9, 6], [6.0, 6.0, 0], [8, 0.0, 3.0], [4, 4.0, 9]], [8.0, [8, 6.0, 1.0], [4.0, 3.0, 0], [0, 4.0, 9], [3.0, -0.0, 8.0]]]
2020-08-14 17:08:52,428 INFO Best reward so far: 13.11497449874878
2020-08-14 20:14:06,826 INFO Iter 29
2020-08-14 20:14:07,275 INFO Policy now: [[9.0, [2.0, 9, 9], [0, 5.0, 3.0], [8.0, 0, 4.0], [7.0, 1.0, 7.0]], [9.0, [2.0, 9, 9], [8.0, 6.0, 1.0], [6, 2.0, 2.0], [4, 0.0, 9.0]], [8.0, [8, 8.0, 7.0], [6.0, 2.0, 0], [1.0, -0.0, 4.0], [-0.0, 5.0, 7.0]]]
2020-08-14 20:14:07,282 INFO Reward now: 11.372948408126831
2020-08-14 20:14:07,283 INFO Best policy so far: [[9.0, [2.0, 9, 9], [0, 5.0, 3.0], [8.0, 0, 4.0], [7.0, 1.0, 7.0]], [9.0, [2.0, 9, 9], [8.0, 6.0, 1.0], [6, 2.0, 2.0], [4, 0.0, 9.0]], [8.0, [8, 8.0, 7.0], [6.0, 2.0, 0], [1.0, -0.0, 4.0], [-0.0, 5.0, 7.0]]]
2020-08-14 20:14:07,283 INFO Best reward so far: 11.372948408126831
2020-08-14 20:32:45,289 INFO Iter 30
2020-08-14 20:32:45,330 INFO Policy now: [[9, [0, 9, 7.0], [7, 1.0, 4.0], [8, 0, 0], [4, 0, 9]], [9, [0, 7.0, 6.0], [8.0, 9, 0.0], [3, 5.0, 7.0], [1.0, 0.0, 9]], [9, [8, 9, 4.0], [0, 9, 0], [3, 1.0, 7.0], [2.0, 9, 5.0]]]
2020-08-14 20:32:45,330 INFO Reward now: 6.818066596984863
2020-08-14 20:32:45,330 INFO Best policy so far: [[9, [0, 9, 9], [3, 2.0, 4.0], [8, 2, 2.0], [6.0, 2.0, 8.0]], [9, [2.0, 9, 6], [6.0, 9, 3.0], [8, 4.0, 2.0], [0, 2.0, 9]], [9, [8, 8.0, 2.0], [4.0, 6.0, 0], [0, 2.0, 6.0], [1.0, 4.0, 6.0]]]
2020-08-14 20:32:45,330 INFO Best reward so far: 8.287184238433838
2020-08-14 20:54:16,153 INFO Iter 31
2020-08-14 20:54:16,168 INFO Policy now: [[9, [3.0, 9.0, 9], [6.0, 1.0, 7.0], [8, 0.0, 1.0], [4.0, 1.0, 9]], [9, [1.0, 7.0, 1.0], [6.0, 8.0, 0], [2.0, 9, 5.0], [-0.0, 3.0, 9.0]], [9, [8, 9.0, 0], [0, 9.0, 3.0], [4.0, 3.0, 7.0], [3, 9, 6.0]]]
2020-08-14 20:54:16,168 INFO Reward now: 10.284789403279623
2020-08-14 20:54:16,169 INFO Best policy so far: [[9, [0, 9, 9], [3, 2.0, 4.0], [8, 2, 2.0], [6.0, 2.0, 8.0]], [9, [2.0, 9, 6], [6.0, 9, 3.0], [8, 4.0, 2.0], [0, 2.0, 9]], [9, [8, 8.0, 2.0], [4.0, 6.0, 0], [0, 2.0, 6.0], [1.0, 4.0, 6.0]]]
2020-08-14 20:54:16,169 INFO Best reward so far: 10.573812246322632
2020-08-14 23:56:05,731 INFO Iter 32
2020-08-14 23:56:05,989 INFO Policy now: [[9.0, [1.0, 9.0, 9], [5.0, 1.0, 2.0], [8, -0.0, -0.0], [0, 1.0, 9.0]], [7.0, [1.0, 6.0, -0.0], [8, 8.0, 0], [3.0, 9, 7.0], [0, 0.0, 8.0]], [9, [8, 9.0, 2.0], [0, 9, 6.0], [6.0, 7.0, 4.0], [1.0, 9.0, 9]]]
2020-08-14 23:56:06,025 INFO Reward now: 8.710948785146078
2020-08-14 23:56:06,025 INFO Best policy so far: [[9, [2.0, 9, 9], [7.0, -0.0, 4.0], [8, 0, 0], [0.0, 1.0, 8]], [9, [0.0, 6.0, 2.0], [3.0, 9, 4], [5.0, 9, 9], [1.0, 2.0, 9]], [9, [8, 9, 0], [2, 9, 6.0], [6.0, 1.0, 2.0], [4, 6, 9]]]
2020-08-14 23:56:06,025 INFO Best reward so far: 8.759104490280151
2020-08-15 03:07:30,029 INFO Iter 33
2020-08-15 03:07:30,315 INFO Policy now: [[7.0, [0, 8.0, 9], [4.0, 0.0, 3.0], [6.0, 0.0, 0], [2, 2.0, 7.0]], [4.0, [1.0, 3.0, 2.0], [6.0, 7.0, 2.0], [2.0, 9, 7.0], [0.0, 0, 9]], [7.0, [8, 9, 5.0], [2.0, 9, 6.0], [3.0, 6.0, 6.0], [1.0, 9.0, 9.0]]]
2020-08-15 03:07:30,343 INFO Reward now: 12.561346848805746
2020-08-15 03:07:30,344 INFO Best policy so far: [[6.0, [0.0, 4.0, 9], [8.0, 1.0, 4.0], [6, -0.0, 0], [4, 0, 9]], [7.0, [1.0, 4.0, 4.0], [8, 5.0, 0], [6.0, 9, 4.0], [2, 0, 9]], [9, [8, 9, 4.0], [4, 8, 6.0], [6, 5.0, 6.0], [2.0, 6.0, 9]]]
2020-08-15 03:07:30,344 INFO Best reward so far: 13.664278030395508
2020-08-15 06:11:34,711 INFO Iter 34
2020-08-15 06:11:34,882 INFO Policy now: [[6.0, [1.0, 9, 9], [8, 2.0, 9], [5.0, 3.0, 6.0], [0, 8.0, 9]], [4.0, [5.0, 0, 4.0], [2.0, 9.0, 8.0], [0, 3.0, 9], [4, 1.0, 8.0]], [2.0, [8, 9.0, 2.0], [0, 4.0, 1.0], [6, 9, 9], [5.0, 2.0, 9]]]
2020-08-15 06:11:34,902 INFO Reward now: 10.02068535486857
2020-08-15 06:11:34,902 INFO Best policy so far: [[7.0, [0, 9, 9], [8.0, 4.0, 5.0], [4, 4.0, 4], [1, 6.0, 9.0]], [4.0, [2.0, 0.0, 5.0], [6.0, 7.0, 4.0], [0.0, 6, 9], [4.0, 2, 9]], [6.0, [8, 9, 6.0], [-0.0, 6, 2.0], [2.0, 8.0, 7.0], [7, 4.0, 9]]]
2020-08-15 06:11:34,902 INFO Best reward so far: 11.551034768422445
2020-08-15 06:27:43,480 INFO Iter 35
2020-08-15 06:27:43,492 INFO Policy now: [[9, [0.0, 9, 5.0], [4.0, 0, 9.0], [8, 1.0, 7.0], [1, -0.0, 9]], [6.0, [3.0, 0, 4.0], [0, 2.0, 5.0], [6.0, 7.0, 9], [7, 0, 6.0]], [4.0, [8, 9, 0], [0.0, 9.0, 2.0], [4.0, 6.0, 9.0], [7.0, 1.0, 9]]]
2020-08-15 06:27:43,493 INFO Reward now: 10.39901622136434
2020-08-15 06:27:43,493 INFO Best policy so far: [[4.0, [1.0, 9, 9], [7, 0, 9], [2.0, 2.0, 9], [0, 5.0, 7]], [2.0, [4.0, 0, -0.0], [-0.0, 4.0, 7.0], [5, 1.0, 9], [1, 3.0, 9]], [2.0, [8, 8.0, 0], [0, 6.0, 2.0], [6, 6, 9], [5, 3.0, 9]]]
2020-08-15 06:27:43,493 INFO Best reward so far: 11.473142147064209
2020-08-15 06:39:58,362 INFO Iter 36
2020-08-15 06:39:58,395 INFO Policy now: [[9, [0, 9.0, 7.0], [3.0, 0, 8.0], [8, 0, 5.0], [1.0, 0.0, 8.0]], [9.0, [1.0, 0.0, -0.0], [2, 4.0, 8.0], [6.0, 6.0, 9.0], [3.0, -0.0, 4.0]], [7.0, [8.0, 9, 1.0], [0.0, 9.0, -0.0], [5.0, 9.0, 9.0], [7.0, 3.0, 9]]]
2020-08-15 06:39:58,395 INFO Reward now: 6.401977817217509
2020-08-15 06:39:58,395 INFO Best policy so far: [[4.0, [1.0, 9, 9], [7, 0, 9], [2.0, 2.0, 9], [0, 5.0, 7]], [2.0, [4.0, 0, -0.0], [-0.0, 4.0, 7.0], [5, 1.0, 9], [1, 3.0, 9]], [2.0, [8, 8.0, 0], [0, 6.0, 2.0], [6, 6, 9], [5, 3.0, 9]]]
2020-08-15 06:39:58,395 INFO Best reward so far: 7.386974533398946
2020-08-15 07:01:36,109 INFO Iter 37
2020-08-15 07:01:36,657 INFO Policy now: [[6.0, [0, 9, 9], [7.0, 1.0, 9], [8, 0, 0], [5.0, 4.0, 3.0]], [7.0, [1.0, 4.0, 2.0], [8, 4.0, 6.0], [2.0, 7.0, 8.0], [5.0, 0.0, 0]], [4.0, [8, 6.0, -0.0], [0, 9, 4.0], [1.0, 6.0, 9], [5.0, 8.0, 8.0]]]
2020-08-15 07:01:36,668 INFO Reward now: 9.84887401262919
2020-08-15 07:01:36,668 INFO Best policy so far: [[9, [0, 8.0, 9], [2.0, 0, 9], [8, 0, 2.0], [4.0, 4.0, 7.0]], [9, [1.0, 4.0, 0], [4, 5.0, 7.0], [2.0, 8.0, 4.0], [6.0, 0, 5.0]], [8.0, [8, 9, 0], [2.0, 9.0, 4.0], [4.0, 6.0, 9], [0, 0, 9]]]
2020-08-15 07:01:36,668 INFO Best reward so far: 11.372815291086832
2020-08-15 07:16:46,250 INFO Iter 38
2020-08-15 07:16:46,259 INFO Policy now: [[9, [0, 8.0, 9], [8, 1.0, 9], [7.0, 2.0, 4.0], [6.0, 0, 9.0]], [1.0, [0, 8.0, 8.0], [8, 0.0, 9], [4, 6.0, 3.0], [2, 0, 4.0]], [6.0, [7.0, 2.0, 1.0], [0, 9, 4.0], [2.0, 3.0, 9], [3.0, 8.0, 8.0]]]
2020-08-15 07:16:46,260 INFO Reward now: 8.207014997800192
2020-08-15 07:16:46,260 INFO Best policy so far: [[9, [0, 8.0, 9], [2.0, 0, 9], [8, 0, 2.0], [4.0, 4.0, 7.0]], [9, [1.0, 4.0, 0], [4, 5.0, 7.0], [2.0, 8.0, 4.0], [6.0, 0, 5.0]], [8.0, [8, 9, 0], [2.0, 9.0, 4.0], [4.0, 6.0, 9], [0, 0, 9]]]
2020-08-15 07:16:46,260 INFO Best reward so far: 10.562265714009603
2020-08-15 10:23:55,788 INFO Iter 39
2020-08-15 10:23:56,022 INFO Policy now: [[9, [0, 8.0, 9.0], [4.0, 4.0, 6.0], [7.0, 1.0, 0], [8, 2.0, 9]], [8.0, [3.0, 9, 8.0], [8, 0, 5.0], [1.0, 7.0, 3.0], [2.0, 4.0, 9]], [9.0, [4.0, 9.0, 0], [0, 6.0, 9], [6.0, 9, 8.0], [3, 2.0, 9]]]
2020-08-15 10:23:56,040 INFO Reward now: 7.794529636700948
2020-08-15 10:23:56,040 INFO Best policy so far: [[9, [0, 8.0, 8], [4, 2.0, 6], [8, 1.0, 2.0], [2, 4, 9]], [4.0, [0, 9, 6.0], [8, 4.0, 9], [6, 2.0, 8.0], [4, 4, 4.0]], [7.0, [6.0, 4.0, 0], [4, 6, 5.0], [1.0, 4.0, 6], [-0.0, 8.0, 7.0]]]
2020-08-15 10:23:56,040 INFO Best reward so far: 8.578492800394693
2020-08-15 13:27:13,118 INFO Iter 40
2020-08-15 13:27:13,482 INFO Policy now: [[7.0, [1.0, 4.0, 9], [5, 7.0, 9], [8, 2.0, 2.0], [6.0, 7.0, 9.0]], [5.0, [0.0, 9, 8.0], [8, 0, 0], [3.0, 9, 7.0], [1, 1.0, 9]], [7.0, [3.0, 7.0, 0.0], [0.0, 4.0, 8.0], [8, 9, 6.0], [2.0, 0, 6.0]]]
2020-08-15 13:27:13,503 INFO Reward now: 8.81669513384501
2020-08-15 13:27:13,503 INFO Best policy so far: [[9, [1, 6.0, 6.0], [2.0, 7.0, 9], [8, -0.0, 4], [4, 0.0, 4]], [9, [4.0, 9, 5.0], [6, 4, 0.0], [3.0, 9.0, 6.0], [0, 2.0, 9]], [9, [-0.0, 9, 0], [1, 8.0, 9], [2.0, 6, 7.0], [4, 0.0, 9]]]
2020-08-15 13:27:13,503 INFO Best reward so far: 10.899772961934408
2020-08-15 16:22:32,002 INFO Iter 41
2020-08-15 16:22:32,454 INFO Policy now: [[9, [0, 9, 9], [4.0, 9.0, 9.0], [8.0, 0, 6.0], [3.0, 1.0, 8.0]], [7.0, [0, 9.0, 7.0], [4.0, 0, 0], [7, 8.0, 1.0], [1.0, 0, 9.0]], [9.0, [0, 9.0, 3.0], [2.0, 9, 3.0], [5.0, 8.0, 9], [4.0, -0.0, 9.0]]]
2020-08-15 16:22:32,466 INFO Reward now: 7.399079163869222
2020-08-15 16:22:32,466 INFO Best policy so far: [[9, [1, 6.0, 6.0], [2.0, 7.0, 9], [8, -0.0, 4], [4, 0.0, 4]], [9, [4.0, 9, 5.0], [6, 4, 0.0], [3.0, 9.0, 6.0], [0, 2.0, 9]], [9, [-0.0, 9, 0], [1, 8.0, 9], [2.0, 6, 7.0], [4, 0.0, 9]]]
2020-08-15 16:22:32,466 INFO Best reward so far: 8.410290797551474
2020-08-15 16:26:34,395 INFO Iter 42
2020-08-15 16:26:34,408 INFO Policy now: [[8.0, [0, 8.0, 9], [1.0, 9, 8.0], [7.0, 0, 8.0], [4.0, 0.0, 7.0]], [4.0, [0, 8.0, 5.0], [3.0, 0, 0.0], [8.0, 8.0, 1.0], [4, -0.0, 9.0]], [9.0, [0.0, 8.0, 2.0], [8, 9, 3.0], [3.0, 6.0, 9], [7, 2.0, 8.0]]]
2020-08-15 16:26:34,408 INFO Reward now: 2.6380938490231833
2020-08-15 16:26:34,408 INFO Best policy so far: [[8, [0, 6, 9], [2.0, 9, 9], [8, 0, 6.0], [4, 1.0, 5.0]], [2.0, [0, 4.0, 5.0], [4.0, 0, 2], [8, 4.0, 2.0], [1, 0, 8.0]], [8.0, [2, 8.0, 2.0], [4, 9, 3.0], [3.0, 4.0, 9], [0.0, 0, 9]]]
2020-08-15 16:26:34,408 INFO Best reward so far: 3.7614372968673706
2020-08-15 19:27:40,987 INFO Iter 43
2020-08-15 19:27:41,238 INFO Policy now: [[9, [0.0, 9, 7.0], [3, 5.0, 9], [5.0, 0, 3.0], [8, 0, 7.0]], [9, [4.0, 9, 0], [1.0, 0, 0], [8, 7.0, 0], [5, 0, 9]], [9, [0, 9, 0], [5.0, 9.0, 2.0], [2.0, 2.0, 5.0], [7.0, 3.0, 5.0]]]
2020-08-15 19:27:41,317 INFO Reward now: 6.896117488543193
2020-08-15 19:27:41,317 INFO Best policy so far: [[9, [2, 9, 8], [0.0, 8, 9], [6.0, 4, 6.0], [7.0, -0.0, 9]], [8.0, [2, 9, 2.0], [0, 3, -0.0], [8, 9, 0], [6, 2.0, 9]], [9, [0, 7.0, 0], [4, 8, 6.0], [2.0, 2.0, 4], [6, 0.0, 7.0]]]
2020-08-15 19:27:41,317 INFO Best reward so far: 9.170172293980917
2020-08-15 21:14:54,878 INFO Iter 44
2020-08-15 21:14:55,161 INFO Policy now: [[9.0, [0.0, 9.0, 8.0], [2.0, 5.0, 9.0], [5.0, -0.0, 3.0], [8.0, -0.0, 7.0]], [9.0, [3.0, 9.0, 0.0], [1.0, 0, -0.0], [8.0, 6.0, 0], [4.0, -0.0, 9.0]], [9.0, [0.0, 9.0, 0.0], [6.0, 9.0, 1.0], [2.0, 3.0, 7.0], [7.0, 2.0, 6.0]]]
2020-08-15 21:14:55,176 INFO Reward now: 9.584760864575705
2020-08-15 21:14:55,176 INFO Best policy so far: [[9, [2, 9, 8], [0.0, 8, 9], [6.0, 4, 6.0], [7.0, -0.0, 9]], [8.0, [2, 9, 2.0], [0, 3, -0.0], [8, 9, 0], [6, 2.0, 9]], [9, [0, 7.0, 0], [4, 8, 6.0], [2.0, 2.0, 4], [6, 0.0, 7.0]]]
2020-08-15 21:14:55,176 INFO Best reward so far: 10.20312492052714
2020-08-16 00:08:37,248 INFO Iter 45
2020-08-16 00:08:37,662 INFO Policy now: [[9, [1.0, 9.0, 3.0], [0.0, 5.0, 7.0], [6.0, 0, 9], [8, 2.0, 9]], [9, [0, 8.0, 0], [5.0, 3.0, 0], [8.0, 9, 0.0], [4.0, 0.0, 9]], [9, [0, 6.0, 6.0], [8, 7.0, 0], [4.0, 9, 8.0], [3.0, 6.0, 9.0]]]
2020-08-16 00:08:37,682 INFO Reward now: 7.5581843455632525
2020-08-16 00:08:37,683 INFO Best policy so far: [[9, [1.0, 9.0, 3.0], [0.0, 5.0, 7.0], [6.0, 0, 9], [8, 2.0, 9]], [9, [0, 8.0, 0], [5.0, 3.0, 0], [8.0, 9, 0.0], [4.0, 0.0, 9]], [9, [0, 6.0, 6.0], [8, 7.0, 0], [4.0, 9, 8.0], [3.0, 6.0, 9.0]]]
2020-08-16 00:08:37,683 INFO Best reward so far: 7.5581843455632525
2020-08-16 03:05:32,199 INFO Iter 46
2020-08-16 03:05:32,422 INFO Policy now: [[8.0, [3.0, 7.0, 1.0], [0, 9.0, 5.0], [6.0, -0.0, 9], [8, 4.0, 8.0]], [8.0, [0, 9, 0], [2.0, 3.0, 0], [8.0, 9.0, 1.0], [5.0, 1.0, 9]], [9.0, [0, 5.0, 6.0], [8.0, 9.0, 0], [6.0, 8.0, 5.0], [1.0, 4.0, 9.0]]]
2020-08-16 03:05:32,430 INFO Reward now: 8.30695124467214
2020-08-16 03:05:32,430 INFO Best policy so far: [[6, [5.0, 4.0, -0.0], [1.0, 9.0, 4.0], [6.0, 0, 9], [8, 4.0, 6]], [7, [0, 9, 0], [1.0, 2.0, 0], [8, 9, 2.0], [4.0, 2.0, 9]], [8, [0, 3.0, 4.0], [8, 9, 0], [6.0, 6, 4.0], [1, 2.0, 8.0]]]
2020-08-16 03:05:32,430 INFO Best reward so far: 8.908450285593668
2020-08-16 05:52:56,362 INFO Iter 47
2020-08-16 05:52:56,696 INFO Policy now: [[9, [6.0, 4.0, 5.0], [5.0, 6.0, 4.0], [7, 1.0, 9], [3.0, 9.0, 5.0]], [9, [0, 9, 0], [4, 8.0, 0], [8, 7.0, 4.0], [6.0, 3.0, 9]], [9, [1.0, 0, -0.0], [6.0, 9, 0], [2.0, 8.0, 0], [0, 7.0, 6.0]]]
2020-08-16 05:52:56,785 INFO Reward now: 5.298279345035553
2020-08-16 05:52:56,785 INFO Best policy so far: [[9, [4.0, 4.0, 4.0], [6, 6.0, 4.0], [8, 1.0, 9], [1, 8.0, 4.0]], [9, [0, 9, 0], [1, 5.0, 0], [8, 6.0, 4.0], [6.0, 5.0, 9]], [9, [0, 1.0, 2.0], [4.0, 9, 0], [1, 8.0, 2.0], [3, 6.0, 7.0]]]
2020-08-16 05:52:56,785 INFO Best reward so far: 6.395024538040161
2020-08-16 06:05:27,670 INFO Iter 48
2020-08-16 06:05:27,986 INFO Policy now: [[9, [6.0, 6.0, 4.0], [4.0, 5.0, 3.0], [7.0, 2.0, 9.0], [2, 9.0, 4.0]], [9, [-0.0, 9.0, 0], [5.0, 7.0, 0], [6.0, 8.0, 2.0], [2, 5.0, 9.0]], [9.0, [1.0, -0.0, 1.0], [7.0, 8.0, 1.0], [2.0, 7.0, 0], [0, 8.0, 5.0]]]
2020-08-16 06:05:28,007 INFO Reward now: 6.031262755393982
2020-08-16 06:05:28,009 INFO Best policy so far: [[9, [4.0, 4.0, 4.0], [6, 6.0, 4.0], [8, 1.0, 9], [1, 8.0, 4.0]], [9, [0, 9, 0], [1, 5.0, 0], [8, 6.0, 4.0], [6.0, 5.0, 9]], [9, [0, 1.0, 2.0], [4.0, 9, 0], [1, 8.0, 2.0], [3, 6.0, 7.0]]]
2020-08-16 06:05:28,009 INFO Best reward so far: 7.00366473197937
2020-08-16 06:18:09,889 INFO Iter 49
2020-08-16 06:18:09,901 INFO Policy now: [[9, [5.0, 7.0, 2.0], [2.0, 6.0, 2.0], [7.0, 2.0, 9], [3.0, 9.0, 4.0]], [9, [-0.0, 9, 1.0], [6.0, 6.0, 1.0], [8.0, 7.0, -0.0], [1.0, 5.0, 9.0]], [9, [0, 0, 0], [7.0, 9.0, 1.0], [5.0, 8.0, 0.0], [2, 9.0, 3.0]]]
2020-08-16 06:18:09,901 INFO Reward now: 6.0153855085372925
2020-08-16 06:18:09,901 INFO Best policy so far: [[7, [8, 9, 8.0], [5.0, 6.0, 2.0], [6.0, 0.0, 7.0], [2, 8.0, 0.0]], [8, [0, 8.0, 0], [8.0, 6.0, 0], [6.0, 5.0, 6.0], [1, 5.0, 9]], [4.0, [0, 0, 6.0], [3.0, 6.0, 0], [6.0, 9, 2], [4, 9, 4.0]]]
2020-08-16 06:18:09,901 INFO Best reward so far: 8.212833801905314
2020-08-16 09:16:32,359 INFO Iter 50
2020-08-16 09:16:33,221 INFO Policy now: [[9, [8.0, 9.0, 2.0], [-0.0, 8.0, 3.0], [6.0, 0, 9.0], [1.0, 8.0, 7.0]], [9, [0, 7.0, 0], [3.0, 6.0, 0], [8, 5.0, 0], [2.0, 4.0, 7.0]], [9, [0.0, 0, 0], [7.0, 7.0, 2.0], [4.0, 9.0, 0.0], [1.0, 9, 5.0]]]
2020-08-16 09:16:33,235 INFO Reward now: 7.973955551783244
2020-08-16 09:16:33,236 INFO Best policy so far: [[6, [1.0, 2.0, -0.0], [-0.0, 2.0, 0], [8, 2.0, 8], [5.0, 6.0, 4.0]], [5, [4.0, 8, -0.0], [7.0, 9.0, 0.0], [8, 9, 2.0], [5.0, 7.0, 9]], [7, [0, 2, 0], [4.0, 8.0, 2.0], [2.0, 9, 4.0], [1, 9.0, 2.0]]]
2020-08-16 09:16:33,236 INFO Best reward so far: 8.559078931808472
2020-08-16 12:14:34,871 INFO Iter 51
2020-08-16 12:14:35,538 INFO Policy now: [[9.0, [6.0, 9.0, 1.0], [-0.0, 9.0, 6.0], [8.0, 1.0, 9.0], [7, 9, 4.0]], [9, [1.0, 4.0, 2.0], [3.0, 5.0, 1.0], [7.0, 5.0, 0], [2, 6.0, 9.0]], [9, [1.0, 0.0, 0], [5.0, 8.0, 5.0], [4.0, 9, 0.0], [0, 9, 3.0]]]
2020-08-16 12:14:35,578 INFO Reward now: 6.438602685928345
2020-08-16 12:14:35,578 INFO Best policy so far: [[9, [8.0, 9.0, 4.0], [0, 6.0, 6.0], [3.0, 0, 5.0], [1, 9, 3.0]], [9, [4, 8.0, 2], [1.0, 6.0, 0], [6, 6.0, 2], [2, 6.0, 9.0]], [9, [1.0, 0, 0], [3.0, 2.0, 3.0], [4.0, 9, 1.0], [0, 9, 6.0]]]
2020-08-16 12:14:35,578 INFO Best reward so far: 8.850720882415771
2020-08-16 15:07:30,432 INFO Iter 52
2020-08-16 15:07:30,652 INFO Policy now: [[9, [8, 9, 2.0], [0, 8.0, 3.0], [7.0, 0.0, 9.0], [4, 9, 0]], [9, [1.0, 6.0, 4.0], [4.0, 9.0, 0], [5.0, 9, 1.0], [2.0, 9.0, 9]], [9.0, [2.0, 2.0, 1.0], [7.0, 7.0, 6.0], [0, 6.0, -0.0], [1, 7.0, 5.0]]]
2020-08-16 15:07:30,684 INFO Reward now: 6.207507928212483
2020-08-16 15:07:30,684 INFO Best policy so far: [[9, [8, 9, 4.0], [0.0, 8.0, 5.0], [6.0, 3.0, 8.0], [7, 9, 0.0]], [9, [2.0, 6.0, 4.0], [4.0, 9, 0], [6.0, 8.0, 2], [1, 9.0, 9]], [9, [2.0, 2.0, 0], [6.0, 6.0, 6.0], [0.0, 4, 3.0], [8, 4, 6.0]]]
2020-08-16 15:07:30,684 INFO Best reward so far: 6.733062346776326
2020-08-16 18:04:11,790 INFO Iter 53
2020-08-16 18:04:12,060 INFO Policy now: [[9.0, [8, 8.0, 5.0], [2.0, 7.0, 5.0], [5.0, 2.0, 8.0], [7, 9, 0]], [9, [0, 8.0, 8.0], [1.0, 9, 0], [8.0, 7.0, 4.0], [6, 9.0, 9]], [9, [4.0, 4.0, 2.0], [8, 7.0, 9], [0, 1.0, 0.0], [2, 7.0, 0.0]]]
2020-08-16 18:04:12,115 INFO Reward now: 8.794199546178183
2020-08-16 18:04:12,115 INFO Best policy so far: [[4, [8, 9, 6.0], [2, 8.0, 6.0], [5.0, 3.0, 6.0], [6, 9, 0]], [4, [2.0, 2.0, 7.0], [1.0, 9, 0], [8, 8, 4.0], [0.0, 4.0, 9]], [6.0, [6.0, 0, 0.0], [8, 2.0, 9.0], [0, 4.0, 2.0], [4, 8.0, 3.0]]]
2020-08-16 18:04:12,115 INFO Best reward so far: 10.754208405812582
2020-08-16 18:23:35,821 INFO Iter 54
2020-08-16 18:23:35,857 INFO Policy now: [[8.0, [8.0, 4.0, 6.0], [4.0, 4.0, 9], [1.0, 0, 5.0], [7.0, 6.0, 3.0]], [9, [0, 7.0, 7.0], [2.0, 9, 0.0], [8.0, 3.0, 9], [7.0, 6.0, 9.0]], [9, [3.0, 2.0, 3.0], [8, 7.0, 9.0], [1.0, 0, 0], [4, 3.0, 2.0]]]
2020-08-16 18:23:35,857 INFO Reward now: 6.5210080941518145
2020-08-16 18:23:35,858 INFO Best policy so far: [[9.0, [8, 6.0, 6.0], [4.0, 4.0, 8.0], [0, 0, 4.0], [6, 6, 4]], [9, [0, 7.0, 7.0], [7, 9, 3], [8, 6.0, 8.0], [6, 6.0, 9]], [9, [0.0, 2.0, 2.0], [4, 6.0, 8], [2, 0, 0], [8, 5.0, 2.0]]]
2020-08-16 18:23:35,858 INFO Best reward so far: 7.500084797541301
2020-08-16 18:32:53,310 INFO Iter 55
2020-08-16 18:32:53,315 INFO Policy now: [[8.0, [8.0, 7.0, 7.0], [5.0, 4.0, 9.0], [1.0, 0.0, 4.0], [6.0, 6.0, 5.0]], [9.0, [1.0, 6.0, 7.0], [2.0, 9.0, 0], [8.0, 2.0, 9.0], [6.0, 5.0, 9.0]], [9.0, [5.0, 3.0, 4.0], [8.0, 7.0, 9.0], [2.0, -0.0, 1.0], [3.0, 3.0, 1.0]]]
2020-08-16 18:32:53,315 INFO Reward now: 3.499538024266561
2020-08-16 18:32:53,315 INFO Best policy so far: [[9.0, [8, 6.0, 6.0], [4.0, 4.0, 8.0], [0, 0, 4.0], [6, 6, 4]], [9, [0, 7.0, 7.0], [7, 9, 3], [8, 6.0, 8.0], [6, 6.0, 9]], [9, [0.0, 2.0, 2.0], [4, 6.0, 8], [2, 0, 0], [8, 5.0, 2.0]]]
2020-08-16 18:32:53,316 INFO Best reward so far: 4.08630241950353
2020-08-16 18:38:07,437 INFO Iter 56
2020-08-16 18:38:07,440 INFO Policy now: [[8.0, [8, 8.0, 6.0], [4.0, 8.0, 8.0], [0, 1.0, 3.0], [6.0, 6.0, 5.0]], [9, [1.0, 7.0, 6.0], [0.0, 9, 1.0], [8.0, 0.0, 9], [7, 6.0, 9.0]], [9.0, [1.0, 0.0, 4.0], [7.0, 6.0, 8.0], [2.0, 2.0, 1.0], [5.0, 7.0, 3.0]]]
2020-08-16 18:38:07,440 INFO Reward now: 3.6708685954411826
2020-08-16 18:38:07,440 INFO Best policy so far: [[9, [8, 8.0, 4.0], [2.0, 6.0, 4.0], [0, 4.0, 6.0], [6, 9.0, 4.0]], [9, [2.0, 8.0, 5.0], [0, 9, 2], [8, 2.0, 9], [6.0, 3.0, 9.0]], [9.0, [2.0, 0.0, 8.0], [8.0, 9, 4.0], [7, 0, 5.0], [6.0, 6.0, 2.0]]]
2020-08-16 18:38:07,440 INFO Best reward so far: 4.49786376953125
2020-08-16 21:43:09,284 INFO Iter 57
2020-08-16 21:43:09,470 INFO Policy now: [[9, [8, 8.0, 9], [1, 8.0, 9], [0, 0, 9.0], [3.0, 0.0, 6.0]], [9, [3.0, 7.0, 9], [0, 6.0, 0], [8, 0, 8.0], [4.0, 4.0, 6.0]], [9, [0, -0.0, 9], [4.0, 5.0, 9], [8, 0, 0], [2.0, 9, 4.0]]]
2020-08-16 21:43:09,496 INFO Reward now: 11.379851659138998
2020-08-16 21:43:09,496 INFO Best policy so far: [[9, [8, 8.0, 9], [6.0, 8.0, 9], [0, 0, 6.0], [4.0, 2.0, 6.0]], [9, [2.0, 7.0, 9], [0, 5, 0], [8, 0, 8], [4, 5.0, 5.0]], [9, [0, 0.0, 8.0], [4.0, 6.0, 9], [8, 0, 0.0], [3.0, 9, 4.0]]]
2020-08-16 21:43:09,497 INFO Best reward so far: 12.265762170155844
2020-08-16 21:47:43,898 INFO Iter 58
2020-08-16 21:47:43,906 INFO Policy now: [[9.0, [7.0, 9, 9.0], [1.0, 7.0, 9.0], [-0.0, 3.0, 6.0], [3.0, 1.0, 9]], [8.0, [3.0, 7.0, 9], [0, 6.0, 0], [8, 3.0, 9], [5.0, 0, 6.0]], [9.0, [0, 1.0, 9], [7.0, 7.0, 8.0], [5.0, 1.0, -0.0], [4, 7.0, 0]]]
2020-08-16 21:47:43,906 INFO Reward now: 3.720079799493154
2020-08-16 21:47:43,906 INFO Best policy so far: [[9, [8, 8.0, 9], [6.0, 8.0, 9], [0, 0, 6.0], [4.0, 2.0, 6.0]], [9, [2.0, 7.0, 9], [0, 5, 0], [8, 0, 8], [4, 5.0, 5.0]], [9, [0, 0.0, 8.0], [4.0, 6.0, 9], [8, 0, 0.0], [3.0, 9, 4.0]]]
2020-08-16 21:47:43,906 INFO Best reward so far: 6.174577077229817
2020-08-16 22:09:14,935 INFO Iter 59
2020-08-16 22:09:15,383 INFO Policy now: [[9.0, [6.0, 9, 9], [0.0, 5.0, 9], [2.0, 4.0, 5.0], [3.0, 3.0, 9]], [6.0, [-0.0, 5.0, 9.0], [1.0, 9.0, -0.0], [8.0, 2.0, 9.0], [7.0, 1.0, 3.0]], [9.0, [0, 3.0, 9.0], [7.0, 9.0, 7.0], [6.0, 2.0, -0.0], [5, 4.0, -0.0]]]
2020-08-16 22:09:15,421 INFO Reward now: 6.606283148129781
2020-08-16 22:09:15,421 INFO Best policy so far: [[9, [8, 8.0, 9], [6.0, 8.0, 9], [0, 0, 6.0], [4.0, 2.0, 6.0]], [9, [2.0, 7.0, 9], [0, 5, 0], [8, 0, 8], [4, 5.0, 5.0]], [9, [0, 0.0, 8.0], [4.0, 6.0, 9], [8, 0, 0.0], [3.0, 9, 4.0]]]
2020-08-16 22:09:15,421 INFO Best reward so far: 8.974404692649841
2020-08-16 22:33:22,580 INFO Iter 60
2020-08-16 22:33:22,585 INFO Policy now: [[9.0, [8, 9, 4.0], [0, 9, 8.0], [4.0, 9, 5.0], [2.0, 2.0, 9]], [9, [0, 9, 9], [3, 6.0, 0], [4.0, 0, 8.0], [8, 9, 0]], [9, [0, 3.0, 6.0], [2.0, 9, 0.0], [1.0, 6.0, 3.0], [5.0, 6.0, 1.0]]]
2020-08-16 22:33:22,586 INFO Reward now: 11.559707244237265
2020-08-16 22:33:22,586 INFO Best policy so far: [[9.0, [8, 9, 4.0], [0, 9, 8.0], [4.0, 9, 5.0], [2.0, 2.0, 9]], [9, [0, 9, 9], [3, 6.0, 0], [4.0, 0, 8.0], [8, 9, 0]], [9, [0, 3.0, 6.0], [2.0, 9, 0.0], [1.0, 6.0, 3.0], [5.0, 6.0, 1.0]]]
2020-08-16 22:33:22,586 INFO Best reward so far: 11.559707244237265
2020-08-17 01:21:03,453 INFO Iter 61
2020-08-17 01:21:03,780 INFO Policy now: [[9.0, [8, 8.0, 5.0], [-0.0, 7.0, 9], [4.0, 9.0, 4.0], [1.0, 3.0, 9]], [9.0, [-0.0, 9.0, 8.0], [2.0, 5.0, 0], [5.0, 0.0, 7.0], [8.0, 9.0, 0]], [9, [0, 2.0, 6.0], [2.0, 9, -0.0], [1.0, 4.0, 3.0], [4.0, 5.0, 2.0]]]
2020-08-17 01:21:03,790 INFO Reward now: 7.569746931393941
2020-08-17 01:21:03,791 INFO Best policy so far: [[9.0, [8, 8.0, 5.0], [-0.0, 7.0, 9], [4.0, 9.0, 4.0], [1.0, 3.0, 9]], [9.0, [-0.0, 9.0, 8.0], [2.0, 5.0, 0], [5.0, 0.0, 7.0], [8.0, 9.0, 0]], [9, [0, 2.0, 6.0], [2.0, 9, -0.0], [1.0, 4.0, 3.0], [4.0, 5.0, 2.0]]]
2020-08-17 01:21:03,791 INFO Best reward so far: 7.569746931393941
2020-08-17 01:46:28,050 INFO Iter 62
2020-08-17 01:46:28,055 INFO Policy now: [[9, [8.0, 9, 2.0], [-0.0, 5.0, 9], [4.0, 8.0, 3.0], [2, -0.0, 9]], [9.0, [-0.0, 8.0, 9.0], [3.0, 6.0, 1.0], [2.0, 0.0, 9.0], [8, 9, 0]], [9.0, [-0.0, 1.0, 7.0], [1.0, 9, 0], [8, 6.0, 5.0], [5.0, 6.0, 3.0]]]
2020-08-17 01:46:28,055 INFO Reward now: 7.818536758422852
2020-08-17 01:46:28,055 INFO Best policy so far: [[9.0, [8, 8.0, 5.0], [-0.0, 7.0, 9], [4.0, 9.0, 4.0], [1.0, 3.0, 9]], [9.0, [-0.0, 9.0, 8.0], [2.0, 5.0, 0], [5.0, 0.0, 7.0], [8.0, 9.0, 0]], [9, [0, 2.0, 6.0], [2.0, 9, -0.0], [1.0, 4.0, 3.0], [4.0, 5.0, 2.0]]]
2020-08-17 01:46:28,055 INFO Best reward so far: 9.216545303662619
2020-08-17 01:59:29,540 INFO Iter 63
2020-08-17 01:59:29,545 INFO Policy now: [[6.0, [8, 9, 0], [2.0, 0, 6.0], [1.0, 8.0, 4.0], [5, 0, 7.0]], [8.0, [3.0, 8.0, 7.0], [5.0, 9, 0.0], [0, 0, 8.0], [8, 6.0, 2.0]], [9, [2.0, 0, 4.0], [0, 9, 0], [7.0, 9, 9], [5.0, 5.0, 0]]]
2020-08-17 01:59:29,545 INFO Reward now: 4.9422463575998945
2020-08-17 01:59:29,545 INFO Best policy so far: [[4, [8, 9, 0.0], [2.0, 2.0, 6], [3.0, 7.0, 5.0], [0, 0, 5]], [7.0, [2.0, 8.0, 8.0], [6.0, 9, -0.0], [-0.0, 0, 6.0], [8, 6, 4]], [9.0, [4.0, 0, 6.0], [0, 9, 0], [6, 9, 8.0], [2.0, 6.0, 2.0]]]
2020-08-17 01:59:29,546 INFO Best reward so far: 7.561061461766561
2020-08-17 02:12:00,833 INFO Iter 64
2020-08-17 02:12:00,986 INFO Policy now: [[9, [8, 9, 1.0], [5.0, 4.0, 9], [0, 4.0, 5.0], [2.0, 3.0, 9.0]], [9, [0.0, 9, 9.0], [2.0, 9.0, 3.0], [3, 2.0, 6.0], [8, 6.0, 4.0]], [9, [7.0, 0, 9], [0, 9.0, 4.0], [1, 7.0, 9.0], [4.0, 4.0, 3.0]]]
2020-08-17 02:12:01,043 INFO Reward now: 7.274574398994446
2020-08-17 02:12:01,043 INFO Best policy so far: [[4, [8, 9, 0.0], [2.0, 2.0, 6], [3.0, 7.0, 5.0], [0, 0, 5]], [7.0, [2.0, 8.0, 8.0], [6.0, 9, -0.0], [-0.0, 0, 6.0], [8, 6, 4]], [9.0, [4.0, 0, 6.0], [0, 9, 0], [6, 9, 8.0], [2.0, 6.0, 2.0]]]
2020-08-17 02:12:01,043 INFO Best reward so far: 7.870168844858806
2020-08-17 02:21:38,334 INFO Iter 65
2020-08-17 02:21:38,338 INFO Policy now: [[9, [6.0, 7.0, 1.0], [1, 4.0, 9.0], [0.0, 4.0, 3.0], [2.0, 3.0, 9]], [9, [0, 9, 9], [1.0, 8.0, 3.0], [3.0, 2.0, 5.0], [7.0, 4.0, 3.0]], [9, [7.0, 0.0, 9.0], [0, 9.0, 5.0], [1.0, 8.0, 9], [3.0, 1.0, 2.0]]]
2020-08-17 02:21:38,339 INFO Reward now: 9.721533934275309
2020-08-17 02:21:38,339 INFO Best policy so far: [[9, [6.0, 7.0, 1.0], [1, 4.0, 9.0], [0.0, 4.0, 3.0], [2.0, 3.0, 9]], [9, [0, 9, 9], [1.0, 8.0, 3.0], [3.0, 2.0, 5.0], [7.0, 4.0, 3.0]], [9, [7.0, 0.0, 9.0], [0, 9.0, 5.0], [1.0, 8.0, 9], [3.0, 1.0, 2.0]]]
2020-08-17 02:21:38,339 INFO Best reward so far: 9.721533934275309
2020-08-17 02:26:47,400 INFO Iter 66
2020-08-17 02:26:47,403 INFO Policy now: [[9, [3.0, 4.0, 0], [0, 5.0, 8.0], [1.0, 4.0, 0], [6, 4.0, 8.0]], [9, [0, 8.0, 9], [3.0, 7.0, 6.0], [7.0, 2.0, 9.0], [8.0, 4.0, 3.0]], [9.0, [7.0, 0, 9.0], [3.0, 7.0, 2.0], [2.0, 6.0, 9.0], [4.0, 5.0, 3.0]]]
2020-08-17 02:26:47,404 INFO Reward now: 8.017314036687216
2020-08-17 02:26:47,404 INFO Best policy so far: [[9, [2.0, 7.0, 0], [7, 6.0, 9], [3, 0.0, 2.0], [0, 4.0, 6]], [9, [0, 8, 9], [3, 9, 4.0], [6.0, 2.0, 9], [4, 3.0, -0.0]], [9, [8.0, 0, 9], [2, 4.0, 1.0], [4, 4.0, 9], [-0.0, 5.0, 0.0]]]
2020-08-17 02:26:47,404 INFO Best reward so far: 8.211165507634481
2020-08-17 02:51:51,372 INFO Iter 67
2020-08-17 02:51:51,395 INFO Policy now: [[8.0, [5.0, 6.0, -0.0], [0, 7.0, 7.0], [1, 4.0, 1.0], [7.0, 6.0, 8.0]], [9, [0, 9, 9.0], [2.0, 9.0, 6.0], [7.0, 1.0, 8.0], [8, 2.0, 3.0]], [8.0, [7.0, 0, 7.0], [1.0, 7.0, 1.0], [3.0, 8.0, 8.0], [5, 4.0, 4.0]]]
2020-08-17 02:51:51,396 INFO Reward now: 7.371475259462993
2020-08-17 02:51:51,396 INFO Best policy so far: [[5, [4.0, 7.0, 4], [0, 8.0, 9.0], [8, 6.0, 0], [3, 4.0, 8.0]], [9, [0, 9, 6], [1, 9, 8.0], [8.0, 0.0, 5.0], [4, 4.0, 6.0]], [6.0, [8, 0, 6.0], [0, 4.0, -0.0], [2, 9.0, 9], [4.0, 1.0, 1.0]]]
2020-08-17 02:51:51,396 INFO Best reward so far: 8.976973136266073
2020-08-17 02:55:47,079 INFO Iter 68
2020-08-17 02:55:47,092 INFO Policy now: [[9, [3.0, 9.0, 1.0], [0.0, 4.0, 7.0], [1.0, 5.0, 4.0], [7.0, 9.0, 5.0]], [9, [1.0, 9, 9.0], [4.0, 9, 8.0], [8, 0.0, 8.0], [6.0, 2.0, 4.0]], [8.0, [5.0, 0, 8.0], [2.0, 6.0, 0], [4, 9.0, 6.0], [3, 6.0, 2.0]]]
2020-08-17 02:55:47,093 INFO Reward now: 3.001118689775467
2020-08-17 02:55:47,093 INFO Best policy so far: [[9, [2.0, 9, 2.0], [0, 3.0, 8.0], [8, 5.0, 4.0], [4.0, 9, 4.0]], [9, [2, 9, 9], [6, 9, 8.0], [8, 0, 9], [4, 2.0, 4.0]], [9.0, [4.0, 0, 9], [2, 5.0, 0], [0.0, 9, 4.0], [1, 8.0, 2.0]]]
2020-08-17 02:55:47,093 INFO Best reward so far: 4.237138470013936
2020-08-17 05:44:47,577 INFO Iter 69
2020-08-17 05:44:47,715 INFO Policy now: [[8.0, [4.0, 9, 0.0], [0, 4.0, 9], [1.0, 7.0, 6.0], [7.0, 9, 4.0]], [9.0, [0, 9, 7.0], [4.0, 8.0, 7.0], [8.0, 1.0, 7.0], [2, 0.0, 6.0]], [7.0, [6.0, 0, 9.0], [4.0, 7.0, 0.0], [5, 8.0, 4.0], [1.0, 6.0, 0.0]]]
2020-08-17 05:44:47,736 INFO Reward now: 9.275510231653849
2020-08-17 05:44:47,736 INFO Best policy so far: [[9, [2.0, 9, 2.0], [0, 3.0, 8.0], [8, 5.0, 4.0], [4.0, 9, 4.0]], [9, [2, 9, 9], [6, 9, 8.0], [8, 0, 9], [4, 2.0, 4.0]], [9.0, [4.0, 0, 9], [2, 5.0, 0], [0.0, 9, 4.0], [1, 8.0, 2.0]]]
2020-08-17 05:44:47,736 INFO Best reward so far: 10.083740472793579
2020-08-17 05:55:16,740 INFO Iter 70
2020-08-17 05:55:16,746 INFO Policy now: [[9, [5.0, 9.0, 1.0], [-0.0, 4.0, 9.0], [2.0, 5.0, 4.0], [4.0, 8.0, 3.0]], [9.0, [0, 9.0, 6.0], [6.0, 8.0, 7.0], [7.0, 2.0, 6.0], [1.0, 0, 4.0]], [8.0, [5.0, 1.0, 9], [4.0, 5.0, 1.0], [6.0, 7.0, 4.0], [3.0, 4.0, 0.0]]]
2020-08-17 05:55:16,746 INFO Reward now: 4.116701205571492
2020-08-17 05:55:16,746 INFO Best policy so far: [[9, [2.0, 9, 2.0], [0, 3.0, 8.0], [8, 5.0, 4.0], [4.0, 9, 4.0]], [9, [2, 9, 9], [6, 9, 8.0], [8, 0, 9], [4, 2.0, 4.0]], [9.0, [4.0, 0, 9], [2, 5.0, 0], [0.0, 9, 4.0], [1, 8.0, 2.0]]]
2020-08-17 05:55:16,746 INFO Best reward so far: 5.047032058238983
2020-08-17 06:19:53,112 INFO Iter 71
2020-08-17 06:19:53,231 INFO Policy now: [[9.0, [4.0, 8.0, 0], [1.0, 4.0, 9.0], [3.0, 9, 5.0], [8.0, 5.0, 6.0]], [9.0, [0.0, 9, 5.0], [4.0, 5.0, 7.0], [6.0, 0, 4.0], [1.0, -0.0, 3.0]], [8.0, [3.0, 1.0, 9.0], [-0.0, 4.0, 1.0], [8, 7.0, 6.0], [1, 5.0, 1.0]]]
2020-08-17 06:19:53,241 INFO Reward now: 10.907420794169107
2020-08-17 06:19:53,241 INFO Best policy so far: [[9, [2.0, 9, 2.0], [0, 3.0, 8.0], [8, 5.0, 4.0], [4.0, 9, 4.0]], [9, [2, 9, 9], [6, 9, 8.0], [8, 0, 9], [4, 2.0, 4.0]], [9.0, [4.0, 0, 9], [2, 5.0, 0], [0.0, 9, 4.0], [1, 8.0, 2.0]]]
2020-08-17 06:19:53,241 INFO Best reward so far: 13.120551506678263
2020-08-17 09:14:58,401 INFO Iter 72
2020-08-17 09:14:58,650 INFO Policy now: [[9.0, [4.0, 6.0, 2.0], [3.0, 3.0, 6.0], [7, 9, 5.0], [8, 4.0, 6.0]], [9.0, [-0.0, 7.0, 8.0], [3.0, 4.0, 8.0], [5.0, 0.0, 2.0], [1.0, -0.0, 4.0]], [9, [7.0, 2.0, 9.0], [0, 1.0, -0.0], [6.0, 4.0, 4.0], [4, 6.0, 3.0]]]
2020-08-17 09:14:58,659 INFO Reward now: 6.62645810842514
2020-08-17 09:14:58,659 INFO Best policy so far: [[9, [2.0, 9, 2.0], [0, 3.0, 8.0], [8, 5.0, 4.0], [4.0, 9, 4.0]], [9, [2, 9, 9], [6, 9, 8.0], [8, 0, 9], [4, 2.0, 4.0]], [9.0, [4.0, 0, 9], [2, 5.0, 0], [0.0, 9, 4.0], [1, 8.0, 2.0]]]
2020-08-17 09:14:58,659 INFO Best reward so far: 9.35847520828247
2020-08-17 09:36:30,308 INFO Iter 73
2020-08-17 09:36:30,313 INFO Policy now: [[9, [1.0, 9.0, 3.0], [4.0, 2.0, 1.0], [5.0, 8.0, 8.0], [8, 1.0, 4.0]], [9, [-0.0, 9.0, 6.0], [4.0, 0, 6.0], [3.0, 1.0, 1.0], [1.0, 0.0, 2.0]], [9, [8, 2.0, 9], [2.0, 0, 0], [6.0, 2.0, 8.0], [4.0, 5.0, 9.0]]]
2020-08-17 09:36:30,314 INFO Reward now: 10.842120488484701
2020-08-17 09:36:30,314 INFO Best policy so far: [[9, [2.0, 9, 2.0], [0, 3.0, 8.0], [8, 5.0, 4.0], [4.0, 9, 4.0]], [9, [2, 9, 9], [6, 9, 8.0], [8, 0, 9], [4, 2.0, 4.0]], [9.0, [4.0, 0, 9], [2, 5.0, 0], [0.0, 9, 4.0], [1, 8.0, 2.0]]]
2020-08-17 09:36:30,314 INFO Best reward so far: 12.033834457397461
2020-08-17 12:35:41,892 INFO Iter 74
2020-08-17 12:35:42,006 INFO Policy now: [[9.0, [3.0, 7.0, 7.0], [2.0, 4.0, 5.0], [1.0, 7.0, 7.0], [8, 0, 3.0]], [7.0, [-0.0, 7.0, 5.0], [4.0, 0, 5.0], [5.0, 1.0, 2.0], [1.0, 0, 0]], [8.0, [8.0, 2.0, 9], [4.0, -0.0, -0.0], [6.0, 3.0, 9], [3, 9.0, 9.0]]]
2020-08-17 12:35:42,052 INFO Reward now: 9.824772119522095
2020-08-17 12:35:42,052 INFO Best policy so far: [[9, [2.0, 9, 2.0], [0, 3.0, 8.0], [8, 5.0, 4.0], [4.0, 9, 4.0]], [9, [2, 9, 9], [6, 9, 8.0], [8, 0, 9], [4, 2.0, 4.0]], [9.0, [4.0, 0, 9], [2, 5.0, 0], [0.0, 9, 4.0], [1, 8.0, 2.0]]]
2020-08-17 12:35:42,052 INFO Best reward so far: 12.179233630498251
2020-08-17 15:37:54,653 INFO Iter 75
2020-08-17 15:37:54,786 INFO Policy now: [[9, [0, 7.0, 8.0], [7.0, 6.0, 2.0], [1.0, 5.0, 9], [8.0, 2.0, 0]], [9, [0, 3.0, 9], [8, 1.0, 9], [3.0, 0, 0], [2, 1.0, 0]], [9, [8, 3.0, 9], [5.0, 1.0, -0.0], [3.0, 7.0, 6.0], [0, 8.0, 9.0]]]
2020-08-17 15:37:54,798 INFO Reward now: 6.271722833315532
2020-08-17 15:37:54,798 INFO Best policy so far: [[9, [2.0, 9, 2.0], [0, 3.0, 8.0], [8, 5.0, 4.0], [4.0, 9, 4.0]], [9, [2, 9, 9], [6, 9, 8.0], [8, 0, 9], [4, 2.0, 4.0]], [9.0, [4.0, 0, 9], [2, 5.0, 0], [0.0, 9, 4.0], [1, 8.0, 2.0]]]
2020-08-17 15:37:54,798 INFO Best reward so far: 8.772300243377686
2020-08-17 18:33:58,251 INFO Iter 76
2020-08-17 18:33:58,426 INFO Policy now: [[9, [0, 5.0, 6.0], [7.0, 6.0, 4.0], [2.0, 4.0, 9], [8.0, 1.0, 1.0]], [9.0, [0, 3.0, 9], [8.0, -0.0, 9.0], [5.0, -0.0, 0], [1.0, 1.0, 0.0]], [9, [8.0, 3.0, 9.0], [5.0, -0.0, 0.0], [2.0, 6.0, 6.0], [0, 6.0, 8.0]]]
2020-08-17 18:33:58,444 INFO Reward now: 9.32014505068461
2020-08-17 18:33:58,444 INFO Best policy so far: [[8, [2, 4.0, 9], [4.0, 5.0, 6.0], [0, 4.0, 9], [5.0, 5.0, 0]], [9, [0, 7.0, 9], [8, 0, 9], [4, 0, 0], [6, 0, 2]], [8, [8, 0, 8], [3.0, 0.0, 4.0], [6.0, 8.0, 9.0], [4, 4.0, 7.0]]]
2020-08-17 18:33:58,444 INFO Best reward so far: 9.998139381408691
2020-08-17 21:21:46,155 INFO Iter 77
2020-08-17 21:21:46,376 INFO Policy now: [[9.0, [1.0, 8.0, 6.0], [7.0, 3.0, 5.0], [8, 5.0, 9], [0, 2.0, 3.0]], [9, [0, 4.0, 8.0], [7.0, 1.0, 8.0], [5.0, 0, 2.0], [2.0, 1.0, -0.0]], [9, [8.0, 4.0, 9], [2.0, 1.0, 1.0], [1.0, 7.0, 4.0], [0, 8.0, 9.0]]]
2020-08-17 21:21:46,391 INFO Reward now: 5.559471249580383
2020-08-17 21:21:46,391 INFO Best policy so far: [[6, [0, 6.0, 9], [8, 2.0, 4.0], [1, 6.0, 9], [5.0, 0.0, 5.0]], [6.0, [0, 4.0, 8], [8, 4.0, 9], [2.0, 0, 4], [4.0, 0, 0]], [8, [4.0, 3.0, 9], [3.0, 0, 2.0], [5.0, 2.0, 5.0], [0, 4.0, 6.0]]]
2020-08-17 21:21:46,391 INFO Best reward so far: 6.320773601531982
2020-08-18 00:18:07,306 INFO Iter 78
2020-08-18 00:18:07,662 INFO Policy now: [[9, [0, 9, 9.0], [3.0, 4.0, 9], [8, 9.0, 9.0], [2.0, 0, 4.0]], [9, [0, 9.0, 8.0], [7.0, 1.0, 8.0], [5.0, 0, 1.0], [4.0, 5.0, -0.0]], [9, [8, 0, 9], [0, 0, 5.0], [3.0, 7.0, 2.0], [4, 9, 9]]]
2020-08-18 00:18:07,689 INFO Reward now: 6.827861865361531
2020-08-18 00:18:07,689 INFO Best policy so far: [[9, [0, 9, 9], [2.0, 4.0, 8.0], [8, 8.0, 8], [4, 0, 4.0]], [9, [0, 7.0, 7.0], [6.0, 2.0, 8.0], [2.0, 0, 2.0], [8, 6.0, 0]], [9, [8, 0.0, 9], [0, 0, 5.0], [3.0, 8.0, 2.0], [2, 9, 9]]]
2020-08-18 00:18:07,690 INFO Best reward so far: 7.370216369628906
2020-08-18 00:23:39,401 INFO Iter 79
2020-08-18 00:23:39,404 INFO Policy now: [[9, [3.0, 9, 9], [0.0, 9, 9.0], [8.0, 9, 9], [4, 0, 9]], [9, [0, 6.0, 4.0], [2.0, -0.0, 9.0], [8.0, 0, 3.0], [7.0, 8.0, 2.0]], [9.0, [7.0, 1.0, 8.0], [0, 1.0, 4.0], [3, 7.0, 0], [2.0, 7.0, 9.0]]]
2020-08-18 00:23:39,405 INFO Reward now: 4.2992316881815595
2020-08-18 00:23:39,405 INFO Best policy so far: [[9, [0, 9, 9], [2.0, 4.0, 8.0], [8, 8.0, 8], [4, 0, 4.0]], [9, [0, 7.0, 7.0], [6.0, 2.0, 8.0], [2.0, 0, 2.0], [8, 6.0, 0]], [9, [8, 0.0, 9], [0, 0, 5.0], [3.0, 8.0, 2.0], [2, 9, 9]]]
2020-08-18 00:23:39,405 INFO Best reward so far: 6.169573783874512
2020-08-18 00:36:44,926 INFO Iter 80
2020-08-18 00:36:44,930 INFO Policy now: [[9, [-0.0, 9, 7.0], [2.0, 8.0, 9], [7.0, 7.0, 9.0], [5, 0, 7.0]], [9, [-0.0, 8.0, 3.0], [2.0, 0, 9], [8.0, 1.0, 7.0], [5.0, 6.0, 5.0]], [9, [4.0, 0, 5.0], [3.0, 5.0, 6.0], [1.0, 5.0, 2.0], [5, 9.0, 8.0]]]
2020-08-18 00:36:44,930 INFO Reward now: 6.647437334060669
2020-08-18 00:36:44,930 INFO Best policy so far: [[9, [0.0, 9, 6], [4.0, 8, 9], [6.0, 6, 9], [8, 0, 4]], [9, [0, 7.0, 4.0], [5, 0, 9], [8.0, 2, 7.0], [4.0, 6.0, 4.0]], [9, [2.0, 0, 4.0], [4, 6.0, 5.0], [1, 6.0, 4], [6.0, 9, 6.0]]]
2020-08-18 00:36:44,930 INFO Best reward so far: 9.160420020421347
2020-08-18 03:43:31,299 INFO Iter 81
2020-08-18 03:43:31,538 INFO Policy now: [[9.0, [0.0, 9, 9.0], [1, 8.0, 9], [6.0, 6.0, 7.0], [5.0, 0, 2.0]], [9, [-0.0, 8.0, 1.0], [1.0, 0.0, 9], [6.0, 0, 9.0], [2.0, 6.0, 2.0]], [9, [3.0, 1.0, 1.0], [1.0, 8.0, 6.0], [-0.0, 7.0, 6.0], [4.0, 9, 7.0]]]
2020-08-18 03:43:31,560 INFO Reward now: 11.626557111740112
2020-08-18 03:43:31,560 INFO Best policy so far: [[9.0, [0.0, 9, 9.0], [1, 8.0, 9], [6.0, 6.0, 7.0], [5.0, 0, 2.0]], [9, [-0.0, 8.0, 1.0], [1.0, 0.0, 9], [6.0, 0, 9.0], [2.0, 6.0, 2.0]], [9, [3.0, 1.0, 1.0], [1.0, 8.0, 6.0], [-0.0, 7.0, 6.0], [4.0, 9, 7.0]]]
2020-08-18 03:43:31,560 INFO Best reward so far: 11.626557111740112
2020-08-18 06:32:56,922 INFO Iter 82
2020-08-18 06:32:57,085 INFO Policy now: [[9, [0, 9, 9], [4.0, 9, 7.0], [8.0, 9.0, 4.0], [5.0, 0.0, 6.0]], [9, [0, 9.0, 0], [2, 0, 9], [4.0, 0, 9], [1.0, 4.0, 6.0]], [9, [0.0, -0.0, 0.0], [2, 8.0, 8.0], [1, 8.0, 2.0], [3.0, 9.0, 6.0]]]
2020-08-18 06:32:57,102 INFO Reward now: 9.441310207049051
2020-08-18 06:32:57,102 INFO Best policy so far: [[9.0, [0.0, 9, 9.0], [1, 8.0, 9], [6.0, 6.0, 7.0], [5.0, 0, 2.0]], [9, [-0.0, 8.0, 1.0], [1.0, 0.0, 9], [6.0, 0, 9.0], [2.0, 6.0, 2.0]], [9, [3.0, 1.0, 1.0], [1.0, 8.0, 6.0], [-0.0, 7.0, 6.0], [4.0, 9, 7.0]]]
2020-08-18 06:32:57,102 INFO Best reward so far: 10.536002159118652
2020-08-18 06:50:53,131 INFO Iter 83
2020-08-18 06:50:53,149 INFO Policy now: [[9, [2.0, 9, 8.0], [0, 8.0, 6.0], [7.0, 9, 7.0], [8, 2.0, 0]], [9, [1.0, 9, 1.0], [4.0, 0, 9], [0.0, 0, 9.0], [2, 9, 6.0]], [9, [1.0, 1.0, 2.0], [2.0, 5.0, 9], [0, 6.0, 0], [4, 9, 4.0]]]
2020-08-18 06:50:53,150 INFO Reward now: 6.88414740562439
2020-08-18 06:50:53,150 INFO Best policy so far: [[9.0, [0.0, 9, 9.0], [1, 8.0, 9], [6.0, 6.0, 7.0], [5.0, 0, 2.0]], [9, [-0.0, 8.0, 1.0], [1.0, 0.0, 9], [6.0, 0, 9.0], [2.0, 6.0, 2.0]], [9, [3.0, 1.0, 1.0], [1.0, 8.0, 6.0], [-0.0, 7.0, 6.0], [4.0, 9, 7.0]]]
2020-08-18 06:50:53,150 INFO Best reward so far: 7.311360955238342
2020-08-18 07:00:20,346 INFO Iter 84
2020-08-18 07:00:20,556 INFO Policy now: [[9, [2.0, 9.0, 6.0], [0.0, 9.0, 7.0], [8, 8.0, 9], [1, 5.0, 0]], [9.0, [2.0, 9, 3.0], [3.0, 1.0, 8.0], [-0.0, 0, 9.0], [4, 9.0, 4.0]], [9, [3.0, 2.0, 4.0], [0, 8.0, 9.0], [6, 4.0, 1.0], [7.0, 7.0, 6.0]]]
2020-08-18 07:00:20,573 INFO Reward now: 3.532392998536428
2020-08-18 07:00:20,573 INFO Best policy so far: [[9.0, [0.0, 9, 9.0], [1, 8.0, 9], [6.0, 6.0, 7.0], [5.0, 0, 2.0]], [9, [-0.0, 8.0, 1.0], [1.0, 0.0, 9], [6.0, 0, 9.0], [2.0, 6.0, 2.0]], [9, [3.0, 1.0, 1.0], [1.0, 8.0, 6.0], [-0.0, 7.0, 6.0], [4.0, 9, 7.0]]]
2020-08-18 07:00:20,574 INFO Best reward so far: 4.918129603068034
2020-08-18 10:07:28,720 INFO Iter 85
2020-08-18 10:07:28,863 INFO Policy now: [[8.0, [3.0, 7.0, 6.0], [-0.0, 7.0, 6.0], [8, 5.0, 9.0], [2, 1.0, -0.0]], [8.0, [1.0, 8.0, 0], [6.0, 3.0, 7.0], [0, 2.0, 9], [8.0, 7.0, 1.0]], [7.0, [2.0, 3.0, 7.0], [0, 9, 9.0], [3.0, 2.0, 0.0], [8.0, 1.0, 3.0]]]
2020-08-18 10:07:28,949 INFO Reward now: 12.807139158248901
2020-08-18 10:07:28,949 INFO Best policy so far: [[9.0, [0.0, 9, 9.0], [1, 8.0, 9], [6.0, 6.0, 7.0], [5.0, 0, 2.0]], [9, [-0.0, 8.0, 1.0], [1.0, 0.0, 9], [6.0, 0, 9.0], [2.0, 6.0, 2.0]], [9, [3.0, 1.0, 1.0], [1.0, 8.0, 6.0], [-0.0, 7.0, 6.0], [4.0, 9, 7.0]]]
2020-08-18 10:07:28,949 INFO Best reward so far: 14.684277931849161
2020-08-18 13:13:49,637 INFO Iter 86
2020-08-18 13:13:49,878 INFO Policy now: [[9.0, [1.0, 9, 8.0], [0.0, 5.0, 7.0], [8, 6.0, 8.0], [4.0, 2.0, 1.0]], [8.0, [-0.0, 7.0, 1.0], [8, 3.0, 5.0], [4, 5.0, 7.0], [7.0, 4.0, 1.0]], [9.0, [3.0, 3.0, 7.0], [0.0, 9, 9], [1.0, 0.0, 0], [8, 2.0, 3.0]]]
2020-08-18 13:13:49,900 INFO Reward now: 12.19200619061788
2020-08-18 13:13:49,900 INFO Best policy so far: [[9.0, [0.0, 9, 9.0], [1, 8.0, 9], [6.0, 6.0, 7.0], [5.0, 0, 2.0]], [9, [-0.0, 8.0, 1.0], [1.0, 0.0, 9], [6.0, 0, 9.0], [2.0, 6.0, 2.0]], [9, [3.0, 1.0, 1.0], [1.0, 8.0, 6.0], [-0.0, 7.0, 6.0], [4.0, 9, 7.0]]]
2020-08-18 13:13:49,900 INFO Best reward so far: 12.992286443710327
2020-08-18 13:30:11,246 INFO Iter 87
2020-08-18 13:30:11,250 INFO Policy now: [[9.0, [1.0, 9, 7.0], [-0.0, 5.0, 8.0], [8.0, 6.0, 8.0], [4.0, 3.0, 1.0]], [8.0, [-0.0, 7.0, 1.0], [8.0, 2.0, 7.0], [4.0, 4.0, 7.0], [7.0, 6.0, 1.0]], [9, [4.0, 2.0, 7.0], [-0.0, 9.0, 9.0], [1.0, -0.0, 0.0], [8.0, 1.0, 2.0]]]
2020-08-18 13:30:11,250 INFO Reward now: 8.481030305226644
2020-08-18 13:30:11,250 INFO Best policy so far: [[9.0, [0.0, 9, 9.0], [1, 8.0, 9], [6.0, 6.0, 7.0], [5.0, 0, 2.0]], [9, [-0.0, 8.0, 1.0], [1.0, 0.0, 9], [6.0, 0, 9.0], [2.0, 6.0, 2.0]], [9, [3.0, 1.0, 1.0], [1.0, 8.0, 6.0], [-0.0, 7.0, 6.0], [4.0, 9, 7.0]]]
2020-08-18 13:30:11,250 INFO Best reward so far: 9.464999039967855
2020-08-18 16:28:17,534 INFO Iter 88
2020-08-18 16:28:17,691 INFO Policy now: [[7.0, [3.0, 9, 9], [0.0, 8.0, 5.0], [8, 5.0, 7.0], [6.0, 1.0, 0]], [6.0, [0, 5.0, 1.0], [8, 0, 6.0], [2.0, 0, 9], [4, 4.0, 0]], [6.0, [8, 3.0, 7.0], [0, 9.0, 9], [4.0, 0, 0.0], [7, 4.0, 2.0]]]
2020-08-18 16:28:17,720 INFO Reward now: 8.98292326927185
2020-08-18 16:28:17,720 INFO Best policy so far: [[9.0, [0.0, 9, 9.0], [1, 8.0, 9], [6.0, 6.0, 7.0], [5.0, 0, 2.0]], [9, [-0.0, 8.0, 1.0], [1.0, 0.0, 9], [6.0, 0, 9.0], [2.0, 6.0, 2.0]], [9, [3.0, 1.0, 1.0], [1.0, 8.0, 6.0], [-0.0, 7.0, 6.0], [4.0, 9, 7.0]]]
2020-08-18 16:28:17,720 INFO Best reward so far: 10.187756220499674
2020-08-18 16:53:10,792 INFO Iter 89
2020-08-18 16:53:10,847 INFO Policy now: [[5.0, [1.0, 9, 9.0], [2.0, 9, 9.0], [8, 6.0, 9.0], [7, 1.0, 1.0]], [8.0, [2.0, 4.0, 1.0], [8.0, 1.0, 5.0], [0.0, 0.0, 9], [4.0, 3.0, 0]], [7.0, [8.0, 1.0, 9], [0, 8.0, 6.0], [1.0, 0, -0.0], [2, 3.0, 0]]]
2020-08-18 16:53:10,847 INFO Reward now: 11.476776202519735
2020-08-18 16:53:10,847 INFO Best policy so far: [[9.0, [0.0, 9, 9.0], [1, 8.0, 9], [6.0, 6.0, 7.0], [5.0, 0, 2.0]], [9, [-0.0, 8.0, 1.0], [1.0, 0.0, 9], [6.0, 0, 9.0], [2.0, 6.0, 2.0]], [9, [3.0, 1.0, 1.0], [1.0, 8.0, 6.0], [-0.0, 7.0, 6.0], [4.0, 9, 7.0]]]
2020-08-18 16:53:10,847 INFO Best reward so far: 12.642566680908203
2020-08-18 17:15:00,525 INFO Iter 90
2020-08-18 17:15:00,886 INFO Policy now: [[4.0, [0.0, 9.0, 8.0], [1.0, 7.0, 9], [8, 6.0, 9.0], [7.0, -0.0, 2.0]], [8.0, [1.0, 6.0, -0.0], [8.0, 3.0, 4.0], [-0.0, 2.0, 9.0], [5.0, 6.0, 0]], [7.0, [8.0, 3.0, 9], [0, 6.0, 9], [3.0, -0.0, 0.0], [1.0, 6.0, 0]]]
2020-08-18 17:15:00,911 INFO Reward now: 7.803446690241496
2020-08-18 17:15:00,912 INFO Best policy so far: [[9.0, [0.0, 9, 9.0], [1, 8.0, 9], [6.0, 6.0, 7.0], [5.0, 0, 2.0]], [9, [-0.0, 8.0, 1.0], [1.0, 0.0, 9], [6.0, 0, 9.0], [2.0, 6.0, 2.0]], [9, [3.0, 1.0, 1.0], [1.0, 8.0, 6.0], [-0.0, 7.0, 6.0], [4.0, 9, 7.0]]]
2020-08-18 17:15:00,912 INFO Best reward so far: 10.31098461151123
2020-08-18 20:11:27,955 INFO Iter 91
2020-08-18 20:11:28,201 INFO Policy now: [[7.0, [0, 7.0, 8.0], [1.0, 9, 8.0], [8, 8.0, 8.0], [7.0, 1.0, 3.0]], [9.0, [2.0, 7.0, -0.0], [7.0, 2.0, 4.0], [0, 1.0, 9.0], [6.0, 6.0, 0]], [8.0, [7.0, 3.0, 8.0], [1.0, 5.0, 9.0], [4.0, 0, 1.0], [-0.0, 5.0, 0]]]
2020-08-18 20:11:28,229 INFO Reward now: 8.108835577964783
2020-08-18 20:11:28,229 INFO Best policy so far: [[9.0, [0.0, 9, 9.0], [1, 8.0, 9], [6.0, 6.0, 7.0], [5.0, 0, 2.0]], [9, [-0.0, 8.0, 1.0], [1.0, 0.0, 9], [6.0, 0, 9.0], [2.0, 6.0, 2.0]], [9, [3.0, 1.0, 1.0], [1.0, 8.0, 6.0], [-0.0, 7.0, 6.0], [4.0, 9, 7.0]]]
2020-08-18 20:11:28,229 INFO Best reward so far: 8.891187032063803
2020-08-18 23:16:54,276 INFO Iter 92
2020-08-18 23:16:54,519 INFO Policy now: [[7.0, [5.0, 9, 3.0], [0, 9, 8.0], [6.0, 1.0, 2.0], [8, 5.0, 9]], [9, [0, 5.0, 6.0], [1, 0, 9.0], [6.0, 9, 9], [8, 0, 0]], [8.0, [8, 9, 8.0], [0, 0, 3.0], [1, 4.0, 1.0], [7.0, 9, 0]]]
2020-08-18 23:16:54,540 INFO Reward now: 12.349408467610678
2020-08-18 23:16:54,540 INFO Best policy so far: [[6.0, [4, 8.0, 8.0], [0, 9, 8.0], [8, 4.0, 6.0], [5, 0, 7.0]], [8.0, [0, 5.0, 4.0], [4.0, 0, 6.0], [2, 4.0, 9], [8, 4.0, 0]], [4.0, [8, 6.0, 9.0], [0, 3.0, 5.0], [4.0, 3, 2.0], [2, 8.0, 0]]]
2020-08-18 23:16:54,540 INFO Best reward so far: 15.077497164408365
2020-08-19 02:09:42,296 INFO Iter 93
2020-08-19 02:09:42,677 INFO Policy now: [[7.0, [2.0, 8.0, 1.0], [0.0, 9, 9], [7.0, 1.0, 4.0], [8.0, 0, 8.0]], [9, [0, 3.0, 5.0], [1.0, 0, 9], [2, 6.0, 9], [8, 0, 0]], [9, [8, 8.0, 5.0], [0, 4.0, 0], [3, 9.0, 0], [5, 6.0, 1.0]]]
2020-08-19 02:09:42,687 INFO Reward now: 10.265466690063477
2020-08-19 02:09:42,688 INFO Best policy so far: [[7.0, [2.0, 8.0, 1.0], [0.0, 9, 9], [7.0, 1.0, 4.0], [8.0, 0, 8.0]], [9, [0, 3.0, 5.0], [1.0, 0, 9], [2, 6.0, 9], [8, 0, 0]], [9, [8, 8.0, 5.0], [0, 4.0, 0], [3, 9.0, 0], [5, 6.0, 1.0]]]
2020-08-19 02:09:42,688 INFO Best reward so far: 10.265466690063477
2020-08-19 02:35:37,644 INFO Iter 94
2020-08-19 02:35:37,669 INFO Policy now: [[7.0, [7.0, 3.0, 2.0], [0, 9, 7.0], [5.0, 2.0, 3.0], [8, 0.0, 7.0]], [9, [0, 9, 0], [4.0, -0.0, 9], [1.0, 6.0, 9], [8.0, 0, 0.0]], [8.0, [8, 3.0, 9.0], [0, 4.0, -0.0], [1, 7.0, 0.0], [7.0, 9, 0]]]
2020-08-19 02:35:37,669 INFO Reward now: 13.168937842051188
2020-08-19 02:35:37,670 INFO Best policy so far: [[5.0, [6.0, 4.0, 0], [0.0, 9, 6], [7.0, 4.0, 2.0], [8, 4, 4.0]], [9, [0, 8.0, 0.0], [5, 2, 9], [2, 8.0, 9], [8, 0, 2]], [8, [8, 4.0, 5.0], [0, 6.0, 4], [1, 7.0, 0], [6, 6.0, 0.0]]]
2020-08-19 02:35:37,670 INFO Best reward so far: 14.320797125498453
2020-08-19 02:54:33,958 INFO Iter 95
2020-08-19 02:54:33,966 INFO Policy now: [[9, [7.0, 6.0, 2.0], [1.0, 9, 9.0], [5.0, 3.0, 2.0], [8, 0.0, 6.0]], [8.0, [1.0, 9, 0], [2.0, 0, 8.0], [0, 4.0, 9.0], [8, 1.0, 0]], [9.0, [8.0, 2.0, 6.0], [3.0, 7.0, 0], [-0.0, 7.0, 2.0], [6.0, 7.0, -0.0]]]
2020-08-19 02:54:33,966 INFO Reward now: 6.998810847600301
2020-08-19 02:54:33,967 INFO Best policy so far: [[9, [8, 4.0, 0], [2, 9, 9], [6.0, 6.0, 6.0], [7, 1.0, 8.0]], [9, [2, 8, 0], [0.0, 0, 7], [4.0, 4.0, 4], [6.0, 0, 0]], [9, [6, 6.0, 9], [3, 7.0, 0], [1, 6.0, 4.0], [5.0, 9, 0]]]
2020-08-19 02:54:33,967 INFO Best reward so far: 7.883634328842163
2020-08-19 03:01:20,301 INFO Iter 96
2020-08-19 03:01:20,412 INFO Policy now: [[9, [8.0, 7.0, 1.0], [2.0, 9.0, 9], [4.0, 1.0, 1.0], [7.0, 1.0, 3.0]], [9.0, [-0.0, 7.0, 0.0], [3.0, 1.0, 6.0], [8, 1.0, 9.0], [7.0, 2.0, 1.0]], [9.0, [7.0, 4.0, 5.0], [2.0, 6.0, 0], [0.0, 5.0, 0.0], [5.0, 4.0, 0.0]]]
2020-08-19 03:01:20,436 INFO Reward now: 6.475019256273906
2020-08-19 03:01:20,436 INFO Best policy so far: [[9, [8, 4.0, 0], [2, 9, 9], [6.0, 6.0, 6.0], [7, 1.0, 8.0]], [9, [2, 8, 0], [0.0, 0, 7], [4.0, 4.0, 4], [6.0, 0, 0]], [9, [6, 6.0, 9], [3, 7.0, 0], [1, 6.0, 4.0], [5.0, 9, 0]]]
2020-08-19 03:01:20,436 INFO Best reward so far: 7.740945140520732
2020-08-19 03:15:30,781 INFO Iter 97
2020-08-19 03:15:30,784 INFO Policy now: [[9, [8.0, 5.0, 1.0], [2.0, 9.0, 9.0], [4.0, 1.0, 1.0], [6, 0.0, 2.0]], [9.0, [0.0, 6.0, 0], [3.0, 1.0, 7.0], [8.0, 1.0, 9.0], [6, 3.0, 2.0]], [9.0, [6.0, 3.0, 6.0], [1.0, 7.0, 1.0], [4, 4.0, -0.0], [8, 2.0, 1.0]]]
2020-08-19 03:15:30,784 INFO Reward now: 7.10139016310374
2020-08-19 03:15:30,784 INFO Best policy so far: [[9, [8, 4.0, 0], [2, 9, 9], [6.0, 6.0, 6.0], [7, 1.0, 8.0]], [9, [2, 8, 0], [0.0, 0, 7], [4.0, 4.0, 4], [6.0, 0, 0]], [9, [6, 6.0, 9], [3, 7.0, 0], [1, 6.0, 4.0], [5.0, 9, 0]]]
2020-08-19 03:15:30,784 INFO Best reward so far: 8.732624848683676
2020-08-19 03:31:31,962 INFO Iter 98
2020-08-19 03:31:32,006 INFO Policy now: [[5.0, [8, 0, 0], [0, 9, 9], [3, 6.0, 3.0], [1.0, 0, 5.0]], [8.0, [0, 2.0, 0], [1, 8.0, 9], [8, 0, 7.0], [7.0, 2.0, 1.0]], [4.0, [8, 1.0, 0], [0, 3.0, 0], [5.0, 7.0, 3.0], [7.0, 9, 8.0]]]
2020-08-19 03:31:32,006 INFO Reward now: 8.402005155881247
2020-08-19 03:31:32,006 INFO Best policy so far: [[6, [5.0, 3.0, 1.0], [1, 8.0, 8.0], [7.0, 5.0, 4.0], [4, 4.0, 4.0]], [7.0, [0, 6.0, 0], [2.0, 5.0, 8.0], [6.0, -0.0, 8.0], [8, 3.0, 1.0]], [8.0, [8, 8.0, 2.0], [2.0, 3.0, -0.0], [4, 7.0, 4.0], [6, 6.0, 2.0]]]
2020-08-19 03:31:32,006 INFO Best reward so far: 11.102643330891928
2020-08-19 06:26:32,786 INFO Iter 99
2020-08-19 06:26:33,023 INFO Policy now: [[7.0, [7.0, 0, 0.0], [2.0, 9.0, 8.0], [0.0, 2.0, 2.0], [8, 0, 0.0]], [9.0, [2.0, 1.0, 0.0], [0, 8.0, 8.0], [8, 0, 9], [6.0, 0, 0]], [3.0, [8, 2.0, 0], [0, 1.0, 1.0], [4.0, 7.0, 4.0], [5.0, 9.0, 8.0]]]
2020-08-19 06:26:33,047 INFO Reward now: 8.581941644350687
2020-08-19 06:26:33,047 INFO Best policy so far: [[1.0, [5, 0, 0], [0, 9, 6], [2, 4.0, 2.0], [4, 0, 3.0]], [6.0, [3, 4.0, 4], [2, 9, 9], [8, 0, 9.0], [5.0, 0, 0.0]], [2.0, [8, 0, 0], [0, 4.0, 2], [4.0, 9, 3.0], [6.0, 6, 9]]]
2020-08-19 06:26:33,047 INFO Best reward so far: 8.812090476353964
