2020-08-12 18:06:22,293 INFO Iter 0
2020-08-12 18:06:22,547 INFO Policy now: [[9, [8, 0, 0], [0, 6.0, 2.0], [3.0, -0.0, 7.0], [4, 3.0, 2.0]], [9, [5.0, 0, 8.0], [6.0, 7.0, 9], [8, 9, 9], [-0.0, 9, -0.0]], [6.0, [2.0, 9, 6.0], [7.0, 5.0, 2.0], [6.0, 9, 1.0], [0, 0, 3.0]]]
2020-08-12 18:06:22,679 INFO Reward now: 10.380116701126099
2020-08-12 18:06:22,679 INFO Best policy so far: [[8, [7, 0, 0], [1, 2, 6], [5, 0, 6], [8, 5, 6]], [4, [8, 0, 9], [4, 9, 4], [6, 9, 8], [5, 6, 4]], [6, [4, 9, 2], [8, 6, 6], [1, 6, 0], [0, 0, 6]]]
2020-08-12 18:06:22,679 INFO Best reward so far: 10.415883382161459
2020-08-12 21:10:53,540 INFO Iter 1
2020-08-12 21:10:54,141 INFO Policy now: [[9, [8, -0.0, 0], [0, 6.0, 0], [4.0, 0, 3.0], [3.0, 3.0, 0]], [9, [-0.0, 4.0, 9], [8, 9, 6.0], [2, 7.0, 9], [3, 4.0, 3.0]], [7.0, [0, 7.0, 5.0], [8, 2.0, 0], [6, 9.0, 2.0], [4, 1.0, 2.0]]]
2020-08-12 21:10:54,157 INFO Reward now: 10.563881556193033
2020-08-12 21:10:54,157 INFO Best policy so far: [[9, [8, 0, 0], [0, 8.0, 2.0], [1.0, 0, 7.0], [4, 8.0, 0]], [9, [2.0, 2, 9], [8, 9.0, 6], [1, 8, 9], [0, 4, 0.0]], [6.0, [0, 6, 2.0], [8, 6.0, 0.0], [2.0, 8, 2.0], [4, 2, 1.0]]]
2020-08-12 21:10:54,157 INFO Best reward so far: 10.83002773920695
2020-08-12 21:22:57,176 INFO Iter 2
2020-08-12 21:22:57,199 INFO Policy now: [[9.0, [8, 0.0, -0.0], [0, 7.0, 0.0], [6.0, 1.0, 1.0], [2.0, 3.0, 0]], [9, [0, 3.0, 8.0], [7.0, 9.0, 3.0], [2.0, 9, 8.0], [3.0, 4.0, 3.0]], [9, [0, 9.0, 5.0], [7.0, 1.0, 0], [4.0, 8.0, 1.0], [6.0, -0.0, 2.0]]]
2020-08-12 21:22:57,200 INFO Reward now: 5.713081280390422
2020-08-12 21:22:57,200 INFO Best policy so far: [[9, [8, 0, 0], [0, 8.0, 2.0], [1.0, 0, 7.0], [4, 8.0, 0]], [9, [2.0, 2, 9], [8, 9.0, 6], [1, 8, 9], [0, 4, 0.0]], [6.0, [0, 6, 2.0], [8, 6.0, 0.0], [2.0, 8, 2.0], [4, 2, 1.0]]]
2020-08-12 21:22:57,200 INFO Best reward so far: 6.382619222005208
2020-08-12 21:38:03,525 INFO Iter 3
2020-08-12 21:38:03,582 INFO Policy now: [[9, [8, 0, 2.0], [0, 5.0, 0], [5.0, 3.0, 2.0], [3.0, 3.0, 1.0]], [9.0, [0, 3.0, 9.0], [8, 8.0, 4.0], [2.0, 9.0, 8.0], [1, 2.0, 3.0]], [9.0, [-0.0, 9, 4.0], [7.0, 1.0, -0.0], [6.0, 6.0, 1.0], [4.0, 0.0, 1.0]]]
2020-08-12 21:38:03,582 INFO Reward now: 8.763686021169027
2020-08-12 21:38:03,582 INFO Best policy so far: [[9, [8, 4.0, 2.0], [0, 4.0, 0], [6.0, 5.0, 0], [1, 5.0, 4]], [9, [0, 0, 6.0], [5.0, 7.0, 4.0], [1.0, 9, 6.0], [4.0, 3.0, 4.0]], [9, [0, 9, 2.0], [7.0, 0, 0], [2.0, 9.0, 0], [8, 0, 3.0]]]
2020-08-12 21:38:03,582 INFO Best reward so far: 9.530795733133951
2020-08-13 00:50:14,680 INFO Iter 4
2020-08-13 00:50:15,243 INFO Policy now: [[9, [2.0, 0, 0], [0, 9, 0], [8, 9, 0], [7, 0, 7.0]], [9, [0, 0, 2.0], [8, 9.0, 0], [6.0, 9, 4.0], [7, 7.0, 9]], [9, [0, 8.0, 0], [8, 0, 0], [4.0, 0, 6.0], [1, 5.0, 0]]]
2020-08-13 00:50:15,254 INFO Reward now: 6.913449962933858
2020-08-13 00:50:15,254 INFO Best policy so far: [[7, [4, 0, 0], [2, 9, 0], [8, 4.0, 1.0], [5.0, 3.0, 4.0]], [6.0, [1, 4.0, 6.0], [4, 8.0, 5.0], [2.0, 9, 8.0], [0, 0, 4.0]], [8.0, [3.0, 9, -0.0], [7.0, 4.0, 4.0], [4.0, 2.0, 1.0], [2, 4.0, 0.0]]]
2020-08-13 00:50:15,254 INFO Best reward so far: 9.644828955332438
2020-08-13 04:02:02,464 INFO Iter 5
2020-08-13 04:02:02,819 INFO Policy now: [[9, [5.0, 0.0, 0], [0, 8.0, 0], [8, 9, 4.0], [4.0, 0, 9]], [9, [2.0, -0.0, 1.0], [8, 2.0, 0], [7, 4.0, 0], [-0.0, 9.0, 9.0]], [9, [1.0, 8.0, 0], [8.0, 4.0, 0.0], [3.0, 0, 3.0], [0, 4.0, 0]]]
2020-08-13 04:02:02,834 INFO Reward now: 11.597609837849935
2020-08-13 04:02:02,834 INFO Best policy so far: [[9, [-0.0, 0, 0], [4, 9, 0], [8, 9, 0], [3, 0, 9]], [9, [0, 0, 4.0], [8, 5.0, 0], [6.0, 7, 6.0], [1, 6.0, 9]], [9, [0, 9.0, 0], [6, 4, 2], [5.0, 2, 8.0], [2, 4.0, 0]]]
2020-08-13 04:02:02,834 INFO Best reward so far: 12.686992168426514
2020-08-13 07:05:38,446 INFO Iter 6
2020-08-13 07:05:39,007 INFO Policy now: [[9, [8.0, 0, 0.0], [0, 9.0, 4.0], [7.0, 9.0, 9], [1.0, 0, 9]], [9, [0, 0, 0], [4.0, 6.0, 4.0], [7.0, 0, 0], [8, 7.0, 6.0]], [9, [0, 9, 1.0], [6.0, 0, 0], [1, 4.0, 0.0], [2, 2.0, 0]]]
2020-08-13 07:05:39,096 INFO Reward now: 10.194932699203491
2020-08-13 07:05:39,096 INFO Best policy so far: [[9, [-0.0, 0, 0], [4, 9, 0], [8, 9, 0], [3, 0, 9]], [9, [0, 0, 4.0], [8, 5.0, 0], [6.0, 7, 6.0], [1, 6.0, 9]], [9, [0, 9.0, 0], [6, 4, 2], [5.0, 2, 8.0], [2, 4.0, 0]]]
2020-08-13 07:05:39,096 INFO Best reward so far: 11.907501777013143
2020-08-13 10:08:14,041 INFO Iter 7
2020-08-13 10:08:14,249 INFO Policy now: [[9, [3.0, 0, 0], [0, 9, 9], [8, 5.0, 9.0], [1.0, 0, 8.0]], [9.0, [0.0, -0.0, 2.0], [7.0, 3.0, 0], [8.0, -0.0, -0.0], [6.0, 4.0, 4.0]], [9, [2.0, 9, 3.0], [8, 0, 3.0], [0, 1.0, 5.0], [1, 0, 0]]]
2020-08-13 10:08:14,269 INFO Reward now: 7.39108685652415
2020-08-13 10:08:14,269 INFO Best policy so far: [[9, [6.0, 2, 3.0], [2, 8.0, -0.0], [4.0, 8.0, 4], [-0.0, 0, 6]], [9, [3, 0, 2], [2.0, 8.0, 2.0], [7.0, 2, 4], [8, 8.0, 7.0]], [9, [0, 9, 0.0], [4.0, 0, 0], [5, 4.0, 4.0], [7, 4.0, 1]]]
2020-08-13 10:08:14,269 INFO Best reward so far: 7.890566905339559
2020-08-13 13:05:18,565 INFO Iter 8
2020-08-13 13:05:19,271 INFO Policy now: [[9.0, [2.0, 0.0, -0.0], [0.0, 9.0, 8.0], [7.0, 6.0, 9.0], [1.0, 0.0, 9.0]], [9.0, [0.0, 1.0, 1.0], [7.0, 3.0, -0.0], [8, 0, 0.0], [6.0, 4.0, 4.0]], [9.0, [2.0, 9.0, 2.0], [8, 0.0, 4.0], [1.0, -0.0, 6.0], [4, 0, 1.0]]]
2020-08-13 13:05:19,322 INFO Reward now: 0.8718696981668472
2020-08-13 13:05:19,325 INFO Best policy so far: [[9, [6.0, 2, 3.0], [2, 8.0, -0.0], [4.0, 8.0, 4], [-0.0, 0, 6]], [9, [3, 0, 2], [2.0, 8.0, 2.0], [7.0, 2, 4], [8, 8.0, 7.0]], [9, [0, 9, 0.0], [4.0, 0, 0], [5, 4.0, 4.0], [7, 4.0, 1]]]
2020-08-13 13:05:19,325 INFO Best reward so far: 1.331752896308899
2020-08-13 13:19:31,224 INFO Iter 9
2020-08-13 13:19:31,245 INFO Policy now: [[9, [2.0, -0.0, 0], [0, 9.0, 5.0], [7.0, 4.0, 7.0], [5, 0, 9]], [8.0, [0.0, 3.0, 2.0], [6.0, 2.0, 1.0], [7.0, 0, 0], [4.0, 9.0, 4.0]], [7.0, [1.0, 9, 5.0], [7.0, -0.0, 9.0], [0.0, 1.0, 7.0], [3.0, 1.0, 0.0]]]
2020-08-13 13:19:31,246 INFO Reward now: 7.25214950243632
2020-08-13 13:19:31,246 INFO Best policy so far: [[8.0, [0.0, 0, 0], [4, 9, 6.0], [2, 4.0, 6.0], [7, 0, 9]], [8.0, [4.0, 5.0, 2.0], [6.0, 3.0, 1.0], [3, 0, 0], [0, 8.0, 7.0]], [4.0, [0.0, 9, 6.0], [8, 0, 7.0], [1, 1.0, 9], [7, 3, 4.0]]]
2020-08-13 13:19:31,246 INFO Best reward so far: 7.860431591669719
2020-08-13 13:24:21,524 INFO Iter 10
2020-08-13 13:24:21,548 INFO Policy now: [[9, [1.0, 0, 1.0], [8, 9.0, 5.0], [7.0, 3.0, 7.0], [5.0, -0.0, 9.0]], [9.0, [-0.0, 3.0, 2.0], [6.0, 3.0, 1.0], [8.0, 0, 1.0], [5.0, 9.0, 3.0]], [8.0, [1.0, 9.0, 4.0], [6.0, 0.0, 9.0], [4, 1.0, 8.0], [3.0, 1.0, -0.0]]]
2020-08-13 13:24:21,548 INFO Reward now: 4.684964835643768
2020-08-13 13:24:21,548 INFO Best policy so far: [[9, [0.0, 4.0, 2], [2, 5.0, 6.0], [8.0, 6.0, 2.0], [6, 0, 7]], [9, [0, 0.0, 0.0], [8.0, 2.0, -0.0], [7, 0, 0], [4.0, 9, 1.0]], [8.0, [4.0, 6, 6.0], [3, 0, 9], [2.0, 2.0, 6.0], [0, 4.0, 0.0]]]
2020-08-13 13:24:21,548 INFO Best reward so far: 5.815918207168579
2020-08-13 13:42:42,549 INFO Iter 11
2020-08-13 13:42:42,748 INFO Policy now: [[7.0, [0.0, -0.0, 4.0], [8, 9.0, 0.0], [7.0, 2.0, 6.0], [5.0, 0, 9]], [8.0, [-0.0, 6.0, 4.0], [3.0, 6.0, -0.0], [8, 0, -0.0], [4, 9, 5.0]], [7.0, [3.0, 9, 4.0], [8, 1.0, 9], [7, -0.0, 7.0], [2.0, 3.0, -0.0]]]
2020-08-13 13:42:42,748 INFO Reward now: 8.073159138361612
2020-08-13 13:42:42,749 INFO Best policy so far: [[7.0, [0.0, -0.0, 4.0], [8, 9.0, 0.0], [7.0, 2.0, 6.0], [5.0, 0, 9]], [8.0, [-0.0, 6.0, 4.0], [3.0, 6.0, -0.0], [8, 0, -0.0], [4, 9, 5.0]], [7.0, [3.0, 9, 4.0], [8, 1.0, 9], [7, -0.0, 7.0], [2.0, 3.0, -0.0]]]
2020-08-13 13:42:42,749 INFO Best reward so far: 8.073159138361612
2020-08-13 16:53:52,273 INFO Iter 12
2020-08-13 16:53:52,472 INFO Policy now: [[4.0, [-0.0, 3.0, 0], [8, 7.0, 3.0], [3.0, 3.0, 5.0], [6.0, 3.0, 8.0]], [6.0, [0, 2.0, 0], [7.0, 1.0, 0], [2, 3.0, 1.0], [1.0, 7.0, 2.0]], [6.0, [2.0, 7.0, 9], [5.0, 0, 6.0], [6.0, 0, 9], [0, 9.0, 1.0]]]
2020-08-13 16:53:52,521 INFO Reward now: 11.932725111643473
2020-08-13 16:53:52,522 INFO Best policy so far: [[4.0, [-0.0, 3.0, 0], [8, 7.0, 3.0], [3.0, 3.0, 5.0], [6.0, 3.0, 8.0]], [6.0, [0, 2.0, 0], [7.0, 1.0, 0], [2, 3.0, 1.0], [1.0, 7.0, 2.0]], [6.0, [2.0, 7.0, 9], [5.0, 0, 6.0], [6.0, 0, 9], [0, 9.0, 1.0]]]
2020-08-13 16:53:52,522 INFO Best reward so far: 11.932725111643473
2020-08-13 20:02:59,993 INFO Iter 13
2020-08-13 20:03:00,622 INFO Policy now: [[9.0, [4.0, 0, 2.0], [5.0, 8.0, 5.0], [1.0, 4.0, 9], [8, 0, 9]], [9, [2.0, 0, 5.0], [5.0, 4.0, 4.0], [0, 0, 0], [3, 4.0, 2.0]], [9, [6.0, 7.0, 8.0], [0, 0, 7.0], [8, 1.0, 8.0], [7, 9, 5.0]]]
2020-08-13 20:03:00,723 INFO Reward now: 6.882047732671102
2020-08-13 20:03:00,723 INFO Best policy so far: [[6.0, [4.0, 0.0, 1], [6, 7.0, 4.0], [2.0, 4.0, 8.0], [8, 0, 9]], [9, [2, 1.0, 4], [6.0, 4.0, 4], [4, 0.0, -0.0], [1, 6.0, 2.0]], [9.0, [4.0, 7.0, 8], [2.0, 0, 6.0], [8, 0, 8], [0, 9, 4.0]]]
2020-08-13 20:03:00,723 INFO Best reward so far: 9.866636594136557
2020-08-13 20:21:54,336 INFO Iter 14
2020-08-13 20:21:54,409 INFO Policy now: [[9, [3.0, 2.0, 3.0], [4.0, 6.0, 2.0], [0, 7.0, 9.0], [8.0, -0.0, 9.0]], [9.0, [0.0, 1.0, 6.0], [4.0, 7.0, 3.0], [1.0, 1.0, 0.0], [5.0, 7.0, 4.0]], [9, [5.0, 8.0, 8.0], [0, -0.0, 7.0], [7.0, 0.0, 9.0], [8.0, 8.0, 4.0]]]
2020-08-13 20:21:54,409 INFO Reward now: 5.77539340655009
2020-08-13 20:21:54,409 INFO Best policy so far: [[6.0, [4.0, 0.0, 1], [6, 7.0, 4.0], [2.0, 4.0, 8.0], [8, 0, 9]], [9, [2, 1.0, 4], [6.0, 4.0, 4], [4, 0.0, -0.0], [1, 6.0, 2.0]], [9.0, [4.0, 7.0, 8], [2.0, 0, 6.0], [8, 0, 8], [0, 9, 4.0]]]
2020-08-13 20:21:54,409 INFO Best reward so far: 7.1574600537618
2020-08-13 23:30:28,764 INFO Iter 15
2020-08-13 23:30:29,252 INFO Policy now: [[4.0, [7.0, 2.0, 0], [0, 9, 9], [8, 9, 9], [4.0, 0, 9]], [9, [5.0, 3.0, 9.0], [0, 9, 0], [7, 0, 0], [2, 9.0, 0]], [9, [0, 2.0, 8.0], [8, 3.0, 9], [5, 1.0, 6.0], [7.0, 2.0, 9]]]
2020-08-13 23:30:29,346 INFO Reward now: 9.881767670313517
2020-08-13 23:30:29,346 INFO Best policy so far: [[9, [4.0, 0, 4.0], [6.0, 9.0, 4.0], [2, 4.0, 9], [1, 0, 9]], [9, [0.0, 4.0, 2.0], [4, 9, 5.0], [1, 5.0, 0], [2.0, 7.0, 0.0]], [9, [2.0, 8.0, 4.0], [8, 3.0, 9], [3, 0, 7.0], [1, 8.0, 4.0]]]
2020-08-13 23:30:29,346 INFO Best reward so far: 11.495469729105631
2020-08-13 23:52:02,960 INFO Iter 16
2020-08-13 23:52:02,989 INFO Policy now: [[3.0, [6.0, 4.0, 0], [-0.0, 9, 9.0], [8.0, 9, 9], [5.0, 0.0, 9]], [8.0, [3.0, 2.0, 9.0], [0, 9, 0.0], [6.0, 0, 0], [1.0, 7.0, 0.0]], [9.0, [0, 3.0, 6.0], [7.0, 3.0, 9.0], [6.0, 1.0, 6.0], [4, 2.0, 9.0]]]
2020-08-13 23:52:02,990 INFO Reward now: 8.089969992637634
2020-08-13 23:52:02,990 INFO Best policy so far: [[9, [4.0, 0, 4.0], [6.0, 9.0, 4.0], [2, 4.0, 9], [1, 0, 9]], [9, [0.0, 4.0, 2.0], [4, 9, 5.0], [1, 5.0, 0], [2.0, 7.0, 0.0]], [9, [2.0, 8.0, 4.0], [8, 3.0, 9], [3, 0, 7.0], [1, 8.0, 4.0]]]
2020-08-13 23:52:02,990 INFO Best reward so far: 9.607197165489197
2020-08-14 00:00:27,849 INFO Iter 17
2020-08-14 00:00:27,982 INFO Policy now: [[9.0, [8, 9, 0], [0, 9.0, 9.0], [3, 7.0, 7.0], [4, 2.0, 9.0]], [9.0, [0, 5.0, 9], [5, 9, 4.0], [8.0, 0.0, 4.0], [4, 9, 4.0]], [9.0, [2.0, 7.0, -0.0], [1.0, 9, 8.0], [7.0, 0, 9], [3, 2.0, 9]]]
2020-08-14 00:00:28,027 INFO Reward now: 7.218197822570801
2020-08-14 00:00:28,027 INFO Best policy so far: [[8.0, [8, 8.0, 0], [0, 6, 8.0], [6, 6, 6], [2.0, 3.0, 8]], [9.0, [0, 6.0, 9], [5, 9, 4.0], [8.0, 0, 4], [2, 9, 4.0]], [9.0, [4, 6.0, 3.0], [2.0, 6.0, 8.0], [6.0, 0, 8.0], [3, 2.0, 9]]]
2020-08-14 00:00:28,027 INFO Best reward so far: 9.031539042790731
2020-08-14 03:07:33,969 INFO Iter 18
2020-08-14 03:07:34,251 INFO Policy now: [[6.0, [8.0, 9, 2.0], [0, 9, 8.0], [2.0, 5.0, 5.0], [5, 0, 9]], [6.0, [-0.0, 9, 9], [1.0, 9, 0], [8, 0, 0], [6, 9.0, 6.0]], [9.0, [2.0, 4.0, 0], [5.0, 7.0, 9], [1, 3.0, 5.0], [7, 2.0, 9]]]
2020-08-14 03:07:34,284 INFO Reward now: 11.189840952555338
2020-08-14 03:07:34,284 INFO Best policy so far: [[7.0, [8, 9, 3], [0, 9, 6.0], [1, 5.0, 6.0], [4, 0.0, 9]], [7.0, [0, 8.0, 9], [4, 9, 0.0], [8.0, 0, -0.0], [6, 8, 5.0]], [9.0, [2.0, 6.0, 0], [6, 5, 9], [3.0, 4, 5], [4, 2.0, 9]]]
2020-08-14 03:07:34,285 INFO Best reward so far: 12.824925422668457
2020-08-14 06:06:42,379 INFO Iter 19
2020-08-14 06:06:42,606 INFO Policy now: [[5.0, [8.0, 9.0, 1.0], [0.0, 9.0, 7.0], [2.0, 6.0, 6.0], [5.0, 0.0, 9.0]], [5.0, [0.0, 9.0, 9.0], [1.0, 9.0, 0.0], [8.0, 0.0, -0.0], [6.0, 9.0, 6.0]], [9.0, [2.0, 3.0, -0.0], [6.0, 7.0, 9.0], [0.0, 4.0, 5.0], [7.0, 4.0, 9.0]]]
2020-08-14 06:06:42,634 INFO Reward now: 6.81171456972758
2020-08-14 06:06:42,634 INFO Best policy so far: [[7.0, [8, 9, 3], [0, 9, 6.0], [1, 5.0, 6.0], [4, 0.0, 9]], [7.0, [0, 8.0, 9], [4, 9, 0.0], [8.0, 0, -0.0], [6, 8, 5.0]], [9.0, [2.0, 6.0, 0], [6, 5, 9], [3.0, 4, 5], [4, 2.0, 9]]]
2020-08-14 06:06:42,634 INFO Best reward so far: 7.814215222994487
2020-08-14 06:21:42,802 INFO Iter 20
2020-08-14 06:21:43,254 INFO Policy now: [[6.0, [7.0, 9.0, 3.0], [0.0, 7.0, 6.0], [1.0, 5.0, 6.0], [5.0, 0.0, 8.0]], [6.0, [1.0, 9.0, 9.0], [7, 9, 0.0], [8.0, 0, 0], [6.0, 8.0, 6.0]], [9.0, [2.0, 6.0, 0], [6.0, 7.0, 9], [-0.0, 4.0, 5.0], [7.0, 5.0, 8.0]]]
2020-08-14 06:21:43,254 INFO Reward now: 5.518137335777283
2020-08-14 06:21:43,254 INFO Best policy so far: [[5.0, [6.0, 8.0, 4.0], [2.0, 6.0, 4.0], [0, 4.0, 4.0], [4, 0.0, 6.0]], [6.0, [2.0, 9, 9], [3.0, 9, 0.0], [8, 0, -0.0], [5.0, 6.0, 4.0]], [9, [0.0, 6.0, 0], [6.0, 8.0, 9], [4, 6.0, 6.0], [8, 7.0, 6.0]]]
2020-08-14 06:21:43,254 INFO Best reward so far: 9.6370317141215
2020-08-14 06:26:12,607 INFO Iter 21
2020-08-14 06:26:12,611 INFO Policy now: [[6.0, [6.0, 8.0, 8.0], [0.0, 9, 4.0], [1, 3.0, 6.0], [5.0, 0, 6.0]], [9.0, [2.0, 8.0, 8.0], [7.0, 9.0, 0], [6, 0, -0.0], [4.0, 5.0, 8.0]], [9.0, [3.0, 9.0, 1.0], [2.0, 7.0, 8.0], [1.0, 5.0, 1.0], [7.0, 7.0, 5.0]]]
2020-08-14 06:26:12,612 INFO Reward now: 4.624565084775289
2020-08-14 06:26:12,612 INFO Best policy so far: [[5.0, [6.0, 8.0, 4.0], [2.0, 6.0, 4.0], [0, 4.0, 4.0], [4, 0.0, 6.0]], [6.0, [2.0, 9, 9], [3.0, 9, 0.0], [8, 0, -0.0], [5.0, 6.0, 4.0]], [9, [0.0, 6.0, 0], [6.0, 8.0, 9], [4, 6.0, 6.0], [8, 7.0, 6.0]]]
2020-08-14 06:26:12,612 INFO Best reward so far: 5.826306859652202
2020-08-14 06:38:03,124 INFO Iter 22
2020-08-14 06:38:03,139 INFO Policy now: [[6.0, [5.0, 7.0, 7.0], [1.0, 8.0, 6.0], [2, 2.0, 5.0], [4, 0.0, 7.0]], [8.0, [2.0, 7.0, 8.0], [6.0, 8.0, -0.0], [0, 1.0, -0.0], [4.0, 3.0, 7.0]], [9.0, [3.0, 9.0, 0.0], [8, 6.0, 7.0], [1.0, 6.0, 2.0], [7.0, 7.0, 5.0]]]
2020-08-14 06:38:03,139 INFO Reward now: 6.414903283119202
2020-08-14 06:38:03,139 INFO Best policy so far: [[5.0, [6.0, 8.0, 4.0], [2.0, 6.0, 4.0], [0, 4.0, 4.0], [4, 0.0, 6.0]], [6.0, [2.0, 9, 9], [3.0, 9, 0.0], [8, 0, -0.0], [5.0, 6.0, 4.0]], [9, [0.0, 6.0, 0], [6.0, 8.0, 9], [4, 6.0, 6.0], [8, 7.0, 6.0]]]
2020-08-14 06:38:03,139 INFO Best reward so far: 7.152306159337361
2020-08-14 09:33:38,193 INFO Iter 23
2020-08-14 09:33:38,506 INFO Policy now: [[9.0, [1.0, 2.0, 6.0], [2.0, 4.0, 9], [5.0, 1.0, 7.0], [8, 0.0, 7.0]], [9.0, [0, 2.0, 9], [4.0, 9, 0], [5.0, 0, 2.0], [8, 0, 7.0]], [9, [7.0, 8.0, 2.0], [8.0, 4.0, 9], [0, 6.0, 5.0], [3.0, 8.0, 3.0]]]
2020-08-14 09:33:38,523 INFO Reward now: 7.848468502362569
2020-08-14 09:33:38,523 INFO Best policy so far: [[5.0, [6.0, 8.0, 4.0], [2.0, 6.0, 4.0], [0, 4.0, 4.0], [4, 0.0, 6.0]], [6.0, [2.0, 9, 9], [3.0, 9, 0.0], [8, 0, -0.0], [5.0, 6.0, 4.0]], [9, [0.0, 6.0, 0], [6.0, 8.0, 9], [4, 6.0, 6.0], [8, 7.0, 6.0]]]
2020-08-14 09:33:38,523 INFO Best reward so far: 9.152512868245443
2020-08-14 09:57:30,311 INFO Iter 24
2020-08-14 09:57:30,337 INFO Policy now: [[6.0, [0, 5.0, 9], [6.0, 0, 9], [7, 2.0, 9], [4, 1.0, 9]], [3.0, [0, 9, 9], [4.0, 7.0, 2.0], [8, 5.0, 6.0], [6, 2.0, 6.0]], [7.0, [8, 8.0, 1.0], [7.0, 0, 7.0], [0, 0, 0], [5, 7.0, 9]]]
2020-08-14 09:57:30,337 INFO Reward now: 10.173653483390808
2020-08-14 09:57:30,338 INFO Best policy so far: [[5.0, [6.0, 8.0, 4.0], [2.0, 6.0, 4.0], [0, 4.0, 4.0], [4, 0.0, 6.0]], [6.0, [2.0, 9, 9], [3.0, 9, 0.0], [8, 0, -0.0], [5.0, 6.0, 4.0]], [9, [0.0, 6.0, 0], [6.0, 8.0, 9], [4, 6.0, 6.0], [8, 7.0, 6.0]]]
2020-08-14 09:57:30,338 INFO Best reward so far: 12.51146133740743
2020-08-14 13:10:14,437 INFO Iter 25
2020-08-14 13:10:14,815 INFO Policy now: [[2.0, [0, 9.0, 9], [3, 0, 9], [8, 5.0, 9.0], [1.0, 0, 9]], [3.0, [0, 7.0, 9], [3.0, 6.0, 0], [7.0, 0, 3.0], [5, 0, 4.0]], [3.0, [7.0, 5.0, 0], [8, 3.0, 3.0], [2.0, 0, 4.0], [5, 8.0, 9]]]
2020-08-14 13:10:14,863 INFO Reward now: 9.009950876235962
2020-08-14 13:10:14,863 INFO Best policy so far: [[5.0, [6.0, 8.0, 4.0], [2.0, 6.0, 4.0], [0, 4.0, 4.0], [4, 0.0, 6.0]], [6.0, [2.0, 9, 9], [3.0, 9, 0.0], [8, 0, -0.0], [5.0, 6.0, 4.0]], [9, [0.0, 6.0, 0], [6.0, 8.0, 9], [4, 6.0, 6.0], [8, 7.0, 6.0]]]
2020-08-14 13:10:14,863 INFO Best reward so far: 11.11494771639506
2020-08-14 16:22:38,566 INFO Iter 26
2020-08-14 16:22:39,051 INFO Policy now: [[5.0, [0, 8.0, 9], [8, 0, 5.0], [6.0, 5.0, 8.0], [2.0, 3.0, 9]], [9, [-0.0, 9, 9], [2.0, 4.0, 0], [8.0, 1.0, 2.0], [6.0, 0, 8.0]], [7.0, [8, 9.0, 3.0], [2.0, 1.0, 0], [0, 0, 9], [5.0, 3.0, 9.0]]]
2020-08-14 16:22:39,104 INFO Reward now: 6.487437566121419
2020-08-14 16:22:39,105 INFO Best policy so far: [[4.0, [0, 8.0, 9], [6, 0, 6], [5, 4.0, 6.0], [4, 2, 9]], [8.0, [0, 9, 9], [4, 5.0, 0], [8.0, 2, 2.0], [3, 0, 6.0]], [5.0, [8, 8.0, 3], [1, 3.0, 0], [0, 0, 8.0], [2, 4.0, 8]]]
2020-08-14 16:22:39,105 INFO Best reward so far: 7.242335796356201
2020-08-14 16:44:56,540 INFO Iter 27
2020-08-14 16:44:56,554 INFO Policy now: [[5.0, [-0.0, 9.0, 9], [7.0, 1.0, 4.0], [8.0, 6.0, 7.0], [2, 6.0, 9]], [9, [0, 8.0, 9], [4.0, 4.0, 0], [8, 3.0, 1.0], [3, 1.0, 7.0]], [8.0, [8, 9.0, 4.0], [3.0, 3.0, 1.0], [0, -0.0, 8.0], [4.0, 0.0, 8.0]]]
2020-08-14 16:44:56,554 INFO Reward now: 10.027242739995321
2020-08-14 16:44:56,554 INFO Best policy so far: [[4.0, [0, 8.0, 9], [6, 0, 6], [5, 4.0, 6.0], [4, 2, 9]], [8.0, [0, 9, 9], [4, 5.0, 0], [8.0, 2, 2.0], [3, 0, 6.0]], [5.0, [8, 8.0, 3], [1, 3.0, 0], [0, 0, 8.0], [2, 4.0, 8]]]
2020-08-14 16:44:56,554 INFO Best reward so far: 11.198658466339111
2020-08-14 17:08:52,022 INFO Iter 28
2020-08-14 17:08:52,358 INFO Policy now: [[9, [6.0, 7.0, 9], [0, 8.0, 0], [5.0, 6.0, 6.0], [8, 6.0, 9]], [9, [0, 9, 9.0], [7, 9, 0], [8, -0.0, 0], [2, 7.0, 9]], [9, [8.0, 9, 9], [4, 7.0, 0], [0, 1.0, 1.0], [2, 7.0, 2.0]]]
2020-08-14 17:08:52,427 INFO Reward now: 10.047561287879944
2020-08-14 17:08:52,427 INFO Best policy so far: [[8.0, [2.0, 8.0, 9], [8.0, 0, 0.0], [5, 6.0, 3.0], [0, 7.0, 5]], [9, [0, 9, 6], [6.0, 6.0, 0], [8, 0.0, 3.0], [4, 4.0, 9]], [8.0, [8, 6.0, 1.0], [4.0, 3.0, 0], [0, 4.0, 9], [3.0, -0.0, 8.0]]]
2020-08-14 17:08:52,428 INFO Best reward so far: 13.11497449874878
2020-08-14 20:14:06,826 INFO Iter 29
2020-08-14 20:14:07,275 INFO Policy now: [[9.0, [2.0, 9, 9], [0, 5.0, 3.0], [8.0, 0, 4.0], [7.0, 1.0, 7.0]], [9.0, [2.0, 9, 9], [8.0, 6.0, 1.0], [6, 2.0, 2.0], [4, 0.0, 9.0]], [8.0, [8, 8.0, 7.0], [6.0, 2.0, 0], [1.0, -0.0, 4.0], [-0.0, 5.0, 7.0]]]
2020-08-14 20:14:07,282 INFO Reward now: 11.372948408126831
2020-08-14 20:14:07,283 INFO Best policy so far: [[9.0, [2.0, 9, 9], [0, 5.0, 3.0], [8.0, 0, 4.0], [7.0, 1.0, 7.0]], [9.0, [2.0, 9, 9], [8.0, 6.0, 1.0], [6, 2.0, 2.0], [4, 0.0, 9.0]], [8.0, [8, 8.0, 7.0], [6.0, 2.0, 0], [1.0, -0.0, 4.0], [-0.0, 5.0, 7.0]]]
2020-08-14 20:14:07,283 INFO Best reward so far: 11.372948408126831
2020-08-14 20:32:45,289 INFO Iter 30
2020-08-14 20:32:45,330 INFO Policy now: [[9, [0, 9, 7.0], [7, 1.0, 4.0], [8, 0, 0], [4, 0, 9]], [9, [0, 7.0, 6.0], [8.0, 9, 0.0], [3, 5.0, 7.0], [1.0, 0.0, 9]], [9, [8, 9, 4.0], [0, 9, 0], [3, 1.0, 7.0], [2.0, 9, 5.0]]]
2020-08-14 20:32:45,330 INFO Reward now: 6.818066596984863
2020-08-14 20:32:45,330 INFO Best policy so far: [[9, [0, 9, 9], [3, 2.0, 4.0], [8, 2, 2.0], [6.0, 2.0, 8.0]], [9, [2.0, 9, 6], [6.0, 9, 3.0], [8, 4.0, 2.0], [0, 2.0, 9]], [9, [8, 8.0, 2.0], [4.0, 6.0, 0], [0, 2.0, 6.0], [1.0, 4.0, 6.0]]]
2020-08-14 20:32:45,330 INFO Best reward so far: 8.287184238433838
2020-08-14 20:54:16,153 INFO Iter 31
2020-08-14 20:54:16,168 INFO Policy now: [[9, [3.0, 9.0, 9], [6.0, 1.0, 7.0], [8, 0.0, 1.0], [4.0, 1.0, 9]], [9, [1.0, 7.0, 1.0], [6.0, 8.0, 0], [2.0, 9, 5.0], [-0.0, 3.0, 9.0]], [9, [8, 9.0, 0], [0, 9.0, 3.0], [4.0, 3.0, 7.0], [3, 9, 6.0]]]
2020-08-14 20:54:16,168 INFO Reward now: 10.284789403279623
2020-08-14 20:54:16,169 INFO Best policy so far: [[9, [0, 9, 9], [3, 2.0, 4.0], [8, 2, 2.0], [6.0, 2.0, 8.0]], [9, [2.0, 9, 6], [6.0, 9, 3.0], [8, 4.0, 2.0], [0, 2.0, 9]], [9, [8, 8.0, 2.0], [4.0, 6.0, 0], [0, 2.0, 6.0], [1.0, 4.0, 6.0]]]
2020-08-14 20:54:16,169 INFO Best reward so far: 10.573812246322632
2020-08-14 23:56:05,731 INFO Iter 32
2020-08-14 23:56:05,989 INFO Policy now: [[9.0, [1.0, 9.0, 9], [5.0, 1.0, 2.0], [8, -0.0, -0.0], [0, 1.0, 9.0]], [7.0, [1.0, 6.0, -0.0], [8, 8.0, 0], [3.0, 9, 7.0], [0, 0.0, 8.0]], [9, [8, 9.0, 2.0], [0, 9, 6.0], [6.0, 7.0, 4.0], [1.0, 9.0, 9]]]
2020-08-14 23:56:06,025 INFO Reward now: 8.710948785146078
2020-08-14 23:56:06,025 INFO Best policy so far: [[9, [2.0, 9, 9], [7.0, -0.0, 4.0], [8, 0, 0], [0.0, 1.0, 8]], [9, [0.0, 6.0, 2.0], [3.0, 9, 4], [5.0, 9, 9], [1.0, 2.0, 9]], [9, [8, 9, 0], [2, 9, 6.0], [6.0, 1.0, 2.0], [4, 6, 9]]]
2020-08-14 23:56:06,025 INFO Best reward so far: 8.759104490280151
2020-08-15 03:07:30,029 INFO Iter 33
2020-08-15 03:07:30,315 INFO Policy now: [[7.0, [0, 8.0, 9], [4.0, 0.0, 3.0], [6.0, 0.0, 0], [2, 2.0, 7.0]], [4.0, [1.0, 3.0, 2.0], [6.0, 7.0, 2.0], [2.0, 9, 7.0], [0.0, 0, 9]], [7.0, [8, 9, 5.0], [2.0, 9, 6.0], [3.0, 6.0, 6.0], [1.0, 9.0, 9.0]]]
2020-08-15 03:07:30,343 INFO Reward now: 12.561346848805746
2020-08-15 03:07:30,344 INFO Best policy so far: [[6.0, [0.0, 4.0, 9], [8.0, 1.0, 4.0], [6, -0.0, 0], [4, 0, 9]], [7.0, [1.0, 4.0, 4.0], [8, 5.0, 0], [6.0, 9, 4.0], [2, 0, 9]], [9, [8, 9, 4.0], [4, 8, 6.0], [6, 5.0, 6.0], [2.0, 6.0, 9]]]
2020-08-15 03:07:30,344 INFO Best reward so far: 13.664278030395508
2020-08-15 06:11:34,711 INFO Iter 34
2020-08-15 06:11:34,882 INFO Policy now: [[6.0, [1.0, 9, 9], [8, 2.0, 9], [5.0, 3.0, 6.0], [0, 8.0, 9]], [4.0, [5.0, 0, 4.0], [2.0, 9.0, 8.0], [0, 3.0, 9], [4, 1.0, 8.0]], [2.0, [8, 9.0, 2.0], [0, 4.0, 1.0], [6, 9, 9], [5.0, 2.0, 9]]]
2020-08-15 06:11:34,902 INFO Reward now: 10.02068535486857
2020-08-15 06:11:34,902 INFO Best policy so far: [[7.0, [0, 9, 9], [8.0, 4.0, 5.0], [4, 4.0, 4], [1, 6.0, 9.0]], [4.0, [2.0, 0.0, 5.0], [6.0, 7.0, 4.0], [0.0, 6, 9], [4.0, 2, 9]], [6.0, [8, 9, 6.0], [-0.0, 6, 2.0], [2.0, 8.0, 7.0], [7, 4.0, 9]]]
2020-08-15 06:11:34,902 INFO Best reward so far: 11.551034768422445
2020-08-15 06:27:43,480 INFO Iter 35
2020-08-15 06:27:43,492 INFO Policy now: [[9, [0.0, 9, 5.0], [4.0, 0, 9.0], [8, 1.0, 7.0], [1, -0.0, 9]], [6.0, [3.0, 0, 4.0], [0, 2.0, 5.0], [6.0, 7.0, 9], [7, 0, 6.0]], [4.0, [8, 9, 0], [0.0, 9.0, 2.0], [4.0, 6.0, 9.0], [7.0, 1.0, 9]]]
2020-08-15 06:27:43,493 INFO Reward now: 10.39901622136434
2020-08-15 06:27:43,493 INFO Best policy so far: [[4.0, [1.0, 9, 9], [7, 0, 9], [2.0, 2.0, 9], [0, 5.0, 7]], [2.0, [4.0, 0, -0.0], [-0.0, 4.0, 7.0], [5, 1.0, 9], [1, 3.0, 9]], [2.0, [8, 8.0, 0], [0, 6.0, 2.0], [6, 6, 9], [5, 3.0, 9]]]
2020-08-15 06:27:43,493 INFO Best reward so far: 11.473142147064209
2020-08-15 06:39:58,362 INFO Iter 36
2020-08-15 06:39:58,395 INFO Policy now: [[9, [0, 9.0, 7.0], [3.0, 0, 8.0], [8, 0, 5.0], [1.0, 0.0, 8.0]], [9.0, [1.0, 0.0, -0.0], [2, 4.0, 8.0], [6.0, 6.0, 9.0], [3.0, -0.0, 4.0]], [7.0, [8.0, 9, 1.0], [0.0, 9.0, -0.0], [5.0, 9.0, 9.0], [7.0, 3.0, 9]]]
2020-08-15 06:39:58,395 INFO Reward now: 6.401977817217509
2020-08-15 06:39:58,395 INFO Best policy so far: [[4.0, [1.0, 9, 9], [7, 0, 9], [2.0, 2.0, 9], [0, 5.0, 7]], [2.0, [4.0, 0, -0.0], [-0.0, 4.0, 7.0], [5, 1.0, 9], [1, 3.0, 9]], [2.0, [8, 8.0, 0], [0, 6.0, 2.0], [6, 6, 9], [5, 3.0, 9]]]
2020-08-15 06:39:58,395 INFO Best reward so far: 7.386974533398946
2020-08-15 07:01:36,109 INFO Iter 37
2020-08-15 07:01:36,657 INFO Policy now: [[6.0, [0, 9, 9], [7.0, 1.0, 9], [8, 0, 0], [5.0, 4.0, 3.0]], [7.0, [1.0, 4.0, 2.0], [8, 4.0, 6.0], [2.0, 7.0, 8.0], [5.0, 0.0, 0]], [4.0, [8, 6.0, -0.0], [0, 9, 4.0], [1.0, 6.0, 9], [5.0, 8.0, 8.0]]]
2020-08-15 07:01:36,668 INFO Reward now: 9.84887401262919
2020-08-15 07:01:36,668 INFO Best policy so far: [[9, [0, 8.0, 9], [2.0, 0, 9], [8, 0, 2.0], [4.0, 4.0, 7.0]], [9, [1.0, 4.0, 0], [4, 5.0, 7.0], [2.0, 8.0, 4.0], [6.0, 0, 5.0]], [8.0, [8, 9, 0], [2.0, 9.0, 4.0], [4.0, 6.0, 9], [0, 0, 9]]]
2020-08-15 07:01:36,668 INFO Best reward so far: 11.372815291086832
2020-08-15 07:16:46,250 INFO Iter 38
2020-08-15 07:16:46,259 INFO Policy now: [[9, [0, 8.0, 9], [8, 1.0, 9], [7.0, 2.0, 4.0], [6.0, 0, 9.0]], [1.0, [0, 8.0, 8.0], [8, 0.0, 9], [4, 6.0, 3.0], [2, 0, 4.0]], [6.0, [7.0, 2.0, 1.0], [0, 9, 4.0], [2.0, 3.0, 9], [3.0, 8.0, 8.0]]]
2020-08-15 07:16:46,260 INFO Reward now: 8.207014997800192
2020-08-15 07:16:46,260 INFO Best policy so far: [[9, [0, 8.0, 9], [2.0, 0, 9], [8, 0, 2.0], [4.0, 4.0, 7.0]], [9, [1.0, 4.0, 0], [4, 5.0, 7.0], [2.0, 8.0, 4.0], [6.0, 0, 5.0]], [8.0, [8, 9, 0], [2.0, 9.0, 4.0], [4.0, 6.0, 9], [0, 0, 9]]]
2020-08-15 07:16:46,260 INFO Best reward so far: 10.562265714009603
2020-08-15 10:23:55,788 INFO Iter 39
2020-08-15 10:23:56,022 INFO Policy now: [[9, [0, 8.0, 9.0], [4.0, 4.0, 6.0], [7.0, 1.0, 0], [8, 2.0, 9]], [8.0, [3.0, 9, 8.0], [8, 0, 5.0], [1.0, 7.0, 3.0], [2.0, 4.0, 9]], [9.0, [4.0, 9.0, 0], [0, 6.0, 9], [6.0, 9, 8.0], [3, 2.0, 9]]]
2020-08-15 10:23:56,040 INFO Reward now: 7.794529636700948
2020-08-15 10:23:56,040 INFO Best policy so far: [[9, [0, 8.0, 8], [4, 2.0, 6], [8, 1.0, 2.0], [2, 4, 9]], [4.0, [0, 9, 6.0], [8, 4.0, 9], [6, 2.0, 8.0], [4, 4, 4.0]], [7.0, [6.0, 4.0, 0], [4, 6, 5.0], [1.0, 4.0, 6], [-0.0, 8.0, 7.0]]]
2020-08-15 10:23:56,040 INFO Best reward so far: 8.578492800394693
2020-08-15 13:27:13,118 INFO Iter 40
2020-08-15 13:27:13,482 INFO Policy now: [[7.0, [1.0, 4.0, 9], [5, 7.0, 9], [8, 2.0, 2.0], [6.0, 7.0, 9.0]], [5.0, [0.0, 9, 8.0], [8, 0, 0], [3.0, 9, 7.0], [1, 1.0, 9]], [7.0, [3.0, 7.0, 0.0], [0.0, 4.0, 8.0], [8, 9, 6.0], [2.0, 0, 6.0]]]
2020-08-15 13:27:13,503 INFO Reward now: 8.81669513384501
2020-08-15 13:27:13,503 INFO Best policy so far: [[9, [1, 6.0, 6.0], [2.0, 7.0, 9], [8, -0.0, 4], [4, 0.0, 4]], [9, [4.0, 9, 5.0], [6, 4, 0.0], [3.0, 9.0, 6.0], [0, 2.0, 9]], [9, [-0.0, 9, 0], [1, 8.0, 9], [2.0, 6, 7.0], [4, 0.0, 9]]]
2020-08-15 13:27:13,503 INFO Best reward so far: 10.899772961934408
2020-08-15 16:22:32,002 INFO Iter 41
2020-08-15 16:22:32,454 INFO Policy now: [[9, [0, 9, 9], [4.0, 9.0, 9.0], [8.0, 0, 6.0], [3.0, 1.0, 8.0]], [7.0, [0, 9.0, 7.0], [4.0, 0, 0], [7, 8.0, 1.0], [1.0, 0, 9.0]], [9.0, [0, 9.0, 3.0], [2.0, 9, 3.0], [5.0, 8.0, 9], [4.0, -0.0, 9.0]]]
2020-08-15 16:22:32,466 INFO Reward now: 7.399079163869222
2020-08-15 16:22:32,466 INFO Best policy so far: [[9, [1, 6.0, 6.0], [2.0, 7.0, 9], [8, -0.0, 4], [4, 0.0, 4]], [9, [4.0, 9, 5.0], [6, 4, 0.0], [3.0, 9.0, 6.0], [0, 2.0, 9]], [9, [-0.0, 9, 0], [1, 8.0, 9], [2.0, 6, 7.0], [4, 0.0, 9]]]
2020-08-15 16:22:32,466 INFO Best reward so far: 8.410290797551474
2020-08-15 16:26:34,395 INFO Iter 42
2020-08-15 16:26:34,408 INFO Policy now: [[8.0, [0, 8.0, 9], [1.0, 9, 8.0], [7.0, 0, 8.0], [4.0, 0.0, 7.0]], [4.0, [0, 8.0, 5.0], [3.0, 0, 0.0], [8.0, 8.0, 1.0], [4, -0.0, 9.0]], [9.0, [0.0, 8.0, 2.0], [8, 9, 3.0], [3.0, 6.0, 9], [7, 2.0, 8.0]]]
2020-08-15 16:26:34,408 INFO Reward now: 2.6380938490231833
2020-08-15 16:26:34,408 INFO Best policy so far: [[8, [0, 6, 9], [2.0, 9, 9], [8, 0, 6.0], [4, 1.0, 5.0]], [2.0, [0, 4.0, 5.0], [4.0, 0, 2], [8, 4.0, 2.0], [1, 0, 8.0]], [8.0, [2, 8.0, 2.0], [4, 9, 3.0], [3.0, 4.0, 9], [0.0, 0, 9]]]
2020-08-15 16:26:34,408 INFO Best reward so far: 3.7614372968673706
2020-08-15 19:27:40,987 INFO Iter 43
2020-08-15 19:27:41,238 INFO Policy now: [[9, [0.0, 9, 7.0], [3, 5.0, 9], [5.0, 0, 3.0], [8, 0, 7.0]], [9, [4.0, 9, 0], [1.0, 0, 0], [8, 7.0, 0], [5, 0, 9]], [9, [0, 9, 0], [5.0, 9.0, 2.0], [2.0, 2.0, 5.0], [7.0, 3.0, 5.0]]]
2020-08-15 19:27:41,317 INFO Reward now: 6.896117488543193
2020-08-15 19:27:41,317 INFO Best policy so far: [[9, [2, 9, 8], [0.0, 8, 9], [6.0, 4, 6.0], [7.0, -0.0, 9]], [8.0, [2, 9, 2.0], [0, 3, -0.0], [8, 9, 0], [6, 2.0, 9]], [9, [0, 7.0, 0], [4, 8, 6.0], [2.0, 2.0, 4], [6, 0.0, 7.0]]]
2020-08-15 19:27:41,317 INFO Best reward so far: 9.170172293980917
