2020-08-12 17:31:31,392 INFO Iter 0
2020-08-12 17:31:32,317 INFO Policy now: [[9, [3.0, 5.0, 8.0], [0, -0.0, 6.0], [1, 9, 0], [6.0, 9, 9], [4.0, 6.0, 9]], [9, [0, 2.0, 0], [8, 5.0, 9], [6, 3.0, 1.0], [5, 0, 4.0], [4.0, 3.0, 1.0]], [9, [0, 0, 0], [8.0, 9, 0], [3, 9.0, 9], [5.0, 9, 7.0], [1, 0, 0]]]
2020-08-12 17:31:32,335 INFO Reward now: 7.625554283459981
2020-08-12 17:31:32,335 INFO Best policy so far: [[9, [2, 9, 3], [0, 5, 7], [1, 9, 0], [5, 8, 8], [4, 6, 9]], [9, [0, 4, 0], [4, 2, 9], [6, 4, 4], [2, 0, 2], [8, 4, 0]], [4, [0, 0, 6], [7, 9, 6], [6, 9, 9], [4, 9, 6], [2, 0, 0]]]
2020-08-12 17:31:32,335 INFO Best reward so far: 9.271106243133545
2020-08-12 17:43:48,338 INFO Iter 1
2020-08-12 17:43:48,384 INFO Policy now: [[9.0, [4.0, 9.0, 7.0], [0, 1.0, 8.0], [1.0, 7.0, -0.0], [6.0, 6.0, 9], [8, 9.0, 8.0]], [8.0, [2.0, 3.0, -0.0], [7.0, 3.0, 9.0], [5.0, 0.0, 3.0], [4.0, 0, 4.0], [8, 5.0, -0.0]], [7.0, [1.0, 0.0, 0], [8, 8.0, 1.0], [3, 8.0, 9], [6, 7.0, 6.0], [0.0, 0, 0.0]]]
2020-08-12 17:43:48,384 INFO Reward now: 4.543829560279846
2020-08-12 17:43:48,384 INFO Best policy so far: [[9, [0.0, 8.0, 4.0], [2, 1.0, 9], [3, 5, 0], [8, 6, 7], [1.0, 8.0, 6]], [8, [4, 0.0, 3], [8, 3.0, 8], [2, 0.0, 3.0], [3, 2, 6.0], [0, 4.0, 2.0]], [6, [2, 2, 0], [6.0, 9, 0], [4, 6.0, 6], [0, 9, 9], [3, 0, 4]]]
2020-08-12 17:43:48,384 INFO Best reward so far: 5.205933332443237
2020-08-12 17:48:33,299 INFO Iter 2
2020-08-12 17:48:33,302 INFO Policy now: [[8.0, [2.0, 9, 8.0], [4, 2.0, 8.0], [0.0, 5.0, 1.0], [5.0, 3.0, 9], [7.0, 9, 6.0]], [8.0, [0, 1.0, 0], [6.0, 6.0, 8.0], [7.0, -0.0, 5.0], [4.0, -0.0, 5.0], [8, 1.0, 0]], [5.0, [3.0, 1.0, 1.0], [8, 8.0, 0], [-0.0, 9.0, 9.0], [6.0, 4.0, 4.0], [1, 0, -0.0]]]
2020-08-12 17:48:33,302 INFO Reward now: 4.4938846826553345
2020-08-12 17:48:33,302 INFO Best policy so far: [[7.0, [2.0, 9, 8.0], [4, 2.0, 8.0], [-0.0, 4.0, 3.0], [5.0, 3.0, 9], [6, 9, 5.0]], [8.0, [0, 1.0, 0], [6.0, 6.0, 6.0], [7.0, -0.0, 5.0], [2, 0, 5.0], [8, 1.0, 0]], [4.0, [5.0, 2.0, 2], [8, 8.0, 0], [0, 9.0, 8], [6, 2.0, 4.0], [1, 0, 0.0]]]
2020-08-12 17:48:33,302 INFO Best reward so far: 5.567043781280518
2020-08-12 18:08:43,362 INFO Iter 3
2020-08-12 18:08:43,707 INFO Policy now: [[9, [1.0, 8.0, 6.0], [2.0, 2.0, 6.0], [0.0, 5.0, 1.0], [5.0, 1.0, 9.0], [8, 9.0, 2.0]], [9, [-0.0, 1.0, 2.0], [7.0, 9.0, 9], [6.0, 3.0, 8.0], [5.0, 0, 4.0], [8.0, 4.0, 0.0]], [8.0, [4.0, 2.0, 3.0], [7.0, 7.0, 1.0], [0, 9, 9.0], [8, 7.0, 2.0], [2.0, 0, 0]]]
2020-08-12 18:08:43,816 INFO Reward now: 6.07482123374939
2020-08-12 18:08:43,817 INFO Best policy so far: [[9, [0, 8, 6.0], [6, 2.0, 6.0], [1, 6.0, 2.0], [5.0, 0, 8], [4, 9, 2.0]], [9.0, [0, 1.0, 4], [8.0, 9.0, 9], [4, 4.0, 8.0], [6.0, 0, 5.0], [5, 6.0, 2]], [8.0, [4.0, 6.0, 6.0], [6, 6.0, 2], [0, 9, 8.0], [8.0, 8.0, -0.0], [7, 1, 0]]]
2020-08-12 18:08:43,817 INFO Best reward so far: 9.269997040430704
2020-08-12 21:02:21,846 INFO Iter 4
2020-08-12 21:02:22,642 INFO Policy now: [[9.0, [-0.0, 8.0, 7.0], [1.0, 5.0, 4.0], [2.0, 7.0, 0], [7.0, 5.0, 9.0], [6.0, 7.0, 1.0]], [8.0, [0.0, 0, 7.0], [3.0, 8.0, 9.0], [5.0, 1.0, 9], [4, 0.0, 9.0], [8.0, 6.0, 0.0]], [9, [0, 3.0, 3.0], [6.0, 9, 0], [7, 7.0, 9.0], [8, 6.0, 4.0], [3, 1.0, 0]]]
2020-08-12 21:02:22,663 INFO Reward now: 5.9300020933151245
2020-08-12 21:02:22,663 INFO Best policy so far: [[9, [0.0, 6.0, 9], [4.0, 0.0, 6.0], [2, 5.0, 0], [8, 3.0, 4.0], [7, 8.0, 0.0]], [9, [2.0, 0, 2.0], [4.0, 5.0, 6], [0, 7.0, 9], [6.0, 0, 6.0], [8.0, 4.0, 0]], [9, [4.0, 1.0, 4.0], [6.0, 9, 2.0], [0, 9, 6.0], [8, 4.0, 0.0], [2.0, 4, 2]]]
2020-08-12 21:02:22,663 INFO Best reward so far: 8.304338852564493
2020-08-12 21:29:10,974 INFO Iter 5
2020-08-12 21:29:11,011 INFO Policy now: [[9.0, [0.0, 6.0, 7.0], [7, 2.0, 5.0], [3.0, 9, 0], [8.0, 2.0, 8.0], [5.0, 8.0, 3.0]], [8.0, [0.0, 0.0, 5.0], [4, 5.0, 8.0], [1, -0.0, 8.0], [8, 0.0, 9], [3, 9.0, 1.0]], [9.0, [0, 0, 8.0], [4.0, 9, 2.0], [7.0, 3.0, 9], [8, 6.0, 3.0], [1, 3.0, 0]]]
2020-08-12 21:29:11,012 INFO Reward now: 11.082491238911947
2020-08-12 21:29:11,012 INFO Best policy so far: [[5.0, [4.0, 6.0, 9], [0, 2.0, 7.0], [6.0, 9, 0], [8, 2.0, 6.0], [2.0, 8.0, 2.0]], [6.0, [0, 4, 6.0], [1.0, 6.0, 9.0], [3, 2.0, 6], [4, 0.0, 9], [8, 9, 1.0]], [7, [0, 0, 8.0], [6.0, 9, 4], [4, 3.0, 9], [8, 6.0, 1.0], [5, 2.0, 0]]]
2020-08-12 21:29:11,012 INFO Best reward so far: 12.960384368896484
2020-08-12 21:40:28,338 INFO Iter 6
2020-08-12 21:40:28,354 INFO Policy now: [[5.0, [0, 9.0, 6.0], [4.0, 0, 2.0], [7.0, 8.0, 1.0], [8, 0, 8.0], [1.0, 9, 8.0]], [4.0, [0.0, 3.0, 9], [5.0, 1.0, 9], [2, 0, 4.0], [7.0, 0.0, 8.0], [8, 5.0, 0]], [8.0, [0, 3.0, 8.0], [1.0, 9.0, 1.0], [8, 2.0, 7.0], [7.0, 9, 4.0], [4.0, 0, 0]]]
2020-08-12 21:40:28,354 INFO Reward now: 6.662161668141683
2020-08-12 21:40:28,354 INFO Best policy so far: [[4.0, [0, 8.0, 6.0], [4, 0, 3.0], [6.0, 8, 1], [8, -0.0, 8.0], [2.0, 9, 7.0]], [4.0, [0.0, 4.0, 9], [8, 2.0, 9], [3, 0, 4.0], [6, 0.0, 8], [2, 4.0, 0]], [8.0, [0, 4, 8.0], [2.0, 9, 1.0], [8, 2.0, 6], [6, 9, 4.0], [4, 0.0, 0]]]
2020-08-12 21:40:28,354 INFO Best reward so far: 10.93580929438273
2020-08-12 22:01:03,672 INFO Iter 7
2020-08-12 22:01:04,061 INFO Policy now: [[9, [4.0, 9, 9], [8, 0, 7.0], [6, 4.0, 9], [3.0, 0, 9], [0, 9, 9]], [9, [0, 9, 9], [1, 3.0, 9.0], [2, 0, 9], [8, 2.0, 2.0], [6, 7.0, 6.0]], [9, [1.0, 9.0, 7.0], [0, 9, -0.0], [8.0, 1.0, 9], [4, 9, 0], [6.0, 0, 0.0]]]
2020-08-12 22:01:04,118 INFO Reward now: 7.91770605246226
2020-08-12 22:01:04,118 INFO Best policy so far: [[4.0, [0, 8.0, 6.0], [4, 0, 3.0], [6.0, 8, 1], [8, -0.0, 8.0], [2.0, 9, 7.0]], [4.0, [0.0, 4.0, 9], [8, 2.0, 9], [3, 0, 4.0], [6, 0.0, 8], [2, 4.0, 0]], [8.0, [0, 4, 8.0], [2.0, 9, 1.0], [8, 2.0, 6], [6, 9, 4.0], [4, 0.0, 0]]]
2020-08-12 22:01:04,118 INFO Best reward so far: 8.355674465497335
2020-08-12 22:05:10,168 INFO Iter 8
2020-08-12 22:05:10,170 INFO Policy now: [[9.0, [7.0, 9.0, 9.0], [6.0, 1.0, 7.0], [8, 4.0, 9.0], [3.0, 0.0, 9.0], [0, 9, 9.0]], [9, [0.0, 9, 8.0], [4, 0.0, 9], [2.0, 0, 9], [8, 0, 3.0], [6.0, 7.0, 6.0]], [9.0, [1.0, 9, 8.0], [5, 9.0, 0], [8, 0, 9.0], [3.0, 9, 1.0], [7.0, 0, 0.0]]]
2020-08-12 22:05:10,170 INFO Reward now: 2.9755541483561196
2020-08-12 22:05:10,170 INFO Best policy so far: [[9, [6.0, 8, 9], [4, 2, 6.0], [5, 8.0, 9], [7.0, 0, 6], [2, 9, 7]], [9, [2, 9, 5], [0, 1.0, 9], [6, 0, 9], [5, 0, 0], [8, 6.0, 6.0]], [9, [0.0, 9, 9], [4, 9, 0.0], [8, 2.0, 7], [6, 9, 2], [2, 0, 3.0]]]
2020-08-12 22:05:10,170 INFO Best reward so far: 3.6508623361587524
2020-08-12 22:18:10,323 INFO Iter 9
2020-08-12 22:18:10,467 INFO Policy now: [[5.0, [6.0, 9, 9], [8, 2.0, 0], [2, 0, 6.0], [0, 0, 9], [1, 8.0, 9]], [5.0, [1.0, 9.0, 6.0], [7.0, 0, 8.0], [4.0, 3.0, 9], [8, 0, 9], [0, 0, 1.0]], [5.0, [6.0, 5.0, 9.0], [3.0, 4.0, 0], [1.0, 0.0, 9], [0, 9, 7.0], [8, 2.0, -0.0]]]
2020-08-12 22:18:10,467 INFO Reward now: 6.720126549402873
2020-08-12 22:18:10,468 INFO Best policy so far: [[9, [6.0, 8, 9], [4, 2, 6.0], [5, 8.0, 9], [7.0, 0, 6], [2, 9, 7]], [9, [2, 9, 5], [0, 1.0, 9], [6, 0, 9], [5, 0, 0], [8, 6.0, 6.0]], [9, [0.0, 9, 9], [4, 9, 0.0], [8, 2.0, 7], [6, 9, 2], [2, 0, 3.0]]]
2020-08-12 22:18:10,468 INFO Best reward so far: 7.121172229448955
2020-08-13 01:08:59,666 INFO Iter 10
2020-08-13 01:08:59,888 INFO Policy now: [[9.0, [8.0, 7.0, 9], [4.0, 3.0, 1.0], [0, -0.0, 9.0], [1, 0, 9], [3, 3.0, 9]], [9.0, [-0.0, 6.0, 6.0], [8, -0.0, 8.0], [7.0, 0, 6.0], [6, 3.0, 9], [2, 0, 0]], [9.0, [8, 8.0, 9.0], [2.0, 5.0, 0], [0, 2.0, 9], [5, 9, 3.0], [1, 2.0, 1.0]]]
2020-08-13 01:08:59,930 INFO Reward now: 6.353177626927693
2020-08-13 01:08:59,930 INFO Best policy so far: [[2.0, [6.0, 9, 9], [8, 2.0, 0], [1, 0, 2.0], [2, 0, 8], [0, 4.0, 6]], [4.0, [0, 9, 2.0], [4.0, 0, 9], [1.0, 7.0, 8], [8, 3, 9], [7, 0, -0.0]], [4.0, [8, 2.0, 9], [7.0, 2.0, 1], [0, 0, 9], [4, 9, 9], [1, 3.0, 0.0]]]
2020-08-13 01:08:59,930 INFO Best reward so far: 7.0039481321970625
2020-08-13 04:05:02,936 INFO Iter 11
2020-08-13 04:05:03,512 INFO Policy now: [[8.0, [7.0, 7.0, 9], [0, 1.0, 1.0], [4, 0, 9], [2.0, 1.0, 8.0], [5, 9.0, 9.0]], [9, [0.0, 7.0, 9], [7.0, 0.0, 6.0], [8.0, 0.0, 6.0], [5.0, 6.0, 6.0], [3.0, 1.0, -0.0]], [9, [8.0, 7.0, 9], [0.0, 8.0, 0], [2, 2.0, 9], [1, 9, 4.0], [4, 4.0, 2.0]]]
2020-08-13 04:05:03,732 INFO Reward now: 5.16466228167216
2020-08-13 04:05:03,732 INFO Best policy so far: [[9.0, [4.0, 6.0, 5], [6.0, 6.0, 0], [2, 0, 9], [8, 0, 6], [0, 6.0, 6]], [9, [-0.0, 4.0, 8.0], [8, 0, 8.0], [2, 4, 7.0], [4, 6.0, 4], [1, 2, 3]], [9, [8, 4.0, 9], [0, 6.0, 0], [2, 4.0, 9], [4, 6, 5.0], [1, 0.0, 3.0]]]
2020-08-13 04:05:03,732 INFO Best reward so far: 5.998228549957275
2020-08-13 07:06:08,715 INFO Iter 12
2020-08-13 07:06:09,022 INFO Policy now: [[5.0, [3.0, 9, 4.0], [0, 0, 3.0], [8.0, 0, 6.0], [5, 0, 4.0], [1.0, 5.0, 7.0]], [6.0, [0, 9, 9.0], [3.0, 0, 7.0], [8, 0, 0], [1, 4.0, 9], [5, 5.0, 0]], [5.0, [7.0, 7.0, 9], [4.0, 8.0, 0], [5.0, 0, 9], [0, 9, 1.0], [2, 5.0, 3.0]]]
2020-08-13 07:06:09,069 INFO Reward now: 9.702877720197042
2020-08-13 07:06:09,069 INFO Best policy so far: [[7.0, [4.0, 9, 5], [0, 0, 4.0], [7, 0, 4], [8, -0.0, 4.0], [2, 6.0, 6.0]], [8, [0, 9, 6], [5.0, 0, 4.0], [8.0, 0, 3.0], [7, 6.0, 9], [3.0, 2.0, 0]], [6, [6.0, 6.0, 9], [2.0, 8.0, 0], [7, 0, 9], [0, 9, 4.0], [8, 4.0, 2.0]]]
2020-08-13 07:06:09,069 INFO Best reward so far: 10.897783120473227
2020-08-13 07:23:23,089 INFO Iter 13
2020-08-13 07:23:23,119 INFO Policy now: [[9, [0, 8.0, 1.0], [1.0, 3.0, 0], [8, 0, 1.0], [7, -0.0, 0], [3.0, 0, 9]], [9, [0, 9, 0], [7.0, 0, 9], [8.0, 0, 0], [1, 0, 6.0], [2, 8.0, 0]], [9, [5.0, 2.0, 7.0], [3.0, 8.0, 3.0], [8, 2.0, 9], [1, 4.0, 2.0], [4.0, 3.0, -0.0]]]
2020-08-13 07:23:23,120 INFO Reward now: 10.694069226582846
2020-08-13 07:23:23,120 INFO Best policy so far: [[7.0, [4.0, 9, 5], [0, 0, 4.0], [7, 0, 4], [8, -0.0, 4.0], [2, 6.0, 6.0]], [8, [0, 9, 6], [5.0, 0, 4.0], [8.0, 0, 3.0], [7, 6.0, 9], [3.0, 2.0, 0]], [6, [6.0, 6.0, 9], [2.0, 8.0, 0], [7, 0, 9], [0, 9, 4.0], [8, 4.0, 2.0]]]
2020-08-13 07:23:23,120 INFO Best reward so far: 12.119215647379557
2020-08-13 07:39:54,910 INFO Iter 14
2020-08-13 07:39:54,977 INFO Policy now: [[8.0, [1.0, 9.0, 2.0], [-0.0, 5.0, 0.0], [7.0, 1.0, 2.0], [3, 1.0, 1.0], [4.0, 1.0, 8.0]], [7.0, [-0.0, 9, -0.0], [6.0, 0, 9.0], [8, 0, 0], [1.0, 0.0, 7.0], [7, 9.0, 1.0]], [8.0, [4.0, -0.0, 8.0], [2.0, 7.0, 2.0], [8.0, 0.0, 8.0], [5, 5.0, 1.0], [6.0, 2.0, 0.0]]]
2020-08-13 07:39:54,977 INFO Reward now: 8.638171235720316
2020-08-13 07:39:54,977 INFO Best policy so far: [[7, [2, 9, 2.0], [-0.0, 8.0, 0], [6, 3, 3.0], [7, 2.0, 2], [8, 2, 7]], [4, [1, 9, 1], [5.0, 0, 9], [8, 0, 0], [3, 0, 8.0], [0, 9, 2]], [6, [4.0, 0, 8.0], [1.0, 6.0, 2.0], [8, 0, 5], [3, 5.0, 0.0], [7.0, 2.0, 0]]]
2020-08-13 07:39:54,977 INFO Best reward so far: 9.958833376566568
2020-08-13 07:44:45,661 INFO Iter 15
2020-08-13 07:44:45,680 INFO Policy now: [[8.0, [1.0, 8.0, 0], [-0.0, 1.0, 1.0], [8.0, 4.0, 2.0], [3.0, 0, 0.0], [5.0, 0, 9]], [8.0, [2.0, 8.0, -0.0], [6.0, 0, 7.0], [8, 0, 1.0], [0, 0, 6.0], [4.0, 9, 5.0]], [9, [7.0, 3.0, 9], [5.0, 6.0, 0.0], [0, 1.0, 9], [1, 0, 1.0], [6.0, 0, 1.0]]]
2020-08-13 07:44:45,680 INFO Reward now: 5.6399751504262285
2020-08-13 07:44:45,680 INFO Best policy so far: [[8.0, [1.0, 8.0, 0.0], [-0.0, 2.0, 2.0], [8.0, 4.0, 2.0], [2, 0, -0.0], [5.0, 0, 9]], [8.0, [3.0, 8, 0.0], [6.0, 0, 6.0], [8, 0, 2], [0, 0, 6.0], [2, 9, 6.0]], [9, [7.0, 4.0, 9], [4.0, 6.0, 0], [6.0, 2.0, 9], [8, 0.0, 0.0], [2, 0, 1.0]]]
2020-08-13 07:44:45,680 INFO Best reward so far: 6.805975437164307
2020-08-13 10:35:23,706 INFO Iter 16
2020-08-13 10:35:23,885 INFO Policy now: [[8.0, [-0.0, 7.0, 0.0], [1.0, 1.0, 0.0], [8.0, 2.0, 3.0], [3.0, 0, 0], [5.0, 0.0, 9.0]], [8.0, [1.0, 8.0, -0.0], [7.0, 0.0, 6.0], [8, 1.0, 0.0], [4, 0.0, 5.0], [6, 9.0, 6.0]], [9, [7.0, 1.0, 9.0], [5.0, 7.0, 0], [0, 0.0, 9.0], [1, -0.0, 1.0], [6, 0.0, 2.0]]]
2020-08-13 10:35:24,040 INFO Reward now: 5.573583126068115
2020-08-13 10:35:24,040 INFO Best policy so far: [[8.0, [1.0, 8.0, 0.0], [-0.0, 2.0, 2.0], [8.0, 4.0, 2.0], [2, 0, -0.0], [5.0, 0, 9]], [8.0, [3.0, 8, 0.0], [6.0, 0, 6.0], [8, 0, 2], [0, 0, 6.0], [2, 9, 6.0]], [9, [7.0, 4.0, 9], [4.0, 6.0, 0], [6.0, 2.0, 9], [8, 0.0, 0.0], [2, 0, 1.0]]]
2020-08-13 10:35:24,040 INFO Best reward so far: 6.526600003242493
2020-08-13 10:53:11,215 INFO Iter 17
2020-08-13 10:53:11,240 INFO Policy now: [[9, [0, 5.0, 1.0], [1.0, 0.0, 0], [6.0, 1.0, 4.0], [2, 0, 0], [8.0, 0, 8.0]], [9, [1.0, 9, 2.0], [3.0, 1.0, 9.0], [8.0, 1.0, 1.0], [6.0, 3.0, 7.0], [5, 9.0, 8.0]], [9, [7.0, 0, 8.0], [2.0, 7.0, 0.0], [-0.0, 0, 9.0], [4.0, 2.0, 1.0], [5.0, 0, 1.0]]]
2020-08-13 10:53:11,241 INFO Reward now: 10.591330687204996
2020-08-13 10:53:11,241 INFO Best policy so far: [[9, [0.0, 9, 2.0], [2.0, 4.0, 0.0], [6.0, 3.0, 4.0], [1.0, 0, 0], [8, 0, 9.0]], [9.0, [4.0, 4.0, 2.0], [2.0, 0, 4.0], [8, -0.0, 0], [3, 4.0, 2.0], [0, 6.0, 9]], [9, [8.0, 2.0, 7.0], [2, 6.0, 0], [0, 0.0, 8.0], [7, 0.0, -0.0], [6, 0, 6.0]]]
2020-08-13 10:53:11,241 INFO Best reward so far: 11.056655883789062
2020-08-13 10:58:04,833 INFO Iter 18
2020-08-13 10:58:04,835 INFO Policy now: [[9, [-0.0, 5.0, 0], [1.0, 0, 0], [3.0, 0.0, 2.0], [5.0, 0, -0.0], [8, 0, 7.0]], [9, [2.0, 8.0, 0.0], [1.0, 3.0, 9.0], [6.0, 0.0, 0], [8, -0.0, 7.0], [3.0, 9, 8.0]], [9, [7.0, 2.0, 7.0], [0, 8.0, 0.0], [5, 2.0, 9], [6.0, 4.0, 1.0], [8, 0.0, 1.0]]]
2020-08-13 10:58:04,836 INFO Reward now: 3.24958735704422
2020-08-13 10:58:04,836 INFO Best policy so far: [[9, [0, 6.0, 0], [5, 0, 0], [4.0, -0.0, 2.0], [8, 0, 0], [6, 0, 7.0]], [9, [4.0, 6, 0], [2.0, 2.0, 9], [5.0, 0.0, 0.0], [8.0, 0, 8.0], [1, 9, 6.0]], [9, [4.0, 2, 5.0], [0, 7.0, 3.0], [3.0, 4, 9], [6.0, 3.0, 2.0], [1.0, 0, 0.0]]]
2020-08-13 10:58:04,836 INFO Best reward so far: 4.859655777613322
2020-08-13 13:47:38,556 INFO Iter 19
2020-08-13 13:47:39,537 INFO Policy now: [[9.0, [1.0, 5.0, 0.0], [6, 1.0, 0], [2.0, -0.0, 1.0], [5.0, 0, 0.0], [8, -0.0, 8.0]], [9.0, [3.0, 9.0, 0.0], [-0.0, 3.0, 9.0], [6.0, -0.0, -0.0], [8.0, -0.0, 8.0], [1, 8.0, 7.0]], [8.0, [6.0, 3.0, 7.0], [0.0, 8.0, 1.0], [5, 3.0, 9], [4, 6.0, 1.0], [8, 0, 0.0]]]
2020-08-13 13:47:39,562 INFO Reward now: 3.2605161170164743
2020-08-13 13:47:39,562 INFO Best policy so far: [[9, [0, 6.0, 0], [5, 0, 0], [4.0, -0.0, 2.0], [8, 0, 0], [6, 0, 7.0]], [9, [4.0, 6, 0], [2.0, 2.0, 9], [5.0, 0.0, 0.0], [8.0, 0, 8.0], [1, 9, 6.0]], [9, [4.0, 2, 5.0], [0, 7.0, 3.0], [3.0, 4, 9], [6.0, 3.0, 2.0], [1.0, 0, 0.0]]]
2020-08-13 13:47:39,562 INFO Best reward so far: 3.7277045448621116
2020-08-13 13:52:47,917 INFO Iter 20
2020-08-13 13:52:47,948 INFO Policy now: [[8.0, [-0.0, 5.0, 0], [5.0, 4.0, 1.0], [2.0, 0.0, 1.0], [6.0, 0.0, 1.0], [8, 0.0, 8.0]], [9.0, [-0.0, 9.0, 0], [1, 5.0, 8.0], [8.0, 0, 0], [7.0, 1.0, 7.0], [4, 4.0, 8.0]], [9, [6.0, 4.0, 7.0], [0, 9, 1.0], [4.0, 3.0, 8.0], [3.0, 5.0, 0.0], [8, 2.0, 0]]]
2020-08-13 13:52:47,949 INFO Reward now: 4.956001877784729
2020-08-13 13:52:47,949 INFO Best policy so far: [[8.0, [-0.0, 5.0, 0], [5.0, 4.0, 1.0], [2.0, 0.0, 1.0], [6.0, 0.0, 1.0], [8, 0.0, 8.0]], [9.0, [-0.0, 9.0, 0], [1, 5.0, 8.0], [8.0, 0, 0], [7.0, 1.0, 7.0], [4, 4.0, 8.0]], [9, [6.0, 4.0, 7.0], [0, 9, 1.0], [4.0, 3.0, 8.0], [3.0, 5.0, 0.0], [8, 2.0, 0]]]
2020-08-13 13:52:47,949 INFO Best reward so far: 4.956001877784729
2020-08-13 16:47:33,996 INFO Iter 21
2020-08-13 16:47:34,257 INFO Policy now: [[8.0, [0.0, 5.0, -0.0], [5.0, 5.0, 1.0], [2.0, -0.0, 1.0], [6.0, 0.0, 1.0], [8, 0.0, 9.0]], [9.0, [0.0, 9.0, -0.0], [1.0, 4.0, 8.0], [8.0, 0.0, -0.0], [7.0, 1.0, 8.0], [5.0, 3.0, 8.0]], [9.0, [6.0, 4.0, 6.0], [-0.0, 9.0, 1.0], [5.0, 4.0, 7.0], [3.0, 5.0, -0.0], [8.0, 1.0, -0.0]]]
2020-08-13 16:47:34,292 INFO Reward now: 0.9660408447186152
2020-08-13 16:47:34,292 INFO Best policy so far: [[8.0, [-0.0, 5.0, 0], [5.0, 4.0, 1.0], [2.0, 0.0, 1.0], [6.0, 0.0, 1.0], [8, 0.0, 8.0]], [9.0, [-0.0, 9.0, 0], [1, 5.0, 8.0], [8.0, 0, 0], [7.0, 1.0, 7.0], [4, 4.0, 8.0]], [9, [6.0, 4.0, 7.0], [0, 9, 1.0], [4.0, 3.0, 8.0], [3.0, 5.0, 0.0], [8, 2.0, 0]]]
2020-08-13 16:47:34,292 INFO Best reward so far: 1.3423997809489567
2020-08-13 19:47:03,227 INFO Iter 22
2020-08-13 19:47:03,801 INFO Policy now: [[9.0, [2.0, 3.0, -0.0], [5.0, 9.0, 5.0], [3.0, 0, 3.0], [7.0, 2.0, 0], [4, 0, 9]], [9, [0, 9, 0.0], [3, 2.0, 8.0], [6.0, 2.0, -0.0], [8, 0.0, 9], [7, 7.0, 9]], [9, [4.0, 1.0, 2.0], [0, 8.0, 2.0], [2.0, 9.0, 9], [7.0, 8.0, 0], [8, -0.0, 0]]]
2020-08-13 19:47:03,828 INFO Reward now: 5.16356635093689
2020-08-13 19:47:03,828 INFO Best policy so far: [[9, [4.0, 4.0, 0], [6.0, 8.0, 5.0], [7, 0, 2.0], [5, 4.0, 0], [2, 0, 9]], [9, [0, 9, 1.0], [3, 2.0, 9], [4.0, 3.0, -0.0], [8, 1.0, 9], [2.0, 8.0, 9]], [9, [5.0, 0.0, 4.0], [0, 7.0, 2.0], [1.0, 8.0, 9], [6.0, 8.0, 0], [8, 0, 0]]]
2020-08-13 19:47:03,828 INFO Best reward so far: 8.639930248260498
2020-08-13 22:56:55,908 INFO Iter 23
2020-08-13 22:56:56,416 INFO Policy now: [[8.0, [6.0, 3.0, 2.0], [0, 5.0, 5.0], [4.0, 4.0, 1.0], [7.0, -0.0, 1.0], [2, 0, 8.0]], [9.0, [0, 9, -0.0], [2.0, 5.0, 7.0], [3, 1.0, 2.0], [8, 0, 5.0], [5.0, 9, 9]], [7.0, [6.0, 5.0, 0], [0, 9, 0.0], [5, 6.0, 6.0], [1, 5.0, 0], [4.0, 0, 0]]]
2020-08-13 22:56:56,521 INFO Reward now: 9.590516805648804
2020-08-13 22:56:56,521 INFO Best policy so far: [[9, [4.0, 4.0, 0], [6.0, 8.0, 5.0], [7, 0, 2.0], [5, 4.0, 0], [2, 0, 9]], [9, [0, 9, 1.0], [3, 2.0, 9], [4.0, 3.0, -0.0], [8, 1.0, 9], [2.0, 8.0, 9]], [9, [5.0, 0.0, 4.0], [0, 7.0, 2.0], [1.0, 8.0, 9], [6.0, 8.0, 0], [8, 0, 0]]]
2020-08-13 22:56:56,521 INFO Best reward so far: 11.516005277633667
2020-08-13 23:02:31,781 INFO Iter 24
2020-08-13 23:02:31,965 INFO Policy now: [[7.0, [7.0, 4.0, 2.0], [-0.0, 6.0, 2.0], [5.0, 3.0, -0.0], [3, 0.0, -0.0], [1.0, -0.0, 8.0]], [9, [0.0, 9, 1.0], [2.0, 3.0, 8.0], [3.0, 2.0, 2.0], [8, 1.0, 5.0], [5.0, 9, 8.0]], [7.0, [8.0, 6.0, 0.0], [-0.0, 8.0, 0], [3.0, 8.0, 4.0], [1.0, 4.0, 1.0], [4.0, -0.0, -0.0]]]
2020-08-13 23:02:31,973 INFO Reward now: 4.188290198644002
2020-08-13 23:02:31,973 INFO Best policy so far: [[8.0, [8.0, 6.0, 2.0], [2, 6.0, 1.0], [6.0, 2.0, 2.0], [4.0, 0, 2.0], [0, 4, 9]], [9, [0, 9, 3.0], [2.0, 2.0, 7.0], [7, 6.0, 0], [8, 4, 6.0], [4, 9, 6]], [9, [8.0, 6.0, 0], [0, 4, 0], [2, 8.0, 3.0], [1, 4.0, 4], [5.0, 2, 1]]]
2020-08-13 23:02:31,973 INFO Best reward so far: 5.442500591278076
2020-08-14 01:52:30,213 INFO Iter 25
2020-08-14 01:52:30,467 INFO Policy now: [[6.0, [6.0, 3.0, 2.0], [0.0, 7.0, 3.0], [4.0, 3.0, 1.0], [3.0, 0, 0.0], [1.0, 1.0, 9.0]], [9.0, [0.0, 9.0, -0.0], [1.0, 3.0, 8.0], [4.0, 3.0, 3.0], [8.0, 0.0, 6.0], [5.0, 9.0, 9]], [7.0, [8.0, 5.0, 1.0], [1.0, 8.0, 1.0], [2.0, 7.0, 2.0], [7, 2.0, 2.0], [5.0, 0, 0.0]]]
2020-08-14 01:52:30,555 INFO Reward now: 3.7147340774536133
2020-08-14 01:52:30,555 INFO Best policy so far: [[6.0, [6.0, 3.0, 2.0], [0.0, 7.0, 3.0], [4.0, 3.0, 1.0], [3.0, 0, 0.0], [1.0, 1.0, 9.0]], [9.0, [0.0, 9.0, -0.0], [1.0, 3.0, 8.0], [4.0, 3.0, 3.0], [8.0, 0.0, 6.0], [5.0, 9.0, 9]], [7.0, [8.0, 5.0, 1.0], [1.0, 8.0, 1.0], [2.0, 7.0, 2.0], [7, 2.0, 2.0], [5.0, 0, 0.0]]]
2020-08-14 01:52:30,555 INFO Best reward so far: 3.7147340774536133
2020-08-14 02:06:35,122 INFO Iter 26
2020-08-14 02:06:35,257 INFO Policy now: [[0.0, [4.0, 5.0, 6.0], [2.0, 3.0, 0], [6.0, 8.0, 1.0], [5.0, 0.0, 1.0], [0, 4.0, 9]], [6.0, [-0.0, 9, -0.0], [3, 6.0, 9], [2.0, 2.0, 3.0], [8.0, 0, 5.0], [4, 8.0, 7.0]], [2.0, [8.0, 7.0, 5.0], [0, 9.0, 3.0], [6, 9, 6.0], [2, 1.0, 7.0], [1.0, 0.0, -0.0]]]
2020-08-14 02:06:35,288 INFO Reward now: 5.702435692151387
2020-08-14 02:06:35,288 INFO Best policy so far: [[2.0, [2.0, 6.0, 6.0], [3, 5.0, 0], [8.0, 6.0, 4.0], [6.0, 0, 0.0], [1, 3.0, 9]], [6.0, [0, 9, 0], [1, 6.0, 9], [2.0, 4.0, 4.0], [8, 0, 6.0], [4.0, 9.0, 8]], [2.0, [8, 7.0, 5.0], [0, 8.0, 5.0], [5, 9, 6.0], [4, 2.0, 6.0], [1, 0, 1.0]]]
2020-08-14 02:06:35,288 INFO Best reward so far: 7.42373792330424
2020-08-14 02:20:16,174 INFO Iter 27
2020-08-14 02:20:16,268 INFO Policy now: [[6.0, [0, 4.0, 9], [8, 0, 5.0], [5.0, 9, 0], [3, 4.0, 3.0], [6.0, 0, 9]], [9, [0, 6.0, 0], [8, 9, 6.0], [4, 9.0, 9], [7, 0, 0], [1.0, 2.0, 0]], [9, [8, 0, 0], [5.0, 9, 9], [0, 9, 9], [7, 0, 9], [6, 5.0, 0]]]
2020-08-14 02:20:16,280 INFO Reward now: 6.3843913078308105
2020-08-14 02:20:16,280 INFO Best policy so far: [[2.0, [1.0, 6.0, 7.0], [2.0, 0.0, 4], [6, 9, 0.0], [7, 4.0, 1.0], [0, 0.0, 9]], [7.0, [0, 9, 0], [6, 9.0, 8], [8, 3.0, 4.0], [2, 0, 2.0], [4, 6.0, 2.0]], [6.0, [8, 4.0, 0.0], [2, 9, 5.0], [3, 9, 9], [0, 1.0, 9], [4, 4.0, 0.0]]]
2020-08-14 02:20:16,280 INFO Best reward so far: 8.560934702555338
2020-08-14 02:41:09,451 INFO Iter 28
2020-08-14 02:41:09,473 INFO Policy now: [[9.0, [0.0, 7.0, 8.0], [8.0, 0.0, 7.0], [5, 8.0, 2.0], [2.0, 7.0, 0], [3.0, 0, 9.0]], [9, [1.0, 7.0, 1.0], [7.0, 9, 9], [4.0, 9.0, 9], [8, 1.0, 3.0], [0, 7.0, 1.0]], [9.0, [8, 0, 0.0], [3.0, 7.0, 9], [0, 6.0, 7.0], [7.0, 0, 9.0], [6, 3.0, 0]]]
2020-08-14 02:41:09,473 INFO Reward now: 6.045869469642639
2020-08-14 02:41:09,473 INFO Best policy so far: [[7.0, [4, 8.0, 9], [8, 3, 9], [6, 8, 1], [3, 6.0, 0], [2.0, 0, 9]], [9, [2, 9, 4], [6, 9, 9.0], [5, 9, 8], [4, 3, 4], [0, 4.0, 0]], [9, [8, 0, 0], [4.0, 4, 9], [2, 9, 9], [7, 0, 7], [5, 4.0, 0]]]
2020-08-14 02:41:09,473 INFO Best reward so far: 8.47247870763143
2020-08-14 03:07:36,650 INFO Iter 29
2020-08-14 03:07:36,965 INFO Policy now: [[9, [0.0, 2.0, 5.0], [8.0, 0.0, -0.0], [5.0, 6.0, 0], [2, 9, 0], [6.0, 0, 9]], [9, [4.0, 9, 0], [6.0, 9.0, 9], [3, 9, 6.0], [8, 6.0, 8.0], [1.0, 4.0, 0]], [9, [8, 3.0, 2.0], [5.0, 4.0, 9], [0, 9, 9], [3.0, 2.0, 9], [1, 8.0, 0]]]
2020-08-14 03:07:36,974 INFO Reward now: 12.662379423777262
2020-08-14 03:07:36,974 INFO Best policy so far: [[8.0, [0, 6.0, 8.0], [8, 0.0, 2.0], [6, 9, 0], [2, 4.0, 0], [4, 2, 9]], [8, [3.0, 6.0, 1.0], [6.0, 9, 9], [0.0, 9, 6], [8, 1.0, 4.0], [5, 8.0, 2.0]], [5.0, [8, 3, 0], [7.0, 4.0, 6], [0, 8.0, 8.0], [1, 2, 9], [6, 2.0, 0]]]
2020-08-14 03:07:36,974 INFO Best reward so far: 13.774577776590982
2020-08-14 06:09:44,270 INFO Iter 30
2020-08-14 06:09:44,523 INFO Policy now: [[9.0, [-0.0, 5.0, 5.0], [7.0, 1.0, 0.0], [4.0, 6.0, -0.0], [1.0, 9, 1.0], [8, 0.0, 9]], [7.0, [6.0, 9, 0.0], [8.0, 7.0, 8.0], [1.0, 9, 6.0], [5.0, 6.0, 6.0], [2.0, 6.0, 0]], [8.0, [7.0, 3.0, 1.0], [5.0, 0, 8.0], [-0.0, 9, 9.0], [2, 3.0, 9], [1.0, 9.0, 1.0]]]
2020-08-14 06:09:44,543 INFO Reward now: 10.278075814247131
2020-08-14 06:09:44,543 INFO Best policy so far: [[8, [0, 3.0, 1.0], [6.0, 0, -0.0], [1, 4.0, 0], [2, 9, 3], [8, 4, 9]], [7, [8.0, 9, 2], [6, 6.0, 6], [0, 8, 7.0], [4, 8.0, 6.0], [7, 4.0, 0]], [8, [6, 5.0, 4.0], [1.0, 0.0, 6], [0, 9, 9], [4.0, 4.0, 9], [5, 8.0, 2]]]
2020-08-14 06:09:44,543 INFO Best reward so far: 10.380156675974527
2020-08-14 09:13:54,302 INFO Iter 31
2020-08-14 09:13:54,467 INFO Policy now: [[7.0, [0, 9, 0], [8, 0, 1.0], [3.0, 1.0, 1.0], [4, 9.0, 0.0], [6.0, 4.0, 9]], [7.0, [3.0, 8.0, 0], [8, 9, 6.0], [0, 9, 5.0], [2.0, 1.0, 9.0], [7.0, 3.0, 0]], [4.0, [8, 8.0, 0], [4, 5.0, 8.0], [1.0, 9, 9], [0, 7.0, 5.0], [5, 5.0, 0]]]
2020-08-14 09:13:54,475 INFO Reward now: 8.34102169672648
2020-08-14 09:13:54,475 INFO Best policy so far: [[8, [0, 3.0, 1.0], [6.0, 0, -0.0], [1, 4.0, 0], [2, 9, 3], [8, 4, 9]], [7, [8.0, 9, 2], [6, 6.0, 6], [0, 8, 7.0], [4, 8.0, 6.0], [7, 4.0, 0]], [8, [6, 5.0, 4.0], [1.0, 0.0, 6], [0, 9, 9], [4.0, 4.0, 9], [5, 8.0, 2]]]
2020-08-14 09:13:54,475 INFO Best reward so far: 9.241359949111938
2020-08-14 12:21:11,201 INFO Iter 32
2020-08-14 12:21:11,356 INFO Policy now: [[9, [0, 9, 3.0], [8, 0, 7.0], [1, 2.0, 0], [4, 9, 0], [6, 0, 8.0]], [9, [0, 8.0, 0], [8, 7.0, 0], [4.0, 9, 0], [1.0, 6.0, 9], [6, 1.0, 2.0]], [9, [6.0, 9, 8.0], [8, 0, 0], [1, 4.0, 9], [0, 9, 9], [5, 9, 0]]]
2020-08-14 12:21:11,376 INFO Reward now: 10.892014026641846
2020-08-14 12:21:11,376 INFO Best policy so far: [[8, [0, 3.0, 1.0], [6.0, 0, -0.0], [1, 4.0, 0], [2, 9, 3], [8, 4, 9]], [7, [8.0, 9, 2], [6, 6.0, 6], [0, 8, 7.0], [4, 8.0, 6.0], [7, 4.0, 0]], [8, [6, 5.0, 4.0], [1.0, 0.0, 6], [0, 9, 9], [4.0, 4.0, 9], [5, 8.0, 2]]]
2020-08-14 12:21:11,376 INFO Best reward so far: 11.374587456385294
2020-08-14 12:30:29,056 INFO Iter 33
2020-08-14 12:30:29,091 INFO Policy now: [[9, [1.0, 9, 0], [8, 0, 9.0], [3, 0.0, 2.0], [5.0, 9.0, -0.0], [-0.0, 3.0, 9]], [9, [0, 9, 0.0], [7.0, 7.0, 0], [3.0, 8.0, 0], [8, 1.0, 7.0], [5, -0.0, 5.0]], [8.0, [6.0, 8.0, 9.0], [4, -0.0, 0.0], [0.0, 4.0, 8.0], [3.0, 9, 7.0], [5, 9.0, 0]]]
2020-08-14 12:30:29,091 INFO Reward now: 2.2436916530132294
2020-08-14 12:30:29,091 INFO Best policy so far: [[8, [0, 3.0, 1.0], [6.0, 0, -0.0], [1, 4.0, 0], [2, 9, 3], [8, 4, 9]], [7, [8.0, 9, 2], [6, 6.0, 6], [0, 8, 7.0], [4, 8.0, 6.0], [7, 4.0, 0]], [8, [6, 5.0, 4.0], [1.0, 0.0, 6], [0, 9, 9], [4.0, 4.0, 9], [5, 8.0, 2]]]
2020-08-14 12:30:29,091 INFO Best reward so far: 4.416439910729726
2020-08-14 12:57:00,550 INFO Iter 34
2020-08-14 12:57:00,554 INFO Policy now: [[9, [2.0, 9.0, 0], [8, 0, 4.0], [0, 3.0, 1.0], [7.0, 9, 0], [4, 0, 8.0]], [9, [2.0, 9.0, 1.0], [8.0, 1.0, 1.0], [3.0, 4.0, 0], [0, 5.0, 6.0], [5.0, 0, 0]], [8.0, [0, 9, 7.0], [3.0, 1.0, 0], [5.0, 0, 9.0], [1.0, 9.0, 3.0], [8.0, 4.0, 0]]]
2020-08-14 12:57:00,554 INFO Reward now: 12.459212700525919
2020-08-14 12:57:00,555 INFO Best policy so far: [[9, [2.0, 9, 0], [8, 0, 5.0], [0, 2.0, 3.0], [5, 9, 0], [4, 0, 8]], [9, [2, 9, 1.0], [6.0, 4.0, 1], [3.0, 4.0, 0], [8, 2.0, 4.0], [1, 0, 4.0]], [9, [2.0, 9, 8.0], [0, 0, 0.0], [8, 3.0, 9], [4.0, 7, 6.0], [7, 6.0, 0]]]
2020-08-14 12:57:00,555 INFO Best reward so far: 13.719440937042236
2020-08-14 13:09:56,782 INFO Iter 35
2020-08-14 13:09:57,002 INFO Policy now: [[9, [0, 7.0, 4.0], [7.0, 0.0, 0], [3.0, 0, 5.0], [4.0, 8.0, 0], [2.0, 0, 7.0]], [9, [2.0, 9.0, 0], [8, 8.0, 0.0], [5.0, 0, 5.0], [0, 9, 0], [7.0, 3.0, 0.0]], [9, [0, 8.0, 9], [7.0, 1.0, 0], [1.0, 6.0, 9], [4, 9.0, 3.0], [2.0, 9, 5.0]]]
2020-08-14 13:09:57,009 INFO Reward now: 7.934106707572937
2020-08-14 13:09:57,009 INFO Best policy so far: [[9, [0.0, 6.0, 0], [7, 4, 3.0], [2, 2.0, 4.0], [5, 6, 2], [4, 0, 9]], [9, [2.0, 9, 2.0], [8, 4.0, 0], [6, 4.0, 4], [0, 8.0, 3.0], [4.0, 0, 2]], [9, [0, 8, 5.0], [3.0, 2.0, 0], [5.0, 4, 9], [2, 9, 6.0], [4, 8.0, 2]]]
2020-08-14 13:09:57,009 INFO Best reward so far: 8.46691640218099
2020-08-14 16:16:17,035 INFO Iter 36
2020-08-14 16:16:17,328 INFO Policy now: [[8.0, [0, 8.0, 0], [6.0, 0, 0], [5.0, -0.0, 8.0], [8, 6.0, 1.0], [2.0, 0, 9.0]], [8.0, [3.0, 6.0, 2.0], [8, 5.0, -0.0], [7.0, 0, 6.0], [0, 9, 0.0], [6.0, 3.0, 0]], [8.0, [0, 5.0, 8.0], [5.0, 0.0, -0.0], [2.0, 9.0, 7.0], [6, 5.0, 9.0], [1.0, 9.0, 8.0]]]
2020-08-14 16:16:17,362 INFO Reward now: 13.24864912033081
2020-08-14 16:16:17,362 INFO Best policy so far: [[9, [0.0, 6.0, 0], [7, 4, 3.0], [2, 2.0, 4.0], [5, 6, 2], [4, 0, 9]], [9, [2.0, 9, 2.0], [8, 4.0, 0], [6, 4.0, 4], [0, 8.0, 3.0], [4.0, 0, 2]], [9, [0, 8, 5.0], [3.0, 2.0, 0], [5.0, 4, 9], [2, 9, 6.0], [4, 8.0, 2]]]
2020-08-14 16:16:17,362 INFO Best reward so far: 13.701785723368326
2020-08-14 19:26:50,089 INFO Iter 37
2020-08-14 19:26:50,479 INFO Policy now: [[9.0, [0.0, 9, 0], [1.0, 4.0, 2.0], [6.0, 2.0, 9], [5.0, 0, 4.0], [3, 0, 9]], [4.0, [4.0, 9, 0], [6.0, 0, 0], [3.0, 2.0, 9], [1.0, 5.0, 0], [8, 0.0, 2.0]], [6.0, [0.0, 7.0, 4.0], [8, 4.0, 0.0], [1, 7.0, 5.0], [6.0, 0, 9.0], [3.0, 5.0, 9.0]]]
2020-08-14 19:26:50,488 INFO Reward now: 9.388117591540018
2020-08-14 19:26:50,488 INFO Best policy so far: [[9, [0, 9, 0], [5.0, 2, 3], [4.0, 4.0, 9], [1, 2.0, 5.0], [6, 1, 4.0]], [9.0, [2.0, 8.0, 2.0], [8, 2.0, 2.0], [3, 4, 2.0], [4, 4, 0], [7, 1.0, 2]], [9.0, [0, 8.0, 8.0], [8.0, 4.0, 4.0], [7, 6.0, 2.0], [2, 6.0, 9], [4.0, 7.0, 7.0]]]
2020-08-14 19:26:50,488 INFO Best reward so far: 12.008609135945639
2020-08-14 22:28:19,359 INFO Iter 38
2020-08-14 22:28:19,845 INFO Policy now: [[8.0, [-0.0, 8.0, 2.0], [7, 8.0, 0], [5.0, 5.0, 9], [4.0, 3.0, 7.0], [2.0, 0, 6.0]], [3.0, [2.0, 7.0, -0.0], [7.0, 2.0, 0.0], [4.0, 4.0, 7.0], [3.0, 6.0, -0.0], [6.0, 0, 3.0]], [8.0, [0, 2.0, 2.0], [8.0, 0, 0], [5.0, 5.0, 7.0], [6.0, 1.0, 7.0], [4.0, 5.0, 9]]]
2020-08-14 22:28:19,938 INFO Reward now: 5.716057101885478
2020-08-14 22:28:19,938 INFO Best policy so far: [[9, [0, 9, 0], [5.0, 2, 3], [4.0, 4.0, 9], [1, 2.0, 5.0], [6, 1, 4.0]], [9.0, [2.0, 8.0, 2.0], [8, 2.0, 2.0], [3, 4, 2.0], [4, 4, 0], [7, 1.0, 2]], [9.0, [0, 8.0, 8.0], [8.0, 4.0, 4.0], [7, 6.0, 2.0], [2, 6.0, 9], [4.0, 7.0, 7.0]]]
2020-08-14 22:28:19,938 INFO Best reward so far: 7.384576956431071
2020-08-14 22:43:49,096 INFO Iter 39
2020-08-14 22:43:49,103 INFO Policy now: [[7.0, [0, 3.0, 5.0], [8, 6.0, 4.0], [6.0, 3.0, 9.0], [3, 9.0, 9], [2.0, 4.0, 2.0]], [9.0, [0, 7.0, 0], [3.0, 8.0, -0.0], [8, 9, 9], [4, 6.0, 0], [6, 1.0, 4.0]], [8.0, [4.0, 0, 0], [8, 0, 0], [0, 0, 9], [1, 4.0, 0], [2, 9, 5.0]]]
2020-08-14 22:43:49,103 INFO Reward now: 9.364780704180399
2020-08-14 22:43:49,103 INFO Best policy so far: [[8.0, [0, 6.0, 2.0], [8, 8.0, 4], [6.0, 4.0, 9], [5, 8.0, 8.0], [2.0, 4, 4.0]], [7.0, [2.0, 6.0, 0], [6.0, 5.0, 0], [8.0, 6.0, 9], [-0.0, 6.0, -0.0], [7.0, 2, 4.0]], [8.0, [2, 1.0, 2.0], [8, 0, 0], [1.0, 3.0, 8.0], [3.0, 4.0, 4.0], [6.0, 6.0, 4]]]
2020-08-14 22:43:49,103 INFO Best reward so far: 10.322436968485514
2020-08-15 01:38:21,594 INFO Iter 40
2020-08-15 01:38:21,768 INFO Policy now: [[8.0, [0.0, 3.0, 6.0], [8.0, 8.0, 2.0], [6.0, 2.0, 9.0], [3.0, 9.0, 9.0], [1.0, 4.0, 1.0]], [9.0, [-0.0, 8.0, -0.0], [3.0, 7.0, -0.0], [8.0, 9.0, 9.0], [4.0, 7.0, -0.0], [6.0, 1.0, 5.0]], [8.0, [4.0, 0.0, 0.0], [8.0, 0.0, 0.0], [-0.0, -0.0, 9], [2.0, 3.0, 0.0], [7, 9, 6.0]]]
2020-08-15 01:38:21,843 INFO Reward now: 1.0631029854218166
2020-08-15 01:38:21,843 INFO Best policy so far: [[7.0, [1, 0.0, 5.0], [8, 9, 0.0], [6.0, 0, 9], [7, 5.0, 9], [0.0, 2.0, -0.0]], [6.0, [0, 4.0, 2], [2.0, 6.0, 0], [4, 9, 6], [8, 4.0, 0], [6, 0, 4.0]], [8.0, [4.0, 0, 2], [8, 0, 0], [2, 0, 8], [0, 3.0, 1], [1, 9, 9]]]
2020-08-15 01:38:21,846 INFO Best reward so far: 1.2874289552370708
2020-08-15 04:46:14,932 INFO Iter 41
2020-08-15 04:46:15,163 INFO Policy now: [[9.0, [0.0, 4.0, 6.0], [6.0, 9, 2.0], [8.0, 1.0, 8.0], [1.0, 9, 9], [7, 4.0, 2.0]], [9, [1.0, 7.0, 0], [2.0, 7.0, 0.0], [6.0, 9, 7.0], [4.0, 6.0, 0], [8.0, 0, 3.0]], [7.0, [4.0, 1.0, 1.0], [8, 1.0, 1.0], [-0.0, -0.0, 9], [2.0, 4.0, 0], [7.0, 8.0, 5.0]]]
2020-08-15 04:46:15,184 INFO Reward now: 8.033267617225647
2020-08-15 04:46:15,184 INFO Best policy so far: [[9, [2.0, 4.0, 4.0], [8, 9, 4.0], [4, 0, 7.0], [1, 9, 9], [0, 4.0, 2.0]], [9, [4.0, 8.0, 0.0], [6.0, 8.0, 0], [2, 8.0, 4.0], [0.0, 4.0, 0], [5, 0, 6.0]], [9, [4.0, 4.0, 0], [7, 0.0, 2.0], [3.0, 0, 9], [2.0, -0.0, 0], [8, 9, 8.0]]]
2020-08-15 04:46:15,185 INFO Best reward so far: 9.399835904439291
2020-08-15 07:41:14,008 INFO Iter 42
2020-08-15 07:41:14,115 INFO Policy now: [[8.0, [-0.0, 2.0, 6.0], [6.0, 9, 2.0], [8, 4.0, 5.0], [4.0, 8.0, 9], [2, 4.0, 2.0]], [7.0, [0.0, 6.0, 2.0], [2.0, 8.0, 0], [3.0, 9.0, 9.0], [7.0, 7.0, 2.0], [8, 0.0, 1.0]], [2.0, [2.0, 4.0, 2.0], [8, 0, 1.0], [0.0, 0, 8.0], [3.0, 5.0, 0], [5.0, 7.0, 6.0]]]
2020-08-15 07:41:14,163 INFO Reward now: 6.29449466864268
2020-08-15 07:41:14,163 INFO Best policy so far: [[9.0, [0, 1.0, 6.0], [4.0, 9, 0], [6.0, 3.0, 6.0], [2.0, 9, 8], [8, 4.0, 5.0]], [6, [0, 5.0, 2], [2.0, 7.0, 0], [4.0, 9, 7.0], [6.0, 7.0, 3], [3, 0, 4.0]], [2.0, [0.0, 4.0, 4.0], [6, 0, 0], [7, 0, 8], [1, 7.0, 0], [4, 8.0, 8.0]]]
2020-08-15 07:41:14,163 INFO Best reward so far: 6.927378177642822
2020-08-15 10:43:03,127 INFO Iter 43
2020-08-15 10:43:03,539 INFO Policy now: [[9, [0, 0, 9], [4.0, 9, 2.0], [8, -0.0, 6.0], [1, 1.0, 6.0], [3, 5.0, 1.0]], [9, [0.0, 9, 0], [2.0, 3.0, 2.0], [6.0, 4.0, 0], [1, 8.0, 3.0], [8, 7.0, 0]], [9, [6.0, 9, 0.0], [2.0, 0, 0], [0, 0, 5.0], [5, 7.0, 0], [8.0, 0, 2.0]]]
2020-08-15 10:43:03,565 INFO Reward now: 7.859997510910034
2020-08-15 10:43:03,565 INFO Best policy so far: [[9.0, [0, 1.0, 6.0], [4.0, 9, 0], [6.0, 3.0, 6.0], [2.0, 9, 8], [8, 4.0, 5.0]], [6, [0, 5.0, 2], [2.0, 7.0, 0], [4.0, 9, 7.0], [6.0, 7.0, 3], [3, 0, 4.0]], [2.0, [0.0, 4.0, 4.0], [6, 0, 0], [7, 0, 8], [1, 7.0, 0], [4, 8.0, 8.0]]]
2020-08-15 10:43:03,566 INFO Best reward so far: 9.121294577916464
2020-08-15 10:51:32,815 INFO Iter 44
2020-08-15 10:51:32,818 INFO Policy now: [[7.0, [0, 0, 9], [4.0, 8.0, -0.0], [8, 2.0, 3.0], [3, 0, 2.0], [6.0, 3.0, -0.0]], [7.0, [0, 7.0, 1.0], [4.0, 7.0, 5.0], [3.0, 4.0, 0], [1.0, 5.0, 5.0], [8, 5.0, 2.0]], [6.0, [8.0, 7.0, 0], [0.0, 0, 0], [2.0, 0.0, 1.0], [3.0, 9.0, 0], [6.0, 1.0, 4.0]]]
2020-08-15 10:51:32,818 INFO Reward now: 8.271617650985718
2020-08-15 10:51:32,818 INFO Best policy so far: [[9.0, [0, 1.0, 6.0], [4.0, 9, 0], [6.0, 3.0, 6.0], [2.0, 9, 8], [8, 4.0, 5.0]], [6, [0, 5.0, 2], [2.0, 7.0, 0], [4.0, 9, 7.0], [6.0, 7.0, 3], [3, 0, 4.0]], [2.0, [0.0, 4.0, 4.0], [6, 0, 0], [7, 0, 8], [1, 7.0, 0], [4, 8.0, 8.0]]]
2020-08-15 10:51:32,818 INFO Best reward so far: 8.66102159023285
2020-08-15 11:02:29,898 INFO Iter 45
2020-08-15 11:02:30,226 INFO Policy now: [[8.0, [-0.0, 3.0, 9.0], [5.0, 7.0, 1.0], [3, 3.0, 5.0], [1, -0.0, 5.0], [8.0, 7.0, 0]], [9, [1.0, 9, 3.0], [0.0, 6.0, 8.0], [5.0, 7.0, 0.0], [4, 1.0, 2.0], [6.0, 2.0, -0.0]], [9.0, [7.0, 9, 0], [0, 2.0, 0], [5, 0.0, 1.0], [3.0, 9.0, -0.0], [8, 2.0, 6.0]]]
2020-08-15 11:02:30,241 INFO Reward now: 3.4936909278233848
2020-08-15 11:02:30,241 INFO Best policy so far: [[9.0, [0, 1.0, 6.0], [4.0, 9, 0], [6.0, 3.0, 6.0], [2.0, 9, 8], [8, 4.0, 5.0]], [6, [0, 5.0, 2], [2.0, 7.0, 0], [4.0, 9, 7.0], [6.0, 7.0, 3], [3, 0, 4.0]], [2.0, [0.0, 4.0, 4.0], [6, 0, 0], [7, 0, 8], [1, 7.0, 0], [4, 8.0, 8.0]]]
2020-08-15 11:02:30,241 INFO Best reward so far: 5.148844023545583
2020-08-15 14:08:33,953 INFO Iter 46
2020-08-15 14:08:34,160 INFO Policy now: [[9, [1.0, 2.0, 9.0], [2.0, 3.0, 1.0], [0, 1.0, 9.0], [3.0, 2.0, 3.0], [8, 7.0, 1.0]], [9, [2.0, 8.0, 1.0], [0, 6.0, 6.0], [6.0, 4.0, 0], [4.0, 2.0, -0.0], [7.0, 0.0, -0.0]], [9.0, [6.0, 9, 0], [0, 6.0, 2.0], [4.0, 0, 1.0], [2.0, 9.0, 1.0], [7.0, 4.0, 7.0]]]
2020-08-15 14:08:34,202 INFO Reward now: 6.968513449033101
2020-08-15 14:08:34,203 INFO Best policy so far: [[4.0, [3.0, 0.0, 6.0], [2.0, 5.0, 4.0], [4, 4.0, 4.0], [5, 4.0, 6.0], [6.0, 9.0, 4]], [7, [-0.0, 8, 8.0], [2.0, 2.0, 8.0], [6, 8.0, 0], [8, 4.0, 1.0], [3, 6.0, 0]], [6.0, [8.0, 8, 0], [0, 6.0, 2], [2, 3.0, 2.0], [6.0, 5.0, 3.0], [1, 2.0, 7.0]]]
2020-08-15 14:08:34,203 INFO Best reward so far: 6.983306010564168
2020-08-15 14:13:04,450 INFO Iter 47
2020-08-15 14:13:04,487 INFO Policy now: [[9.0, [3.0, 0, 9.0], [2.0, 6.0, 0], [0, 3.0, 9], [7, 5.0, 6.0], [4.0, 3.0, 1.0]], [9, [0, 5.0, 2.0], [1.0, 2.0, 5.0], [7.0, 5.0, 4.0], [5, 5.0, 0], [6, 1.0, -0.0]], [9, [3.0, 9.0, 1.0], [2, 7.0, 0], [1, 2.0, 4.0], [0, 9.0, 0], [6.0, 6.0, 4.0]]]
2020-08-15 14:13:04,487 INFO Reward now: 5.644247770309448
2020-08-15 14:13:04,487 INFO Best policy so far: [[6, [2.0, 0, 9], [6.0, 7.0, 0], [7, 0, 9], [4.0, 2.0, 0], [1, 4.0, 2.0]], [8, [2.0, 8.0, 0], [0, 4.0, 9], [4.0, -0.0, 4], [6.0, 2.0, 0], [8, 0, 0]], [8.0, [8.0, 8, 0], [2, 8.0, 2.0], [4.0, 0, 3.0], [0.0, 9, 0], [3, 1.0, 2.0]]]
2020-08-15 14:13:04,487 INFO Best reward so far: 6.396902481714885
2020-08-15 17:07:08,569 INFO Iter 48
2020-08-15 17:07:08,685 INFO Policy now: [[9.0, [4.0, 1.0, 9], [3.0, 3.0, 1.0], [0, 5.0, 9], [8, 0, 4.0], [7, 0, 1.0]], [9, [2.0, 6.0, 0], [0.0, 0.0, 7.0], [6.0, 0.0, 0], [7.0, 6.0, 0], [4.0, 4.0, 1.0]], [9, [0, 7.0, -0.0], [7.0, 9, 2.0], [2, 0, 5.0], [5, 7.0, 0], [8.0, 9.0, 6.0]]]
2020-08-15 17:07:08,707 INFO Reward now: 6.079572995503743
2020-08-15 17:07:08,707 INFO Best policy so far: [[6, [2.0, 0, 9], [6.0, 7.0, 0], [7, 0, 9], [4.0, 2.0, 0], [1, 4.0, 2.0]], [8, [2.0, 8.0, 0], [0, 4.0, 9], [4.0, -0.0, 4], [6.0, 2.0, 0], [8, 0, 0]], [8.0, [8.0, 8, 0], [2, 8.0, 2.0], [4.0, 0, 3.0], [0.0, 9, 0], [3, 1.0, 2.0]]]
2020-08-15 17:07:08,707 INFO Best reward so far: 8.165098667144775
2020-08-15 17:10:54,497 INFO Iter 49
2020-08-15 17:10:54,510 INFO Policy now: [[8.0, [3.0, -0.0, 9], [2, 4.0, 2.0], [1.0, 5.0, 9.0], [8, 1.0, 5.0], [7.0, 0.0, 2.0]], [8.0, [1.0, 7.0, -0.0], [0.0, 0.0, 8.0], [5.0, -0.0, 0.0], [8.0, 5.0, 0.0], [3.0, 5.0, 2.0]], [8.0, [1.0, 7.0, 0.0], [8.0, 9.0, 2.0], [2.0, 0, 5.0], [6.0, 7.0, -0.0], [7.0, 9, 5.0]]]
2020-08-15 17:10:54,510 INFO Reward now: 3.037214676539103
2020-08-15 17:10:54,511 INFO Best policy so far: [[6, [2.0, 0, 9], [6.0, 7.0, 0], [7, 0, 9], [4.0, 2.0, 0], [1, 4.0, 2.0]], [8, [2.0, 8.0, 0], [0, 4.0, 9], [4.0, -0.0, 4], [6.0, 2.0, 0], [8, 0, 0]], [8.0, [8.0, 8, 0], [2, 8.0, 2.0], [4.0, 0, 3.0], [0.0, 9, 0], [3, 1.0, 2.0]]]
2020-08-15 17:10:54,511 INFO Best reward so far: 4.038154621918996
2020-08-15 20:21:31,529 INFO Iter 50
2020-08-15 20:21:31,761 INFO Policy now: [[8.0, [5.0, -0.0, 9.0], [2.0, 3.0, 3.0], [0.0, 5.0, 8.0], [8.0, 0.0, 5.0], [6.0, 0.0, 3.0]], [9.0, [1.0, 6.0, 0.0], [-0.0, -0.0, 9.0], [5.0, -0.0, 0.0], [8.0, 7.0, 0.0], [3.0, 6.0, 3.0]], [9.0, [1.0, 6.0, 0.0], [8.0, 9, 2.0], [2.0, -0.0, 4.0], [6.0, 7.0, 0.0], [4, 9.0, 5.0]]]
2020-08-15 20:21:31,782 INFO Reward now: 10.7229642868042
2020-08-15 20:21:31,782 INFO Best policy so far: [[9, [6.0, 4.0, 9], [3, -0.0, 6.0], [1.0, 9, 8.0], [8, 2.0, 4.0], [5.0, 0, 1.0]], [9.0, [0, 2.0, 0], [3.0, 0, 9], [4.0, 0, 0], [8, 8.0, 0.0], [6, 9.0, 6.0]], [9, [0.0, 4.0, 0], [4.0, 9, 6.0], [2, 0, 4.0], [5, 7.0, 0], [6.0, 6, 0.0]]]
2020-08-15 20:21:31,782 INFO Best reward so far: 11.079894860585531
2020-08-15 20:35:58,673 INFO Iter 51
2020-08-15 20:35:58,738 INFO Policy now: [[5.0, [8.0, 0, 8.0], [3.0, 4.0, 4.0], [0, 1.0, 9], [6.0, 0.0, 6.0], [7.0, 0, 4.0]], [7.0, [0.0, 6.0, 2.0], [2.0, 0, 9], [5.0, 0, 0.0], [8.0, 7.0, 0], [7, 6.0, 0]], [7.0, [2.0, 4.0, 2.0], [6.0, 9, 1.0], [4.0, -0.0, 4.0], [5.0, 7.0, -0.0], [7, 8.0, 7.0]]]
2020-08-15 20:35:58,738 INFO Reward now: 6.88303788503011
2020-08-15 20:35:58,739 INFO Best policy so far: [[4.0, [8, 0, 9], [4.0, 4.0, 3.0], [0, 2.0, 9], [6.0, 0.0, 6.0], [2, 2.0, 6.0]], [4.0, [0, 8.0, 0.0], [8, 0, 9], [6.0, -0.0, 0], [7.0, 3.0, 0], [2, 8.0, 0]], [5.0, [3.0, 4.0, 2.0], [6.0, 8, 0.0], [7, 0, 2.0], [2.0, 8.0, 4.0], [0, 9.0, 8.0]]]
2020-08-15 20:35:58,739 INFO Best reward so far: 10.84763272603353
2020-08-15 23:31:28,406 INFO Iter 52
2020-08-15 23:31:28,630 INFO Policy now: [[1.0, [8.0, 0, 9.0], [5.0, 2.0, 7.0], [1.0, 2.0, 8.0], [2, -0.0, 7.0], [4.0, 0, 2.0]], [5.0, [0, 7.0, 1.0], [4.0, 0, 9.0], [3, 1.0, 1.0], [8.0, 7.0, 0], [7.0, 5.0, 0]], [5.0, [1.0, 4.0, 4.0], [4.0, 9.0, 2.0], [6.0, 0.0, 5.0], [0, 9.0, 1.0], [8.0, 7.0, 5.0]]]
2020-08-15 23:31:28,703 INFO Reward now: 6.574145396550496
2020-08-15 23:31:28,703 INFO Best policy so far: [[4.0, [8, 0, 9], [4.0, 4.0, 3.0], [0, 2.0, 9], [6.0, 0.0, 6.0], [2, 2.0, 6.0]], [4.0, [0, 8.0, 0.0], [8, 0, 9], [6.0, -0.0, 0], [7.0, 3.0, 0], [2, 8.0, 0]], [5.0, [3.0, 4.0, 2.0], [6.0, 8, 0.0], [7, 0, 2.0], [2.0, 8.0, 4.0], [0, 9.0, 8.0]]]
2020-08-15 23:31:28,703 INFO Best reward so far: 8.39876385529836
2020-08-16 02:35:05,400 INFO Iter 53
2020-08-16 02:35:05,916 INFO Policy now: [[6.0, [8, 4.0, 9], [0, 1.0, 9], [4.0, 0, 3.0], [2, 0, 4.0], [7, 2.0, 0]], [9, [0, 8.0, 4.0], [1.0, 0, 8.0], [5.0, 0, 4.0], [7.0, 9, 4.0], [8, 4.0, 0.0]], [9, [0, 0, 0], [6.0, 8.0, 3.0], [4.0, 5.0, 6.0], [7, 9, 3.0], [3, 6.0, 0]]]
2020-08-16 02:35:05,930 INFO Reward now: 7.471345027287801
2020-08-16 02:35:05,931 INFO Best policy so far: [[4.0, [8, 0, 9], [4.0, 4.0, 3.0], [0, 2.0, 9], [6.0, 0.0, 6.0], [2, 2.0, 6.0]], [4.0, [0, 8.0, 0.0], [8, 0, 9], [6.0, -0.0, 0], [7.0, 3.0, 0], [2, 8.0, 0]], [5.0, [3.0, 4.0, 2.0], [6.0, 8, 0.0], [7, 0, 2.0], [2.0, 8.0, 4.0], [0, 9.0, 8.0]]]
2020-08-16 02:35:05,931 INFO Best reward so far: 11.642817497253418
2020-08-16 05:34:25,183 INFO Iter 54
2020-08-16 05:34:25,278 INFO Policy now: [[9, [5.0, 7.0, 7.0], [2.0, 0, 7.0], [3.0, 0, 0], [1.0, -0.0, 1.0], [8.0, 1.0, 0]], [9, [2.0, 6.0, 9.0], [0, 3.0, 9], [3.0, 1.0, 3.0], [8, 9, 0], [7, 7.0, 1.0]], [9, [1.0, 4.0, 3.0], [4.0, 8.0, 1.0], [0, 2.0, 1.0], [6.0, 7.0, 1.0], [2, 9, 0]]]
2020-08-16 05:34:25,320 INFO Reward now: 6.375484665234883
2020-08-16 05:34:25,320 INFO Best policy so far: [[4.0, [8, 0, 9], [4.0, 4.0, 3.0], [0, 2.0, 9], [6.0, 0.0, 6.0], [2, 2.0, 6.0]], [4.0, [0, 8.0, 0.0], [8, 0, 9], [6.0, -0.0, 0], [7.0, 3.0, 0], [2, 8.0, 0]], [5.0, [3.0, 4.0, 2.0], [6.0, 8, 0.0], [7, 0, 2.0], [2.0, 8.0, 4.0], [0, 9.0, 8.0]]]
2020-08-16 05:34:25,320 INFO Best reward so far: 7.192736744880676
2020-08-16 05:47:30,338 INFO Iter 55
2020-08-16 05:47:30,348 INFO Policy now: [[9, [4.0, 6.0, 7.0], [3.0, 1.0, 6.0], [7, 0.0, 0.0], [1.0, 1.0, -0.0], [8.0, 1.0, 0.0]], [9.0, [2.0, 6.0, 9.0], [0.0, 0.0, 9], [4.0, 3.0, 5.0], [8.0, 9.0, 1.0], [6, 7.0, 1.0]], [9, [1.0, 6.0, 4.0], [5.0, 9.0, 1.0], [0, 2.0, 1.0], [6.0, 7.0, 2.0], [4, 9.0, 0]]]
2020-08-16 05:47:30,348 INFO Reward now: 7.241481383641561
2020-08-16 05:47:30,348 INFO Best policy so far: [[4.0, [8, 0, 9], [4.0, 4.0, 3.0], [0, 2.0, 9], [6.0, 0.0, 6.0], [2, 2.0, 6.0]], [4.0, [0, 8.0, 0.0], [8, 0, 9], [6.0, -0.0, 0], [7.0, 3.0, 0], [2, 8.0, 0]], [5.0, [3.0, 4.0, 2.0], [6.0, 8, 0.0], [7, 0, 2.0], [2.0, 8.0, 4.0], [0, 9.0, 8.0]]]
2020-08-16 05:47:30,348 INFO Best reward so far: 7.651283780733745
2020-08-16 08:43:25,406 INFO Iter 56
2020-08-16 08:43:25,805 INFO Policy now: [[9, [1.0, 9, 7.0], [6.0, 0, 9], [5.0, 1.0, 1.0], [0.0, 4.0, 0], [8.0, 0.0, 3.0]], [8.0, [3.0, 6.0, 9], [0, -0.0, 8.0], [2.0, 5.0, 5.0], [8.0, 8.0, 3.0], [6.0, 3.0, 4.0]], [8.0, [0, 9, 9], [4.0, 9, 2.0], [2.0, 5.0, 0], [6, 8.0, 4.0], [5, 7.0, 0]]]
2020-08-16 08:43:25,814 INFO Reward now: 10.604503909746805
2020-08-16 08:43:25,814 INFO Best policy so far: [[4.0, [8, 0, 9], [4.0, 4.0, 3.0], [0, 2.0, 9], [6.0, 0.0, 6.0], [2, 2.0, 6.0]], [4.0, [0, 8.0, 0.0], [8, 0, 9], [6.0, -0.0, 0], [7.0, 3.0, 0], [2, 8.0, 0]], [5.0, [3.0, 4.0, 2.0], [6.0, 8, 0.0], [7, 0, 2.0], [2.0, 8.0, 4.0], [0, 9.0, 8.0]]]
2020-08-16 08:43:25,814 INFO Best reward so far: 11.834818601608276
2020-08-16 11:41:55,628 INFO Iter 57
2020-08-16 11:41:55,837 INFO Policy now: [[8.0, [0, 8.0, 5.0], [8.0, 3.0, 9], [6.0, 3.0, 0], [4.0, 4.0, 0.0], [7.0, 2.0, 7.0]], [5.0, [8.0, 9, 7.0], [0, 0, 7.0], [2.0, 9, 9], [4.0, 9, 0], [5, 8.0, 2.0]], [5.0, [0, 9, 9], [3.0, 6.0, 2.0], [7, 2.0, 2.0], [6.0, 4.0, 7.0], [5, 9, 0]]]
2020-08-16 11:41:55,850 INFO Reward now: 6.986832578976949
2020-08-16 11:41:55,851 INFO Best policy so far: [[8, [0, 8, 7.0], [8, 4, 9], [6.0, 4.0, 0], [4.0, 2.0, 2], [5, 2.0, 5.0]], [6.0, [6.0, 9, 6], [0, 0, 8.0], [2.0, 8.0, 6.0], [3, 9, 0], [8.0, 5.0, 2.0]], [6.0, [0, 9, 8], [6.0, 8, 4.0], [2.0, 3.0, 2], [4, 4.0, 4.0], [8, 9, 0]]]
2020-08-16 11:41:55,851 INFO Best reward so far: 8.62776509920756
2020-08-16 14:43:22,557 INFO Iter 58
2020-08-16 14:43:22,830 INFO Policy now: [[9, [0, 9.0, 3.0], [8.0, 1.0, 9], [6.0, 4.0, 0.0], [3.0, 6.0, 0], [4, 0, 1.0]], [9, [8.0, 7.0, 9.0], [3.0, 0, 2.0], [2.0, 8.0, 9.0], [7, 9, 0.0], [1, 3.0, 2.0]], [9, [0.0, 7.0, 9], [2.0, 8.0, 6.0], [6.0, 6.0, 2.0], [8, 0.0, 5.0], [4, 9.0, 2.0]]]
2020-08-16 14:43:22,846 INFO Reward now: 8.017354170481363
2020-08-16 14:43:22,846 INFO Best policy so far: [[9, [0, 9.0, 3.0], [8.0, 1.0, 9], [6.0, 4.0, 0.0], [3.0, 6.0, 0], [4, 0, 1.0]], [9, [8.0, 7.0, 9.0], [3.0, 0, 2.0], [2.0, 8.0, 9.0], [7, 9, 0.0], [1, 3.0, 2.0]], [9, [0.0, 7.0, 9], [2.0, 8.0, 6.0], [6.0, 6.0, 2.0], [8, 0.0, 5.0], [4, 9.0, 2.0]]]
2020-08-16 14:43:22,847 INFO Best reward so far: 8.017354170481363
2020-08-16 17:35:46,199 INFO Iter 59
2020-08-16 17:35:46,580 INFO Policy now: [[9, [0.0, 8.0, 1.0], [8.0, -0.0, 9.0], [6.0, 5.0, 1.0], [3.0, 8.0, 0], [4.0, 1.0, -0.0]], [9.0, [8.0, 9.0, 9.0], [4.0, 0.0, 1.0], [0.0, 7.0, 9], [6.0, 8.0, 0], [2.0, 2.0, 1.0]], [9, [0, 7.0, 9], [2.0, 7.0, 7.0], [4.0, 8.0, 3.0], [8, 0, 3.0], [1, 9.0, 1.0]]]
2020-08-16 17:35:46,600 INFO Reward now: 3.7224332690238953
2020-08-16 17:35:46,600 INFO Best policy so far: [[9, [0, 9.0, 3.0], [8.0, 1.0, 9], [6.0, 4.0, 0.0], [3.0, 6.0, 0], [4, 0, 1.0]], [9, [8.0, 7.0, 9.0], [3.0, 0, 2.0], [2.0, 8.0, 9.0], [7, 9, 0.0], [1, 3.0, 2.0]], [9, [0.0, 7.0, 9], [2.0, 8.0, 6.0], [6.0, 6.0, 2.0], [8, 0.0, 5.0], [4, 9.0, 2.0]]]
2020-08-16 17:35:46,600 INFO Best reward so far: 3.881279448668162
2020-08-16 20:46:08,050 INFO Iter 60
2020-08-16 20:46:08,327 INFO Policy now: [[4.0, [0, 6.0, 2.0], [5.0, 0, 9], [4.0, 3.0, 2.0], [2.0, 1.0, 0], [8.0, 9.0, 1.0]], [5.0, [3.0, 9, 3.0], [8, 2.0, 3.0], [4.0, 9, 9.0], [6.0, 3.0, 5.0], [0.0, 9, 1.0]], [6.0, [2.0, 9, 9], [5.0, 3.0, 6.0], [0, 4.0, 3.0], [8, 4.0, 0], [3, 9, -0.0]]]
2020-08-16 20:46:08,339 INFO Reward now: 11.767864068349203
2020-08-16 20:46:08,340 INFO Best policy so far: [[6, [-0.0, 6.0, 1.0], [4.0, 0, 9.0], [6.0, 4.0, 2.0], [1, 6.0, 0], [8.0, 6.0, 1.0]], [6.0, [6.0, 9, 6.0], [7, 2.0, 4.0], [4.0, 9, 6], [8, 4.0, 3], [1.0, 6.0, 1.0]], [8, [2, 9, 9], [3.0, 2.0, 8.0], [1.0, 4.0, 6.0], [8, 2, 1.0], [0, 9, 0.0]]]
2020-08-16 20:46:08,340 INFO Best reward so far: 12.75575844446818
2020-08-16 23:37:22,561 INFO Iter 61
2020-08-16 23:37:22,699 INFO Policy now: [[2.0, [0.0, 5.0, 1.0], [5.0, -0.0, 9.0], [2.0, 1.0, 2.0], [8, 0.0, 0], [4, 9, 1.0]], [4.0, [2.0, 8.0, 6.0], [8.0, 1.0, 5.0], [3.0, 9, 9.0], [5.0, 2.0, 6.0], [-0.0, 9.0, 2.0]], [6.0, [2.0, 9.0, 9.0], [5.0, 3.0, 5.0], [0, 6.0, 5.0], [8, 3.0, 0], [6, 9, 0.0]]]
2020-08-16 23:37:22,712 INFO Reward now: 4.143102844556172
2020-08-16 23:37:22,712 INFO Best policy so far: [[6, [-0.0, 6.0, 1.0], [4.0, 0, 9.0], [6.0, 4.0, 2.0], [1, 6.0, 0], [8.0, 6.0, 1.0]], [6.0, [6.0, 9, 6.0], [7, 2.0, 4.0], [4.0, 9, 6], [8, 4.0, 3], [1.0, 6.0, 1.0]], [8, [2, 9, 9], [3.0, 2.0, 8.0], [1.0, 4.0, 6.0], [8, 2, 1.0], [0, 9, 0.0]]]
2020-08-16 23:37:22,712 INFO Best reward so far: 4.379458109537761
2020-08-17 02:42:19,938 INFO Iter 62
2020-08-17 02:42:20,102 INFO Policy now: [[8.0, [0, 9.0, 0], [6.0, 0, 8.0], [3.0, 0, 1.0], [7.0, 3.0, 0], [5, 9, 3.0]], [9, [0, 9.0, 0], [8.0, 5.0, 2.0], [2.0, 9, 8.0], [3, -0.0, 8.0], [1, 8.0, 3.0]], [9, [0, 9.0, 9], [5.0, 8.0, 5.0], [3.0, 9, 0.0], [8.0, 1.0, 0], [7.0, 9, 0]]]
2020-08-17 02:42:20,140 INFO Reward now: 7.270975510279338
2020-08-17 02:42:20,140 INFO Best policy so far: [[6, [-0.0, 6.0, 1.0], [4.0, 0, 9.0], [6.0, 4.0, 2.0], [1, 6.0, 0], [8.0, 6.0, 1.0]], [6.0, [6.0, 9, 6.0], [7, 2.0, 4.0], [4.0, 9, 6], [8, 4.0, 3], [1.0, 6.0, 1.0]], [8, [2, 9, 9], [3.0, 2.0, 8.0], [1.0, 4.0, 6.0], [8, 2, 1.0], [0, 9, 0.0]]]
2020-08-17 02:42:20,140 INFO Best reward so far: 11.452886899312338
2020-08-17 02:46:55,213 INFO Iter 63
2020-08-17 02:46:55,218 INFO Policy now: [[9, [0, 9, 3.0], [8.0, 1.0, 9], [1.0, 0, 2.0], [4, 4.0, 0], [2.0, 9.0, 5.0]], [9, [-0.0, 9, 1.0], [8, 1.0, 2.0], [2.0, 9.0, 9], [4.0, 1.0, 9], [5, 7.0, 0]], [9, [1.0, 8.0, 7.0], [4.0, 9.0, 8.0], [3.0, 8.0, -0.0], [8, 4.0, 1.0], [5, 9, 1.0]]]
2020-08-17 02:46:55,218 INFO Reward now: 5.911380688349406
2020-08-17 02:46:55,218 INFO Best policy so far: [[4.0, [0, 9, 2], [2.0, 0, 9], [6.0, 2, 0], [8, 6.0, 2], [3, 9, 4.0]], [9, [0, 9, 0], [6.0, 4.0, 4.0], [2, 9, 9], [7, 3.0, 9], [4, 9, 5.0]], [8, [1, 5.0, 6], [6.0, 8.0, 5.0], [4.0, 9, 0], [5.0, 0.0, 0], [8, 9, 0]]]
2020-08-17 02:46:55,218 INFO Best reward so far: 6.3593606154123945
2020-08-17 05:55:50,814 INFO Iter 64
2020-08-17 05:55:50,918 INFO Policy now: [[7.0, [-0.0, 9, 0], [7.0, -0.0, 8.0], [3.0, 0, 5.0], [2, 2.0, 0], [8, 9, 1.0]], [8.0, [1.0, 9, 1.0], [7.0, 0, 2.0], [8, 9.0, 9.0], [0.0, 0, 8.0], [4, 2.0, 0]], [7.0, [3.0, 7.0, 9.0], [5.0, 6.0, 9], [4, 9.0, 0], [8, 9.0, 0], [7.0, 7.0, 1.0]]]
2020-08-17 05:55:51,004 INFO Reward now: 7.189399441083272
2020-08-17 05:55:51,004 INFO Best policy so far: [[4, [0, 9, 0], [8, 0.0, 9], [4.0, 4, 2.0], [6, 6.0, 0], [3.0, 4.0, 1.0]], [8, [0, 9, 0], [4, 6.0, 6.0], [2.0, 9, 9], [5, 0, 6], [8, 8.0, 4]], [8, [2.0, 9, 5.0], [0.0, 8.0, 4.0], [8.0, 6.0, 2.0], [7, 2.0, 0.0], [4, 9, 1.0]]]
2020-08-17 05:55:51,004 INFO Best reward so far: 8.521918058395386
2020-08-17 08:55:18,367 INFO Iter 65
2020-08-17 08:55:18,818 INFO Policy now: [[9.0, [0, 7.0, 0], [6.0, 0, 9.0], [3.0, 0, 1.0], [2.0, 4.0, 3.0], [8, 8.0, 4.0]], [9, [0, 9.0, 2.0], [6.0, 0, 0], [8, 8.0, 8.0], [2, -0.0, 7.0], [4.0, 2.0, 1.0]], [9.0, [0, 6.0, 7.0], [2.0, 5.0, 8.0], [3.0, 9.0, -0.0], [8, 9.0, 0], [1, 8.0, 1.0]]]
2020-08-17 08:55:18,864 INFO Reward now: 6.655426383018494
2020-08-17 08:55:18,864 INFO Best policy so far: [[4, [0, 9, 0], [8, 0.0, 9], [4.0, 4, 2.0], [6, 6.0, 0], [3.0, 4.0, 1.0]], [8, [0, 9, 0], [4, 6.0, 6.0], [2.0, 9, 9], [5, 0, 6], [8, 8.0, 4]], [8, [2.0, 9, 5.0], [0.0, 8.0, 4.0], [8.0, 6.0, 2.0], [7, 2.0, 0.0], [4, 9, 1.0]]]
2020-08-17 08:55:18,864 INFO Best reward so far: 7.32109797000885
2020-08-17 09:08:08,986 INFO Iter 66
2020-08-17 09:08:09,132 INFO Policy now: [[9.0, [0, 8.0, -0.0], [6.0, 1.0, 8.0], [3.0, 0, 2.0], [1.0, 5.0, 2.0], [8, 7.0, 5.0]], [9, [0.0, 9, 2.0], [8.0, 0, 0], [7.0, 6.0, 9], [4.0, 1.0, 6.0], [3.0, -0.0, 1.0]], [9, [-0.0, 8.0, 9.0], [2, 4.0, 7.0], [4.0, 9.0, 0], [8.0, 9.0, 1.0], [7, 9, 1.0]]]
2020-08-17 09:08:09,149 INFO Reward now: 6.778760512669881
2020-08-17 09:08:09,151 INFO Best policy so far: [[4, [0, 9, 0], [8, 0.0, 9], [4.0, 4, 2.0], [6, 6.0, 0], [3.0, 4.0, 1.0]], [8, [0, 9, 0], [4, 6.0, 6.0], [2.0, 9, 9], [5, 0, 6], [8, 8.0, 4]], [8, [2.0, 9, 5.0], [0.0, 8.0, 4.0], [8.0, 6.0, 2.0], [7, 2.0, 0.0], [4, 9, 1.0]]]
2020-08-17 09:08:09,151 INFO Best reward so far: 8.46798026561737
2020-08-17 12:19:57,559 INFO Iter 67
2020-08-17 12:19:57,689 INFO Policy now: [[9.0, [0, 7.0, 1.0], [6.0, -0.0, 7.0], [3.0, 0, 1.0], [2.0, 8.0, 0.0], [8, 5.0, 7.0]], [8.0, [0, 9, 1.0], [7.0, 0, 1.0], [8.0, 5.0, 9.0], [4.0, 0, 7.0], [2.0, -0.0, -0.0]], [8.0, [-0.0, 9, 8.0], [1.0, 1.0, 5.0], [3.0, 9.0, 0], [8.0, 9.0, 2.0], [7.0, 9.0, 2.0]]]
2020-08-17 12:19:57,836 INFO Reward now: 5.584829568862915
2020-08-17 12:19:57,836 INFO Best policy so far: [[4, [0, 9, 0], [8, 0.0, 9], [4.0, 4, 2.0], [6, 6.0, 0], [3.0, 4.0, 1.0]], [8, [0, 9, 0], [4, 6.0, 6.0], [2.0, 9, 9], [5, 0, 6], [8, 8.0, 4]], [8, [2.0, 9, 5.0], [0.0, 8.0, 4.0], [8.0, 6.0, 2.0], [7, 2.0, 0.0], [4, 9, 1.0]]]
2020-08-17 12:19:57,836 INFO Best reward so far: 7.390678604443868
2020-08-17 15:29:32,140 INFO Iter 68
2020-08-17 15:29:32,344 INFO Policy now: [[9.0, [1.0, 6.0, 0], [-0.0, 0, 5.0], [6.0, 0, 2.0], [8, 2.0, 2.0], [5, 9.0, 9]], [9, [0.0, 5.0, 0], [8, 2.0, 0], [6.0, 0, 9], [1, 0, 1.0], [3.0, -0.0, 3.0]], [9, [0, 4.0, 9.0], [2.0, 0, 7.0], [1, 9, 0], [7.0, 7.0, 8.0], [6.0, 9, 0]]]
2020-08-17 15:29:32,364 INFO Reward now: 11.38151748975118
2020-08-17 15:29:32,364 INFO Best policy so far: [[4, [0, 9, 0], [8, 0.0, 9], [4.0, 4, 2.0], [6, 6.0, 0], [3.0, 4.0, 1.0]], [8, [0, 9, 0], [4, 6.0, 6.0], [2.0, 9, 9], [5, 0, 6], [8, 8.0, 4]], [8, [2.0, 9, 5.0], [0.0, 8.0, 4.0], [8.0, 6.0, 2.0], [7, 2.0, 0.0], [4, 9, 1.0]]]
2020-08-17 15:29:32,364 INFO Best reward so far: 13.317319313685099
2020-08-17 15:44:32,698 INFO Iter 69
2020-08-17 15:44:32,703 INFO Policy now: [[9.0, [0, 9.0, 0], [1.0, 0, 9], [8.0, 1.0, 2.0], [6.0, 4.0, 5.0], [3, 9, 8.0]], [9.0, [1.0, 7.0, 2.0], [5.0, 5.0, 1.0], [8, 1.0, 8.0], [2.0, 0, 0], [0, 0, 7.0]], [7.0, [1.0, 6.0, 9], [2.0, 2.0, 5.0], [0, 9.0, 0], [4.0, 2.0, 8.0], [7.0, 7.0, 1.0]]]
2020-08-17 15:44:32,703 INFO Reward now: 6.863263050715129
2020-08-17 15:44:32,703 INFO Best policy so far: [[9, [-0.0, 7.0, 0], [1.0, 0, 8.0], [8.0, 0, -0.0], [7, 0, 6.0], [2, 9, 9]], [9, [2.0, 8.0, 4], [6, 4.0, 0], [4.0, 0, 9], [0, 0, 1.0], [1, 0, 8.0]], [9, [0, 3.0, 9], [4.0, 0, 6.0], [5, 8, 0], [6.0, 6.0, 9], [2.0, 6, 0]]]
2020-08-17 15:44:32,704 INFO Best reward so far: 7.712122996648152
2020-08-17 15:55:55,010 INFO Iter 70
2020-08-17 15:55:55,043 INFO Policy now: [[7.0, [-0.0, 9, 0], [3.0, 2.0, 8.0], [6.0, -0.0, 6.0], [8.0, 9.0, 9], [2.0, 9, 8.0]], [8.0, [0, 4.0, 2.0], [5.0, 0, 0], [8, 0.0, 5.0], [1, 1.0, 0], [4.0, 0, 8.0]], [5.0, [3.0, 6.0, 9], [1.0, 8.0, 9], [0, 5.0, 1.0], [2.0, 5.0, 4.0], [5.0, 4.0, -0.0]]]
2020-08-17 15:55:55,043 INFO Reward now: 4.8821332057317095
2020-08-17 15:55:55,044 INFO Best policy so far: [[9, [0, 9, 0], [2, 0, 9], [6.0, 2.0, 0], [1, 8.0, 8.0], [3, 9, 4.0]], [9, [0.0, 9, 0.0], [8.0, 4.0, 4.0], [6, 0, 6.0], [5.0, 4, 1], [1, 0, 5.0]], [8.0, [0, 5.0, 9], [2.0, 5.0, 8.0], [4, 6.0, 0], [1.0, 6.0, 4.0], [8.0, 9, 0]]]
2020-08-17 15:55:55,044 INFO Best reward so far: 6.031313896179199
2020-08-17 18:58:41,293 INFO Iter 71
2020-08-17 18:58:41,906 INFO Policy now: [[4.0, [1.0, 8.0, 1.0], [6, 2.0, 6.0], [0, 1.0, 7.0], [7.0, 9, 6.0], [5.0, 9.0, 4.0]], [5.0, [3.0, 6.0, 0], [6.0, 2.0, 1.0], [8.0, 3.0, 4.0], [2.0, 2.0, 2.0], [0.0, 1.0, 6.0]], [4.0, [4.0, 6.0, 6.0], [-0.0, 4.0, 9], [2, 4.0, 0], [6, 5.0, 5.0], [7.0, 2.0, 2.0]]]
2020-08-17 18:58:41,924 INFO Reward now: 6.926636417706807
2020-08-17 18:58:41,924 INFO Best policy so far: [[5.0, [2.0, 6, 4], [0, 4.0, 4.0], [8.0, -0.0, 5.0], [4.0, 9, 6], [6.0, 9, 4.0]], [6.0, [4, 6.0, 0], [7.0, 2, 3], [8, 4.0, 6.0], [5, 3.0, 2], [0.0, 0, 4.0]], [5.0, [6.0, 8.0, 6], [0, 4.0, 9], [2, 2.0, 0.0], [8, 4.0, 4.0], [5, 2.0, 3.0]]]
2020-08-17 18:58:41,924 INFO Best reward so far: 8.105320453643799
2020-08-17 22:01:16,033 INFO Iter 72
2020-08-17 22:01:16,231 INFO Policy now: [[9, [3.0, 9, 3.0], [7.0, 7.0, 4.0], [0, 3.0, 9], [8, 8.0, 1.0], [2, 9, 5.0]], [9, [7.0, 9, 2.0], [1.0, 0, 0], [8, 8.0, 0], [0, 7.0, 4.0], [2, 6.0, 9.0]], [7.0, [1.0, 9, 1.0], [6, 8.0, 8.0], [-0.0, 4.0, 0], [7.0, 2.0, 0], [5, 2.0, 0.0]]]
2020-08-17 22:01:16,257 INFO Reward now: 6.095444440841675
2020-08-17 22:01:16,260 INFO Best policy so far: [[5.0, [2.0, 6, 4], [0, 4.0, 4.0], [8.0, -0.0, 5.0], [4.0, 9, 6], [6.0, 9, 4.0]], [6.0, [4, 6.0, 0], [7.0, 2, 3], [8, 4.0, 6.0], [5, 3.0, 2], [0.0, 0, 4.0]], [5.0, [6.0, 8.0, 6], [0, 4.0, 9], [2, 2.0, 0.0], [8, 4.0, 4.0], [5, 2.0, 3.0]]]
2020-08-17 22:01:16,260 INFO Best reward so far: 9.416384736696878
2020-08-17 22:12:03,278 INFO Iter 73
2020-08-17 22:12:03,283 INFO Policy now: [[9, [4.0, 9.0, 1.0], [7.0, 7.0, 1.0], [0, 2.0, 7.0], [8, 5.0, 1.0], [1.0, 8.0, 5.0]], [9, [8, 9.0, 2.0], [3.0, -0.0, 2.0], [6.0, 8.0, 0.0], [0, 9, 3.0], [2.0, 6.0, 9]], [9, [1.0, 8.0, 0], [3.0, 7.0, 9], [7, 2.0, 0], [6.0, 3.0, 0], [4, 2.0, 0]]]
2020-08-17 22:12:03,283 INFO Reward now: 8.431045532226562
2020-08-17 22:12:03,283 INFO Best policy so far: [[5.0, [2.0, 6, 4], [0, 4.0, 4.0], [8.0, -0.0, 5.0], [4.0, 9, 6], [6.0, 9, 4.0]], [6.0, [4, 6.0, 0], [7.0, 2, 3], [8, 4.0, 6.0], [5, 3.0, 2], [0.0, 0, 4.0]], [5.0, [6.0, 8.0, 6], [0, 4.0, 9], [2, 2.0, 0.0], [8, 4.0, 4.0], [5, 2.0, 3.0]]]
2020-08-17 22:12:03,284 INFO Best reward so far: 10.082871039708456
2020-08-18 01:16:31,353 INFO Iter 74
2020-08-18 01:16:31,480 INFO Policy now: [[9.0, [6.0, 9, 0], [4.0, 4.0, 3.0], [0, 2.0, 1.0], [5.0, 1.0, 0], [2.0, 9, 0.0]], [9, [6.0, 9, 0], [0.0, 2.0, 5.0], [8, 5.0, 1.0], [2, 8.0, 6.0], [3.0, 9, 8.0]], [7.0, [3.0, 9, 0], [0, 4.0, 4.0], [8, 9.0, 2.0], [4.0, 0, 3.0], [2, 2.0, 2.0]]]
2020-08-18 01:16:31,526 INFO Reward now: 10.789155840873718
2020-08-18 01:16:31,526 INFO Best policy so far: [[8, [5.0, 9, 0], [6.0, 6.0, 2.0], [0, 2.0, 4.0], [4, 3.0, 0], [2.0, 9, 2.0]], [9, [6, 9, 0.0], [2.0, 2.0, 4.0], [8, 6.0, 1.0], [0, 8, 4.0], [1.0, 9, 8]], [7, [2.0, 9, 0], [0, 5.0, 4], [8, 6.0, 2], [5.0, -0.0, 3], [6, 2.0, 2]]]
2020-08-18 01:16:31,526 INFO Best reward so far: 11.406092325846354
2020-08-18 01:41:39,011 INFO Iter 75
2020-08-18 01:41:39,076 INFO Policy now: [[9, [0, 3.0, 0], [8.0, 6.0, 9], [1, 2.0, 4.0], [3, 0, 2.0], [7.0, 9, 0]], [9, [0, 6.0, 0], [1, 0, 1.0], [8, 0, 0], [6.0, 9, 1.0], [2, 9, 4.0]], [9, [8, 9, 6.0], [0, 9.0, 1.0], [4.0, 6.0, 0], [3, 0, 9], [5, 0, 0]]]
2020-08-18 01:41:39,077 INFO Reward now: 10.225593368212381
2020-08-18 01:41:39,077 INFO Best policy so far: [[8, [5.0, 9, 0], [6.0, 6.0, 2.0], [0, 2.0, 4.0], [4, 3.0, 0], [2.0, 9, 2.0]], [9, [6, 9, 0.0], [2.0, 2.0, 4.0], [8, 6.0, 1.0], [0, 8, 4.0], [1.0, 9, 8]], [7, [2.0, 9, 0], [0, 5.0, 4], [8, 6.0, 2], [5.0, -0.0, 3], [6, 2.0, 2]]]
2020-08-18 01:41:39,077 INFO Best reward so far: 11.052120288213095
2020-08-18 01:58:18,791 INFO Iter 76
2020-08-18 01:58:18,824 INFO Policy now: [[9.0, [0, 0, 0], [8, 3.0, 9], [6.0, 4.0, 3.0], [2, 0, 1.0], [7.0, 9.0, 1.0]], [8.0, [1.0, 1.0, 0], [3.0, 2.0, 1.0], [4.0, 0, 4.0], [8.0, 9.0, 1.0], [0.0, 5.0, 0]], [9, [8, 9, 9], [0, 9, 0], [2.0, 3.0, 0], [5.0, -0.0, 9], [7, 0, 0]]]
2020-08-18 01:58:18,825 INFO Reward now: 6.240235090255737
2020-08-18 01:58:18,825 INFO Best policy so far: [[8, [5.0, 9, 0], [6.0, 6.0, 2.0], [0, 2.0, 4.0], [4, 3.0, 0], [2.0, 9, 2.0]], [9, [6, 9, 0.0], [2.0, 2.0, 4.0], [8, 6.0, 1.0], [0, 8, 4.0], [1.0, 9, 8]], [7, [2.0, 9, 0], [0, 5.0, 4], [8, 6.0, 2], [5.0, -0.0, 3], [6, 2.0, 2]]]
2020-08-18 01:58:18,825 INFO Best reward so far: 8.993743379910788
2020-08-18 02:04:35,913 INFO Iter 77
2020-08-18 02:04:36,027 INFO Policy now: [[8.0, [0, 0, 1.0], [8, 5.0, 9], [5.0, 2.0, 5.0], [2.0, 3.0, 1.0], [4, 9, 2.0]], [8.0, [0, 2.0, -0.0], [2.0, 5.0, 2.0], [6.0, 0.0, 4.0], [8.0, 6.0, 2.0], [1.0, 6.0, 0.0]], [8.0, [8, 8.0, 8.0], [0, 9, 2.0], [4.0, 2.0, 0], [5.0, 1.0, 9.0], [7, 0, 0.0]]]
2020-08-18 02:04:36,053 INFO Reward now: 5.928425947825114
2020-08-18 02:04:36,053 INFO Best policy so far: [[8, [5.0, 9, 0], [6.0, 6.0, 2.0], [0, 2.0, 4.0], [4, 3.0, 0], [2.0, 9, 2.0]], [9, [6, 9, 0.0], [2.0, 2.0, 4.0], [8, 6.0, 1.0], [0, 8, 4.0], [1.0, 9, 8]], [7, [2.0, 9, 0], [0, 5.0, 4], [8, 6.0, 2], [5.0, -0.0, 3], [6, 2.0, 2]]]
2020-08-18 02:04:36,054 INFO Best reward so far: 7.733652273813884
2020-08-18 05:11:30,380 INFO Iter 78
2020-08-18 05:11:30,552 INFO Policy now: [[4.0, [1.0, 2.0, 4.0], [6.0, 8.0, 9], [7.0, 0.0, 9], [8, 9.0, 0], [4.0, 8.0, 4.0]], [8.0, [0, 1.0, 0], [4.0, 6.0, 0.0], [1.0, 0, 2.0], [8.0, 9, 1.0], [2.0, 8.0, 0]], [4.0, [5.0, 7.0, 8.0], [0, 9, 4.0], [8, 1.0, 2.0], [6, 7.0, 9], [4, 2.0, 0]]]
2020-08-18 05:11:30,573 INFO Reward now: 7.631548722585042
2020-08-18 05:11:30,573 INFO Best policy so far: [[8.0, [2, 0, 2.0], [7, 4.0, 6], [4.0, 3.0, 2.0], [0, 6.0, 4.0], [6, 8, 0]], [6.0, [0, 2.0, 0], [4.0, 4.0, -0.0], [5.0, 1.0, 0.0], [8.0, 4.0, 0], [6, 6.0, 3.0]], [4.0, [8, 9.0, 9.0], [0, 9, 4.0], [6.0, 4.0, 4], [5, 6.0, 9], [7, 4, 3.0]]]
2020-08-18 05:11:30,574 INFO Best reward so far: 8.315406719843546
2020-08-18 05:19:54,264 INFO Iter 79
2020-08-18 05:19:54,278 INFO Policy now: [[9, [0, 8.0, 9], [8, 8.0, 9], [2, 0, 9], [7.0, 9, 0], [4, 9, 5.0]], [9, [0, 6.0, 3.0], [7, 9, 4.0], [3.0, -0.0, 4.0], [1, 6.0, 2.0], [4.0, 9.0, 0]], [9, [6.0, 0, 9], [1.0, 9, 0], [8, 0.0, 7.0], [7.0, 7.0, 9], [4, 4.0, 0]]]
2020-08-18 05:19:54,278 INFO Reward now: 5.591922322909038
2020-08-18 05:19:54,278 INFO Best policy so far: [[6.0, [0, 6.0, 8.0], [8, 8.0, 9], [3.0, 0, 5], [4, 9, 0], [6, 9, 6.0]], [9, [0, 4.0, 2], [5.0, 4.0, 3.0], [7, 0, 4.0], [8, 9, 0], [3.0, 4.0, 2]], [6.0, [5.0, 4.0, 8.0], [0, 9, 3.0], [6, 1.0, 0], [4, 9.0, 6], [3, 6.0, 0]]]
2020-08-18 05:19:54,278 INFO Best reward so far: 8.716145515441895
2020-08-18 05:39:59,608 INFO Iter 80
2020-08-18 05:39:59,648 INFO Policy now: [[9, [4.0, 9, 4.0], [7.0, 9, 8.0], [3.0, 0, 9], [6.0, 8.0, 1.0], [5.0, 9.0, 9]], [9, [0, 9, 3.0], [3.0, 4.0, 0], [7.0, 4.0, 3.0], [4, 3.0, 0], [6, 5.0, 1.0]], [9, [0, 2.0, 9.0], [1, 9.0, 0], [8, 0.0, 3.0], [6, 9, 5.0], [7, 0, 2.0]]]
2020-08-18 05:39:59,649 INFO Reward now: 9.049327969551086
2020-08-18 05:39:59,649 INFO Best policy so far: [[9, [0, 9.0, 6], [8, 9.0, 5], [4, 4, 9], [6.0, 9, 0], [5, 6, 4.0]], [9, [0, 6.0, 6.0], [8, 9, 0.0], [3.0, 0, 3.0], [7, 7.0, 0], [6.0, 9, 0]], [9, [8, 2, 9], [-0.0, 8, 0], [4, 4.0, 3.0], [6.0, 9, 9], [2, 3.0, 3]]]
2020-08-18 05:39:59,649 INFO Best reward so far: 11.587493419647217
2020-08-18 05:43:42,742 INFO Iter 81
2020-08-18 05:43:42,761 INFO Policy now: [[9.0, [4.0, 9.0, 4.0], [6.0, 9.0, 8.0], [3.0, -0.0, 9.0], [8, 8.0, 1.0], [5.0, 9.0, 9.0]], [9.0, [-0.0, 9.0, 3.0], [3.0, 4.0, 0.0], [7.0, 5.0, 4.0], [5.0, 2.0, -0.0], [6.0, 5.0, 1.0]], [9.0, [0.0, 2.0, 9.0], [2, 9.0, 0.0], [8.0, -0.0, 3.0], [6.0, 9.0, 4.0], [7.0, 0.0, 2.0]]]
2020-08-18 05:43:42,761 INFO Reward now: 3.208613485097885
2020-08-18 05:43:42,761 INFO Best policy so far: [[6, [6.0, 7, 4.0], [2, 9, 5.0], [5, 0, 8], [8.0, 4.0, 0], [1, 8.0, 4]], [6, [0, 4, -0.0], [6, 5.0, 0], [3.0, 8.0, 2.0], [8, 0.0, 4], [1, 7.0, 0.0]], [6, [0, 4.0, 8.0], [1, 9, 1], [7, 0, -0.0], [6, 9, 2.0], [4, 0, 0]]]
2020-08-18 05:43:42,761 INFO Best reward so far: 3.7792561848958335
2020-08-18 05:47:28,153 INFO Iter 82
2020-08-18 05:47:28,156 INFO Policy now: [[9, [3.0, 9.0, 4.0], [6.0, 8.0, 8.0], [2.0, 0.0, 9.0], [8.0, 7.0, -0.0], [5, 9, 8.0]], [8.0, [0.0, 9.0, 2.0], [3.0, 5.0, -0.0], [7.0, 5.0, 2.0], [6, -0.0, 1.0], [5, 2.0, 1.0]], [9.0, [1.0, 0.0, 9], [5, 9, -0.0], [8, 0, 4.0], [6.0, 9, 1.0], [2, -0.0, 4.0]]]
2020-08-18 05:47:28,156 INFO Reward now: 2.812557657559713
2020-08-18 05:47:28,157 INFO Best policy so far: [[6, [6.0, 7, 4.0], [2, 9, 5.0], [5, 0, 8], [8.0, 4.0, 0], [1, 8.0, 4]], [6, [0, 4, -0.0], [6, 5.0, 0], [3.0, 8.0, 2.0], [8, 0.0, 4], [1, 7.0, 0.0]], [6, [0, 4.0, 8.0], [1, 9, 1], [7, 0, -0.0], [6, 9, 2.0], [4, 0, 0]]]
2020-08-18 05:47:28,157 INFO Best reward so far: 3.7636116246382394
2020-08-18 08:59:54,762 INFO Iter 83
2020-08-18 08:59:54,924 INFO Policy now: [[9, [0.0, 8.0, 0], [5.0, 9.0, 5.0], [2.0, 1.0, 9], [8.0, 6.0, 0], [6.0, 9, 7.0]], [9, [1.0, 9, 4.0], [4.0, 9, 0], [3.0, 4.0, 0], [6.0, 2.0, 1.0], [0, 0, 5.0]], [9, [1.0, 0, 7.0], [2, 9, 0.0], [8, -0.0, 9], [6.0, 7.0, 0], [0, 1.0, 0.0]]]
2020-08-18 08:59:54,946 INFO Reward now: 11.159575462341309
2020-08-18 08:59:54,946 INFO Best policy so far: [[9, [0.0, 8.0, 0], [5.0, 9.0, 5.0], [2.0, 1.0, 9], [8.0, 6.0, 0], [6.0, 9, 7.0]], [9, [1.0, 9, 4.0], [4.0, 9, 0], [3.0, 4.0, 0], [6.0, 2.0, 1.0], [0, 0, 5.0]], [9, [1.0, 0, 7.0], [2, 9, 0.0], [8, -0.0, 9], [6.0, 7.0, 0], [0, 1.0, 0.0]]]
2020-08-18 08:59:54,946 INFO Best reward so far: 11.159575462341309
2020-08-18 11:55:24,496 INFO Iter 84
2020-08-18 11:55:24,891 INFO Policy now: [[9, [0, 9, 0], [5.0, 9, 0], [3, 4.0, 9], [6.0, 1.0, 0], [7.0, 9, 9]], [9, [-0.0, 8.0, 2.0], [8, 8.0, -0.0], [1.0, 7.0, 2.0], [7, -0.0, 0], [5, 4.0, 1.0]], [9, [5.0, 3.0, 0.0], [0, 9, 5.0], [8, 0, 9], [3.0, 4.0, 2.0], [1.0, -0.0, 0]]]
2020-08-18 11:55:24,933 INFO Reward now: 5.267153700192769
2020-08-18 11:55:24,933 INFO Best policy so far: [[9, [0.0, 8.0, 0], [5.0, 9.0, 5.0], [2.0, 1.0, 9], [8.0, 6.0, 0], [6.0, 9, 7.0]], [9, [1.0, 9, 4.0], [4.0, 9, 0], [3.0, 4.0, 0], [6.0, 2.0, 1.0], [0, 0, 5.0]], [9, [1.0, 0, 7.0], [2, 9, 0.0], [8, -0.0, 9], [6.0, 7.0, 0], [0, 1.0, 0.0]]]
2020-08-18 11:55:24,935 INFO Best reward so far: 7.673514167467753
2020-08-18 12:01:08,159 INFO Iter 85
2020-08-18 12:01:08,515 INFO Policy now: [[8.0, [0, 7.0, 2.0], [6.0, 8.0, -0.0], [7.0, -0.0, 9], [8, -0.0, 0], [5, 9, 8.0]], [7.0, [0, 7.0, 5.0], [6.0, 5.0, 0], [2.0, 6.0, 0.0], [7.0, 2.0, 0], [4.0, 4.0, 0]], [9, [4.0, 0, 2.0], [0, 9, 5.0], [8, 1.0, 9.0], [6, 8.0, 0], [1.0, 0, 2.0]]]
2020-08-18 12:01:08,532 INFO Reward now: 5.012012739976247
2020-08-18 12:01:08,533 INFO Best policy so far: [[8, [0, 6, 0], [4.0, 8, 0], [6, 0.0, 9], [8.0, 0.0, 0], [1, 9, 9]], [4, [0, 8.0, 4.0], [8, 6.0, 0], [2.0, 5.0, -0.0], [3, 1.0, 0], [7, 8.0, 0]], [6, [3.0, 1.0, 4.0], [2, 9, 4.0], [5, 2, 8], [1.0, 6.0, 0], [4.0, 0.0, 3]]]
2020-08-18 12:01:08,533 INFO Best reward so far: 6.090192159016927
2020-08-18 15:09:25,705 INFO Iter 86
2020-08-18 15:09:25,870 INFO Policy now: [[7.0, [0, 3.0, 5.0], [5.0, 2.0, 0], [8.0, 4.0, 5.0], [7, 5.0, 0], [4, 9, 8.0]], [1.0, [0, 0, 0], [6.0, 9, 3.0], [3.0, 0, 3.0], [2.0, 0, 2.0], [4.0, 1.0, 0]], [9, [7.0, 0, 0], [0, 8.0, 3.0], [3.0, 9.0, 9.0], [8, 9, 2.0], [1.0, 0, 2.0]]]
2020-08-18 15:09:25,897 INFO Reward now: 10.065883914629618
2020-08-18 15:09:25,897 INFO Best policy so far: [[8, [0, 6, 0], [4.0, 8, 0], [6, 0.0, 9], [8.0, 0.0, 0], [1, 9, 9]], [4, [0, 8.0, 4.0], [8, 6.0, 0], [2.0, 5.0, -0.0], [3, 1.0, 0], [7, 8.0, 0]], [6, [3.0, 1.0, 4.0], [2, 9, 4.0], [5, 2, 8], [1.0, 6.0, 0], [4.0, 0.0, 3]]]
2020-08-18 15:09:25,897 INFO Best reward so far: 14.022151231765747
2020-08-18 15:18:49,231 INFO Iter 87
2020-08-18 15:18:49,235 INFO Policy now: [[9.0, [0, 8.0, 4.0], [1.0, 1.0, 0], [8.0, 9.0, 8.0], [6, 1.0, 1.0], [3.0, 8.0, 9]], [2.0, [0, 0, 2.0], [8.0, 9, 0], [2.0, 0, 1.0], [5, 2.0, 0.0], [3.0, 1.0, 0]], [9, [4.0, 1.0, 0], [0, 9, 2.0], [2.0, 9.0, 9], [8, 6.0, 6.0], [6, 0, 6.0]]]
2020-08-18 15:18:49,236 INFO Reward now: 3.711627056201299
2020-08-18 15:18:49,236 INFO Best policy so far: [[9, [0, 6.0, 6.0], [3.0, 2.0, 0], [6.0, 8.0, 9.0], [4, 3.0, 0], [2, 6, 9]], [3.0, [0, 0, 4], [8, 9, 0.0], [3.0, 0, 0], [1.0, 4, 0.0], [2.0, 0.0, 0]], [9, [4.0, 2, 0], [0, 9, 4.0], [2.0, 9, 9], [6, 4, 6.0], [1, 0, 4.0]]]
2020-08-18 15:18:49,236 INFO Best reward so far: 4.782322843869527
2020-08-18 15:37:35,743 INFO Iter 88
2020-08-18 15:37:35,763 INFO Policy now: [[9, [0, 3.0, 6.0], [8, 0, 0], [5, 9, 9], [6, 0, 0], [4, 4.0, 9.0]], [9, [3.0, 0, 0], [8.0, 7.0, 0], [0, 0, 0], [5, 9, 0], [2, 3.0, 6.0]], [9, [6.0, 0, 8.0], [0, 9, 5.0], [2.0, 4.0, 9], [8, 0, 4.0], [3, 0, 9]]]
2020-08-18 15:37:35,764 INFO Reward now: 9.057258208592733
2020-08-18 15:37:35,764 INFO Best policy so far: [[9, [0, 8.0, 6.0], [4.0, 5.0, 0], [6.0, 9, 8.0], [8, 0.0, 0], [1, 9, 9]], [6.0, [2, 0, 0], [4.0, 6, 0], [0, 0, 5.0], [3, 1.0, 2.0], [7.0, 4.0, 2]], [9, [6.0, 5.0, 4], [0, 8, 6.0], [4, 9, 9], [8, 6.0, 8.0], [2, 4, 8.0]]]
2020-08-18 15:37:35,764 INFO Best reward so far: 12.036161263783773
2020-08-18 18:48:15,616 INFO Iter 89
2020-08-18 18:48:15,893 INFO Policy now: [[8.0, [2.0, 8.0, 1.0], [8, 0, 0], [5.0, 9, 7.0], [3, 0.0, 0], [0, 0, 8.0]], [7.0, [5.0, 3.0, 0], [8, 3.0, 1.0], [0, 0, 0], [1.0, 9, 0], [2, 0, 6.0]], [8.0, [8, 2.0, 7.0], [1.0, 7.0, 9], [3.0, -0.0, 7.0], [7, 0, 7.0], [0, 3.0, 6.0]]]
2020-08-18 18:48:15,903 INFO Reward now: 10.404383659362793
2020-08-18 18:48:15,903 INFO Best policy so far: [[9, [0, 8.0, 3.0], [6, 1, 3], [1, 9, 9], [8, 0, 3], [3, 6.0, 9]], [9, [3.0, 4, 0], [6.0, 4.0, 4], [0, 0, 3], [4, 9, 0], [5, 5.0, 8.0]], [9, [4.0, 0, 9], [0, 9, 4.0], [7, 0.0, 9], [8, 0, 4.0], [1, 0, 9]]]
2020-08-18 18:48:15,903 INFO Best reward so far: 11.269696871439615
2020-08-18 21:42:40,447 INFO Iter 90
2020-08-18 21:42:40,633 INFO Policy now: [[8.0, [2.0, 8.0, 1.0], [8.0, 0.0, -0.0], [6.0, 9.0, 8.0], [3.0, -0.0, -0.0], [-0.0, 0.0, 7.0]], [6.0, [6.0, 4.0, -0.0], [8.0, 4.0, 1.0], [-0.0, 0.0, -0.0], [2.0, 8.0, 0.0], [3, 0.0, 6.0]], [8.0, [8.0, 2.0, 7.0], [1.0, 7.0, 9.0], [3.0, 0.0, 6.0], [7.0, 0.0, 7.0], [0.0, 3.0, 5.0]]]
2020-08-18 21:42:40,644 INFO Reward now: 1.0338759968678157
2020-08-18 21:42:40,644 INFO Best policy so far: [[6.0, [2.0, 5.0, 0.0], [4, 4, 0], [8, 8, 9], [1, 0, 2], [3, 4, 4.0]], [4.0, [8.0, 6.0, 0], [6, 5.0, 4.0], [4, 0, 0], [0, 4, 0], [2, 0, 8.0]], [8.0, [6, 4.0, 6.0], [-0.0, 6.0, 9], [8.0, 0, 4.0], [4, 4, 6.0], [7, 1.0, 6.0]]]
2020-08-18 21:42:40,645 INFO Best reward so far: 1.2236490646998088
2020-08-19 00:53:45,752 INFO Iter 91
2020-08-19 00:53:45,933 INFO Policy now: [[8.0, [1.0, 8.0, 1.0], [8.0, -0.0, 0.0], [6.0, 9, 8.0], [4.0, 0.0, -0.0], [0.0, 1.0, 8.0]], [7.0, [7.0, 5.0, 0], [8.0, 3.0, 0.0], [0, -0.0, 0.0], [2.0, 9.0, -0.0], [4.0, 0.0, 7.0]], [9.0, [7.0, 1.0, 8.0], [2.0, 7.0, 9.0], [5, 0.0, 5.0], [8, 0, 7.0], [0.0, 4.0, 4.0]]]
2020-08-19 00:53:45,978 INFO Reward now: 10.6318146387736
2020-08-19 00:53:45,978 INFO Best policy so far: [[9.0, [0, 6.0, 1.0], [8.0, 0, 0], [4.0, 9, 9], [7, 2.0, 0], [2, 4.0, 9]], [8.0, [8, 6.0, 0], [3, 0.0, 0], [0, 2.0, 0], [6, 9, 3.0], [5, 3.0, 9]], [9, [4.0, 0, 9], [5.0, 6.0, 9], [0, 2.0, 3.0], [2.0, 0, 8.0], [3, 8.0, 2.0]]]
2020-08-19 00:53:45,978 INFO Best reward so far: 11.181758085886637
2020-08-19 01:10:32,498 INFO Iter 92
2020-08-19 01:10:33,329 INFO Policy now: [[7.0, [0, 7.0, 1.0], [7.0, 0.0, -0.0], [8, 7.0, 9], [4.0, 0, 1.0], [2.0, 4.0, 3.0]], [6.0, [8, 5.0, 0], [6.0, -0.0, 1.0], [0.0, -0.0, 0], [4, 7.0, 1.0], [2.0, 1.0, 4.0]], [9.0, [6.0, 0, 5.0], [3.0, 4.0, 9], [1, 0, 8.0], [8, 0.0, 2.0], [0, 5.0, 5.0]]]
2020-08-19 01:10:33,381 INFO Reward now: 8.251882831255594
2020-08-19 01:10:33,381 INFO Best policy so far: [[9.0, [2.0, 4.0, 0], [8.0, -0.0, 2.0], [1, 9, 9], [4.0, 0, 2.0], [3.0, 4.0, 6.0]], [9, [8, 4.0, 0], [4, 4.0, 2.0], [0, 2.0, 0], [2.0, 9, 0], [6.0, 0.0, 7.0]], [9, [7.0, 0, 6.0], [1.0, 8.0, 9], [4, 0.0, 4.0], [8, 2, 4.0], [0, 0.0, -0.0]]]
2020-08-19 01:10:33,382 INFO Best reward so far: 8.850518782933554
2020-08-19 01:19:51,604 INFO Iter 93
2020-08-19 01:19:51,620 INFO Policy now: [[6.0, [-0.0, 7.0, 1.0], [7.0, 0.0, 1.0], [8.0, 8.0, 9.0], [5.0, -0.0, 1.0], [2.0, 4.0, 4.0]], [5.0, [7.0, 4.0, -0.0], [6.0, -0.0, 1.0], [0.0, 0.0, -0.0], [4.0, 6.0, 1.0], [2.0, 1.0, 4.0]], [9.0, [5.0, -0.0, 6.0], [3.0, 4.0, 9.0], [0.0, 0.0, 8.0], [8.0, 0, 1.0], [7, 6.0, 4.0]]]
2020-08-19 01:19:51,620 INFO Reward now: 2.8837126990159354
2020-08-19 01:19:51,620 INFO Best policy so far: [[9.0, [2.0, 4.0, 0], [8.0, -0.0, 2.0], [1, 9, 9], [4.0, 0, 2.0], [3.0, 4.0, 6.0]], [9, [8, 4.0, 0], [4, 4.0, 2.0], [0, 2.0, 0], [2.0, 9, 0], [6.0, 0.0, 7.0]], [9, [7.0, 0, 6.0], [1.0, 8.0, 9], [4, 0.0, 4.0], [8, 2, 4.0], [0, 0.0, -0.0]]]
2020-08-19 01:19:51,620 INFO Best reward so far: 4.34507034222285
2020-08-19 01:41:20,951 INFO Iter 94
2020-08-19 01:41:20,986 INFO Policy now: [[7.0, [-0.0, 7.0, 0], [6.0, 2.0, 2.0], [7, 5.0, 9.0], [2, 0.0, 0], [8, 5.0, 5.0]], [5.0, [7.0, 2.0, 0.0], [3.0, 1.0, 2.0], [1.0, 0.0, 1.0], [2.0, 2.0, 1.0], [5.0, 1.0, 5.0]], [9.0, [6.0, 1.0, 4.0], [2.0, 1.0, 9], [0, 1.0, 8.0], [8.0, 0, -0.0], [3, 6.0, 6.0]]]
2020-08-19 01:41:20,986 INFO Reward now: 8.403958638509115
2020-08-19 01:41:20,986 INFO Best policy so far: [[9.0, [2.0, 4.0, 0], [8.0, -0.0, 2.0], [1, 9, 9], [4.0, 0, 2.0], [3.0, 4.0, 6.0]], [9, [8, 4.0, 0], [4, 4.0, 2.0], [0, 2.0, 0], [2.0, 9, 0], [6.0, 0.0, 7.0]], [9, [7.0, 0, 6.0], [1.0, 8.0, 9], [4, 0.0, 4.0], [8, 2, 4.0], [0, 0.0, -0.0]]]
2020-08-19 01:41:20,986 INFO Best reward so far: 10.072863737742106
2020-08-19 04:52:53,457 INFO Iter 95
2020-08-19 04:52:53,704 INFO Policy now: [[3.0, [0, 9.0, 0.0], [8, 3.0, 0], [5.0, 6.0, 9], [3, 2.0, 2.0], [6.0, 2.0, 5.0]], [1.0, [3.0, 0, 0.0], [6.0, -0.0, 6.0], [1.0, 0, 2.0], [4, 4.0, 0.0], [5.0, 4.0, 7.0]], [6.0, [2.0, 0.0, 9.0], [3.0, 1.0, 9], [1.0, 2.0, 8.0], [8.0, 1.0, 1.0], [4.0, 9.0, 4.0]]]
2020-08-19 04:52:53,736 INFO Reward now: 8.920530954996744
2020-08-19 04:52:53,736 INFO Best policy so far: [[9.0, [2.0, 4.0, 0], [8.0, -0.0, 2.0], [1, 9, 9], [4.0, 0, 2.0], [3.0, 4.0, 6.0]], [9, [8, 4.0, 0], [4, 4.0, 2.0], [0, 2.0, 0], [2.0, 9, 0], [6.0, 0.0, 7.0]], [9, [7.0, 0, 6.0], [1.0, 8.0, 9], [4, 0.0, 4.0], [8, 2, 4.0], [0, 0.0, -0.0]]]
2020-08-19 04:52:53,736 INFO Best reward so far: 10.667165279388428
2020-08-19 04:58:43,300 INFO Iter 96
2020-08-19 04:58:43,304 INFO Policy now: [[5.0, [0, 9, 0.0], [7.0, 6.0, 0], [5.0, 6.0, 9], [3, 2.0, 3.0], [4.0, 2.0, 3.0]], [4.0, [6.0, 1.0, 0], [2, 0, 9], [0.0, 0, 5.0], [8, 5.0, 0], [7, 2.0, 7.0]], [9.0, [2.0, 0, 9], [5.0, 1.0, 9], [1.0, 1.0, 9.0], [8.0, 0, 1.0], [3.0, 9, 2.0]]]
2020-08-19 04:58:43,305 INFO Reward now: 5.060814440250397
2020-08-19 04:58:43,305 INFO Best policy so far: [[9.0, [2.0, 4.0, 0], [8.0, -0.0, 2.0], [1, 9, 9], [4.0, 0, 2.0], [3.0, 4.0, 6.0]], [9, [8, 4.0, 0], [4, 4.0, 2.0], [0, 2.0, 0], [2.0, 9, 0], [6.0, 0.0, 7.0]], [9, [7.0, 0, 6.0], [1.0, 8.0, 9], [4, 0.0, 4.0], [8, 2, 4.0], [0, 0.0, -0.0]]]
2020-08-19 04:58:43,305 INFO Best reward so far: 6.0003065665562945
2020-08-19 07:55:45,784 INFO Iter 97
2020-08-19 07:55:45,925 INFO Policy now: [[9, [2.0, 9, -0.0], [7.0, 4.0, 0], [8.0, 9, 8.0], [1.0, 1.0, 5.0], [4.0, 4.0, 8.0]], [9.0, [8.0, 4.0, 0.0], [0, 2.0, 9], [1.0, 0, 6.0], [7.0, 2.0, 0], [4, 0, 6.0]], [9, [6.0, -0.0, 9], [-0.0, 3.0, 9], [1.0, 1.0, 8.0], [8, 3.0, 0], [5, 5.0, -0.0]]]
2020-08-19 07:55:45,935 INFO Reward now: 5.2974991997083025
2020-08-19 07:55:45,935 INFO Best policy so far: [[9.0, [2.0, 4.0, 0], [8.0, -0.0, 2.0], [1, 9, 9], [4.0, 0, 2.0], [3.0, 4.0, 6.0]], [9, [8, 4.0, 0], [4, 4.0, 2.0], [0, 2.0, 0], [2.0, 9, 0], [6.0, 0.0, 7.0]], [9, [7.0, 0, 6.0], [1.0, 8.0, 9], [4, 0.0, 4.0], [8, 2, 4.0], [0, 0.0, -0.0]]]
2020-08-19 07:55:45,935 INFO Best reward so far: 6.401362419128418
2020-08-19 11:11:10,444 INFO Iter 98
2020-08-19 11:11:10,720 INFO Policy now: [[9.0, [2.0, 9.0, 0.0], [7.0, 4.0, 0.0], [8, 9, 8.0], [1.0, 2.0, 5.0], [4.0, 6.0, 7.0]], [9.0, [8.0, 3.0, 0.0], [-0.0, 2.0, 8.0], [1.0, 0.0, 5.0], [6.0, 2.0, 0.0], [4.0, 0.0, 6.0]], [9, [7.0, -0.0, 9.0], [-0.0, 4.0, 9.0], [1.0, 1.0, 7.0], [8.0, 4.0, -0.0], [4.0, 6.0, 0.0]]]
2020-08-19 11:11:10,733 INFO Reward now: 12.338345766067505
2020-08-19 11:11:10,733 INFO Best policy so far: [[9.0, [2.0, 4.0, 0], [8.0, -0.0, 2.0], [1, 9, 9], [4.0, 0, 2.0], [3.0, 4.0, 6.0]], [9, [8, 4.0, 0], [4, 4.0, 2.0], [0, 2.0, 0], [2.0, 9, 0], [6.0, 0.0, 7.0]], [9, [7.0, 0, 6.0], [1.0, 8.0, 9], [4, 0.0, 4.0], [8, 2, 4.0], [0, 0.0, -0.0]]]
2020-08-19 11:11:10,733 INFO Best reward so far: 13.596055746078491
2020-08-19 11:15:40,958 INFO Iter 99
2020-08-19 11:15:40,961 INFO Policy now: [[9.0, [2.0, 9.0, -0.0], [7.0, 3.0, 0.0], [8.0, 9.0, 8.0], [1.0, 2.0, 5.0], [4.0, 6.0, 7.0]], [9.0, [8.0, 3.0, 0.0], [-0.0, 2.0, 8.0], [1.0, 0.0, 4.0], [6.0, 2.0, 0.0], [4.0, -0.0, 6.0]], [9.0, [7.0, 0.0, 9.0], [0.0, 4.0, 9.0], [1.0, 1.0, 7.0], [8.0, 3.0, -0.0], [4.0, 6.0, 0.0]]]
2020-08-19 11:15:40,961 INFO Reward now: 5.49700403213501
2020-08-19 11:15:40,961 INFO Best policy so far: [[9.0, [2.0, 4.0, 0], [8.0, -0.0, 2.0], [1, 9, 9], [4.0, 0, 2.0], [3.0, 4.0, 6.0]], [9, [8, 4.0, 0], [4, 4.0, 2.0], [0, 2.0, 0], [2.0, 9, 0], [6.0, 0.0, 7.0]], [9, [7.0, 0, 6.0], [1.0, 8.0, 9], [4, 0.0, 4.0], [8, 2, 4.0], [0, 0.0, -0.0]]]
2020-08-19 11:15:40,961 INFO Best reward so far: 6.180480758349101
