2020-07-29 15:16:18,537 INFO Iter 0
2020-07-29 15:16:18,561 INFO Policy now: [[9, [8, 8.0, 9]]]
2020-07-29 15:16:18,561 INFO Reward now: 1.5934230089187622
2020-07-29 15:16:18,561 INFO Best policy so far: [[8, [8, 6, 9]]]
2020-07-29 15:16:18,561 INFO Best reward so far: 1.6801721652348836
2020-07-29 16:33:52,734 INFO Iter 1
2020-07-29 16:33:53,178 INFO Policy now: [[9.0, [8.0, 7.0, 9.0]]]
2020-07-29 16:33:53,208 INFO Reward now: 4.507220228513082
2020-07-29 16:33:53,208 INFO Best policy so far: [[6, [4, 5.0, 8]]]
2020-07-29 16:33:53,208 INFO Best reward so far: 4.664605299631755
2020-07-29 17:48:55,655 INFO Iter 2
2020-07-29 17:48:55,887 INFO Policy now: [[9, [8, 8.0, 8.0]]]
2020-07-29 17:48:55,953 INFO Reward now: 4.641410847504933
2020-07-29 17:48:55,953 INFO Best policy so far: [[9, [8, 7.0, 9]]]
2020-07-29 17:48:55,953 INFO Best reward so far: 5.106979529062907
2020-07-29 19:03:12,058 INFO Iter 3
2020-07-29 19:03:12,200 INFO Policy now: [[9.0, [8, 9, 9.0]]]
2020-07-29 19:03:12,214 INFO Reward now: 1.5308636377255123
2020-07-29 19:03:12,214 INFO Best policy so far: [[9, [8, 7.0, 9]]]
2020-07-29 19:03:12,214 INFO Best reward so far: 5.106979529062907
2020-07-29 19:07:53,916 INFO Iter 4
2020-07-29 19:07:53,981 INFO Policy now: [[9.0, [7.0, 9.0, 9.0]]]
2020-07-29 19:07:53,981 INFO Reward now: 1.4095824857552846
2020-07-29 19:07:53,981 INFO Best policy so far: [[9, [8, 7.0, 9]]]
2020-07-29 19:07:53,981 INFO Best reward so far: 5.106979529062907
2020-07-29 20:25:15,991 INFO Iter 5
2020-07-29 20:25:16,173 INFO Policy now: [[8.0, [4.0, 8.0, 9.0]]]
2020-07-29 20:25:16,183 INFO Reward now: 3.060284674167633
2020-07-29 20:25:16,183 INFO Best policy so far: [[9, [8, 7.0, 9]]]
2020-07-29 20:25:16,183 INFO Best reward so far: 5.106979529062907
2020-07-29 21:38:23,778 INFO Iter 6
2020-07-29 21:38:23,945 INFO Policy now: [[4.0, [1.0, 3.0, 5.0]]]
2020-07-29 21:38:23,961 INFO Reward now: 2.0083443323771157
2020-07-29 21:38:23,961 INFO Best policy so far: [[9, [8, 7.0, 9]]]
2020-07-29 21:38:23,961 INFO Best reward so far: 5.106979529062907
2020-07-29 22:55:55,770 INFO Iter 7
2020-07-29 22:55:55,942 INFO Policy now: [[9, [8, 9, 9]]]
2020-07-29 22:55:55,985 INFO Reward now: 4.9838754534721375
2020-07-29 22:55:56,014 INFO Best policy so far: [[5.0, [4.0, 3.0, 5.0]]]
2020-07-29 22:55:56,014 INFO Best reward so far: 7.406885147094727
2020-07-29 23:04:37,272 INFO Iter 8
2020-07-29 23:04:37,521 INFO Policy now: [[9.0, [5.0, 7.0, 8.0]]]
2020-07-29 23:04:37,575 INFO Reward now: 3.1273459792137146
2020-07-29 23:04:37,576 INFO Best policy so far: [[5.0, [4.0, 3.0, 5.0]]]
2020-07-29 23:04:37,576 INFO Best reward so far: 7.406885147094727
2020-07-30 00:25:47,071 INFO Iter 9
2020-07-30 00:25:47,256 INFO Policy now: [[5.0, [0, 0, 0]]]
2020-07-30 00:25:47,277 INFO Reward now: 5.266267100969951
2020-07-30 00:25:47,277 INFO Best policy so far: [[5.0, [4.0, 3.0, 5.0]]]
2020-07-30 00:25:47,277 INFO Best reward so far: 7.406885147094727
2020-07-30 00:34:59,957 INFO Iter 10
2020-07-30 00:34:59,995 INFO Policy now: [[9, [7.0, 5.0, 2.0]]]
2020-07-30 00:34:59,995 INFO Reward now: 3.2733309070269265
2020-07-30 00:34:59,995 INFO Best policy so far: [[5.0, [4.0, 3.0, 5.0]]]
2020-07-30 00:34:59,995 INFO Best reward so far: 7.406885147094727
2020-07-30 01:49:13,337 INFO Iter 11
2020-07-30 01:49:13,568 INFO Policy now: [[8.0, [4.0, 3.0, 0]]]
2020-07-30 01:49:13,580 INFO Reward now: 4.037886440753937
2020-07-30 01:49:13,580 INFO Best policy so far: [[5.0, [4.0, 3.0, 5.0]]]
2020-07-30 01:49:13,580 INFO Best reward so far: 7.406885147094727
2020-07-30 01:59:39,924 INFO Iter 12
2020-07-30 01:59:40,004 INFO Policy now: [[2.0, [0, 0, 0]]]
2020-07-30 01:59:40,004 INFO Reward now: 5.015456676483154
2020-07-30 01:59:40,004 INFO Best policy so far: [[5.0, [4.0, 3.0, 5.0]]]
2020-07-30 01:59:40,004 INFO Best reward so far: 7.406885147094727
2020-07-30 02:10:20,775 INFO Iter 13
2020-07-30 02:10:20,866 INFO Policy now: [[9, [8, 9.0, 7.0]]]
2020-07-30 02:10:20,888 INFO Reward now: 3.101439505815506
2020-07-30 02:10:20,888 INFO Best policy so far: [[5.0, [4.0, 3.0, 5.0]]]
2020-07-30 02:10:20,888 INFO Best reward so far: 7.406885147094727
2020-07-30 02:21:35,422 INFO Iter 14
2020-07-30 02:21:35,438 INFO Policy now: [[9.0, [8, 9, 9.0]]]
2020-07-30 02:21:35,439 INFO Reward now: 3.5067787965138755
2020-07-30 02:21:35,439 INFO Best policy so far: [[5.0, [4.0, 3.0, 5.0]]]
2020-07-30 02:21:35,439 INFO Best reward so far: 7.406885147094727
2020-07-30 02:29:51,068 INFO Iter 15
2020-07-30 02:29:51,083 INFO Policy now: [[8.0, [8.0, 7.0, 9.0]]]
2020-07-30 02:29:51,084 INFO Reward now: 3.0780312021573386
2020-07-30 02:29:51,084 INFO Best policy so far: [[5.0, [4.0, 3.0, 5.0]]]
2020-07-30 02:29:51,084 INFO Best reward so far: 7.406885147094727
2020-07-30 03:47:25,818 INFO Iter 16
2020-07-30 03:47:26,036 INFO Policy now: [[7.0, [5.0, 5.0, 7.0]]]
2020-07-30 03:47:26,091 INFO Reward now: 3.599107503890991
2020-07-30 03:47:26,091 INFO Best policy so far: [[5.0, [4.0, 3.0, 5.0]]]
2020-07-30 03:47:26,091 INFO Best reward so far: 7.406885147094727
2020-07-30 03:55:16,254 INFO Iter 17
2020-07-30 03:55:16,280 INFO Policy now: [[0, [0, 0, 0]]]
2020-07-30 03:55:16,280 INFO Reward now: 0.9849085807800293
2020-07-30 03:55:16,302 INFO Best policy so far: [[5.0, [4.0, 3.0, 5.0]]]
2020-07-30 03:55:16,302 INFO Best reward so far: 7.406885147094727
2020-07-30 03:59:11,104 INFO Iter 18
2020-07-30 03:59:11,117 INFO Policy now: [[2.0, [0.0, 2.0, 2.0]]]
2020-07-30 03:59:11,117 INFO Reward now: 1.95100998878479
2020-07-30 03:59:11,117 INFO Best policy so far: [[5.0, [4.0, 3.0, 5.0]]]
2020-07-30 03:59:11,117 INFO Best reward so far: 7.406885147094727
2020-07-30 04:03:12,422 INFO Iter 19
2020-07-30 04:03:12,609 INFO Policy now: [[9, [7.0, 9, 9]]]
2020-07-30 04:03:12,629 INFO Reward now: 2.0659485161304474
2020-07-30 04:03:12,629 INFO Best policy so far: [[5.0, [4.0, 3.0, 5.0]]]
2020-07-30 04:03:12,629 INFO Best reward so far: 7.406885147094727
2020-07-30 05:24:58,905 INFO Iter 20
2020-07-30 05:24:58,997 INFO Policy now: [[9.0, [4.0, 7.0, 8.0]]]
2020-07-30 05:24:59,016 INFO Reward now: 3.248940904935201
2020-07-30 05:24:59,016 INFO Best policy so far: [[5.0, [4.0, 3.0, 5.0]]]
2020-07-30 05:24:59,016 INFO Best reward so far: 7.406885147094727
2020-07-30 06:45:28,968 INFO Iter 21
2020-07-30 06:45:29,121 INFO Policy now: [[0, [0, 0, 0]]]
2020-07-30 06:45:29,138 INFO Reward now: 1.1909978091716766
2020-07-30 06:45:29,161 INFO Best policy so far: [[5.0, [4.0, 3.0, 5.0]]]
2020-07-30 06:45:29,161 INFO Best reward so far: 7.406885147094727
2020-07-30 06:53:23,560 INFO Iter 22
2020-07-30 06:53:23,585 INFO Policy now: [[8.0, [8, 9, 6.0]]]
2020-07-30 06:53:23,586 INFO Reward now: 2.4513427019119263
2020-07-30 06:53:23,586 INFO Best policy so far: [[5.0, [4.0, 3.0, 5.0]]]
2020-07-30 06:53:23,586 INFO Best reward so far: 7.406885147094727
2020-07-30 06:58:02,752 INFO Iter 23
2020-07-30 06:58:02,786 INFO Policy now: [[8.0, [8.0, 8.0, 4.0]]]
2020-07-30 06:58:02,787 INFO Reward now: 2.537393112977346
2020-07-30 06:58:02,787 INFO Best policy so far: [[5.0, [4.0, 3.0, 5.0]]]
2020-07-30 06:58:02,787 INFO Best reward so far: 7.406885147094727
2020-07-30 07:11:18,820 INFO Iter 24
2020-07-30 07:11:18,975 INFO Policy now: [[5.0, [5.0, 5.0, 0]]]
2020-07-30 07:11:18,997 INFO Reward now: 2.9794711569945016
2020-07-30 07:11:18,997 INFO Best policy so far: [[5.0, [4.0, 3.0, 5.0]]]
2020-07-30 07:11:18,997 INFO Best reward so far: 7.406885147094727
2020-07-30 07:19:39,332 INFO Iter 25
2020-07-30 07:19:39,350 INFO Policy now: [[3.0, [4.0, 2.0, 0]]]
2020-07-30 07:19:39,350 INFO Reward now: 2.8268854916095734
2020-07-30 07:19:39,350 INFO Best policy so far: [[5.0, [4.0, 3.0, 5.0]]]
2020-07-30 07:19:39,350 INFO Best reward so far: 7.406885147094727
