2020-07-29 19:36:20,474 INFO Iter 0
2020-07-29 19:36:20,737 INFO Policy now: [[9, [8, 9, 9]], [9, [8, 9, 9]], [9, [8, 9, 9]]]
2020-07-29 19:36:20,797 INFO Reward now: 3.0402448574701944
2020-07-29 19:36:20,797 INFO Best policy so far: [[4, [7, 6, 9]], [3, [6, 7, 6]], [4, [2, 4, 6]]]
2020-07-29 19:36:20,797 INFO Best reward so far: 3.6391643285751343
2020-07-30 00:27:03,828 INFO Iter 1
2020-07-30 00:27:04,120 INFO Policy now: [[5.0, [4.0, 4.0, 4.0]], [5.0, [2.0, 7.0, 4.0]], [7.0, [4.0, 7.0, 6.0]]]
2020-07-30 00:27:04,135 INFO Reward now: 8.522961020469666
2020-07-30 00:27:04,135 INFO Best policy so far: [[7, [5, 6, 6]], [6, [4, 9, 7]], [8, [6, 8, 7]]]
2020-07-30 00:27:04,135 INFO Best reward so far: 9.555534680684408
2020-07-30 05:15:26,939 INFO Iter 2
2020-07-30 05:15:27,105 INFO Policy now: [[0, [1.0, 0, 1.0]], [0, [0, 6.0, 0]], [7.0, [2.0, 2.0, 0]]]
2020-07-30 05:15:27,119 INFO Reward now: 6.153415123621623
2020-07-30 05:15:27,120 INFO Best policy so far: [[7, [5, 6, 6]], [6, [4, 9, 7]], [8, [6, 8, 7]]]
2020-07-30 05:15:27,120 INFO Best reward so far: 9.555534680684408
2020-07-30 05:26:16,610 INFO Iter 3
2020-07-30 05:26:16,614 INFO Policy now: [[0.0, [5.0, 2.0, 2.0]], [1.0, [1.0, 7.0, 2.0]], [9, [6.0, 5.0, 3.0]]]
2020-07-30 05:26:16,614 INFO Reward now: 3.35282834370931
2020-07-30 05:26:16,615 INFO Best policy so far: [[7, [5, 6, 6]], [6, [4, 9, 7]], [8, [6, 8, 7]]]
2020-07-30 05:26:16,615 INFO Best reward so far: 9.555534680684408
2020-07-30 05:51:36,511 INFO Iter 4
2020-07-30 05:51:36,515 INFO Policy now: [[7.0, [8, 9.0, 9]], [9, [5.0, 9, 6.0]], [9, [8, 9, 6.0]]]
2020-07-30 05:51:36,515 INFO Reward now: 4.904728531837463
2020-07-30 05:51:36,515 INFO Best policy so far: [[7, [5, 6, 6]], [6, [4, 9, 7]], [8, [6, 8, 7]]]
2020-07-30 05:51:36,515 INFO Best reward so far: 9.555534680684408
